<?xml version="1.0" encoding="UTF-8"?>

<BugCollection version="4.8.1" sequence="0" timestamp="1702013185641" analysisTimestamp="1702016936466" release="">
  <Project projectName="">
    <Jar>vul_jar\\junit-4.12.jar</Jar>
  </Project>
  <BugInstance type="VO_VOLATILE_INCREMENT" priority="2" rank="14" abbrev="VO" category="MT_CORRECTNESS" instanceHash="fa42e1e68998a12ac85393cd3a306e45" instanceOccurrenceNum="0" instanceOccurrenceMax="0">
    <ShortMessage>An increment to a volatile field isn&apos;t atomic</ShortMessage>
    <LongMessage>Increment of volatile field junit.extensions.ActiveTestSuite.fActiveTestDeathCount in junit.extensions.ActiveTestSuite.runFinished()</LongMessage>
    <Class classname="junit.extensions.ActiveTestSuite" primary="true">
      <SourceLine classname="junit.extensions.ActiveTestSuite" start="17" end="69" sourcefile="ActiveTestSuite.java" sourcepath="junit/extensions/ActiveTestSuite.java">
        <Message>At ActiveTestSuite.java:[lines 17-69]</Message>
      </SourceLine>
      <Message>In class junit.extensions.ActiveTestSuite</Message>
    </Class>
    <Method classname="junit.extensions.ActiveTestSuite" name="runFinished" signature="()V" isStatic="false" primary="true">
      <SourceLine classname="junit.extensions.ActiveTestSuite" start="67" end="69" startBytecode="0" endBytecode="64" sourcefile="ActiveTestSuite.java" sourcepath="junit/extensions/ActiveTestSuite.java"/>
      <Message>In method junit.extensions.ActiveTestSuite.runFinished()</Message>
    </Method>
    <Field classname="junit.extensions.ActiveTestSuite" name="fActiveTestDeathCount" signature="I" isStatic="false" primary="true">
      <SourceLine classname="junit.extensions.ActiveTestSuite" sourcefile="ActiveTestSuite.java" sourcepath="junit/extensions/ActiveTestSuite.java">
        <Message>In ActiveTestSuite.java</Message>
      </SourceLine>
      <Message>Field junit.extensions.ActiveTestSuite.fActiveTestDeathCount</Message>
    </Field>
    <SourceLine classname="junit.extensions.ActiveTestSuite" primary="true" start="67" end="67" startBytecode="7" endBytecode="7" sourcefile="ActiveTestSuite.java" sourcepath="junit/extensions/ActiveTestSuite.java">
      <Message>At ActiveTestSuite.java:[line 67]</Message>
    </SourceLine>
  </BugInstance>
  <BugInstance type="CT_CONSTRUCTOR_THROW" priority="2" rank="16" abbrev="CT" category="BAD_PRACTICE" instanceHash="662a46ca99e492fa26218b3c44c0fd8b" instanceOccurrenceNum="0" instanceOccurrenceMax="0">
    <ShortMessage>Be wary of letting constructors throw exceptions.</ShortMessage>
    <LongMessage>Exception thrown in class junit.extensions.RepeatedTest at new junit.extensions.RepeatedTest(Test, int) will leave the constructor. The object under construction remains partially initialized and may be vulnerable to Finalizer attacks.</LongMessage>
    <Class classname="junit.extensions.RepeatedTest" primary="true">
      <SourceLine classname="junit.extensions.RepeatedTest" start="13" end="37" sourcefile="RepeatedTest.java" sourcepath="junit/extensions/RepeatedTest.java">
        <Message>At RepeatedTest.java:[lines 13-37]</Message>
      </SourceLine>
      <Message>In class junit.extensions.RepeatedTest</Message>
    </Class>
    <Method classname="junit.extensions.RepeatedTest" name="&lt;init&gt;" signature="(Ljunit/framework/Test;I)V" isStatic="false" primary="true">
      <SourceLine classname="junit.extensions.RepeatedTest" start="13" end="18" startBytecode="0" endBytecode="102" sourcefile="RepeatedTest.java" sourcepath="junit/extensions/RepeatedTest.java"/>
      <Message>In method new junit.extensions.RepeatedTest(Test, int)</Message>
    </Method>
    <SourceLine classname="junit.extensions.RepeatedTest" primary="true" start="15" end="15" startBytecode="18" endBytecode="18" sourcefile="RepeatedTest.java" sourcepath="junit/extensions/RepeatedTest.java">
      <Message>At RepeatedTest.java:[line 15]</Message>
    </SourceLine>
    <SourceLine classname="junit.extensions.RepeatedTest" start="15" end="15" startBytecode="18" endBytecode="18" sourcefile="RepeatedTest.java" sourcepath="junit/extensions/RepeatedTest.java">
      <Message>At RepeatedTest.java:[line 15]</Message>
    </SourceLine>
  </BugInstance>
  <BugInstance type="CT_CONSTRUCTOR_THROW" priority="2" rank="16" abbrev="CT" category="BAD_PRACTICE" instanceHash="60bd4a8f68c4efde315bbf60a9cf304c" instanceOccurrenceNum="0" instanceOccurrenceMax="0">
    <ShortMessage>Be wary of letting constructors throw exceptions.</ShortMessage>
    <LongMessage>Exception thrown in class junit.extensions.TestSetup$1 at new junit.extensions.TestSetup$1(TestSetup, TestResult) will leave the constructor. The object under construction remains partially initialized and may be vulnerable to Finalizer attacks.</LongMessage>
    <Class classname="junit.extensions.TestSetup$1" primary="true">
      <SourceLine classname="junit.extensions.TestSetup$1" start="21" end="25" sourcefile="TestSetup.java" sourcepath="junit/extensions/TestSetup.java">
        <Message>At TestSetup.java:[lines 21-25]</Message>
      </SourceLine>
      <Message>In class junit.extensions.TestSetup$1</Message>
    </Class>
    <Method classname="junit.extensions.TestSetup$1" name="&lt;init&gt;" signature="(Ljunit/extensions/TestSetup;Ljunit/framework/TestResult;)V" isStatic="false" primary="true">
      <SourceLine classname="junit.extensions.TestSetup$1" start="21" end="21" startBytecode="0" endBytecode="56" sourcefile="TestSetup.java" sourcepath="junit/extensions/TestSetup.java"/>
      <Message>In method new junit.extensions.TestSetup$1(TestSetup, TestResult)</Message>
    </Method>
    <SourceLine classname="junit.extensions.TestSetup$1" primary="true" start="21" end="21" startBytecode="4" endBytecode="4" sourcefile="TestSetup.java" sourcepath="junit/extensions/TestSetup.java">
      <Message>At TestSetup.java:[line 21]</Message>
    </SourceLine>
    <SourceLine classname="junit.extensions.TestSetup$1" start="21" end="21" startBytecode="4" endBytecode="4" sourcefile="TestSetup.java" sourcepath="junit/extensions/TestSetup.java">
      <Message>At TestSetup.java:[line 21]</Message>
    </SourceLine>
  </BugInstance>
  <BugInstance type="DM_FP_NUMBER_CTOR" priority="3" rank="20" abbrev="Bx" category="PERFORMANCE" instanceHash="f0137156e429c7861ddbac08dced720b" instanceOccurrenceNum="0" instanceOccurrenceMax="0">
    <ShortMessage>Method invokes inefficient floating-point Number constructor; use static valueOf instead</ShortMessage>
    <LongMessage>junit.framework.Assert.assertEquals(String, double, double, double) invokes inefficient new Double(double) constructor; use Double.valueOf(double) instead</LongMessage>
    <Class classname="junit.framework.Assert" primary="true" classAnnotationNames="java.lang.Deprecated">
      <SourceLine classname="junit.framework.Assert" start="13" end="337" sourcefile="Assert.java" sourcepath="junit/framework/Assert.java">
        <Message>At Assert.java:[lines 13-337]</Message>
      </SourceLine>
      <Message>In class junit.framework.Assert</Message>
    </Class>
    <Method classname="junit.framework.Assert" name="assertEquals" signature="(Ljava/lang/String;DDD)V" isStatic="true" primary="true" classAnnotationNames="java.lang.Deprecated">
      <SourceLine classname="junit.framework.Assert" start="116" end="122" startBytecode="0" endBytecode="129" sourcefile="Assert.java" sourcepath="junit/framework/Assert.java"/>
      <Message>In method junit.framework.Assert.assertEquals(String, double, double, double)</Message>
    </Method>
    <Method classname="java.lang.Double" name="&lt;init&gt;" signature="(D)V" isStatic="false" role="METHOD_CALLED" classAnnotationNames="jdk.internal.ValueBased">
      <SourceLine classname="java.lang.Double" start="711" end="713" startBytecode="0" endBytecode="69" sourcefile="Double.java" sourcepath="java/lang/Double.java"/>
      <Message>Called method new Double(double)</Message>
    </Method>
    <Method classname="java.lang.Double" name="valueOf" signature="(D)Ljava/lang/Double;" isStatic="true" role="SHOULD_CALL" classAnnotationNames="jdk.internal.ValueBased">
      <SourceLine classname="java.lang.Double" start="632" end="632" startBytecode="0" endBytecode="50" sourcefile="Double.java" sourcepath="java/lang/Double.java"/>
      <Message>Should call Double.valueOf(double) instead</Message>
    </Method>
    <SourceLine classname="junit.framework.Assert" primary="true" start="120" end="120" startBytecode="27" endBytecode="27" sourcefile="Assert.java" sourcepath="junit/framework/Assert.java">
      <Message>At Assert.java:[line 120]</Message>
    </SourceLine>
  </BugInstance>
  <BugInstance type="DM_FP_NUMBER_CTOR" priority="3" rank="20" abbrev="Bx" category="PERFORMANCE" instanceHash="2f8d885d5bbe4b543705f70686f60786" instanceOccurrenceNum="0" instanceOccurrenceMax="0">
    <ShortMessage>Method invokes inefficient floating-point Number constructor; use static valueOf instead</ShortMessage>
    <LongMessage>junit.framework.Assert.assertEquals(String, float, float, float) invokes inefficient new Float(float) constructor; use Float.valueOf(float) instead</LongMessage>
    <Class classname="junit.framework.Assert" primary="true" classAnnotationNames="java.lang.Deprecated">
      <SourceLine classname="junit.framework.Assert" start="13" end="337" sourcefile="Assert.java" sourcepath="junit/framework/Assert.java">
        <Message>At Assert.java:[lines 13-337]</Message>
      </SourceLine>
      <Message>In class junit.framework.Assert</Message>
    </Class>
    <Method classname="junit.framework.Assert" name="assertEquals" signature="(Ljava/lang/String;FFF)V" isStatic="true" primary="true" classAnnotationNames="java.lang.Deprecated">
      <SourceLine classname="junit.framework.Assert" start="138" end="144" startBytecode="0" endBytecode="128" sourcefile="Assert.java" sourcepath="junit/framework/Assert.java"/>
      <Message>In method junit.framework.Assert.assertEquals(String, float, float, float)</Message>
    </Method>
    <Method classname="java.lang.Float" name="&lt;init&gt;" signature="(F)V" isStatic="false" role="METHOD_CALLED" classAnnotationNames="jdk.internal.ValueBased">
      <SourceLine classname="java.lang.Float" start="537" end="539" startBytecode="0" endBytecode="69" sourcefile="Float.java" sourcepath="java/lang/Float.java"/>
      <Message>Called method new Float(float)</Message>
    </Method>
    <Method classname="java.lang.Float" name="valueOf" signature="(F)Ljava/lang/Float;" isStatic="true" role="SHOULD_CALL" classAnnotationNames="jdk.internal.ValueBased">
      <SourceLine classname="java.lang.Float" start="458" end="458" startBytecode="0" endBytecode="50" sourcefile="Float.java" sourcepath="java/lang/Float.java"/>
      <Message>Should call Float.valueOf(float) instead</Message>
    </Method>
    <SourceLine classname="junit.framework.Assert" primary="true" start="142" end="142" startBytecode="26" endBytecode="26" sourcefile="Assert.java" sourcepath="junit/framework/Assert.java">
      <Message>At Assert.java:[line 142]</Message>
    </SourceLine>
  </BugInstance>
  <BugInstance type="EI_EXPOSE_REP2" priority="2" rank="18" abbrev="EI2" category="MALICIOUS_CODE" instanceHash="d33b9ac83d4e51f8db74bdeaf8bffbde" instanceOccurrenceNum="0" instanceOccurrenceMax="0" cweid="374">
    <ShortMessage>May expose internal representation by incorporating reference to mutable object</ShortMessage>
    <LongMessage>new junit.framework.JUnit4TestAdapter(Class, JUnit4TestAdapterCache) may expose internal representation by storing an externally mutable object into JUnit4TestAdapter.fCache</LongMessage>
    <Class classname="junit.framework.JUnit4TestAdapter" primary="true">
      <SourceLine classname="junit.framework.JUnit4TestAdapter" start="24" end="85" sourcefile="JUnit4TestAdapter.java" sourcepath="junit/framework/JUnit4TestAdapter.java">
        <Message>At JUnit4TestAdapter.java:[lines 24-85]</Message>
      </SourceLine>
      <Message>In class junit.framework.JUnit4TestAdapter</Message>
    </Class>
    <Method classname="junit.framework.JUnit4TestAdapter" name="&lt;init&gt;" signature="(Ljava/lang/Class;Ljunit/framework/JUnit4TestAdapterCache;)V" isStatic="false" primary="true">
      <SourceLine classname="junit.framework.JUnit4TestAdapter" start="27" end="31" startBytecode="0" endBytecode="121" sourcefile="JUnit4TestAdapter.java" sourcepath="junit/framework/JUnit4TestAdapter.java"/>
      <Message>In method new junit.framework.JUnit4TestAdapter(Class, JUnit4TestAdapterCache)</Message>
    </Method>
    <Field classname="junit.framework.JUnit4TestAdapter" name="fCache" signature="Ljunit/framework/JUnit4TestAdapterCache;" isStatic="false" primary="true">
      <SourceLine classname="junit.framework.JUnit4TestAdapter" sourcefile="JUnit4TestAdapter.java" sourcepath="junit/framework/JUnit4TestAdapter.java">
        <Message>In JUnit4TestAdapter.java</Message>
      </SourceLine>
      <Message>Field junit.framework.JUnit4TestAdapter.fCache</Message>
    </Field>
    <LocalVariable name="cache" register="2" pc="6" role="LOCAL_VARIABLE_NAMED">
      <Message>Local variable named cache</Message>
    </LocalVariable>
    <SourceLine classname="junit.framework.JUnit4TestAdapter" primary="true" start="28" end="28" startBytecode="6" endBytecode="6" sourcefile="JUnit4TestAdapter.java" sourcepath="junit/framework/JUnit4TestAdapter.java">
      <Message>At JUnit4TestAdapter.java:[line 28]</Message>
    </SourceLine>
  </BugInstance>
  <BugInstance type="MS_EXPOSE_REP" priority="2" rank="18" abbrev="MS" category="MALICIOUS_CODE" instanceHash="e6f6a57276acc8da17fbcc0c7232cff" instanceOccurrenceNum="0" instanceOccurrenceMax="0" cweid="218">
    <ShortMessage>Public static method may expose internal representation by returning a mutable object or array</ShortMessage>
    <LongMessage>Public static junit.framework.JUnit4TestAdapterCache.getDefault() may expose internal representation by returning JUnit4TestAdapterCache.fInstance</LongMessage>
    <Class classname="junit.framework.JUnit4TestAdapterCache" primary="true">
      <SourceLine classname="junit.framework.JUnit4TestAdapterCache" start="13" end="73" sourcefile="JUnit4TestAdapterCache.java" sourcepath="junit/framework/JUnit4TestAdapterCache.java">
        <Message>At JUnit4TestAdapterCache.java:[lines 13-73]</Message>
      </SourceLine>
      <Message>In class junit.framework.JUnit4TestAdapterCache</Message>
    </Class>
    <Method classname="junit.framework.JUnit4TestAdapterCache" name="getDefault" signature="()Ljunit/framework/JUnit4TestAdapterCache;" isStatic="true" primary="true">
      <SourceLine classname="junit.framework.JUnit4TestAdapterCache" start="18" end="18" startBytecode="0" endBytecode="27" sourcefile="JUnit4TestAdapterCache.java" sourcepath="junit/framework/JUnit4TestAdapterCache.java"/>
      <Message>In method junit.framework.JUnit4TestAdapterCache.getDefault()</Message>
    </Method>
    <Field classname="junit.framework.JUnit4TestAdapterCache" name="fInstance" signature="Ljunit/framework/JUnit4TestAdapterCache;" isStatic="true" primary="true">
      <SourceLine classname="junit.framework.JUnit4TestAdapterCache" sourcefile="JUnit4TestAdapterCache.java" sourcepath="junit/framework/JUnit4TestAdapterCache.java">
        <Message>In JUnit4TestAdapterCache.java</Message>
      </SourceLine>
      <Message>Field junit.framework.JUnit4TestAdapterCache.fInstance</Message>
    </Field>
    <SourceLine classname="junit.framework.JUnit4TestAdapterCache" primary="true" start="18" end="18" startBytecode="3" endBytecode="3" sourcefile="JUnit4TestAdapterCache.java" sourcepath="junit/framework/JUnit4TestAdapterCache.java">
      <Message>At JUnit4TestAdapterCache.java:[line 18]</Message>
    </SourceLine>
  </BugInstance>
  <BugInstance type="EI_EXPOSE_REP" priority="2" rank="18" abbrev="EI" category="MALICIOUS_CODE" instanceHash="979c86ed1c8431f4bf4fcadfddb705c9" instanceOccurrenceNum="0" instanceOccurrenceMax="0" cweid="374">
    <ShortMessage>May expose internal representation by returning reference to mutable object</ShortMessage>
    <LongMessage>junit.framework.JUnit4TestCaseFacade.getDescription() may expose internal representation by returning JUnit4TestCaseFacade.fDescription</LongMessage>
    <Class classname="junit.framework.JUnit4TestCaseFacade" primary="true">
      <SourceLine classname="junit.framework.JUnit4TestCaseFacade" start="9" end="28" sourcefile="JUnit4TestCaseFacade.java" sourcepath="junit/framework/JUnit4TestCaseFacade.java">
        <Message>At JUnit4TestCaseFacade.java:[lines 9-28]</Message>
      </SourceLine>
      <Message>In class junit.framework.JUnit4TestCaseFacade</Message>
    </Class>
    <Method classname="junit.framework.JUnit4TestCaseFacade" name="getDescription" signature="()Lorg/junit/runner/Description;" isStatic="false" primary="true">
      <SourceLine classname="junit.framework.JUnit4TestCaseFacade" start="28" end="28" startBytecode="0" endBytecode="46" sourcefile="JUnit4TestCaseFacade.java" sourcepath="junit/framework/JUnit4TestCaseFacade.java"/>
      <Message>In method junit.framework.JUnit4TestCaseFacade.getDescription()</Message>
    </Method>
    <Field classname="junit.framework.JUnit4TestCaseFacade" name="fDescription" signature="Lorg/junit/runner/Description;" isStatic="false" primary="true">
      <SourceLine classname="junit.framework.JUnit4TestCaseFacade" sourcefile="JUnit4TestCaseFacade.java" sourcepath="junit/framework/JUnit4TestCaseFacade.java">
        <Message>In JUnit4TestCaseFacade.java</Message>
      </SourceLine>
      <Message>Field junit.framework.JUnit4TestCaseFacade.fDescription</Message>
    </Field>
    <SourceLine classname="junit.framework.JUnit4TestCaseFacade" primary="true" start="28" end="28" startBytecode="4" endBytecode="4" sourcefile="JUnit4TestCaseFacade.java" sourcepath="junit/framework/JUnit4TestCaseFacade.java">
      <Message>At JUnit4TestCaseFacade.java:[line 28]</Message>
    </SourceLine>
  </BugInstance>
  <BugInstance type="EI_EXPOSE_REP" priority="2" rank="18" abbrev="EI" category="MALICIOUS_CODE" instanceHash="1341c4c14b52fe8a5e90e7db598da6b4" instanceOccurrenceNum="0" instanceOccurrenceMax="0" cweid="374">
    <ShortMessage>May expose internal representation by returning reference to mutable object</ShortMessage>
    <LongMessage>junit.framework.TestFailure.thrownException() may expose internal representation by returning TestFailure.fThrownException</LongMessage>
    <Class classname="junit.framework.TestFailure" primary="true">
      <SourceLine classname="junit.framework.TestFailure" start="20" end="71" sourcefile="TestFailure.java" sourcepath="junit/framework/TestFailure.java">
        <Message>At TestFailure.java:[lines 20-71]</Message>
      </SourceLine>
      <Message>In class junit.framework.TestFailure</Message>
    </Class>
    <Method classname="junit.framework.TestFailure" name="thrownException" signature="()Ljava/lang/Throwable;" isStatic="false" primary="true">
      <SourceLine classname="junit.framework.TestFailure" start="36" end="36" startBytecode="0" endBytecode="46" sourcefile="TestFailure.java" sourcepath="junit/framework/TestFailure.java"/>
      <Message>In method junit.framework.TestFailure.thrownException()</Message>
    </Method>
    <Field classname="junit.framework.TestFailure" name="fThrownException" signature="Ljava/lang/Throwable;" isStatic="false" primary="true">
      <SourceLine classname="junit.framework.TestFailure" sourcefile="TestFailure.java" sourcepath="junit/framework/TestFailure.java">
        <Message>In TestFailure.java</Message>
      </SourceLine>
      <Message>Field junit.framework.TestFailure.fThrownException</Message>
    </Field>
    <SourceLine classname="junit.framework.TestFailure" primary="true" start="36" end="36" startBytecode="4" endBytecode="4" sourcefile="TestFailure.java" sourcepath="junit/framework/TestFailure.java">
      <Message>At TestFailure.java:[line 36]</Message>
    </SourceLine>
  </BugInstance>
  <BugInstance type="EI_EXPOSE_REP2" priority="2" rank="18" abbrev="EI2" category="MALICIOUS_CODE" instanceHash="c04896fd15df1800adb461a512b8e009" instanceOccurrenceNum="0" instanceOccurrenceMax="0" cweid="374">
    <ShortMessage>May expose internal representation by incorporating reference to mutable object</ShortMessage>
    <LongMessage>new junit.framework.TestFailure(Test, Throwable) may expose internal representation by storing an externally mutable object into TestFailure.fThrownException</LongMessage>
    <Class classname="junit.framework.TestFailure" primary="true">
      <SourceLine classname="junit.framework.TestFailure" start="20" end="71" sourcefile="TestFailure.java" sourcepath="junit/framework/TestFailure.java">
        <Message>At TestFailure.java:[lines 20-71]</Message>
      </SourceLine>
      <Message>In class junit.framework.TestFailure</Message>
    </Class>
    <Method classname="junit.framework.TestFailure" name="&lt;init&gt;" signature="(Ljunit/framework/Test;Ljava/lang/Throwable;)V" isStatic="false" primary="true">
      <SourceLine classname="junit.framework.TestFailure" start="20" end="23" startBytecode="0" endBytecode="88" sourcefile="TestFailure.java" sourcepath="junit/framework/TestFailure.java"/>
      <Message>In method new junit.framework.TestFailure(Test, Throwable)</Message>
    </Method>
    <Field classname="junit.framework.TestFailure" name="fThrownException" signature="Ljava/lang/Throwable;" isStatic="false" primary="true">
      <SourceLine classname="junit.framework.TestFailure" sourcefile="TestFailure.java" sourcepath="junit/framework/TestFailure.java">
        <Message>In TestFailure.java</Message>
      </SourceLine>
      <Message>Field junit.framework.TestFailure.fThrownException</Message>
    </Field>
    <LocalVariable name="thrownException" register="2" pc="11" role="LOCAL_VARIABLE_NAMED">
      <Message>Local variable named thrownException</Message>
    </LocalVariable>
    <SourceLine classname="junit.framework.TestFailure" primary="true" start="22" end="22" startBytecode="11" endBytecode="11" sourcefile="TestFailure.java" sourcepath="junit/framework/TestFailure.java">
      <Message>At TestFailure.java:[line 22]</Message>
    </SourceLine>
  </BugInstance>
  <BugInstance type="SIC_INNER_SHOULD_BE_STATIC_ANON" priority="3" rank="20" abbrev="SIC" category="PERFORMANCE" instanceHash="8fa46cd957c7404c5c412ecc86588c40" instanceOccurrenceNum="0" instanceOccurrenceMax="0">
    <ShortMessage>Could be refactored into a named static inner class</ShortMessage>
    <LongMessage>The class junit.framework.TestResult$1 could be refactored into a named _static_ inner class</LongMessage>
    <Class classname="junit.framework.TestResult$1" role="CLASS_ANONYMOUS">
      <SourceLine classname="junit.framework.TestResult$1" start="121" end="123" sourcefile="TestResult.java" sourcepath="junit/framework/TestResult.java">
        <Message>At TestResult.java:[lines 121-123]</Message>
      </SourceLine>
      <Message>Anonymous class junit.framework.TestResult$1</Message>
    </Class>
    <Class classname="junit.framework.TestResult" primary="true">
      <SourceLine classname="junit.framework.TestResult" start="24" end="183" sourcefile="TestResult.java" sourcepath="junit/framework/TestResult.java">
        <Message>At TestResult.java:[lines 24-183]</Message>
      </SourceLine>
      <Message>In class junit.framework.TestResult</Message>
    </Class>
    <Method classname="junit.framework.TestResult" name="run" signature="(Ljunit/framework/TestCase;)V" isStatic="false" primary="true">
      <SourceLine classname="junit.framework.TestResult" start="119" end="128" startBytecode="0" endBytecode="104" sourcefile="TestResult.java" sourcepath="junit/framework/TestResult.java"/>
      <Message>In method junit.framework.TestResult.run(TestCase)</Message>
    </Method>
    <SourceLine classname="junit.framework.TestResult" primary="true" start="120" end="120" startBytecode="11" endBytecode="11" sourcefile="TestResult.java" sourcepath="junit/framework/TestResult.java">
      <Message>At TestResult.java:[line 120]</Message>
    </SourceLine>
    <LocalVariable name="p" register="2" pc="15" role="LOCAL_VARIABLE_NAMED">
      <Message>Local variable named p</Message>
    </LocalVariable>
  </BugInstance>
  <BugInstance type="CT_CONSTRUCTOR_THROW" priority="2" rank="16" abbrev="CT" category="BAD_PRACTICE" instanceHash="6f9a899c77206122c911ed6355657597" instanceOccurrenceNum="0" instanceOccurrenceMax="0">
    <ShortMessage>Be wary of letting constructors throw exceptions.</ShortMessage>
    <LongMessage>Exception thrown in class junit.framework.TestResult$1 at new junit.framework.TestResult$1(TestResult, TestCase) will leave the constructor. The object under construction remains partially initialized and may be vulnerable to Finalizer attacks.</LongMessage>
    <Class classname="junit.framework.TestResult$1" primary="true">
      <SourceLine classname="junit.framework.TestResult$1" start="121" end="123" sourcefile="TestResult.java" sourcepath="junit/framework/TestResult.java">
        <Message>At TestResult.java:[lines 121-123]</Message>
      </SourceLine>
      <Message>In class junit.framework.TestResult$1</Message>
    </Class>
    <Method classname="junit.framework.TestResult$1" name="&lt;init&gt;" signature="(Ljunit/framework/TestResult;Ljunit/framework/TestCase;)V" isStatic="false" primary="true">
      <SourceLine classname="junit.framework.TestResult$1" start="121" end="121" startBytecode="0" endBytecode="56" sourcefile="TestResult.java" sourcepath="junit/framework/TestResult.java"/>
      <Message>In method new junit.framework.TestResult$1(TestResult, TestCase)</Message>
    </Method>
    <SourceLine classname="junit.framework.TestResult$1" primary="true" start="121" end="121" startBytecode="64" endBytecode="64" sourcefile="TestResult.java" sourcepath="junit/framework/TestResult.java">
      <Message>At TestResult.java:[line 121]</Message>
    </SourceLine>
    <SourceLine classname="junit.framework.TestResult$1" start="121" end="121" startBytecode="64" endBytecode="64" sourcefile="TestResult.java" sourcepath="junit/framework/TestResult.java">
      <Message>At TestResult.java:[line 121]</Message>
    </SourceLine>
  </BugInstance>
  <BugInstance type="LI_LAZY_INIT_UPDATE_STATIC" priority="1" rank="6" abbrev="LI" category="MT_CORRECTNESS" instanceHash="cc14f934a7467662fab8a293c7430c01" instanceOccurrenceNum="0" instanceOccurrenceMax="0" cweid="543">
    <ShortMessage>Incorrect lazy initialization and update of static field</ShortMessage>
    <LongMessage>Incorrect lazy initialization and update of static field junit.runner.BaseTestRunner.fPreferences in junit.runner.BaseTestRunner.getPreferences()</LongMessage>
    <Class classname="junit.runner.BaseTestRunner" primary="true">
      <SourceLine classname="junit.runner.BaseTestRunner" start="27" end="325" sourcefile="BaseTestRunner.java" sourcepath="junit/runner/BaseTestRunner.java">
        <Message>At BaseTestRunner.java:[lines 27-325]</Message>
      </SourceLine>
      <Message>In class junit.runner.BaseTestRunner</Message>
    </Class>
    <Method classname="junit.runner.BaseTestRunner" name="getPreferences" signature="()Ljava/util/Properties;" isStatic="true" primary="true">
      <SourceLine classname="junit.runner.BaseTestRunner" start="47" end="53" startBytecode="0" endBytecode="18" sourcefile="BaseTestRunner.java" sourcepath="junit/runner/BaseTestRunner.java"/>
      <Message>In method junit.runner.BaseTestRunner.getPreferences()</Message>
    </Method>
    <Field classname="junit.runner.BaseTestRunner" name="fPreferences" signature="Ljava/util/Properties;" isStatic="true" primary="true" role="FIELD_ON">
      <SourceLine classname="junit.runner.BaseTestRunner" sourcefile="BaseTestRunner.java" sourcepath="junit/runner/BaseTestRunner.java">
        <Message>In BaseTestRunner.java</Message>
      </SourceLine>
      <Message>On field junit.runner.BaseTestRunner.fPreferences</Message>
    </Field>
    <SourceLine classname="junit.runner.BaseTestRunner" primary="true" start="47" end="48" startBytecode="0" endBytecode="13" sourcefile="BaseTestRunner.java" sourcepath="junit/runner/BaseTestRunner.java">
      <Message>At BaseTestRunner.java:[lines 47-48]</Message>
    </SourceLine>
  </BugInstance>
  <BugInstance type="REC_CATCH_EXCEPTION" priority="3" rank="20" abbrev="REC" category="STYLE" instanceHash="50e17ec448e1a0365a3f92ca72b26358" instanceOccurrenceNum="0" instanceOccurrenceMax="0" cweid="396">
    <ShortMessage>Exception is caught when Exception is not thrown</ShortMessage>
    <LongMessage>Exception is caught when Exception is not thrown in junit.runner.BaseTestRunner.getTest(String)</LongMessage>
    <Class classname="junit.runner.BaseTestRunner" primary="true">
      <SourceLine classname="junit.runner.BaseTestRunner" start="27" end="325" sourcefile="BaseTestRunner.java" sourcepath="junit/runner/BaseTestRunner.java">
        <Message>At BaseTestRunner.java:[lines 27-325]</Message>
      </SourceLine>
      <Message>In class junit.runner.BaseTestRunner</Message>
    </Class>
    <Method classname="junit.runner.BaseTestRunner" name="getTest" signature="(Ljava/lang/String;)Ljunit/framework/Test;" isStatic="false" primary="true">
      <SourceLine classname="junit.runner.BaseTestRunner" start="94" end="139" startBytecode="0" endBytecode="591" sourcefile="BaseTestRunner.java" sourcepath="junit/runner/BaseTestRunner.java"/>
      <Message>In method junit.runner.BaseTestRunner.getTest(String)</Message>
    </Method>
    <SourceLine classname="junit.runner.BaseTestRunner" primary="true" start="115" end="115" startBytecode="115" endBytecode="115" sourcefile="BaseTestRunner.java" sourcepath="junit/runner/BaseTestRunner.java">
      <Message>At BaseTestRunner.java:[line 115]</Message>
    </SourceLine>
  </BugInstance>
  <BugInstance type="RV_CHECK_FOR_POSITIVE_INDEXOF" priority="3" rank="20" abbrev="RV" category="STYLE" instanceHash="86edafe4f2e21f5039d3f788b3940297" instanceOccurrenceNum="0" instanceOccurrenceMax="0" cweid="440">
    <ShortMessage>Method checks to see if result of String.indexOf is positive</ShortMessage>
    <LongMessage>junit.runner.BaseTestRunner.filterLine(String) checks to see if result of String.indexOf is positive</LongMessage>
    <Class classname="junit.runner.BaseTestRunner" primary="true">
      <SourceLine classname="junit.runner.BaseTestRunner" start="27" end="325" sourcefile="BaseTestRunner.java" sourcepath="junit/runner/BaseTestRunner.java">
        <Message>At BaseTestRunner.java:[lines 27-325]</Message>
      </SourceLine>
      <Message>In class junit.runner.BaseTestRunner</Message>
    </Class>
    <Method classname="junit.runner.BaseTestRunner" name="filterLine" signature="(Ljava/lang/String;)Z" isStatic="true" primary="true">
      <SourceLine classname="junit.runner.BaseTestRunner" start="305" end="320" startBytecode="0" endBytecode="157" sourcefile="BaseTestRunner.java" sourcepath="junit/runner/BaseTestRunner.java"/>
      <Message>In method junit.runner.BaseTestRunner.filterLine(String)</Message>
    </Method>
    <SourceLine classname="junit.runner.BaseTestRunner" primary="true" start="316" end="316" startBytecode="63" endBytecode="63" sourcefile="BaseTestRunner.java" sourcepath="junit/runner/BaseTestRunner.java">
      <Message>At BaseTestRunner.java:[line 316]</Message>
    </SourceLine>
  </BugInstance>
  <BugInstance type="ST_WRITE_TO_STATIC_FROM_INSTANCE_METHOD" priority="2" rank="17" abbrev="ST" category="STYLE" instanceHash="4615d41d36bf41f07ce2a8db2d0acb87" instanceOccurrenceNum="0" instanceOccurrenceMax="0">
    <ShortMessage>Write to static field from instance method</ShortMessage>
    <LongMessage>Write to static field junit.runner.BaseTestRunner.fgFilterStack from instance method junit.runner.BaseTestRunner.processArguments(String[])</LongMessage>
    <Class classname="junit.runner.BaseTestRunner" primary="true">
      <SourceLine classname="junit.runner.BaseTestRunner" start="27" end="325" sourcefile="BaseTestRunner.java" sourcepath="junit/runner/BaseTestRunner.java">
        <Message>At BaseTestRunner.java:[lines 27-325]</Message>
      </SourceLine>
      <Message>In class junit.runner.BaseTestRunner</Message>
    </Class>
    <Method classname="junit.runner.BaseTestRunner" name="processArguments" signature="([Ljava/lang/String;)Ljava/lang/String;" isStatic="false" primary="true">
      <SourceLine classname="junit.runner.BaseTestRunner" start="154" end="171" startBytecode="0" endBytecode="228" sourcefile="BaseTestRunner.java" sourcepath="junit/runner/BaseTestRunner.java"/>
      <Message>In method junit.runner.BaseTestRunner.processArguments(String[])</Message>
    </Method>
    <Field classname="junit.runner.BaseTestRunner" name="fgFilterStack" signature="Z" isStatic="true" primary="true">
      <SourceLine classname="junit.runner.BaseTestRunner" sourcefile="BaseTestRunner.java" sourcepath="junit/runner/BaseTestRunner.java">
        <Message>In BaseTestRunner.java</Message>
      </SourceLine>
      <Message>Field junit.runner.BaseTestRunner.fgFilterStack</Message>
    </Field>
    <SourceLine classname="junit.runner.BaseTestRunner" primary="true" start="159" end="159" startBytecode="41" endBytecode="41" sourcefile="BaseTestRunner.java" sourcepath="junit/runner/BaseTestRunner.java">
      <Message>At BaseTestRunner.java:[line 159]</Message>
    </SourceLine>
  </BugInstance>
  <BugInstance type="EI_EXPOSE_REP" priority="2" rank="18" abbrev="EI" category="MALICIOUS_CODE" instanceHash="26c2446ac4eed881030ee6b704aca828" instanceOccurrenceNum="0" instanceOccurrenceMax="0" cweid="374">
    <ShortMessage>May expose internal representation by returning reference to mutable object</ShortMessage>
    <LongMessage>junit.textui.ResultPrinter.getWriter() may expose internal representation by returning ResultPrinter.fWriter</LongMessage>
    <Class classname="junit.textui.ResultPrinter" primary="true">
      <SourceLine classname="junit.textui.ResultPrinter" start="16" end="135" sourcefile="ResultPrinter.java" sourcepath="junit/textui/ResultPrinter.java">
        <Message>At ResultPrinter.java:[lines 16-135]</Message>
      </SourceLine>
      <Message>In class junit.textui.ResultPrinter</Message>
    </Class>
    <Method classname="junit.textui.ResultPrinter" name="getWriter" signature="()Ljava/io/PrintStream;" isStatic="false" primary="true">
      <SourceLine classname="junit.textui.ResultPrinter" start="103" end="103" startBytecode="0" endBytecode="46" sourcefile="ResultPrinter.java" sourcepath="junit/textui/ResultPrinter.java"/>
      <Message>In method junit.textui.ResultPrinter.getWriter()</Message>
    </Method>
    <Field classname="junit.textui.ResultPrinter" name="fWriter" signature="Ljava/io/PrintStream;" isStatic="false" primary="true">
      <SourceLine classname="junit.textui.ResultPrinter" sourcefile="ResultPrinter.java" sourcepath="junit/textui/ResultPrinter.java">
        <Message>In ResultPrinter.java</Message>
      </SourceLine>
      <Message>Field junit.textui.ResultPrinter.fWriter</Message>
    </Field>
    <SourceLine classname="junit.textui.ResultPrinter" primary="true" start="103" end="103" startBytecode="4" endBytecode="4" sourcefile="ResultPrinter.java" sourcepath="junit/textui/ResultPrinter.java">
      <Message>At ResultPrinter.java:[line 103]</Message>
    </SourceLine>
  </BugInstance>
  <BugInstance type="EI_EXPOSE_REP2" priority="2" rank="18" abbrev="EI2" category="MALICIOUS_CODE" instanceHash="e011a52d45529f55e1e202f5d21084ad" instanceOccurrenceNum="0" instanceOccurrenceMax="0" cweid="374">
    <ShortMessage>May expose internal representation by incorporating reference to mutable object</ShortMessage>
    <LongMessage>new junit.textui.ResultPrinter(PrintStream) may expose internal representation by storing an externally mutable object into ResultPrinter.fWriter</LongMessage>
    <Class classname="junit.textui.ResultPrinter" primary="true">
      <SourceLine classname="junit.textui.ResultPrinter" start="16" end="135" sourcefile="ResultPrinter.java" sourcepath="junit/textui/ResultPrinter.java">
        <Message>At ResultPrinter.java:[lines 16-135]</Message>
      </SourceLine>
      <Message>In class junit.textui.ResultPrinter</Message>
    </Class>
    <Method classname="junit.textui.ResultPrinter" name="&lt;init&gt;" signature="(Ljava/io/PrintStream;)V" isStatic="false" primary="true">
      <SourceLine classname="junit.textui.ResultPrinter" start="18" end="20" startBytecode="0" endBytecode="78" sourcefile="ResultPrinter.java" sourcepath="junit/textui/ResultPrinter.java"/>
      <Message>In method new junit.textui.ResultPrinter(PrintStream)</Message>
    </Method>
    <Field classname="junit.textui.ResultPrinter" name="fWriter" signature="Ljava/io/PrintStream;" isStatic="false" primary="true">
      <SourceLine classname="junit.textui.ResultPrinter" sourcefile="ResultPrinter.java" sourcepath="junit/textui/ResultPrinter.java">
        <Message>In ResultPrinter.java</Message>
      </SourceLine>
      <Message>Field junit.textui.ResultPrinter.fWriter</Message>
    </Field>
    <LocalVariable name="writer" register="1" pc="11" role="LOCAL_VARIABLE_NAMED">
      <Message>Local variable named writer</Message>
    </LocalVariable>
    <SourceLine classname="junit.textui.ResultPrinter" primary="true" start="19" end="19" startBytecode="11" endBytecode="11" sourcefile="ResultPrinter.java" sourcepath="junit/textui/ResultPrinter.java">
      <Message>At ResultPrinter.java:[line 19]</Message>
    </SourceLine>
  </BugInstance>
  <BugInstance type="DE_MIGHT_IGNORE" priority="3" rank="19" abbrev="DE" category="BAD_PRACTICE" instanceHash="757c3e6617aef656144abed98cd6aa72" instanceOccurrenceNum="0" instanceOccurrenceMax="0" cweid="391">
    <ShortMessage>Method might ignore exception</ShortMessage>
    <LongMessage>junit.textui.TestRunner.pause(boolean) might ignore java.lang.Exception</LongMessage>
    <Class classname="junit.textui.TestRunner" primary="true">
      <SourceLine classname="junit.textui.TestRunner" start="41" end="203" sourcefile="TestRunner.java" sourcepath="junit/textui/TestRunner.java">
        <Message>At TestRunner.java:[lines 41-203]</Message>
      </SourceLine>
      <Message>In class junit.textui.TestRunner</Message>
    </Class>
    <Method classname="junit.textui.TestRunner" name="pause" signature="(Z)V" isStatic="false" primary="true">
      <SourceLine classname="junit.textui.TestRunner" start="126" end="132" startBytecode="0" endBytecode="113" sourcefile="TestRunner.java" sourcepath="junit/textui/TestRunner.java"/>
      <Message>In method junit.textui.TestRunner.pause(boolean)</Message>
    </Method>
    <Class classname="java.lang.Exception" role="CLASS_EXCEPTION">
      <SourceLine classname="java.lang.Exception" start="55" end="124" sourcefile="Exception.java" sourcepath="java/lang/Exception.java">
        <Message>At Exception.java:[lines 55-124]</Message>
      </SourceLine>
      <Message>Exception class java.lang.Exception</Message>
    </Class>
    <SourceLine classname="junit.textui.TestRunner" primary="true" start="130" end="130" startBytecode="22" endBytecode="22" sourcefile="TestRunner.java" sourcepath="junit/textui/TestRunner.java">
      <Message>At TestRunner.java:[line 130]</Message>
    </SourceLine>
    <SourceLine classname="junit.textui.TestRunner" primary="true" start="130" end="130" startBytecode="22" endBytecode="22" sourcefile="TestRunner.java" sourcepath="junit/textui/TestRunner.java">
      <Message>At TestRunner.java:[line 130]</Message>
    </SourceLine>
  </BugInstance>
  <BugInstance type="DM_EXIT" priority="2" rank="16" abbrev="Dm" category="BAD_PRACTICE" instanceHash="70b5c0489626beb8f2a9068964b192b4" instanceOccurrenceNum="0" instanceOccurrenceMax="0" cweid="382">
    <ShortMessage>Method invokes System.exit(...)</ShortMessage>
    <LongMessage>junit.textui.TestRunner.runFailed(String) invokes System.exit(...), which shuts down the entire virtual machine</LongMessage>
    <Class classname="junit.textui.TestRunner" primary="true">
      <SourceLine classname="junit.textui.TestRunner" start="41" end="203" sourcefile="TestRunner.java" sourcepath="junit/textui/TestRunner.java">
        <Message>At TestRunner.java:[lines 41-203]</Message>
      </SourceLine>
      <Message>In class junit.textui.TestRunner</Message>
    </Class>
    <Method classname="junit.textui.TestRunner" name="runFailed" signature="(Ljava/lang/String;)V" isStatic="false" primary="true">
      <SourceLine classname="junit.textui.TestRunner" start="197" end="199" startBytecode="0" endBytecode="71" sourcefile="TestRunner.java" sourcepath="junit/textui/TestRunner.java"/>
      <Message>In method junit.textui.TestRunner.runFailed(String)</Message>
    </Method>
    <SourceLine classname="junit.textui.TestRunner" primary="true" start="198" end="198" startBytecode="8" endBytecode="8" sourcefile="TestRunner.java" sourcepath="junit/textui/TestRunner.java">
      <Message>At TestRunner.java:[line 198]</Message>
    </SourceLine>
  </BugInstance>
  <BugInstance type="EI_EXPOSE_REP2" priority="2" rank="18" abbrev="EI2" category="MALICIOUS_CODE" instanceHash="3463c165fcdf620bca8c107bf5bd0cb1" instanceOccurrenceNum="0" instanceOccurrenceMax="0" cweid="374">
    <ShortMessage>May expose internal representation by incorporating reference to mutable object</ShortMessage>
    <LongMessage>new junit.textui.TestRunner(ResultPrinter) may expose internal representation by storing an externally mutable object into TestRunner.fPrinter</LongMessage>
    <Class classname="junit.textui.TestRunner" primary="true">
      <SourceLine classname="junit.textui.TestRunner" start="41" end="203" sourcefile="TestRunner.java" sourcepath="junit/textui/TestRunner.java">
        <Message>At TestRunner.java:[lines 41-203]</Message>
      </SourceLine>
      <Message>In class junit.textui.TestRunner</Message>
    </Class>
    <Method classname="junit.textui.TestRunner" name="&lt;init&gt;" signature="(Ljunit/textui/ResultPrinter;)V" isStatic="false" primary="true">
      <SourceLine classname="junit.textui.TestRunner" start="54" end="56" startBytecode="0" endBytecode="69" sourcefile="TestRunner.java" sourcepath="junit/textui/TestRunner.java"/>
      <Message>In method new junit.textui.TestRunner(ResultPrinter)</Message>
    </Method>
    <Field classname="junit.textui.TestRunner" name="fPrinter" signature="Ljunit/textui/ResultPrinter;" isStatic="false" primary="true">
      <SourceLine classname="junit.textui.TestRunner" sourcefile="TestRunner.java" sourcepath="junit/textui/TestRunner.java">
        <Message>In TestRunner.java</Message>
      </SourceLine>
      <Message>Field junit.textui.TestRunner.fPrinter</Message>
    </Field>
    <LocalVariable name="printer" register="1" pc="6" role="LOCAL_VARIABLE_NAMED">
      <Message>Local variable named printer</Message>
    </LocalVariable>
    <SourceLine classname="junit.textui.TestRunner" primary="true" start="55" end="55" startBytecode="6" endBytecode="6" sourcefile="TestRunner.java" sourcepath="junit/textui/TestRunner.java">
      <Message>At TestRunner.java:[line 55]</Message>
    </SourceLine>
  </BugInstance>
  <BugInstance type="EI_EXPOSE_REP2" priority="2" rank="18" abbrev="EI2" category="MALICIOUS_CODE" instanceHash="a36e7042d9e552d223bef7f37be86e82" instanceOccurrenceNum="0" instanceOccurrenceMax="0" cweid="374">
    <ShortMessage>May expose internal representation by incorporating reference to mutable object</ShortMessage>
    <LongMessage>junit.textui.TestRunner.setPrinter(ResultPrinter) may expose internal representation by storing an externally mutable object into TestRunner.fPrinter</LongMessage>
    <Class classname="junit.textui.TestRunner" primary="true">
      <SourceLine classname="junit.textui.TestRunner" start="41" end="203" sourcefile="TestRunner.java" sourcepath="junit/textui/TestRunner.java">
        <Message>At TestRunner.java:[lines 41-203]</Message>
      </SourceLine>
      <Message>In class junit.textui.TestRunner</Message>
    </Class>
    <Method classname="junit.textui.TestRunner" name="setPrinter" signature="(Ljunit/textui/ResultPrinter;)V" isStatic="false" primary="true">
      <SourceLine classname="junit.textui.TestRunner" start="202" end="203" startBytecode="0" endBytecode="61" sourcefile="TestRunner.java" sourcepath="junit/textui/TestRunner.java"/>
      <Message>In method junit.textui.TestRunner.setPrinter(ResultPrinter)</Message>
    </Method>
    <Field classname="junit.textui.TestRunner" name="fPrinter" signature="Ljunit/textui/ResultPrinter;" isStatic="false" primary="true">
      <SourceLine classname="junit.textui.TestRunner" sourcefile="TestRunner.java" sourcepath="junit/textui/TestRunner.java">
        <Message>In TestRunner.java</Message>
      </SourceLine>
      <Message>Field junit.textui.TestRunner.fPrinter</Message>
    </Field>
    <LocalVariable name="printer" register="1" pc="2" role="LOCAL_VARIABLE_NAMED">
      <Message>Local variable named printer</Message>
    </LocalVariable>
    <SourceLine classname="junit.textui.TestRunner" primary="true" start="202" end="202" startBytecode="2" endBytecode="2" sourcefile="TestRunner.java" sourcepath="junit/textui/TestRunner.java">
      <Message>At TestRunner.java:[line 202]</Message>
    </SourceLine>
  </BugInstance>
  <BugInstance type="NM_SAME_SIMPLE_NAME_AS_SUPERCLASS" priority="1" rank="14" abbrev="Nm" category="BAD_PRACTICE" instanceHash="a03ab21a8302415bbd903e262c9fefc9" instanceOccurrenceNum="0" instanceOccurrenceMax="0">
    <ShortMessage>Class names shouldn&apos;t shadow simple name of superclass</ShortMessage>
    <LongMessage>The class name org.junit.AssumptionViolatedException shadows the simple name of the superclass org.junit.internal.AssumptionViolatedException</LongMessage>
    <Class classname="org.junit.AssumptionViolatedException" primary="true">
      <SourceLine classname="org.junit.AssumptionViolatedException" start="22" end="45" sourcefile="AssumptionViolatedException.java" sourcepath="org/junit/AssumptionViolatedException.java">
        <Message>At AssumptionViolatedException.java:[lines 22-45]</Message>
      </SourceLine>
      <Message>In class org.junit.AssumptionViolatedException</Message>
    </Class>
    <Class classname="org.junit.internal.AssumptionViolatedException">
      <SourceLine classname="org.junit.internal.AssumptionViolatedException" start="32" end="110" sourcefile="AssumptionViolatedException.java" sourcepath="org/junit/internal/AssumptionViolatedException.java">
        <Message>At AssumptionViolatedException.java:[lines 32-110]</Message>
      </SourceLine>
      <Message>In class org.junit.internal.AssumptionViolatedException</Message>
    </Class>
    <SourceLine classname="org.junit.AssumptionViolatedException" start="22" end="45" sourcefile="AssumptionViolatedException.java" sourcepath="org/junit/AssumptionViolatedException.java" synthetic="true">
      <Message>At AssumptionViolatedException.java:[lines 22-45]</Message>
    </SourceLine>
  </BugInstance>
  <BugInstance type="RV_RETURN_VALUE_IGNORED_BAD_PRACTICE" priority="3" rank="19" abbrev="RV" category="BAD_PRACTICE" instanceHash="ef06b040e47482a5912a8608b69f745a" instanceOccurrenceNum="0" instanceOccurrenceMax="0" cweid="253">
    <ShortMessage>Method ignores exceptional return value</ShortMessage>
    <LongMessage>Exceptional return value of java.util.concurrent.ExecutorService.submit(Runnable) ignored in org.junit.experimental.ParallelComputer$1.schedule(Runnable)</LongMessage>
    <Class classname="org.junit.experimental.ParallelComputer$1" primary="true">
      <SourceLine classname="org.junit.experimental.ParallelComputer$1" start="35" end="48" sourcefile="ParallelComputer.java" sourcepath="org/junit/experimental/ParallelComputer.java">
        <Message>At ParallelComputer.java:[lines 35-48]</Message>
      </SourceLine>
      <Message>In class org.junit.experimental.ParallelComputer$1</Message>
    </Class>
    <Method classname="org.junit.experimental.ParallelComputer$1" name="schedule" signature="(Ljava/lang/Runnable;)V" isStatic="false" primary="true">
      <SourceLine classname="org.junit.experimental.ParallelComputer$1" start="38" end="39" startBytecode="0" endBytecode="67" sourcefile="ParallelComputer.java" sourcepath="org/junit/experimental/ParallelComputer.java"/>
      <Message>In method org.junit.experimental.ParallelComputer$1.schedule(Runnable)</Message>
    </Method>
    <Method classname="java.util.concurrent.ExecutorService" name="submit" signature="(Ljava/lang/Runnable;)Ljava/util/concurrent/Future;" isStatic="false" role="METHOD_CALLED">
      <SourceLine classname="java.util.concurrent.ExecutorService" sourcefile="ExecutorService.java" sourcepath="java/util/concurrent/ExecutorService.java"/>
      <Message>Called method java.util.concurrent.ExecutorService.submit(Runnable)</Message>
    </Method>
    <SourceLine classname="org.junit.experimental.ParallelComputer$1" primary="true" start="38" end="38" startBytecode="5" endBytecode="5" sourcefile="ParallelComputer.java" sourcepath="org/junit/experimental/ParallelComputer.java">
      <Message>At ParallelComputer.java:[line 38]</Message>
    </SourceLine>
  </BugInstance>
  <BugInstance type="CT_CONSTRUCTOR_THROW" priority="2" rank="16" abbrev="CT" category="BAD_PRACTICE" instanceHash="bf6b65b47c13bba1c09a32f32c17c5dc" instanceOccurrenceNum="0" instanceOccurrenceMax="0">
    <ShortMessage>Be wary of letting constructors throw exceptions.</ShortMessage>
    <LongMessage>Exception thrown in class org.junit.experimental.categories.Categories at new org.junit.experimental.categories.Categories(Class, RunnerBuilder) will leave the constructor. The object under construction remains partially initialized and may be vulnerable to Finalizer attacks.</LongMessage>
    <Class classname="org.junit.experimental.categories.Categories" primary="true">
      <SourceLine classname="org.junit.experimental.categories.Categories" start="81" end="383" sourcefile="Categories.java" sourcepath="org/junit/experimental/categories/Categories.java">
        <Message>At Categories.java:[lines 81-383]</Message>
      </SourceLine>
      <Message>In class org.junit.experimental.categories.Categories</Message>
    </Class>
    <Method classname="org.junit.experimental.categories.Categories" name="&lt;init&gt;" signature="(Ljava/lang/Class;Lorg/junit/runners/model/RunnerBuilder;)V" isStatic="false" primary="true">
      <SourceLine classname="org.junit.experimental.categories.Categories" start="307" end="319" startBytecode="0" endBytecode="261" sourcefile="Categories.java" sourcepath="org/junit/experimental/categories/Categories.java"/>
      <Message>In method new org.junit.experimental.categories.Categories(Class, RunnerBuilder)</Message>
    </Method>
    <SourceLine classname="org.junit.experimental.categories.Categories" primary="true" start="309" end="309" startBytecode="6" endBytecode="6" sourcefile="Categories.java" sourcepath="org/junit/experimental/categories/Categories.java">
      <Message>At Categories.java:[line 309]</Message>
    </SourceLine>
    <SourceLine classname="org.junit.experimental.categories.Categories" start="309" end="309" startBytecode="6" endBytecode="6" sourcefile="Categories.java" sourcepath="org/junit/experimental/categories/Categories.java">
      <Message>At Categories.java:[line 309]</Message>
    </SourceLine>
  </BugInstance>
  <BugInstance type="MC_OVERRIDABLE_METHOD_CALL_IN_CONSTRUCTOR" priority="3" rank="20" abbrev="MC" category="MALICIOUS_CODE" instanceHash="215badb10a3de02173de4725f3fb52c" instanceOccurrenceNum="0" instanceOccurrenceMax="0">
    <ShortMessage>An overridable method is called from a constructor</ShortMessage>
    <LongMessage>Overridable method getDescription is called from constructor new org.junit.experimental.categories.Categories(Class, RunnerBuilder).</LongMessage>
    <Class classname="org.junit.experimental.categories.Categories" primary="true">
      <SourceLine classname="org.junit.experimental.categories.Categories" start="81" end="383" sourcefile="Categories.java" sourcepath="org/junit/experimental/categories/Categories.java">
        <Message>At Categories.java:[lines 81-383]</Message>
      </SourceLine>
      <Message>In class org.junit.experimental.categories.Categories</Message>
    </Class>
    <Method classname="org.junit.experimental.categories.Categories" name="&lt;init&gt;" signature="(Ljava/lang/Class;Lorg/junit/runners/model/RunnerBuilder;)V" isStatic="false" primary="true">
      <SourceLine classname="org.junit.experimental.categories.Categories" start="307" end="319" startBytecode="0" endBytecode="261" sourcefile="Categories.java" sourcepath="org/junit/experimental/categories/Categories.java"/>
      <Message>In method new org.junit.experimental.categories.Categories(Class, RunnerBuilder)</Message>
    </Method>
    <String value="getDescription">
      <Message>Value getDescription</Message>
    </String>
    <SourceLine classname="org.junit.experimental.categories.Categories" primary="true" start="318" end="318" startBytecode="57" endBytecode="57" sourcefile="Categories.java" sourcepath="org/junit/experimental/categories/Categories.java">
      <Message>At Categories.java:[line 318]</Message>
    </SourceLine>
  </BugInstance>
  <BugInstance type="SIC_INNER_SHOULD_BE_STATIC_ANON" priority="3" rank="20" abbrev="SIC" category="PERFORMANCE" instanceHash="512ce0a20e000d595caba897a017124c" instanceOccurrenceNum="0" instanceOccurrenceMax="0">
    <ShortMessage>Could be refactored into a named static inner class</ShortMessage>
    <LongMessage>The class org.junit.experimental.max.MaxCore$1 could be refactored into a named _static_ inner class</LongMessage>
    <Class classname="org.junit.experimental.max.MaxCore$1" role="CLASS_ANONYMOUS">
      <SourceLine classname="org.junit.experimental.max.MaxCore$1" start="112" end="117" sourcefile="MaxCore.java" sourcepath="org/junit/experimental/max/MaxCore.java">
        <Message>At MaxCore.java:[lines 112-117]</Message>
      </SourceLine>
      <Message>Anonymous class org.junit.experimental.max.MaxCore$1</Message>
    </Class>
    <Class classname="org.junit.experimental.max.MaxCore" primary="true">
      <SourceLine classname="org.junit.experimental.max.MaxCore" start="42" end="180" sourcefile="MaxCore.java" sourcepath="org/junit/experimental/max/MaxCore.java">
        <Message>At MaxCore.java:[lines 42-180]</Message>
      </SourceLine>
      <Message>In class org.junit.experimental.max.MaxCore</Message>
    </Class>
    <Method classname="org.junit.experimental.max.MaxCore" name="constructLeafRequest" signature="(Ljava/util/List;)Lorg/junit/runner/Request;" isStatic="false" primary="true">
      <SourceLine classname="org.junit.experimental.max.MaxCore" start="106" end="110" startBytecode="0" endBytecode="182" sourcefile="MaxCore.java" sourcepath="org/junit/experimental/max/MaxCore.java"/>
      <Message>In method org.junit.experimental.max.MaxCore.constructLeafRequest(List)</Message>
    </Method>
    <SourceLine classname="org.junit.experimental.max.MaxCore" primary="true" start="110" end="110" startBytecode="57" endBytecode="57" sourcefile="MaxCore.java" sourcepath="org/junit/experimental/max/MaxCore.java">
      <Message>At MaxCore.java:[line 110]</Message>
    </SourceLine>
  </BugInstance>
  <BugInstance type="NP_NULL_PARAM_DEREF_NONVIRTUAL" priority="1" rank="6" abbrev="NP" category="CORRECTNESS" instanceHash="c72e222377a30383ed21ef37cdb53315" instanceOccurrenceNum="0" instanceOccurrenceMax="0" cweid="476">
    <ShortMessage>Non-virtual method call passes null for non-null parameter</ShortMessage>
    <LongMessage>Non-virtual method call in org.junit.experimental.max.MaxCore$1.getRunner() passes null for non-null parameter of new org.junit.internal.runners.ErrorReportingRunner(Class, Throwable)</LongMessage>
    <Class classname="org.junit.experimental.max.MaxCore$1" primary="true">
      <SourceLine classname="org.junit.experimental.max.MaxCore$1" start="112" end="117" sourcefile="MaxCore.java" sourcepath="org/junit/experimental/max/MaxCore.java">
        <Message>At MaxCore.java:[lines 112-117]</Message>
      </SourceLine>
      <Message>In class org.junit.experimental.max.MaxCore$1</Message>
    </Class>
    <Method classname="org.junit.experimental.max.MaxCore$1" name="getRunner" signature="()Lorg/junit/runner/Runner;" isStatic="false" primary="true">
      <SourceLine classname="org.junit.experimental.max.MaxCore$1" start="114" end="117" startBytecode="0" endBytecode="95" sourcefile="MaxCore.java" sourcepath="org/junit/experimental/max/MaxCore.java"/>
      <Message>In method org.junit.experimental.max.MaxCore$1.getRunner()</Message>
    </Method>
    <Method classname="org.junit.internal.runners.ErrorReportingRunner" name="&lt;init&gt;" signature="(Ljava/lang/Class;Ljava/lang/Throwable;)V" isStatic="false" role="METHOD_CALLED">
      <SourceLine classname="org.junit.internal.runners.ErrorReportingRunner" start="18" end="24" startBytecode="0" endBytecode="132" sourcefile="ErrorReportingRunner.java" sourcepath="org/junit/internal/runners/ErrorReportingRunner.java"/>
      <Message>Called method new org.junit.internal.runners.ErrorReportingRunner(Class, Throwable)</Message>
    </Method>
    <SourceLine classname="org.junit.experimental.max.MaxCore$1" primary="true" start="117" end="117" startBytecode="24" endBytecode="24" sourcefile="MaxCore.java" sourcepath="org/junit/experimental/max/MaxCore.java">
      <Message>At MaxCore.java:[line 117]</Message>
    </SourceLine>
    <Int value="1" role="INT_NULL_ARG">
      <Message>Argument 1 is definitely null but must not be null</Message>
    </Int>
    <Property name="edu.umd.cs.findbugs.detect.NullArgumentWarningProperty.ACTUAL_PARAMETER_GUARANTEED_NULL" value="true"/>
    <Property name="edu.umd.cs.findbugs.detect.NullArgumentWarningProperty.ALL_DANGEROUS_TARGETS" value="true"/>
    <Property name="edu.umd.cs.findbugs.detect.NullArgumentWarningProperty.ARG_DEFINITELY_NULL" value="true"/>
    <Property name="edu.umd.cs.findbugs.detect.NullArgumentWarningProperty.MONOMORPHIC_CALL_SITE" value="true"/>
  </BugInstance>
  <BugInstance type="CT_CONSTRUCTOR_THROW" priority="2" rank="16" abbrev="CT" category="BAD_PRACTICE" instanceHash="2e8062af908dbc8f3501d13bee70aab9" instanceOccurrenceNum="0" instanceOccurrenceMax="0">
    <ShortMessage>Be wary of letting constructors throw exceptions.</ShortMessage>
    <LongMessage>Exception thrown in class org.junit.experimental.max.MaxCore$1$1 at new org.junit.experimental.max.MaxCore$1$1(MaxCore$1, Class, List) will leave the constructor. The object under construction remains partially initialized and may be vulnerable to Finalizer attacks.</LongMessage>
    <Class classname="org.junit.experimental.max.MaxCore$1$1" primary="true">
      <SourceLine classname="org.junit.experimental.max.MaxCore$1$1" start="114" end="114" sourcefile="MaxCore.java" sourcepath="org/junit/experimental/max/MaxCore.java">
        <Message>At MaxCore.java:[line 114]</Message>
      </SourceLine>
      <Message>In class org.junit.experimental.max.MaxCore$1$1</Message>
    </Class>
    <Method classname="org.junit.experimental.max.MaxCore$1$1" name="&lt;init&gt;" signature="(Lorg/junit/experimental/max/MaxCore$1;Ljava/lang/Class;Ljava/util/List;)V" isStatic="false" primary="true">
      <SourceLine classname="org.junit.experimental.max.MaxCore$1$1" start="114" end="114" startBytecode="0" endBytecode="101" sourcefile="MaxCore.java" sourcepath="org/junit/experimental/max/MaxCore.java"/>
      <Message>In method new org.junit.experimental.max.MaxCore$1$1(MaxCore$1, Class, List)</Message>
    </Method>
    <SourceLine classname="org.junit.experimental.max.MaxCore$1$1" primary="true" start="114" end="114" startBytecode="4" endBytecode="4" sourcefile="MaxCore.java" sourcepath="org/junit/experimental/max/MaxCore.java">
      <Message>At MaxCore.java:[line 114]</Message>
    </SourceLine>
    <SourceLine classname="org.junit.experimental.max.MaxCore$1$1" start="114" end="114" startBytecode="4" endBytecode="4" sourcefile="MaxCore.java" sourcepath="org/junit/experimental/max/MaxCore.java">
      <Message>At MaxCore.java:[line 114]</Message>
    </SourceLine>
  </BugInstance>
  <BugInstance type="OS_OPEN_STREAM_EXCEPTION_PATH" priority="3" rank="19" abbrev="OS" category="BAD_PRACTICE" instanceHash="cfa8674145d1bc564707c120b0f15427" instanceOccurrenceNum="0" instanceOccurrenceMax="0">
    <ShortMessage>Method may fail to close stream on exception</ShortMessage>
    <LongMessage>org.junit.experimental.max.MaxHistory.save() may fail to close stream on exception</LongMessage>
    <Class classname="org.junit.experimental.max.MaxHistory" primary="true">
      <SourceLine classname="org.junit.experimental.max.MaxHistory" start="26" end="171" sourcefile="MaxHistory.java" sourcepath="org/junit/experimental/max/MaxHistory.java">
        <Message>At MaxHistory.java:[lines 26-171]</Message>
      </SourceLine>
      <Message>In class org.junit.experimental.max.MaxHistory</Message>
    </Class>
    <Method classname="org.junit.experimental.max.MaxHistory" name="save" signature="()V" isStatic="false" primary="true">
      <SourceLine classname="org.junit.experimental.max.MaxHistory" start="78" end="82" startBytecode="0" endBytecode="14" sourcefile="MaxHistory.java" sourcepath="org/junit/experimental/max/MaxHistory.java"/>
      <Message>In method org.junit.experimental.max.MaxHistory.save()</Message>
    </Method>
    <Type descriptor="Ljava/io/OutputStream;" role="TYPE_CLOSEIT">
      <SourceLine classname="java.io.OutputStream" start="52" end="198" sourcefile="OutputStream.java" sourcepath="java/io/OutputStream.java">
        <Message>At OutputStream.java:[lines 52-198]</Message>
      </SourceLine>
      <Message>Need to close java.io.OutputStream </Message>
    </Type>
    <SourceLine classname="org.junit.experimental.max.MaxHistory" primary="true" start="78" end="78" startBytecode="0" endBytecode="0" sourcefile="MaxHistory.java" sourcepath="org/junit/experimental/max/MaxHistory.java">
      <Message>At MaxHistory.java:[line 78]</Message>
    </SourceLine>
  </BugInstance>
  <BugInstance type="REC_CATCH_EXCEPTION" priority="3" rank="20" abbrev="REC" category="STYLE" instanceHash="6359de191de327592150797418cdadab" instanceOccurrenceNum="0" instanceOccurrenceMax="0" cweid="396">
    <ShortMessage>Exception is caught when Exception is not thrown</ShortMessage>
    <LongMessage>Exception is caught when Exception is not thrown in org.junit.experimental.max.MaxHistory.readHistory(File)</LongMessage>
    <Class classname="org.junit.experimental.max.MaxHistory" primary="true">
      <SourceLine classname="org.junit.experimental.max.MaxHistory" start="26" end="171" sourcefile="MaxHistory.java" sourcepath="org/junit/experimental/max/MaxHistory.java">
        <Message>At MaxHistory.java:[lines 26-171]</Message>
      </SourceLine>
      <Message>In class org.junit.experimental.max.MaxHistory</Message>
    </Class>
    <Method classname="org.junit.experimental.max.MaxHistory" name="readHistory" signature="(Ljava/io/File;)Lorg/junit/experimental/max/MaxHistory;" isStatic="true" primary="true">
      <SourceLine classname="org.junit.experimental.max.MaxHistory" start="48" end="60" startBytecode="0" endBytecode="215" sourcefile="MaxHistory.java" sourcepath="org/junit/experimental/max/MaxHistory.java"/>
      <Message>In method org.junit.experimental.max.MaxHistory.readHistory(File)</Message>
    </Method>
    <SourceLine classname="org.junit.experimental.max.MaxHistory" primary="true" start="59" end="59" startBytecode="54" endBytecode="54" sourcefile="MaxHistory.java" sourcepath="org/junit/experimental/max/MaxHistory.java">
      <Message>At MaxHistory.java:[line 59]</Message>
    </SourceLine>
  </BugInstance>
  <BugInstance type="RV_RETURN_VALUE_IGNORED_BAD_PRACTICE" priority="2" rank="16" abbrev="RV" category="BAD_PRACTICE" instanceHash="4a283526269d11428377f2dc4097338b" instanceOccurrenceNum="0" instanceOccurrenceMax="0" cweid="253">
    <ShortMessage>Method ignores exceptional return value</ShortMessage>
    <LongMessage>Exceptional return value of java.io.File.delete() ignored in org.junit.experimental.max.MaxHistory.forFolder(File)</LongMessage>
    <Class classname="org.junit.experimental.max.MaxHistory" primary="true">
      <SourceLine classname="org.junit.experimental.max.MaxHistory" start="26" end="171" sourcefile="MaxHistory.java" sourcepath="org/junit/experimental/max/MaxHistory.java">
        <Message>At MaxHistory.java:[lines 26-171]</Message>
      </SourceLine>
      <Message>In class org.junit.experimental.max.MaxHistory</Message>
    </Class>
    <Method classname="org.junit.experimental.max.MaxHistory" name="forFolder" signature="(Ljava/io/File;)Lorg/junit/experimental/max/MaxHistory;" isStatic="true" primary="true">
      <SourceLine classname="org.junit.experimental.max.MaxHistory" start="34" end="42" startBytecode="0" endBytecode="110" sourcefile="MaxHistory.java" sourcepath="org/junit/experimental/max/MaxHistory.java"/>
      <Message>In method org.junit.experimental.max.MaxHistory.forFolder(File)</Message>
    </Method>
    <Method classname="java.io.File" name="delete" signature="()Z" isStatic="false" role="METHOD_CALLED">
      <SourceLine classname="java.io.File" start="1066" end="1073" startBytecode="0" endBytecode="119" sourcefile="File.java" sourcepath="java/io/File.java"/>
      <Message>Called method java.io.File.delete()</Message>
    </Method>
    <SourceLine classname="org.junit.experimental.max.MaxHistory" primary="true" start="39" end="39" startBytecode="18" endBytecode="18" sourcefile="MaxHistory.java" sourcepath="org/junit/experimental/max/MaxHistory.java">
      <Message>At MaxHistory.java:[line 39]</Message>
    </SourceLine>
  </BugInstance>
  <BugInstance type="DM_DEFAULT_ENCODING" priority="1" rank="19" abbrev="Dm" category="I18N" instanceHash="46464d2a3a00a964c48f953f60bdc8d6" instanceOccurrenceNum="0" instanceOccurrenceMax="0">
    <ShortMessage>Reliance on default encoding</ShortMessage>
    <LongMessage>Found reliance on default encoding in org.junit.experimental.results.PrintableResult.toString(): java.io.ByteArrayOutputStream.toString()</LongMessage>
    <Class classname="org.junit.experimental.results.PrintableResult" primary="true">
      <SourceLine classname="org.junit.experimental.results.PrintableResult" start="29" end="61" sourcefile="PrintableResult.java" sourcepath="org/junit/experimental/results/PrintableResult.java">
        <Message>At PrintableResult.java:[lines 29-61]</Message>
      </SourceLine>
      <Message>In class org.junit.experimental.results.PrintableResult</Message>
    </Class>
    <Method classname="org.junit.experimental.results.PrintableResult" name="toString" signature="()Ljava/lang/String;" isStatic="false" primary="true">
      <SourceLine classname="org.junit.experimental.results.PrintableResult" start="59" end="61" startBytecode="0" endBytecode="94" sourcefile="PrintableResult.java" sourcepath="org/junit/experimental/results/PrintableResult.java"/>
      <Message>In method org.junit.experimental.results.PrintableResult.toString()</Message>
    </Method>
    <Method classname="java.io.ByteArrayOutputStream" name="toString" signature="()Ljava/lang/String;" isStatic="false" role="METHOD_CALLED">
      <SourceLine classname="java.io.ByteArrayOutputStream" start="215" end="215" startBytecode="0" endBytecode="58" sourcefile="ByteArrayOutputStream.java" sourcepath="java/io/ByteArrayOutputStream.java"/>
      <Message>Called method java.io.ByteArrayOutputStream.toString()</Message>
    </Method>
    <SourceLine classname="org.junit.experimental.results.PrintableResult" primary="true" start="61" end="61" startBytecode="31" endBytecode="31" sourcefile="PrintableResult.java" sourcepath="org/junit/experimental/results/PrintableResult.java">
      <Message>At PrintableResult.java:[line 61]</Message>
    </SourceLine>
  </BugInstance>
  <BugInstance type="DM_DEFAULT_ENCODING" priority="1" rank="19" abbrev="Dm" category="I18N" instanceHash="edd0e35819b472c57cb614c89471f3ad" instanceOccurrenceNum="0" instanceOccurrenceMax="0">
    <ShortMessage>Reliance on default encoding</ShortMessage>
    <LongMessage>Found reliance on default encoding in org.junit.experimental.results.PrintableResult.toString(): new java.io.PrintStream(OutputStream)</LongMessage>
    <Class classname="org.junit.experimental.results.PrintableResult" primary="true">
      <SourceLine classname="org.junit.experimental.results.PrintableResult" start="29" end="61" sourcefile="PrintableResult.java" sourcepath="org/junit/experimental/results/PrintableResult.java">
        <Message>At PrintableResult.java:[lines 29-61]</Message>
      </SourceLine>
      <Message>In class org.junit.experimental.results.PrintableResult</Message>
    </Class>
    <Method classname="org.junit.experimental.results.PrintableResult" name="toString" signature="()Ljava/lang/String;" isStatic="false" primary="true">
      <SourceLine classname="org.junit.experimental.results.PrintableResult" start="59" end="61" startBytecode="0" endBytecode="94" sourcefile="PrintableResult.java" sourcepath="org/junit/experimental/results/PrintableResult.java"/>
      <Message>In method org.junit.experimental.results.PrintableResult.toString()</Message>
    </Method>
    <Method classname="java.io.PrintStream" name="&lt;init&gt;" signature="(Ljava/io/OutputStream;)V" isStatic="false" role="METHOD_CALLED">
      <SourceLine classname="java.io.PrintStream" start="134" end="135" startBytecode="0" endBytecode="62" sourcefile="PrintStream.java" sourcepath="java/io/PrintStream.java"/>
      <Message>Called method new java.io.PrintStream(OutputStream)</Message>
    </Method>
    <SourceLine classname="org.junit.experimental.results.PrintableResult" primary="true" start="60" end="60" startBytecode="17" endBytecode="17" sourcefile="PrintableResult.java" sourcepath="org/junit/experimental/results/PrintableResult.java">
      <Message>At PrintableResult.java:[line 60]</Message>
    </SourceLine>
  </BugInstance>
  <BugInstance type="CT_CONSTRUCTOR_THROW" priority="2" rank="16" abbrev="CT" category="BAD_PRACTICE" instanceHash="9561c00f80c89f24850f98033a4a3f2e" instanceOccurrenceNum="0" instanceOccurrenceMax="0">
    <ShortMessage>Be wary of letting constructors throw exceptions.</ShortMessage>
    <LongMessage>Exception thrown in class org.junit.experimental.runners.Enclosed at new org.junit.experimental.runners.Enclosed(Class, RunnerBuilder) will leave the constructor. The object under construction remains partially initialized and may be vulnerable to Finalizer attacks.</LongMessage>
    <Class classname="org.junit.experimental.runners.Enclosed" primary="true">
      <SourceLine classname="org.junit.experimental.runners.Enclosed" start="31" end="43" sourcefile="Enclosed.java" sourcepath="org/junit/experimental/runners/Enclosed.java">
        <Message>At Enclosed.java:[lines 31-43]</Message>
      </SourceLine>
      <Message>In class org.junit.experimental.runners.Enclosed</Message>
    </Class>
    <Method classname="org.junit.experimental.runners.Enclosed" name="&lt;init&gt;" signature="(Ljava/lang/Class;Lorg/junit/runners/model/RunnerBuilder;)V" isStatic="false" primary="true">
      <SourceLine classname="org.junit.experimental.runners.Enclosed" start="31" end="32" startBytecode="0" endBytecode="97" sourcefile="Enclosed.java" sourcepath="org/junit/experimental/runners/Enclosed.java"/>
      <Message>In method new org.junit.experimental.runners.Enclosed(Class, RunnerBuilder)</Message>
    </Method>
    <SourceLine classname="org.junit.experimental.runners.Enclosed" primary="true" start="32" end="32" startBytecode="43" endBytecode="43" sourcefile="Enclosed.java" sourcepath="org/junit/experimental/runners/Enclosed.java">
      <Message>At Enclosed.java:[line 32]</Message>
    </SourceLine>
    <SourceLine classname="org.junit.experimental.runners.Enclosed" start="32" end="32" startBytecode="43" endBytecode="43" sourcefile="Enclosed.java" sourcepath="org/junit/experimental/runners/Enclosed.java">
      <Message>At Enclosed.java:[line 32]</Message>
    </SourceLine>
  </BugInstance>
  <BugInstance type="CT_CONSTRUCTOR_THROW" priority="2" rank="16" abbrev="CT" category="BAD_PRACTICE" instanceHash="8df9889bc60b16aacde0542a861539ae" instanceOccurrenceNum="0" instanceOccurrenceMax="0">
    <ShortMessage>Be wary of letting constructors throw exceptions.</ShortMessage>
    <LongMessage>Exception thrown in class org.junit.experimental.theories.Theories at new org.junit.experimental.theories.Theories(Class) will leave the constructor. The object under construction remains partially initialized and may be vulnerable to Finalizer attacks.</LongMessage>
    <Class classname="org.junit.experimental.theories.Theories" primary="true">
      <SourceLine classname="org.junit.experimental.theories.Theories" start="73" end="165" sourcefile="Theories.java" sourcepath="org/junit/experimental/theories/Theories.java">
        <Message>At Theories.java:[lines 73-165]</Message>
      </SourceLine>
      <Message>In class org.junit.experimental.theories.Theories</Message>
    </Class>
    <Method classname="org.junit.experimental.theories.Theories" name="&lt;init&gt;" signature="(Ljava/lang/Class;)V" isStatic="false" primary="true">
      <SourceLine classname="org.junit.experimental.theories.Theories" start="73" end="74" startBytecode="0" endBytecode="79" sourcefile="Theories.java" sourcepath="org/junit/experimental/theories/Theories.java"/>
      <Message>In method new org.junit.experimental.theories.Theories(Class)</Message>
    </Method>
    <SourceLine classname="org.junit.experimental.theories.Theories" primary="true" start="74" end="74" startBytecode="15" endBytecode="15" sourcefile="Theories.java" sourcepath="org/junit/experimental/theories/Theories.java">
      <Message>At Theories.java:[line 74]</Message>
    </SourceLine>
    <SourceLine classname="org.junit.experimental.theories.Theories" start="74" end="74" startBytecode="15" endBytecode="15" sourcefile="Theories.java" sourcepath="org/junit/experimental/theories/Theories.java">
      <Message>At Theories.java:[line 74]</Message>
    </SourceLine>
  </BugInstance>
  <BugInstance type="CT_CONSTRUCTOR_THROW" priority="2" rank="16" abbrev="CT" category="BAD_PRACTICE" instanceHash="44610f33ea0992d2de1215dcf61e9452" instanceOccurrenceNum="0" instanceOccurrenceMax="0">
    <ShortMessage>Be wary of letting constructors throw exceptions.</ShortMessage>
    <LongMessage>Exception thrown in class org.junit.experimental.theories.Theories$TheoryAnchor$1 at new org.junit.experimental.theories.Theories$TheoryAnchor$1(Theories$TheoryAnchor, Class, Assignments) will leave the constructor. The object under construction remains partially initialized and may be vulnerable to Finalizer attacks.</LongMessage>
    <Class classname="org.junit.experimental.theories.Theories$TheoryAnchor$1" primary="true">
      <SourceLine classname="org.junit.experimental.theories.Theories$TheoryAnchor$1" start="223" end="258" sourcefile="Theories.java" sourcepath="org/junit/experimental/theories/Theories.java">
        <Message>At Theories.java:[lines 223-258]</Message>
      </SourceLine>
      <Message>In class org.junit.experimental.theories.Theories$TheoryAnchor$1</Message>
    </Class>
    <Method classname="org.junit.experimental.theories.Theories$TheoryAnchor$1" name="&lt;init&gt;" signature="(Lorg/junit/experimental/theories/Theories$TheoryAnchor;Ljava/lang/Class;Lorg/junit/experimental/theories/internal/Assignments;)V" isStatic="false" primary="true">
      <SourceLine classname="org.junit.experimental.theories.Theories$TheoryAnchor$1" start="251" end="251" startBytecode="0" endBytecode="85" sourcefile="Theories.java" sourcepath="org/junit/experimental/theories/Theories.java"/>
      <Message>In method new org.junit.experimental.theories.Theories$TheoryAnchor$1(Theories$TheoryAnchor, Class, Assignments)</Message>
    </Method>
    <SourceLine classname="org.junit.experimental.theories.Theories$TheoryAnchor$1" primary="true" start="251" end="251" startBytecode="16" endBytecode="16" sourcefile="Theories.java" sourcepath="org/junit/experimental/theories/Theories.java">
      <Message>At Theories.java:[line 251]</Message>
    </SourceLine>
    <SourceLine classname="org.junit.experimental.theories.Theories$TheoryAnchor$1" start="251" end="251" startBytecode="16" endBytecode="16" sourcefile="Theories.java" sourcepath="org/junit/experimental/theories/Theories.java">
      <Message>At Theories.java:[line 251]</Message>
    </SourceLine>
  </BugInstance>
  <BugInstance type="IA_AMBIGUOUS_INVOCATION_OF_INHERITED_OR_OUTER_METHOD" priority="1" rank="18" abbrev="IA" category="STYLE" instanceHash="313525757151e81beebed6ed342a583a" instanceOccurrenceNum="0" instanceOccurrenceMax="0">
    <ShortMessage>Potentially ambiguous invocation of either an inherited or outer method</ShortMessage>
    <LongMessage>Potentially ambiguous invocation of either an outer or inherited method org.junit.runners.ParentRunner.getTestClass() in org.junit.experimental.theories.Theories$TheoryAnchor$1.createTest()</LongMessage>
    <Class classname="org.junit.experimental.theories.Theories$TheoryAnchor$1" primary="true">
      <SourceLine classname="org.junit.experimental.theories.Theories$TheoryAnchor$1" start="223" end="258" sourcefile="Theories.java" sourcepath="org/junit/experimental/theories/Theories.java">
        <Message>At Theories.java:[lines 223-258]</Message>
      </SourceLine>
      <Message>In class org.junit.experimental.theories.Theories$TheoryAnchor$1</Message>
    </Class>
    <Method classname="org.junit.experimental.theories.Theories$TheoryAnchor$1" name="createTest" signature="()Ljava/lang/Object;" isStatic="false" primary="true">
      <SourceLine classname="org.junit.experimental.theories.Theories$TheoryAnchor$1" start="252" end="258" startBytecode="0" endBytecode="97" sourcefile="Theories.java" sourcepath="org/junit/experimental/theories/Theories.java"/>
      <Message>In method org.junit.experimental.theories.Theories$TheoryAnchor$1.createTest()</Message>
    </Method>
    <Method classname="org.junit.runners.ParentRunner" name="getTestClass" signature="()Lorg/junit/runners/model/TestClass;" isStatic="false" role="METHOD_INHERITED">
      <SourceLine classname="org.junit.runners.ParentRunner" start="314" end="314" startBytecode="0" endBytecode="64" sourcefile="ParentRunner.java" sourcepath="org/junit/runners/ParentRunner.java"/>
      <Message>Inherited method org.junit.runners.ParentRunner.getTestClass()</Message>
    </Method>
    <Method classname="org.junit.experimental.theories.Theories$TheoryAnchor" name="getTestClass" signature="()Lorg/junit/runners/model/TestClass;" isStatic="false" role="METHOD_ALTERNATIVE_TARGET">
      <SourceLine classname="org.junit.experimental.theories.Theories$TheoryAnchor" start="182" end="182" startBytecode="0" endBytecode="46" sourcefile="Theories.java" sourcepath="org/junit/experimental/theories/Theories.java"/>
      <Message>Did you intend to invoke org.junit.experimental.theories.Theories$TheoryAnchor.getTestClass()</Message>
    </Method>
    <SourceLine classname="org.junit.experimental.theories.Theories$TheoryAnchor$1" primary="true" start="258" end="258" startBytecode="23" endBytecode="23" sourcefile="Theories.java" sourcepath="org/junit/experimental/theories/Theories.java">
      <Message>At Theories.java:[line 258]</Message>
    </SourceLine>
  </BugInstance>
  <BugInstance type="CT_CONSTRUCTOR_THROW" priority="2" rank="16" abbrev="CT" category="BAD_PRACTICE" instanceHash="29fa48b720f5548a0eb02a5aa3c3288b" instanceOccurrenceNum="0" instanceOccurrenceMax="0">
    <ShortMessage>Be wary of letting constructors throw exceptions.</ShortMessage>
    <LongMessage>Exception thrown in class org.junit.experimental.theories.Theories$TheoryAnchor$1$1 at new org.junit.experimental.theories.Theories$TheoryAnchor$1$1(Theories$TheoryAnchor$1, Statement) will leave the constructor. The object under construction remains partially initialized and may be vulnerable to Finalizer attacks.</LongMessage>
    <Class classname="org.junit.experimental.theories.Theories$TheoryAnchor$1$1" primary="true">
      <SourceLine classname="org.junit.experimental.theories.Theories$TheoryAnchor$1$1" start="230" end="240" sourcefile="Theories.java" sourcepath="org/junit/experimental/theories/Theories.java">
        <Message>At Theories.java:[lines 230-240]</Message>
      </SourceLine>
      <Message>In class org.junit.experimental.theories.Theories$TheoryAnchor$1$1</Message>
    </Class>
    <Method classname="org.junit.experimental.theories.Theories$TheoryAnchor$1$1" name="&lt;init&gt;" signature="(Lorg/junit/experimental/theories/Theories$TheoryAnchor$1;Lorg/junit/runners/model/Statement;)V" isStatic="false" primary="true">
      <SourceLine classname="org.junit.experimental.theories.Theories$TheoryAnchor$1$1" start="230" end="230" startBytecode="0" endBytecode="56" sourcefile="Theories.java" sourcepath="org/junit/experimental/theories/Theories.java"/>
      <Message>In method new org.junit.experimental.theories.Theories$TheoryAnchor$1$1(Theories$TheoryAnchor$1, Statement)</Message>
    </Method>
    <SourceLine classname="org.junit.experimental.theories.Theories$TheoryAnchor$1$1" primary="true" start="230" end="230" startBytecode="350" endBytecode="350" sourcefile="Theories.java" sourcepath="org/junit/experimental/theories/Theories.java">
      <Message>At Theories.java:[line 230]</Message>
    </SourceLine>
    <SourceLine classname="org.junit.experimental.theories.Theories$TheoryAnchor$1$1" start="230" end="230" startBytecode="350" endBytecode="350" sourcefile="Theories.java" sourcepath="org/junit/experimental/theories/Theories.java">
      <Message>At Theories.java:[line 230]</Message>
    </SourceLine>
  </BugInstance>
  <BugInstance type="CT_CONSTRUCTOR_THROW" priority="2" rank="16" abbrev="CT" category="BAD_PRACTICE" instanceHash="6f9dc64a1ec0a15db619b66edc240917" instanceOccurrenceNum="0" instanceOccurrenceMax="0">
    <ShortMessage>Be wary of letting constructors throw exceptions.</ShortMessage>
    <LongMessage>Exception thrown in class org.junit.experimental.theories.Theories$TheoryAnchor$2 at new org.junit.experimental.theories.Theories$TheoryAnchor$2(Theories$TheoryAnchor, Assignments, FrameworkMethod, Object) will leave the constructor. The object under construction remains partially initialized and may be vulnerable to Finalizer attacks.</LongMessage>
    <Class classname="org.junit.experimental.theories.Theories$TheoryAnchor$2" primary="true">
      <SourceLine classname="org.junit.experimental.theories.Theories$TheoryAnchor$2" start="267" end="275" sourcefile="Theories.java" sourcepath="org/junit/experimental/theories/Theories.java">
        <Message>At Theories.java:[lines 267-275]</Message>
      </SourceLine>
      <Message>In class org.junit.experimental.theories.Theories$TheoryAnchor$2</Message>
    </Class>
    <Method classname="org.junit.experimental.theories.Theories$TheoryAnchor$2" name="&lt;init&gt;" signature="(Lorg/junit/experimental/theories/Theories$TheoryAnchor;Lorg/junit/experimental/theories/internal/Assignments;Lorg/junit/runners/model/FrameworkMethod;Ljava/lang/Object;)V" isStatic="false" primary="true">
      <SourceLine classname="org.junit.experimental.theories.Theories$TheoryAnchor$2" start="267" end="267" startBytecode="0" endBytecode="67" sourcefile="Theories.java" sourcepath="org/junit/experimental/theories/Theories.java"/>
      <Message>In method new org.junit.experimental.theories.Theories$TheoryAnchor$2(Theories$TheoryAnchor, Assignments, FrameworkMethod, Object)</Message>
    </Method>
    <SourceLine classname="org.junit.experimental.theories.Theories$TheoryAnchor$2" primary="true" start="267" end="267" startBytecode="68" endBytecode="68" sourcefile="Theories.java" sourcepath="org/junit/experimental/theories/Theories.java">
      <Message>At Theories.java:[line 267]</Message>
    </SourceLine>
    <SourceLine classname="org.junit.experimental.theories.Theories$TheoryAnchor$2" start="267" end="267" startBytecode="68" endBytecode="68" sourcefile="Theories.java" sourcepath="org/junit/experimental/theories/Theories.java">
      <Message>At Theories.java:[line 267]</Message>
    </SourceLine>
  </BugInstance>
  <BugInstance type="EI_EXPOSE_REP2" priority="2" rank="18" abbrev="EI2" category="MALICIOUS_CODE" instanceHash="81c3722f8c937e3d4f1f708e2209796" instanceOccurrenceNum="0" instanceOccurrenceMax="0" cweid="374">
    <ShortMessage>May expose internal representation by incorporating reference to mutable object</ShortMessage>
    <LongMessage>new org.junit.internal.TextListener(PrintStream) may expose internal representation by storing an externally mutable object into TextListener.writer</LongMessage>
    <Class classname="org.junit.internal.TextListener" primary="true">
      <SourceLine classname="org.junit.internal.TextListener" start="17" end="99" sourcefile="TextListener.java" sourcepath="org/junit/internal/TextListener.java">
        <Message>At TextListener.java:[lines 17-99]</Message>
      </SourceLine>
      <Message>In class org.junit.internal.TextListener</Message>
    </Class>
    <Method classname="org.junit.internal.TextListener" name="&lt;init&gt;" signature="(Ljava/io/PrintStream;)V" isStatic="false" primary="true">
      <SourceLine classname="org.junit.internal.TextListener" start="20" end="22" startBytecode="0" endBytecode="69" sourcefile="TextListener.java" sourcepath="org/junit/internal/TextListener.java"/>
      <Message>In method new org.junit.internal.TextListener(PrintStream)</Message>
    </Method>
    <Field classname="org.junit.internal.TextListener" name="writer" signature="Ljava/io/PrintStream;" isStatic="false" primary="true">
      <SourceLine classname="org.junit.internal.TextListener" sourcefile="TextListener.java" sourcepath="org/junit/internal/TextListener.java">
        <Message>In TextListener.java</Message>
      </SourceLine>
      <Message>Field org.junit.internal.TextListener.writer</Message>
    </Field>
    <LocalVariable name="writer" register="1" pc="6" role="LOCAL_VARIABLE_NAMED">
      <Message>Local variable named writer</Message>
    </LocalVariable>
    <SourceLine classname="org.junit.internal.TextListener" primary="true" start="21" end="21" startBytecode="6" endBytecode="6" sourcefile="TextListener.java" sourcepath="org/junit/internal/TextListener.java">
      <Message>At TextListener.java:[line 21]</Message>
    </SourceLine>
  </BugInstance>
  <BugInstance type="EI_EXPOSE_REP2" priority="2" rank="18" abbrev="EI2" category="MALICIOUS_CODE" instanceHash="b2ca167d63f4d6294baf4f6c80aa5d57" instanceOccurrenceNum="0" instanceOccurrenceMax="0" cweid="374">
    <ShortMessage>May expose internal representation by incorporating reference to mutable object</ShortMessage>
    <LongMessage>new org.junit.internal.builders.AnnotatedBuilder(RunnerBuilder) may expose internal representation by storing an externally mutable object into AnnotatedBuilder.suiteBuilder</LongMessage>
    <Class classname="org.junit.internal.builders.AnnotatedBuilder" primary="true">
      <SourceLine classname="org.junit.internal.builders.AnnotatedBuilder" start="76" end="111" sourcefile="AnnotatedBuilder.java" sourcepath="org/junit/internal/builders/AnnotatedBuilder.java">
        <Message>At AnnotatedBuilder.java:[lines 76-111]</Message>
      </SourceLine>
      <Message>In class org.junit.internal.builders.AnnotatedBuilder</Message>
    </Class>
    <Method classname="org.junit.internal.builders.AnnotatedBuilder" name="&lt;init&gt;" signature="(Lorg/junit/runners/model/RunnerBuilder;)V" isStatic="false" primary="true">
      <SourceLine classname="org.junit.internal.builders.AnnotatedBuilder" start="76" end="78" startBytecode="0" endBytecode="69" sourcefile="AnnotatedBuilder.java" sourcepath="org/junit/internal/builders/AnnotatedBuilder.java"/>
      <Message>In method new org.junit.internal.builders.AnnotatedBuilder(RunnerBuilder)</Message>
    </Method>
    <Field classname="org.junit.internal.builders.AnnotatedBuilder" name="suiteBuilder" signature="Lorg/junit/runners/model/RunnerBuilder;" isStatic="false" primary="true">
      <SourceLine classname="org.junit.internal.builders.AnnotatedBuilder" sourcefile="AnnotatedBuilder.java" sourcepath="org/junit/internal/builders/AnnotatedBuilder.java">
        <Message>In AnnotatedBuilder.java</Message>
      </SourceLine>
      <Message>Field org.junit.internal.builders.AnnotatedBuilder.suiteBuilder</Message>
    </Field>
    <LocalVariable name="suiteBuilder" register="1" pc="6" role="LOCAL_VARIABLE_NAMED">
      <Message>Local variable named suiteBuilder</Message>
    </LocalVariable>
    <SourceLine classname="org.junit.internal.builders.AnnotatedBuilder" primary="true" start="77" end="77" startBytecode="6" endBytecode="6" sourcefile="AnnotatedBuilder.java" sourcepath="org/junit/internal/builders/AnnotatedBuilder.java">
      <Message>At AnnotatedBuilder.java:[line 77]</Message>
    </SourceLine>
  </BugInstance>
  <BugInstance type="EI_EXPOSE_REP2" priority="2" rank="18" abbrev="EI2" category="MALICIOUS_CODE" instanceHash="9a25c9a2c5aacef942ca294f33e7d3a4" instanceOccurrenceNum="0" instanceOccurrenceMax="0" cweid="374">
    <ShortMessage>May expose internal representation by incorporating reference to mutable object</ShortMessage>
    <LongMessage>new org.junit.internal.runners.ClassRoadie(RunNotifier, TestClass, Description, Runnable) may expose internal representation by storing an externally mutable object into ClassRoadie.description</LongMessage>
    <Class classname="org.junit.internal.runners.ClassRoadie" primary="true" classAnnotationNames="java.lang.Deprecated">
      <SourceLine classname="org.junit.internal.runners.ClassRoadie" start="26" end="80" sourcefile="ClassRoadie.java" sourcepath="org/junit/internal/runners/ClassRoadie.java">
        <Message>At ClassRoadie.java:[lines 26-80]</Message>
      </SourceLine>
      <Message>In class org.junit.internal.runners.ClassRoadie</Message>
    </Class>
    <Method classname="org.junit.internal.runners.ClassRoadie" name="&lt;init&gt;" signature="(Lorg/junit/runner/notification/RunNotifier;Lorg/junit/internal/runners/TestClass;Lorg/junit/runner/Description;Ljava/lang/Runnable;)V" isStatic="false" primary="true" classAnnotationNames="java.lang.Deprecated">
      <SourceLine classname="org.junit.internal.runners.ClassRoadie" start="26" end="31" startBytecode="0" endBytecode="127" sourcefile="ClassRoadie.java" sourcepath="org/junit/internal/runners/ClassRoadie.java"/>
      <Message>In method new org.junit.internal.runners.ClassRoadie(RunNotifier, TestClass, Description, Runnable)</Message>
    </Method>
    <Field classname="org.junit.internal.runners.ClassRoadie" name="description" signature="Lorg/junit/runner/Description;" isStatic="false" primary="true" classAnnotationNames="java.lang.Deprecated">
      <SourceLine classname="org.junit.internal.runners.ClassRoadie" sourcefile="ClassRoadie.java" sourcepath="org/junit/internal/runners/ClassRoadie.java">
        <Message>In ClassRoadie.java</Message>
      </SourceLine>
      <Message>Field org.junit.internal.runners.ClassRoadie.description</Message>
    </Field>
    <LocalVariable name="description" register="3" pc="16" role="LOCAL_VARIABLE_NAMED">
      <Message>Local variable named description</Message>
    </LocalVariable>
    <SourceLine classname="org.junit.internal.runners.ClassRoadie" primary="true" start="29" end="29" startBytecode="16" endBytecode="16" sourcefile="ClassRoadie.java" sourcepath="org/junit/internal/runners/ClassRoadie.java">
      <Message>At ClassRoadie.java:[line 29]</Message>
    </SourceLine>
  </BugInstance>
  <BugInstance type="EI_EXPOSE_REP2" priority="2" rank="18" abbrev="EI2" category="MALICIOUS_CODE" instanceHash="4be94527237c519d9ce7c53ab8bda42f" instanceOccurrenceNum="0" instanceOccurrenceMax="0" cweid="374">
    <ShortMessage>May expose internal representation by incorporating reference to mutable object</ShortMessage>
    <LongMessage>new org.junit.internal.runners.ClassRoadie(RunNotifier, TestClass, Description, Runnable) may expose internal representation by storing an externally mutable object into ClassRoadie.notifier</LongMessage>
    <Class classname="org.junit.internal.runners.ClassRoadie" primary="true" classAnnotationNames="java.lang.Deprecated">
      <SourceLine classname="org.junit.internal.runners.ClassRoadie" start="26" end="80" sourcefile="ClassRoadie.java" sourcepath="org/junit/internal/runners/ClassRoadie.java">
        <Message>At ClassRoadie.java:[lines 26-80]</Message>
      </SourceLine>
      <Message>In class org.junit.internal.runners.ClassRoadie</Message>
    </Class>
    <Method classname="org.junit.internal.runners.ClassRoadie" name="&lt;init&gt;" signature="(Lorg/junit/runner/notification/RunNotifier;Lorg/junit/internal/runners/TestClass;Lorg/junit/runner/Description;Ljava/lang/Runnable;)V" isStatic="false" primary="true" classAnnotationNames="java.lang.Deprecated">
      <SourceLine classname="org.junit.internal.runners.ClassRoadie" start="26" end="31" startBytecode="0" endBytecode="127" sourcefile="ClassRoadie.java" sourcepath="org/junit/internal/runners/ClassRoadie.java"/>
      <Message>In method new org.junit.internal.runners.ClassRoadie(RunNotifier, TestClass, Description, Runnable)</Message>
    </Method>
    <Field classname="org.junit.internal.runners.ClassRoadie" name="notifier" signature="Lorg/junit/runner/notification/RunNotifier;" isStatic="false" primary="true" classAnnotationNames="java.lang.Deprecated">
      <SourceLine classname="org.junit.internal.runners.ClassRoadie" sourcefile="ClassRoadie.java" sourcepath="org/junit/internal/runners/ClassRoadie.java">
        <Message>In ClassRoadie.java</Message>
      </SourceLine>
      <Message>Field org.junit.internal.runners.ClassRoadie.notifier</Message>
    </Field>
    <LocalVariable name="notifier" register="1" pc="6" role="LOCAL_VARIABLE_NAMED">
      <Message>Local variable named notifier</Message>
    </LocalVariable>
    <SourceLine classname="org.junit.internal.runners.ClassRoadie" primary="true" start="27" end="27" startBytecode="6" endBytecode="6" sourcefile="ClassRoadie.java" sourcepath="org/junit/internal/runners/ClassRoadie.java">
      <Message>At ClassRoadie.java:[line 27]</Message>
    </SourceLine>
  </BugInstance>
  <BugInstance type="CT_CONSTRUCTOR_THROW" priority="2" rank="16" abbrev="CT" category="BAD_PRACTICE" instanceHash="cf9fe9af95576d59c97edf4cca0958e6" instanceOccurrenceNum="0" instanceOccurrenceMax="0">
    <ShortMessage>Be wary of letting constructors throw exceptions.</ShortMessage>
    <LongMessage>Exception thrown in class org.junit.internal.runners.ErrorReportingRunner at new org.junit.internal.runners.ErrorReportingRunner(Class, Throwable) will leave the constructor. The object under construction remains partially initialized and may be vulnerable to Finalizer attacks.</LongMessage>
    <Class classname="org.junit.internal.runners.ErrorReportingRunner" primary="true">
      <SourceLine classname="org.junit.internal.runners.ErrorReportingRunner" start="18" end="67" sourcefile="ErrorReportingRunner.java" sourcepath="org/junit/internal/runners/ErrorReportingRunner.java">
        <Message>At ErrorReportingRunner.java:[lines 18-67]</Message>
      </SourceLine>
      <Message>In class org.junit.internal.runners.ErrorReportingRunner</Message>
    </Class>
    <Method classname="org.junit.internal.runners.ErrorReportingRunner" name="&lt;init&gt;" signature="(Ljava/lang/Class;Ljava/lang/Throwable;)V" isStatic="false" primary="true">
      <SourceLine classname="org.junit.internal.runners.ErrorReportingRunner" start="18" end="24" startBytecode="0" endBytecode="132" sourcefile="ErrorReportingRunner.java" sourcepath="org/junit/internal/runners/ErrorReportingRunner.java"/>
      <Message>In method new org.junit.internal.runners.ErrorReportingRunner(Class, Throwable)</Message>
    </Method>
    <SourceLine classname="org.junit.internal.runners.ErrorReportingRunner" primary="true" start="20" end="20" startBytecode="17" endBytecode="17" sourcefile="ErrorReportingRunner.java" sourcepath="org/junit/internal/runners/ErrorReportingRunner.java">
      <Message>At ErrorReportingRunner.java:[line 20]</Message>
    </SourceLine>
    <SourceLine classname="org.junit.internal.runners.ErrorReportingRunner" start="20" end="20" startBytecode="17" endBytecode="17" sourcefile="ErrorReportingRunner.java" sourcepath="org/junit/internal/runners/ErrorReportingRunner.java">
      <Message>At ErrorReportingRunner.java:[line 20]</Message>
    </SourceLine>
  </BugInstance>
  <BugInstance type="EI_EXPOSE_REP" priority="2" rank="18" abbrev="EI" category="MALICIOUS_CODE" instanceHash="178680f53a904171137adc7ca80b1811" instanceOccurrenceNum="0" instanceOccurrenceMax="0" cweid="374">
    <ShortMessage>May expose internal representation by returning reference to mutable object</ShortMessage>
    <LongMessage>org.junit.internal.runners.InitializationError.getCauses() may expose internal representation by returning InitializationError.fErrors</LongMessage>
    <Class classname="org.junit.internal.runners.InitializationError" primary="true" classAnnotationNames="java.lang.Deprecated">
      <SourceLine classname="org.junit.internal.runners.InitializationError" start="22" end="35" sourcefile="InitializationError.java" sourcepath="org/junit/internal/runners/InitializationError.java">
        <Message>At InitializationError.java:[lines 22-35]</Message>
      </SourceLine>
      <Message>In class org.junit.internal.runners.InitializationError</Message>
    </Class>
    <Method classname="org.junit.internal.runners.InitializationError" name="getCauses" signature="()Ljava/util/List;" isStatic="false" primary="true" classAnnotationNames="java.lang.Deprecated">
      <SourceLine classname="org.junit.internal.runners.InitializationError" start="35" end="35" startBytecode="0" endBytecode="46" sourcefile="InitializationError.java" sourcepath="org/junit/internal/runners/InitializationError.java"/>
      <Message>In method org.junit.internal.runners.InitializationError.getCauses()</Message>
    </Method>
    <Field classname="org.junit.internal.runners.InitializationError" name="fErrors" signature="Ljava/util/List;" isStatic="false" primary="true" classAnnotationNames="java.lang.Deprecated">
      <SourceLine classname="org.junit.internal.runners.InitializationError" sourcefile="InitializationError.java" sourcepath="org/junit/internal/runners/InitializationError.java">
        <Message>In InitializationError.java</Message>
      </SourceLine>
      <Message>Field org.junit.internal.runners.InitializationError.fErrors</Message>
    </Field>
    <SourceLine classname="org.junit.internal.runners.InitializationError" primary="true" start="35" end="35" startBytecode="4" endBytecode="4" sourcefile="InitializationError.java" sourcepath="org/junit/internal/runners/InitializationError.java">
      <Message>At InitializationError.java:[line 35]</Message>
    </SourceLine>
  </BugInstance>
  <BugInstance type="EI_EXPOSE_REP2" priority="2" rank="18" abbrev="EI2" category="MALICIOUS_CODE" instanceHash="118750bfb8eb06f862a5e93dd7692b8e" instanceOccurrenceNum="0" instanceOccurrenceMax="0" cweid="374">
    <ShortMessage>May expose internal representation by incorporating reference to mutable object</ShortMessage>
    <LongMessage>new org.junit.internal.runners.InitializationError(List) may expose internal representation by storing an externally mutable object into InitializationError.fErrors</LongMessage>
    <Class classname="org.junit.internal.runners.InitializationError" primary="true" classAnnotationNames="java.lang.Deprecated">
      <SourceLine classname="org.junit.internal.runners.InitializationError" start="22" end="35" sourcefile="InitializationError.java" sourcepath="org/junit/internal/runners/InitializationError.java">
        <Message>At InitializationError.java:[lines 22-35]</Message>
      </SourceLine>
      <Message>In class org.junit.internal.runners.InitializationError</Message>
    </Class>
    <Method classname="org.junit.internal.runners.InitializationError" name="&lt;init&gt;" signature="(Ljava/util/List;)V" isStatic="false" primary="true" classAnnotationNames="java.lang.Deprecated">
      <SourceLine classname="org.junit.internal.runners.InitializationError" start="22" end="24" startBytecode="0" endBytecode="87" sourcefile="InitializationError.java" sourcepath="org/junit/internal/runners/InitializationError.java"/>
      <Message>In method new org.junit.internal.runners.InitializationError(List)</Message>
    </Method>
    <Field classname="org.junit.internal.runners.InitializationError" name="fErrors" signature="Ljava/util/List;" isStatic="false" primary="true" classAnnotationNames="java.lang.Deprecated">
      <SourceLine classname="org.junit.internal.runners.InitializationError" sourcefile="InitializationError.java" sourcepath="org/junit/internal/runners/InitializationError.java">
        <Message>In InitializationError.java</Message>
      </SourceLine>
      <Message>Field org.junit.internal.runners.InitializationError.fErrors</Message>
    </Field>
    <LocalVariable name="errors" register="1" pc="6" role="LOCAL_VARIABLE_NAMED">
      <Message>Local variable named errors</Message>
    </LocalVariable>
    <SourceLine classname="org.junit.internal.runners.InitializationError" primary="true" start="23" end="23" startBytecode="6" endBytecode="6" sourcefile="InitializationError.java" sourcepath="org/junit/internal/runners/InitializationError.java">
      <Message>At InitializationError.java:[line 23]</Message>
    </SourceLine>
  </BugInstance>
  <BugInstance type="CT_CONSTRUCTOR_THROW" priority="2" rank="16" abbrev="CT" category="BAD_PRACTICE" instanceHash="6bcb265dae28a746113cbef18108d07b" instanceOccurrenceNum="0" instanceOccurrenceMax="0">
    <ShortMessage>Be wary of letting constructors throw exceptions.</ShortMessage>
    <LongMessage>Exception thrown in class org.junit.internal.runners.JUnit4ClassRunner at new org.junit.internal.runners.JUnit4ClassRunner(Class) will leave the constructor. The object under construction remains partially initialized and may be vulnerable to Finalizer attacks.</LongMessage>
    <Class classname="org.junit.internal.runners.JUnit4ClassRunner" primary="true" classAnnotationNames="java.lang.Deprecated">
      <SourceLine classname="org.junit.internal.runners.JUnit4ClassRunner" start="32" end="145" sourcefile="JUnit4ClassRunner.java" sourcepath="org/junit/internal/runners/JUnit4ClassRunner.java">
        <Message>At JUnit4ClassRunner.java:[lines 32-145]</Message>
      </SourceLine>
      <Message>In class org.junit.internal.runners.JUnit4ClassRunner</Message>
    </Class>
    <Method classname="org.junit.internal.runners.JUnit4ClassRunner" name="&lt;init&gt;" signature="(Ljava/lang/Class;)V" isStatic="false" primary="true" classAnnotationNames="java.lang.Deprecated">
      <SourceLine classname="org.junit.internal.runners.JUnit4ClassRunner" start="32" end="36" startBytecode="0" endBytecode="114" sourcefile="JUnit4ClassRunner.java" sourcepath="org/junit/internal/runners/JUnit4ClassRunner.java"/>
      <Message>In method new org.junit.internal.runners.JUnit4ClassRunner(Class)</Message>
    </Method>
    <SourceLine classname="org.junit.internal.runners.JUnit4ClassRunner" primary="true" start="33" end="33" startBytecode="4" endBytecode="4" sourcefile="JUnit4ClassRunner.java" sourcepath="org/junit/internal/runners/JUnit4ClassRunner.java">
      <Message>At JUnit4ClassRunner.java:[line 33]</Message>
    </SourceLine>
    <SourceLine classname="org.junit.internal.runners.JUnit4ClassRunner" start="33" end="33" startBytecode="4" endBytecode="4" sourcefile="JUnit4ClassRunner.java" sourcepath="org/junit/internal/runners/JUnit4ClassRunner.java">
      <Message>At JUnit4ClassRunner.java:[line 33]</Message>
    </SourceLine>
  </BugInstance>
  <BugInstance type="MC_OVERRIDABLE_METHOD_CALL_IN_CONSTRUCTOR" priority="3" rank="20" abbrev="MC" category="MALICIOUS_CODE" instanceHash="fb2de3c3aed488f2062eb36568b4dffe" instanceOccurrenceNum="0" instanceOccurrenceMax="0">
    <ShortMessage>An overridable method is called from a constructor</ShortMessage>
    <LongMessage>Overridable method getTestMethods is called from constructor new org.junit.internal.runners.JUnit4ClassRunner(Class).</LongMessage>
    <Class classname="org.junit.internal.runners.JUnit4ClassRunner" primary="true" classAnnotationNames="java.lang.Deprecated">
      <SourceLine classname="org.junit.internal.runners.JUnit4ClassRunner" start="32" end="145" sourcefile="JUnit4ClassRunner.java" sourcepath="org/junit/internal/runners/JUnit4ClassRunner.java">
        <Message>At JUnit4ClassRunner.java:[lines 32-145]</Message>
      </SourceLine>
      <Message>In class org.junit.internal.runners.JUnit4ClassRunner</Message>
    </Class>
    <Method classname="org.junit.internal.runners.JUnit4ClassRunner" name="&lt;init&gt;" signature="(Ljava/lang/Class;)V" isStatic="false" primary="true" classAnnotationNames="java.lang.Deprecated">
      <SourceLine classname="org.junit.internal.runners.JUnit4ClassRunner" start="32" end="36" startBytecode="0" endBytecode="114" sourcefile="JUnit4ClassRunner.java" sourcepath="org/junit/internal/runners/JUnit4ClassRunner.java"/>
      <Message>In method new org.junit.internal.runners.JUnit4ClassRunner(Class)</Message>
    </Method>
    <String value="getTestMethods">
      <Message>Value getTestMethods</Message>
    </String>
    <SourceLine classname="org.junit.internal.runners.JUnit4ClassRunner" primary="true" start="34" end="34" startBytecode="18" endBytecode="18" sourcefile="JUnit4ClassRunner.java" sourcepath="org/junit/internal/runners/JUnit4ClassRunner.java">
      <Message>At JUnit4ClassRunner.java:[line 34]</Message>
    </SourceLine>
  </BugInstance>
  <BugInstance type="MC_OVERRIDABLE_METHOD_CALL_IN_CONSTRUCTOR" priority="3" rank="20" abbrev="MC" category="MALICIOUS_CODE" instanceHash="69ab3a16324f94ab953f4a10e977ffff" instanceOccurrenceNum="0" instanceOccurrenceMax="0">
    <ShortMessage>An overridable method is called from a constructor</ShortMessage>
    <LongMessage>Overridable method validate is called from constructor new org.junit.internal.runners.JUnit4ClassRunner(Class).</LongMessage>
    <Class classname="org.junit.internal.runners.JUnit4ClassRunner" primary="true" classAnnotationNames="java.lang.Deprecated">
      <SourceLine classname="org.junit.internal.runners.JUnit4ClassRunner" start="32" end="145" sourcefile="JUnit4ClassRunner.java" sourcepath="org/junit/internal/runners/JUnit4ClassRunner.java">
        <Message>At JUnit4ClassRunner.java:[lines 32-145]</Message>
      </SourceLine>
      <Message>In class org.junit.internal.runners.JUnit4ClassRunner</Message>
    </Class>
    <Method classname="org.junit.internal.runners.JUnit4ClassRunner" name="&lt;init&gt;" signature="(Ljava/lang/Class;)V" isStatic="false" primary="true" classAnnotationNames="java.lang.Deprecated">
      <SourceLine classname="org.junit.internal.runners.JUnit4ClassRunner" start="32" end="36" startBytecode="0" endBytecode="114" sourcefile="JUnit4ClassRunner.java" sourcepath="org/junit/internal/runners/JUnit4ClassRunner.java"/>
      <Message>In method new org.junit.internal.runners.JUnit4ClassRunner(Class)</Message>
    </Method>
    <String value="validate">
      <Message>Value validate</Message>
    </String>
    <SourceLine classname="org.junit.internal.runners.JUnit4ClassRunner" primary="true" start="35" end="35" startBytecode="25" endBytecode="25" sourcefile="JUnit4ClassRunner.java" sourcepath="org/junit/internal/runners/JUnit4ClassRunner.java">
      <Message>At JUnit4ClassRunner.java:[line 35]</Message>
    </SourceLine>
  </BugInstance>
  <BugInstance type="EI_EXPOSE_REP2" priority="2" rank="18" abbrev="EI2" category="MALICIOUS_CODE" instanceHash="bc4c796e6d6226a070ecacb62d4815ba" instanceOccurrenceNum="0" instanceOccurrenceMax="0" cweid="374">
    <ShortMessage>May expose internal representation by incorporating reference to mutable object</ShortMessage>
    <LongMessage>new org.junit.internal.runners.MethodRoadie(Object, TestMethod, RunNotifier, Description) may expose internal representation by storing an externally mutable object into MethodRoadie.description</LongMessage>
    <Class classname="org.junit.internal.runners.MethodRoadie" primary="true" classAnnotationNames="java.lang.Deprecated">
      <SourceLine classname="org.junit.internal.runners.MethodRoadie" start="32" end="161" sourcefile="MethodRoadie.java" sourcepath="org/junit/internal/runners/MethodRoadie.java">
        <Message>At MethodRoadie.java:[lines 32-161]</Message>
      </SourceLine>
      <Message>In class org.junit.internal.runners.MethodRoadie</Message>
    </Class>
    <Method classname="org.junit.internal.runners.MethodRoadie" name="&lt;init&gt;" signature="(Ljava/lang/Object;Lorg/junit/internal/runners/TestMethod;Lorg/junit/runner/notification/RunNotifier;Lorg/junit/runner/Description;)V" isStatic="false" primary="true" classAnnotationNames="java.lang.Deprecated">
      <SourceLine classname="org.junit.internal.runners.MethodRoadie" start="32" end="37" startBytecode="0" endBytecode="127" sourcefile="MethodRoadie.java" sourcepath="org/junit/internal/runners/MethodRoadie.java"/>
      <Message>In method new org.junit.internal.runners.MethodRoadie(Object, TestMethod, RunNotifier, Description)</Message>
    </Method>
    <Field classname="org.junit.internal.runners.MethodRoadie" name="description" signature="Lorg/junit/runner/Description;" isStatic="false" primary="true" classAnnotationNames="java.lang.Deprecated">
      <SourceLine classname="org.junit.internal.runners.MethodRoadie" sourcefile="MethodRoadie.java" sourcepath="org/junit/internal/runners/MethodRoadie.java">
        <Message>In MethodRoadie.java</Message>
      </SourceLine>
      <Message>Field org.junit.internal.runners.MethodRoadie.description</Message>
    </Field>
    <LocalVariable name="description" register="4" pc="17" role="LOCAL_VARIABLE_NAMED">
      <Message>Local variable named description</Message>
    </LocalVariable>
    <SourceLine classname="org.junit.internal.runners.MethodRoadie" primary="true" start="35" end="35" startBytecode="17" endBytecode="17" sourcefile="MethodRoadie.java" sourcepath="org/junit/internal/runners/MethodRoadie.java">
      <Message>At MethodRoadie.java:[line 35]</Message>
    </SourceLine>
  </BugInstance>
  <BugInstance type="EI_EXPOSE_REP2" priority="2" rank="18" abbrev="EI2" category="MALICIOUS_CODE" instanceHash="6773af82c1f701e2da0d95deb05aebf5" instanceOccurrenceNum="0" instanceOccurrenceMax="0" cweid="374">
    <ShortMessage>May expose internal representation by incorporating reference to mutable object</ShortMessage>
    <LongMessage>new org.junit.internal.runners.MethodRoadie(Object, TestMethod, RunNotifier, Description) may expose internal representation by storing an externally mutable object into MethodRoadie.notifier</LongMessage>
    <Class classname="org.junit.internal.runners.MethodRoadie" primary="true" classAnnotationNames="java.lang.Deprecated">
      <SourceLine classname="org.junit.internal.runners.MethodRoadie" start="32" end="161" sourcefile="MethodRoadie.java" sourcepath="org/junit/internal/runners/MethodRoadie.java">
        <Message>At MethodRoadie.java:[lines 32-161]</Message>
      </SourceLine>
      <Message>In class org.junit.internal.runners.MethodRoadie</Message>
    </Class>
    <Method classname="org.junit.internal.runners.MethodRoadie" name="&lt;init&gt;" signature="(Ljava/lang/Object;Lorg/junit/internal/runners/TestMethod;Lorg/junit/runner/notification/RunNotifier;Lorg/junit/runner/Description;)V" isStatic="false" primary="true" classAnnotationNames="java.lang.Deprecated">
      <SourceLine classname="org.junit.internal.runners.MethodRoadie" start="32" end="37" startBytecode="0" endBytecode="127" sourcefile="MethodRoadie.java" sourcepath="org/junit/internal/runners/MethodRoadie.java"/>
      <Message>In method new org.junit.internal.runners.MethodRoadie(Object, TestMethod, RunNotifier, Description)</Message>
    </Method>
    <Field classname="org.junit.internal.runners.MethodRoadie" name="notifier" signature="Lorg/junit/runner/notification/RunNotifier;" isStatic="false" primary="true" classAnnotationNames="java.lang.Deprecated">
      <SourceLine classname="org.junit.internal.runners.MethodRoadie" sourcefile="MethodRoadie.java" sourcepath="org/junit/internal/runners/MethodRoadie.java">
        <Message>In MethodRoadie.java</Message>
      </SourceLine>
      <Message>Field org.junit.internal.runners.MethodRoadie.notifier</Message>
    </Field>
    <LocalVariable name="notifier" register="3" pc="11" role="LOCAL_VARIABLE_NAMED">
      <Message>Local variable named notifier</Message>
    </LocalVariable>
    <SourceLine classname="org.junit.internal.runners.MethodRoadie" primary="true" start="34" end="34" startBytecode="11" endBytecode="11" sourcefile="MethodRoadie.java" sourcepath="org/junit/internal/runners/MethodRoadie.java">
      <Message>At MethodRoadie.java:[line 34]</Message>
    </SourceLine>
  </BugInstance>
  <BugInstance type="EI_EXPOSE_REP" priority="2" rank="18" abbrev="EI" category="MALICIOUS_CODE" instanceHash="f27d04ea9f4ee5ce879e25b4a4f61b3d" instanceOccurrenceNum="0" instanceOccurrenceMax="0" cweid="374">
    <ShortMessage>May expose internal representation by returning reference to mutable object</ShortMessage>
    <LongMessage>org.junit.internal.runners.MethodValidator.validateMethodsForDefaultRunner() may expose internal representation by returning MethodValidator.errors</LongMessage>
    <Class classname="org.junit.internal.runners.MethodValidator" primary="true" classAnnotationNames="java.lang.Deprecated">
      <SourceLine classname="org.junit.internal.runners.MethodValidator" start="24" end="96" sourcefile="MethodValidator.java" sourcepath="org/junit/internal/runners/MethodValidator.java">
        <Message>At MethodValidator.java:[lines 24-96]</Message>
      </SourceLine>
      <Message>In class org.junit.internal.runners.MethodValidator</Message>
    </Class>
    <Method classname="org.junit.internal.runners.MethodValidator" name="validateMethodsForDefaultRunner" signature="()Ljava/util/List;" isStatic="false" primary="true" classAnnotationNames="java.lang.Deprecated">
      <SourceLine classname="org.junit.internal.runners.MethodValidator" start="49" end="52" startBytecode="0" endBytecode="70" sourcefile="MethodValidator.java" sourcepath="org/junit/internal/runners/MethodValidator.java"/>
      <Message>In method org.junit.internal.runners.MethodValidator.validateMethodsForDefaultRunner()</Message>
    </Method>
    <Field classname="org.junit.internal.runners.MethodValidator" name="errors" signature="Ljava/util/List;" isStatic="false" primary="true" classAnnotationNames="java.lang.Deprecated">
      <SourceLine classname="org.junit.internal.runners.MethodValidator" sourcefile="MethodValidator.java" sourcepath="org/junit/internal/runners/MethodValidator.java">
        <Message>In MethodValidator.java</Message>
      </SourceLine>
      <Message>Field org.junit.internal.runners.MethodValidator.errors</Message>
    </Field>
    <SourceLine classname="org.junit.internal.runners.MethodValidator" primary="true" start="52" end="52" startBytecode="16" endBytecode="16" sourcefile="MethodValidator.java" sourcepath="org/junit/internal/runners/MethodValidator.java">
      <Message>At MethodValidator.java:[line 52]</Message>
    </SourceLine>
  </BugInstance>
  <BugInstance type="CT_CONSTRUCTOR_THROW" priority="2" rank="16" abbrev="CT" category="BAD_PRACTICE" instanceHash="6b7d8dbfd7150468fcb2a5dbb91675c6" instanceOccurrenceNum="0" instanceOccurrenceMax="0">
    <ShortMessage>Be wary of letting constructors throw exceptions.</ShortMessage>
    <LongMessage>Exception thrown in class org.junit.internal.runners.SuiteMethod at new org.junit.internal.runners.SuiteMethod(Class) will leave the constructor. The object under construction remains partially initialized and may be vulnerable to Finalizer attacks.</LongMessage>
    <Class classname="org.junit.internal.runners.SuiteMethod" primary="true">
      <SourceLine classname="org.junit.internal.runners.SuiteMethod" start="24" end="39" sourcefile="SuiteMethod.java" sourcepath="org/junit/internal/runners/SuiteMethod.java">
        <Message>At SuiteMethod.java:[lines 24-39]</Message>
      </SourceLine>
      <Message>In class org.junit.internal.runners.SuiteMethod</Message>
    </Class>
    <Method classname="org.junit.internal.runners.SuiteMethod" name="&lt;init&gt;" signature="(Ljava/lang/Class;)V" isStatic="false" primary="true">
      <SourceLine classname="org.junit.internal.runners.SuiteMethod" start="24" end="25" startBytecode="0" endBytecode="82" sourcefile="SuiteMethod.java" sourcepath="org/junit/internal/runners/SuiteMethod.java"/>
      <Message>In method new org.junit.internal.runners.SuiteMethod(Class)</Message>
    </Method>
    <SourceLine classname="org.junit.internal.runners.SuiteMethod" primary="true" start="25" end="25" startBytecode="20" endBytecode="20" sourcefile="SuiteMethod.java" sourcepath="org/junit/internal/runners/SuiteMethod.java">
      <Message>At SuiteMethod.java:[line 25]</Message>
    </SourceLine>
    <SourceLine classname="org.junit.internal.runners.SuiteMethod" start="25" end="25" startBytecode="20" endBytecode="20" sourcefile="SuiteMethod.java" sourcepath="org/junit/internal/runners/SuiteMethod.java">
      <Message>At SuiteMethod.java:[line 25]</Message>
    </SourceLine>
  </BugInstance>
  <BugInstance type="EI_EXPOSE_REP2" priority="2" rank="18" abbrev="EI2" category="MALICIOUS_CODE" instanceHash="a4234363aadb407abacaf9fab5aa05f7" instanceOccurrenceNum="0" instanceOccurrenceMax="0" cweid="374">
    <ShortMessage>May expose internal representation by incorporating reference to mutable object</ShortMessage>
    <LongMessage>new org.junit.internal.runners.TestMethod(Method, TestClass) may expose internal representation by storing an externally mutable object into TestMethod.method</LongMessage>
    <Class classname="org.junit.internal.runners.TestMethod" primary="true" classAnnotationNames="java.lang.Deprecated">
      <SourceLine classname="org.junit.internal.runners.TestMethod" start="24" end="69" sourcefile="TestMethod.java" sourcepath="org/junit/internal/runners/TestMethod.java">
        <Message>At TestMethod.java:[lines 24-69]</Message>
      </SourceLine>
      <Message>In class org.junit.internal.runners.TestMethod</Message>
    </Class>
    <Method classname="org.junit.internal.runners.TestMethod" name="&lt;init&gt;" signature="(Ljava/lang/reflect/Method;Lorg/junit/internal/runners/TestClass;)V" isStatic="false" primary="true" classAnnotationNames="java.lang.Deprecated">
      <SourceLine classname="org.junit.internal.runners.TestMethod" start="24" end="27" startBytecode="0" endBytecode="88" sourcefile="TestMethod.java" sourcepath="org/junit/internal/runners/TestMethod.java"/>
      <Message>In method new org.junit.internal.runners.TestMethod(Method, TestClass)</Message>
    </Method>
    <Field classname="org.junit.internal.runners.TestMethod" name="method" signature="Ljava/lang/reflect/Method;" isStatic="false" primary="true" classAnnotationNames="java.lang.Deprecated">
      <SourceLine classname="org.junit.internal.runners.TestMethod" sourcefile="TestMethod.java" sourcepath="org/junit/internal/runners/TestMethod.java">
        <Message>In TestMethod.java</Message>
      </SourceLine>
      <Message>Field org.junit.internal.runners.TestMethod.method</Message>
    </Field>
    <LocalVariable name="method" register="1" pc="6" role="LOCAL_VARIABLE_NAMED">
      <Message>Local variable named method</Message>
    </LocalVariable>
    <SourceLine classname="org.junit.internal.runners.TestMethod" primary="true" start="25" end="25" startBytecode="6" endBytecode="6" sourcefile="TestMethod.java" sourcepath="org/junit/internal/runners/TestMethod.java">
      <Message>At TestMethod.java:[line 25]</Message>
    </SourceLine>
  </BugInstance>
  <BugInstance type="EI_EXPOSE_REP2" priority="2" rank="18" abbrev="EI2" category="MALICIOUS_CODE" instanceHash="8cb1468d78998493fbf243494404832b" instanceOccurrenceNum="0" instanceOccurrenceMax="0" cweid="374">
    <ShortMessage>May expose internal representation by incorporating reference to mutable object</ShortMessage>
    <LongMessage>new org.junit.internal.runners.model.EachTestNotifier(RunNotifier, Description) may expose internal representation by storing an externally mutable object into EachTestNotifier.description</LongMessage>
    <Class classname="org.junit.internal.runners.model.EachTestNotifier" primary="true">
      <SourceLine classname="org.junit.internal.runners.model.EachTestNotifier" start="14" end="47" sourcefile="EachTestNotifier.java" sourcepath="org/junit/internal/runners/model/EachTestNotifier.java">
        <Message>At EachTestNotifier.java:[lines 14-47]</Message>
      </SourceLine>
      <Message>In class org.junit.internal.runners.model.EachTestNotifier</Message>
    </Class>
    <Method classname="org.junit.internal.runners.model.EachTestNotifier" name="&lt;init&gt;" signature="(Lorg/junit/runner/notification/RunNotifier;Lorg/junit/runner/Description;)V" isStatic="false" primary="true">
      <SourceLine classname="org.junit.internal.runners.model.EachTestNotifier" start="14" end="17" startBytecode="0" endBytecode="88" sourcefile="EachTestNotifier.java" sourcepath="org/junit/internal/runners/model/EachTestNotifier.java"/>
      <Message>In method new org.junit.internal.runners.model.EachTestNotifier(RunNotifier, Description)</Message>
    </Method>
    <Field classname="org.junit.internal.runners.model.EachTestNotifier" name="description" signature="Lorg/junit/runner/Description;" isStatic="false" primary="true">
      <SourceLine classname="org.junit.internal.runners.model.EachTestNotifier" sourcefile="EachTestNotifier.java" sourcepath="org/junit/internal/runners/model/EachTestNotifier.java">
        <Message>In EachTestNotifier.java</Message>
      </SourceLine>
      <Message>Field org.junit.internal.runners.model.EachTestNotifier.description</Message>
    </Field>
    <LocalVariable name="description" register="2" pc="11" role="LOCAL_VARIABLE_NAMED">
      <Message>Local variable named description</Message>
    </LocalVariable>
    <SourceLine classname="org.junit.internal.runners.model.EachTestNotifier" primary="true" start="16" end="16" startBytecode="11" endBytecode="11" sourcefile="EachTestNotifier.java" sourcepath="org/junit/internal/runners/model/EachTestNotifier.java">
      <Message>At EachTestNotifier.java:[line 16]</Message>
    </SourceLine>
  </BugInstance>
  <BugInstance type="EI_EXPOSE_REP2" priority="2" rank="18" abbrev="EI2" category="MALICIOUS_CODE" instanceHash="e3f2f63722793e9cdeb3ab6d173c260a" instanceOccurrenceNum="0" instanceOccurrenceMax="0" cweid="374">
    <ShortMessage>May expose internal representation by incorporating reference to mutable object</ShortMessage>
    <LongMessage>new org.junit.internal.runners.model.EachTestNotifier(RunNotifier, Description) may expose internal representation by storing an externally mutable object into EachTestNotifier.notifier</LongMessage>
    <Class classname="org.junit.internal.runners.model.EachTestNotifier" primary="true">
      <SourceLine classname="org.junit.internal.runners.model.EachTestNotifier" start="14" end="47" sourcefile="EachTestNotifier.java" sourcepath="org/junit/internal/runners/model/EachTestNotifier.java">
        <Message>At EachTestNotifier.java:[lines 14-47]</Message>
      </SourceLine>
      <Message>In class org.junit.internal.runners.model.EachTestNotifier</Message>
    </Class>
    <Method classname="org.junit.internal.runners.model.EachTestNotifier" name="&lt;init&gt;" signature="(Lorg/junit/runner/notification/RunNotifier;Lorg/junit/runner/Description;)V" isStatic="false" primary="true">
      <SourceLine classname="org.junit.internal.runners.model.EachTestNotifier" start="14" end="17" startBytecode="0" endBytecode="88" sourcefile="EachTestNotifier.java" sourcepath="org/junit/internal/runners/model/EachTestNotifier.java"/>
      <Message>In method new org.junit.internal.runners.model.EachTestNotifier(RunNotifier, Description)</Message>
    </Method>
    <Field classname="org.junit.internal.runners.model.EachTestNotifier" name="notifier" signature="Lorg/junit/runner/notification/RunNotifier;" isStatic="false" primary="true">
      <SourceLine classname="org.junit.internal.runners.model.EachTestNotifier" sourcefile="EachTestNotifier.java" sourcepath="org/junit/internal/runners/model/EachTestNotifier.java">
        <Message>In EachTestNotifier.java</Message>
      </SourceLine>
      <Message>Field org.junit.internal.runners.model.EachTestNotifier.notifier</Message>
    </Field>
    <LocalVariable name="notifier" register="1" pc="6" role="LOCAL_VARIABLE_NAMED">
      <Message>Local variable named notifier</Message>
    </LocalVariable>
    <SourceLine classname="org.junit.internal.runners.model.EachTestNotifier" primary="true" start="15" end="15" startBytecode="6" endBytecode="6" sourcefile="EachTestNotifier.java" sourcepath="org/junit/internal/runners/model/EachTestNotifier.java">
      <Message>At EachTestNotifier.java:[line 15]</Message>
    </SourceLine>
  </BugInstance>
  <BugInstance type="NM_SAME_SIMPLE_NAME_AS_SUPERCLASS" priority="1" rank="14" abbrev="Nm" category="BAD_PRACTICE" instanceHash="eff4ed8c6e75650badd334a463f9ef2a" instanceOccurrenceNum="0" instanceOccurrenceMax="0">
    <ShortMessage>Class names shouldn&apos;t shadow simple name of superclass</ShortMessage>
    <LongMessage>The class name org.junit.internal.runners.model.MultipleFailureException shadows the simple name of the superclass org.junit.runners.model.MultipleFailureException</LongMessage>
    <Class classname="org.junit.internal.runners.model.MultipleFailureException" primary="true" classAnnotationNames="java.lang.Deprecated">
      <SourceLine classname="org.junit.internal.runners.model.MultipleFailureException" start="10" end="11" sourcefile="MultipleFailureException.java" sourcepath="org/junit/internal/runners/model/MultipleFailureException.java">
        <Message>At MultipleFailureException.java:[lines 10-11]</Message>
      </SourceLine>
      <Message>In class org.junit.internal.runners.model.MultipleFailureException</Message>
    </Class>
    <Class classname="org.junit.runners.model.MultipleFailureException">
      <SourceLine classname="org.junit.runners.model.MultipleFailureException" start="24" end="67" sourcefile="MultipleFailureException.java" sourcepath="org/junit/runners/model/MultipleFailureException.java">
        <Message>At MultipleFailureException.java:[lines 24-67]</Message>
      </SourceLine>
      <Message>In class org.junit.runners.model.MultipleFailureException</Message>
    </Class>
    <SourceLine classname="org.junit.internal.runners.model.MultipleFailureException" start="10" end="11" sourcefile="MultipleFailureException.java" sourcepath="org/junit/internal/runners/model/MultipleFailureException.java" synthetic="true">
      <Message>At MultipleFailureException.java:[lines 10-11]</Message>
    </SourceLine>
  </BugInstance>
  <BugInstance type="NM_CLASS_NOT_EXCEPTION" priority="2" rank="16" abbrev="Nm" category="BAD_PRACTICE" instanceHash="b768c6ade6b3d9e4569c11ad1e20739e" instanceOccurrenceNum="0" instanceOccurrenceMax="0">
    <ShortMessage>Class is not derived from an Exception, even though it is named as such</ShortMessage>
    <LongMessage>Class org.junit.internal.runners.statements.ExpectException is not derived from an Exception, even though it is named as such</LongMessage>
    <Class classname="org.junit.internal.runners.statements.ExpectException" primary="true">
      <SourceLine classname="org.junit.internal.runners.statements.ExpectException" start="10" end="35" sourcefile="ExpectException.java" sourcepath="org/junit/internal/runners/statements/ExpectException.java">
        <Message>At ExpectException.java:[lines 10-35]</Message>
      </SourceLine>
      <Message>In class org.junit.internal.runners.statements.ExpectException</Message>
    </Class>
    <SourceLine classname="org.junit.internal.runners.statements.ExpectException" start="10" end="35" sourcefile="ExpectException.java" sourcepath="org/junit/internal/runners/statements/ExpectException.java" synthetic="true">
      <Message>At ExpectException.java:[lines 10-35]</Message>
    </SourceLine>
  </BugInstance>
  <BugInstance type="EI_EXPOSE_REP2" priority="2" rank="18" abbrev="EI2" category="MALICIOUS_CODE" instanceHash="35dd917210c8f5436ee6ff46268f76e4" instanceOccurrenceNum="0" instanceOccurrenceMax="0" cweid="374">
    <ShortMessage>May expose internal representation by incorporating reference to mutable object</ShortMessage>
    <LongMessage>new org.junit.internal.runners.statements.Fail(Throwable) may expose internal representation by storing an externally mutable object into Fail.error</LongMessage>
    <Class classname="org.junit.internal.runners.statements.Fail" primary="true">
      <SourceLine classname="org.junit.internal.runners.statements.Fail" start="8" end="14" sourcefile="Fail.java" sourcepath="org/junit/internal/runners/statements/Fail.java">
        <Message>At Fail.java:[lines 8-14]</Message>
      </SourceLine>
      <Message>In class org.junit.internal.runners.statements.Fail</Message>
    </Class>
    <Method classname="org.junit.internal.runners.statements.Fail" name="&lt;init&gt;" signature="(Ljava/lang/Throwable;)V" isStatic="false" primary="true">
      <SourceLine classname="org.junit.internal.runners.statements.Fail" start="8" end="10" startBytecode="0" endBytecode="69" sourcefile="Fail.java" sourcepath="org/junit/internal/runners/statements/Fail.java"/>
      <Message>In method new org.junit.internal.runners.statements.Fail(Throwable)</Message>
    </Method>
    <Field classname="org.junit.internal.runners.statements.Fail" name="error" signature="Ljava/lang/Throwable;" isStatic="false" primary="true">
      <SourceLine classname="org.junit.internal.runners.statements.Fail" sourcefile="Fail.java" sourcepath="org/junit/internal/runners/statements/Fail.java">
        <Message>In Fail.java</Message>
      </SourceLine>
      <Message>Field org.junit.internal.runners.statements.Fail.error</Message>
    </Field>
    <LocalVariable name="e" register="1" pc="6" role="LOCAL_VARIABLE_NAMED">
      <Message>Local variable named e</Message>
    </LocalVariable>
    <SourceLine classname="org.junit.internal.runners.statements.Fail" primary="true" start="9" end="9" startBytecode="6" endBytecode="6" sourcefile="Fail.java" sourcepath="org/junit/internal/runners/statements/Fail.java">
      <Message>At Fail.java:[line 9]</Message>
    </SourceLine>
  </BugInstance>
  <BugInstance type="PZLA_PREFER_ZERO_LENGTH_ARRAYS" priority="3" rank="20" abbrev="PZLA" category="STYLE" instanceHash="baaf0e16e7dd36801382942aca7e095e" instanceOccurrenceNum="0" instanceOccurrenceMax="0">
    <ShortMessage>Consider returning a zero length array rather than null</ShortMessage>
    <LongMessage>Should org.junit.internal.runners.statements.FailOnTimeout.getThreadArray(ThreadGroup) return a zero length array rather than null?</LongMessage>
    <Class classname="org.junit.internal.runners.statements.FailOnTimeout" primary="true">
      <SourceLine classname="org.junit.internal.runners.statements.FailOnTimeout" start="17" end="289" sourcefile="FailOnTimeout.java" sourcepath="org/junit/internal/runners/statements/FailOnTimeout.java">
        <Message>At FailOnTimeout.java:[lines 17-289]</Message>
      </SourceLine>
      <Message>In class org.junit.internal.runners.statements.FailOnTimeout</Message>
    </Class>
    <Method classname="org.junit.internal.runners.statements.FailOnTimeout" name="getThreadArray" signature="(Ljava/lang/ThreadGroup;)[Ljava/lang/Thread;" isStatic="false" primary="true">
      <SourceLine classname="org.junit.internal.runners.statements.FailOnTimeout" start="236" end="257" startBytecode="0" endBytecode="204" sourcefile="FailOnTimeout.java" sourcepath="org/junit/internal/runners/statements/FailOnTimeout.java"/>
      <Message>In method org.junit.internal.runners.statements.FailOnTimeout.getThreadArray(ThreadGroup)</Message>
    </Method>
    <SourceLine classname="org.junit.internal.runners.statements.FailOnTimeout" primary="true" start="252" end="252" startBytecode="53" endBytecode="53" sourcefile="FailOnTimeout.java" sourcepath="org/junit/internal/runners/statements/FailOnTimeout.java">
      <Message>At FailOnTimeout.java:[line 252]</Message>
    </SourceLine>
  </BugInstance>
  <BugInstance type="EI_EXPOSE_REP2" priority="2" rank="18" abbrev="EI2" category="MALICIOUS_CODE" instanceHash="b57bd3d22f63da9ab0377ffac39f7ef2" instanceOccurrenceNum="0" instanceOccurrenceMax="0" cweid="374">
    <ShortMessage>May expose internal representation by incorporating reference to mutable object</ShortMessage>
    <LongMessage>new org.junit.internal.runners.statements.RunAfters(Statement, List, Object) may expose internal representation by storing an externally mutable object into RunAfters.afters</LongMessage>
    <Class classname="org.junit.internal.runners.statements.RunAfters" primary="true">
      <SourceLine classname="org.junit.internal.runners.statements.RunAfters" start="17" end="40" sourcefile="RunAfters.java" sourcepath="org/junit/internal/runners/statements/RunAfters.java">
        <Message>At RunAfters.java:[lines 17-40]</Message>
      </SourceLine>
      <Message>In class org.junit.internal.runners.statements.RunAfters</Message>
    </Class>
    <Method classname="org.junit.internal.runners.statements.RunAfters" name="&lt;init&gt;" signature="(Lorg/junit/runners/model/Statement;Ljava/util/List;Ljava/lang/Object;)V" isStatic="false" primary="true">
      <SourceLine classname="org.junit.internal.runners.statements.RunAfters" start="17" end="21" startBytecode="0" endBytecode="125" sourcefile="RunAfters.java" sourcepath="org/junit/internal/runners/statements/RunAfters.java"/>
      <Message>In method new org.junit.internal.runners.statements.RunAfters(Statement, List, Object)</Message>
    </Method>
    <Field classname="org.junit.internal.runners.statements.RunAfters" name="afters" signature="Ljava/util/List;" isStatic="false" primary="true">
      <SourceLine classname="org.junit.internal.runners.statements.RunAfters" sourcefile="RunAfters.java" sourcepath="org/junit/internal/runners/statements/RunAfters.java">
        <Message>In RunAfters.java</Message>
      </SourceLine>
      <Message>Field org.junit.internal.runners.statements.RunAfters.afters</Message>
    </Field>
    <LocalVariable name="afters" register="2" pc="11" role="LOCAL_VARIABLE_NAMED">
      <Message>Local variable named afters</Message>
    </LocalVariable>
    <SourceLine classname="org.junit.internal.runners.statements.RunAfters" primary="true" start="19" end="19" startBytecode="11" endBytecode="11" sourcefile="RunAfters.java" sourcepath="org/junit/internal/runners/statements/RunAfters.java">
      <Message>At RunAfters.java:[line 19]</Message>
    </SourceLine>
  </BugInstance>
  <BugInstance type="EI_EXPOSE_REP2" priority="2" rank="18" abbrev="EI2" category="MALICIOUS_CODE" instanceHash="230694a9a22f9ca91991e256c9bd93df" instanceOccurrenceNum="0" instanceOccurrenceMax="0" cweid="374">
    <ShortMessage>May expose internal representation by incorporating reference to mutable object</ShortMessage>
    <LongMessage>new org.junit.internal.runners.statements.RunBefores(Statement, List, Object) may expose internal representation by storing an externally mutable object into RunBefores.befores</LongMessage>
    <Class classname="org.junit.internal.runners.statements.RunBefores" primary="true">
      <SourceLine classname="org.junit.internal.runners.statements.RunBefores" start="15" end="27" sourcefile="RunBefores.java" sourcepath="org/junit/internal/runners/statements/RunBefores.java">
        <Message>At RunBefores.java:[lines 15-27]</Message>
      </SourceLine>
      <Message>In class org.junit.internal.runners.statements.RunBefores</Message>
    </Class>
    <Method classname="org.junit.internal.runners.statements.RunBefores" name="&lt;init&gt;" signature="(Lorg/junit/runners/model/Statement;Ljava/util/List;Ljava/lang/Object;)V" isStatic="false" primary="true">
      <SourceLine classname="org.junit.internal.runners.statements.RunBefores" start="15" end="19" startBytecode="0" endBytecode="125" sourcefile="RunBefores.java" sourcepath="org/junit/internal/runners/statements/RunBefores.java"/>
      <Message>In method new org.junit.internal.runners.statements.RunBefores(Statement, List, Object)</Message>
    </Method>
    <Field classname="org.junit.internal.runners.statements.RunBefores" name="befores" signature="Ljava/util/List;" isStatic="false" primary="true">
      <SourceLine classname="org.junit.internal.runners.statements.RunBefores" sourcefile="RunBefores.java" sourcepath="org/junit/internal/runners/statements/RunBefores.java">
        <Message>In RunBefores.java</Message>
      </SourceLine>
      <Message>Field org.junit.internal.runners.statements.RunBefores.befores</Message>
    </Field>
    <LocalVariable name="befores" register="2" pc="11" role="LOCAL_VARIABLE_NAMED">
      <Message>Local variable named befores</Message>
    </LocalVariable>
    <SourceLine classname="org.junit.internal.runners.statements.RunBefores" primary="true" start="17" end="17" startBytecode="11" endBytecode="11" sourcefile="RunBefores.java" sourcepath="org/junit/internal/runners/statements/RunBefores.java">
      <Message>At RunBefores.java:[line 17]</Message>
    </SourceLine>
  </BugInstance>
  <BugInstance type="SIC_INNER_SHOULD_BE_STATIC_ANON" priority="3" rank="20" abbrev="SIC" category="PERFORMANCE" instanceHash="c014b7bf1ac81d0d09c70f241dbaa3e4" instanceOccurrenceNum="0" instanceOccurrenceMax="0">
    <ShortMessage>Could be refactored into a named static inner class</ShortMessage>
    <LongMessage>The class org.junit.rules.ErrorCollector$1 could be refactored into a named _static_ inner class</LongMessage>
    <Class classname="org.junit.rules.ErrorCollector$1" role="CLASS_ANONYMOUS">
      <SourceLine classname="org.junit.rules.ErrorCollector$1" start="64" end="66" sourcefile="ErrorCollector.java" sourcepath="org/junit/rules/ErrorCollector.java">
        <Message>At ErrorCollector.java:[lines 64-66]</Message>
      </SourceLine>
      <Message>Anonymous class org.junit.rules.ErrorCollector$1</Message>
    </Class>
    <Class classname="org.junit.rules.ErrorCollector" primary="true">
      <SourceLine classname="org.junit.rules.ErrorCollector" start="34" end="81" sourcefile="ErrorCollector.java" sourcepath="org/junit/rules/ErrorCollector.java">
        <Message>At ErrorCollector.java:[lines 34-81]</Message>
      </SourceLine>
      <Message>In class org.junit.rules.ErrorCollector</Message>
    </Class>
    <Method classname="org.junit.rules.ErrorCollector" name="checkThat" signature="(Ljava/lang/String;Ljava/lang/Object;Lorg/hamcrest/Matcher;)V" isStatic="false" primary="true">
      <SourceLine classname="org.junit.rules.ErrorCollector" start="63" end="69" startBytecode="0" endBytecode="120" sourcefile="ErrorCollector.java" sourcepath="org/junit/rules/ErrorCollector.java"/>
      <Message>In method org.junit.rules.ErrorCollector.checkThat(String, Object, Matcher)</Message>
    </Method>
    <SourceLine classname="org.junit.rules.ErrorCollector" primary="true" start="63" end="63" startBytecode="9" endBytecode="9" sourcefile="ErrorCollector.java" sourcepath="org/junit/rules/ErrorCollector.java">
      <Message>At ErrorCollector.java:[line 63]</Message>
    </SourceLine>
  </BugInstance>
  <BugInstance type="NM_CLASS_NOT_EXCEPTION" priority="2" rank="16" abbrev="Nm" category="BAD_PRACTICE" instanceHash="28cf09d73aac1828cc402faed03ed261" instanceOccurrenceNum="0" instanceOccurrenceMax="0">
    <ShortMessage>Class is not derived from an Exception, even though it is named as such</ShortMessage>
    <LongMessage>Class org.junit.rules.ExpectedException is not derived from an Exception, even though it is named as such</LongMessage>
    <Class classname="org.junit.rules.ExpectedException" primary="true">
      <SourceLine classname="org.junit.rules.ExpectedException" start="106" end="268" sourcefile="ExpectedException.java" sourcepath="org/junit/rules/ExpectedException.java">
        <Message>At ExpectedException.java:[lines 106-268]</Message>
      </SourceLine>
      <Message>In class org.junit.rules.ExpectedException</Message>
    </Class>
    <SourceLine classname="org.junit.rules.ExpectedException" start="106" end="268" sourcefile="ExpectedException.java" sourcepath="org/junit/rules/ExpectedException.java" synthetic="true">
      <Message>At ExpectedException.java:[lines 106-268]</Message>
    </SourceLine>
  </BugInstance>
  <BugInstance type="CT_CONSTRUCTOR_THROW" priority="2" rank="16" abbrev="CT" category="BAD_PRACTICE" instanceHash="bda89babd75e4af0e2719496d6eb363f" instanceOccurrenceNum="0" instanceOccurrenceMax="0">
    <ShortMessage>Be wary of letting constructors throw exceptions.</ShortMessage>
    <LongMessage>Exception thrown in class org.junit.rules.ExternalResource$1 at new org.junit.rules.ExternalResource$1(ExternalResource, Statement) will leave the constructor. The object under construction remains partially initialized and may be vulnerable to Finalizer attacks.</LongMessage>
    <Class classname="org.junit.rules.ExternalResource$1" primary="true">
      <SourceLine classname="org.junit.rules.ExternalResource$1" start="45" end="52" sourcefile="ExternalResource.java" sourcepath="org/junit/rules/ExternalResource.java">
        <Message>At ExternalResource.java:[lines 45-52]</Message>
      </SourceLine>
      <Message>In class org.junit.rules.ExternalResource$1</Message>
    </Class>
    <Method classname="org.junit.rules.ExternalResource$1" name="&lt;init&gt;" signature="(Lorg/junit/rules/ExternalResource;Lorg/junit/runners/model/Statement;)V" isStatic="false" primary="true">
      <SourceLine classname="org.junit.rules.ExternalResource$1" start="45" end="45" startBytecode="0" endBytecode="56" sourcefile="ExternalResource.java" sourcepath="org/junit/rules/ExternalResource.java"/>
      <Message>In method new org.junit.rules.ExternalResource$1(ExternalResource, Statement)</Message>
    </Method>
    <SourceLine classname="org.junit.rules.ExternalResource$1" primary="true" start="45" end="45" startBytecode="33" endBytecode="33" sourcefile="ExternalResource.java" sourcepath="org/junit/rules/ExternalResource.java">
      <Message>At ExternalResource.java:[line 45]</Message>
    </SourceLine>
    <SourceLine classname="org.junit.rules.ExternalResource$1" start="45" end="45" startBytecode="33" endBytecode="33" sourcefile="ExternalResource.java" sourcepath="org/junit/rules/ExternalResource.java">
      <Message>At ExternalResource.java:[line 45]</Message>
    </SourceLine>
  </BugInstance>
  <BugInstance type="NM_WRONG_PACKAGE" priority="3" rank="9" abbrev="Nm" category="CORRECTNESS" instanceHash="16158df72659b499e7d442dc53a0e2d1" instanceOccurrenceNum="0" instanceOccurrenceMax="0">
    <ShortMessage>Method doesn&apos;t override method in superclass due to wrong package for parameter</ShortMessage>
    <LongMessage>org.junit.rules.Stopwatch$InternalWatcher.skipped(AssumptionViolatedException, Description) doesn&apos;t override method in superclass because parameter type org.junit.AssumptionViolatedException doesn&apos;t match superclass parameter type org.junit.internal.AssumptionViolatedException</LongMessage>
    <Class classname="org.junit.rules.Stopwatch$InternalWatcher" primary="true">
      <SourceLine classname="org.junit.rules.Stopwatch$InternalWatcher" start="151" end="174" sourcefile="Stopwatch.java" sourcepath="org/junit/rules/Stopwatch.java">
        <Message>At Stopwatch.java:[lines 151-174]</Message>
      </SourceLine>
      <Message>In class org.junit.rules.Stopwatch$InternalWatcher</Message>
    </Class>
    <Method classname="org.junit.rules.Stopwatch$InternalWatcher" name="skipped" signature="(Lorg/junit/AssumptionViolatedException;Lorg/junit/runner/Description;)V" isStatic="false" primary="true">
      <SourceLine classname="org.junit.rules.Stopwatch$InternalWatcher" start="172" end="174" startBytecode="0" endBytecode="93" sourcefile="Stopwatch.java" sourcepath="org/junit/rules/Stopwatch.java"/>
      <Message>In method org.junit.rules.Stopwatch$InternalWatcher.skipped(AssumptionViolatedException, Description)</Message>
    </Method>
    <Class classname="org.junit.rules.TestWatcher" role="CLASS_SUPERCLASS">
      <SourceLine classname="org.junit.rules.TestWatcher" start="46" end="165" sourcefile="TestWatcher.java" sourcepath="org/junit/rules/TestWatcher.java">
        <Message>At TestWatcher.java:[lines 46-165]</Message>
      </SourceLine>
      <Message>superclass is org.junit.rules.TestWatcher</Message>
    </Class>
    <Method classname="org.junit.rules.TestWatcher" name="skipped" signature="(Lorg/junit/internal/AssumptionViolatedException;Lorg/junit/runner/Description;)V" isStatic="false" role="METHOD_DID_YOU_MEAN_TO_OVERRIDE">
      <SourceLine classname="org.junit.rules.TestWatcher" start="153" end="153" startBytecode="0" endBytecode="62" sourcefile="TestWatcher.java" sourcepath="org/junit/rules/TestWatcher.java"/>
      <Message>Did you intend to override org.junit.rules.TestWatcher.skipped(AssumptionViolatedException, Description)</Message>
    </Method>
    <Type descriptor="Lorg/junit/AssumptionViolatedException;" role="TYPE_FOUND">
      <SourceLine classname="org.junit.AssumptionViolatedException" start="22" end="45" sourcefile="AssumptionViolatedException.java" sourcepath="org/junit/AssumptionViolatedException.java">
        <Message>At AssumptionViolatedException.java:[lines 22-45]</Message>
      </SourceLine>
      <Message>Actual type org.junit.AssumptionViolatedException</Message>
    </Type>
    <Type descriptor="Lorg/junit/internal/AssumptionViolatedException;" role="TYPE_EXPECTED">
      <SourceLine classname="org.junit.internal.AssumptionViolatedException" start="32" end="110" sourcefile="AssumptionViolatedException.java" sourcepath="org/junit/internal/AssumptionViolatedException.java">
        <Message>At AssumptionViolatedException.java:[lines 32-110]</Message>
      </SourceLine>
      <Message>Expected org.junit.internal.AssumptionViolatedException</Message>
    </Type>
    <SourceLine classname="org.junit.rules.Stopwatch$InternalWatcher" start="172" end="174" startBytecode="0" endBytecode="93" sourcefile="Stopwatch.java" sourcepath="org/junit/rules/Stopwatch.java" synthetic="true">
      <Message>At Stopwatch.java:[lines 172-174]</Message>
    </SourceLine>
    <Property name="edu.umd.cs.findbugs.detect.Naming$NamingProperty.CONFUSING_METHOD_IS_DEPRECATED" value="true"/>
  </BugInstance>
  <BugInstance type="RV_RETURN_VALUE_IGNORED_BAD_PRACTICE" priority="2" rank="16" abbrev="RV" category="BAD_PRACTICE" instanceHash="c3263039d7e4f640f29d9dd61c3aa210" instanceOccurrenceNum="0" instanceOccurrenceMax="0" cweid="253">
    <ShortMessage>Method ignores exceptional return value</ShortMessage>
    <LongMessage>Exceptional return value of java.io.File.delete() ignored in org.junit.rules.TemporaryFolder.createTemporaryFolderIn(File)</LongMessage>
    <Class classname="org.junit.rules.TemporaryFolder" primary="true">
      <SourceLine classname="org.junit.rules.TemporaryFolder" start="36" end="169" sourcefile="TemporaryFolder.java" sourcepath="org/junit/rules/TemporaryFolder.java">
        <Message>At TemporaryFolder.java:[lines 36-169]</Message>
      </SourceLine>
      <Message>In class org.junit.rules.TemporaryFolder</Message>
    </Class>
    <Method classname="org.junit.rules.TemporaryFolder" name="createTemporaryFolderIn" signature="(Ljava/io/File;)Ljava/io/File;" isStatic="false" primary="true">
      <SourceLine classname="org.junit.rules.TemporaryFolder" start="134" end="137" startBytecode="0" endBytecode="94" sourcefile="TemporaryFolder.java" sourcepath="org/junit/rules/TemporaryFolder.java"/>
      <Message>In method org.junit.rules.TemporaryFolder.createTemporaryFolderIn(File)</Message>
    </Method>
    <Method classname="java.io.File" name="delete" signature="()Z" isStatic="false" role="METHOD_CALLED">
      <SourceLine classname="java.io.File" start="1066" end="1073" startBytecode="0" endBytecode="119" sourcefile="File.java" sourcepath="java/io/File.java"/>
      <Message>Called method java.io.File.delete()</Message>
    </Method>
    <SourceLine classname="org.junit.rules.TemporaryFolder" primary="true" start="135" end="135" startBytecode="10" endBytecode="10" sourcefile="TemporaryFolder.java" sourcepath="org/junit/rules/TemporaryFolder.java">
      <Message>At TemporaryFolder.java:[line 135]</Message>
    </SourceLine>
  </BugInstance>
  <BugInstance type="RV_RETURN_VALUE_IGNORED_BAD_PRACTICE" priority="2" rank="16" abbrev="RV" category="BAD_PRACTICE" instanceHash="eca7780fb61f0e1b714cd0b3c3bf826d" instanceOccurrenceNum="0" instanceOccurrenceMax="0" cweid="253">
    <ShortMessage>Method ignores exceptional return value</ShortMessage>
    <LongMessage>Exceptional return value of java.io.File.mkdir() ignored in org.junit.rules.TemporaryFolder.createTemporaryFolderIn(File)</LongMessage>
    <Class classname="org.junit.rules.TemporaryFolder" primary="true">
      <SourceLine classname="org.junit.rules.TemporaryFolder" start="36" end="169" sourcefile="TemporaryFolder.java" sourcepath="org/junit/rules/TemporaryFolder.java">
        <Message>At TemporaryFolder.java:[lines 36-169]</Message>
      </SourceLine>
      <Message>In class org.junit.rules.TemporaryFolder</Message>
    </Class>
    <Method classname="org.junit.rules.TemporaryFolder" name="createTemporaryFolderIn" signature="(Ljava/io/File;)Ljava/io/File;" isStatic="false" primary="true">
      <SourceLine classname="org.junit.rules.TemporaryFolder" start="134" end="137" startBytecode="0" endBytecode="94" sourcefile="TemporaryFolder.java" sourcepath="org/junit/rules/TemporaryFolder.java"/>
      <Message>In method org.junit.rules.TemporaryFolder.createTemporaryFolderIn(File)</Message>
    </Method>
    <Method classname="java.io.File" name="mkdir" signature="()Z" isStatic="false" role="METHOD_CALLED">
      <SourceLine classname="java.io.File" start="1372" end="1379" startBytecode="0" endBytecode="119" sourcefile="File.java" sourcepath="java/io/File.java"/>
      <Message>Called method java.io.File.mkdir()</Message>
    </Method>
    <SourceLine classname="org.junit.rules.TemporaryFolder" primary="true" start="136" end="136" startBytecode="15" endBytecode="15" sourcefile="TemporaryFolder.java" sourcepath="org/junit/rules/TemporaryFolder.java">
      <Message>At TemporaryFolder.java:[line 136]</Message>
    </SourceLine>
  </BugInstance>
  <BugInstance type="RV_RETURN_VALUE_IGNORED_BAD_PRACTICE" priority="2" rank="16" abbrev="RV" category="BAD_PRACTICE" instanceHash="4f0b869edbf4fcc1b26fdecd6620c619" instanceOccurrenceNum="0" instanceOccurrenceMax="0" cweid="253">
    <ShortMessage>Method ignores exceptional return value</ShortMessage>
    <LongMessage>Exceptional return value of java.io.File.delete() ignored in org.junit.rules.TemporaryFolder.recursiveDelete(File)</LongMessage>
    <Class classname="org.junit.rules.TemporaryFolder" primary="true">
      <SourceLine classname="org.junit.rules.TemporaryFolder" start="36" end="169" sourcefile="TemporaryFolder.java" sourcepath="org/junit/rules/TemporaryFolder.java">
        <Message>At TemporaryFolder.java:[lines 36-169]</Message>
      </SourceLine>
      <Message>In class org.junit.rules.TemporaryFolder</Message>
    </Class>
    <Method classname="org.junit.rules.TemporaryFolder" name="recursiveDelete" signature="(Ljava/io/File;)V" isStatic="false" primary="true">
      <SourceLine classname="org.junit.rules.TemporaryFolder" start="162" end="169" startBytecode="0" endBytecode="174" sourcefile="TemporaryFolder.java" sourcepath="org/junit/rules/TemporaryFolder.java"/>
      <Message>In method org.junit.rules.TemporaryFolder.recursiveDelete(File)</Message>
    </Method>
    <Method classname="java.io.File" name="delete" signature="()Z" isStatic="false" role="METHOD_CALLED">
      <SourceLine classname="java.io.File" start="1066" end="1073" startBytecode="0" endBytecode="119" sourcefile="File.java" sourcepath="java/io/File.java"/>
      <Message>Called method java.io.File.delete()</Message>
    </Method>
    <SourceLine classname="org.junit.rules.TemporaryFolder" primary="true" start="168" end="168" startBytecode="44" endBytecode="44" sourcefile="TemporaryFolder.java" sourcepath="org/junit/rules/TemporaryFolder.java">
      <Message>At TemporaryFolder.java:[line 168]</Message>
    </SourceLine>
  </BugInstance>
  <BugInstance type="CT_CONSTRUCTOR_THROW" priority="2" rank="16" abbrev="CT" category="BAD_PRACTICE" instanceHash="3aa591ad4fcb33516e841d85798662ba" instanceOccurrenceNum="0" instanceOccurrenceMax="0">
    <ShortMessage>Be wary of letting constructors throw exceptions.</ShortMessage>
    <LongMessage>Exception thrown in class org.junit.rules.TestWatcher$1 at new org.junit.rules.TestWatcher$1(TestWatcher, Description, Statement) will leave the constructor. The object under construction remains partially initialized and may be vulnerable to Finalizer attacks.</LongMessage>
    <Class classname="org.junit.rules.TestWatcher$1" primary="true">
      <SourceLine classname="org.junit.rules.TestWatcher$1" start="50" end="68" sourcefile="TestWatcher.java" sourcepath="org/junit/rules/TestWatcher.java">
        <Message>At TestWatcher.java:[lines 50-68]</Message>
      </SourceLine>
      <Message>In class org.junit.rules.TestWatcher$1</Message>
    </Class>
    <Method classname="org.junit.rules.TestWatcher$1" name="&lt;init&gt;" signature="(Lorg/junit/rules/TestWatcher;Lorg/junit/runner/Description;Lorg/junit/runners/model/Statement;)V" isStatic="false" primary="true">
      <SourceLine classname="org.junit.rules.TestWatcher$1" start="50" end="50" startBytecode="0" endBytecode="61" sourcefile="TestWatcher.java" sourcepath="org/junit/rules/TestWatcher.java"/>
      <Message>In method new org.junit.rules.TestWatcher$1(TestWatcher, Description, Statement)</Message>
    </Method>
    <SourceLine classname="org.junit.rules.TestWatcher$1" primary="true" start="50" end="50" startBytecode="74" endBytecode="74" sourcefile="TestWatcher.java" sourcepath="org/junit/rules/TestWatcher.java">
      <Message>At TestWatcher.java:[line 50]</Message>
    </SourceLine>
    <SourceLine classname="org.junit.rules.TestWatcher$1" start="50" end="50" startBytecode="74" endBytecode="74" sourcefile="TestWatcher.java" sourcepath="org/junit/rules/TestWatcher.java">
      <Message>At TestWatcher.java:[line 50]</Message>
    </SourceLine>
  </BugInstance>
  <BugInstance type="CT_CONSTRUCTOR_THROW" priority="2" rank="16" abbrev="CT" category="BAD_PRACTICE" instanceHash="653e54f71cd933a2a6535e16f7efd78b" instanceOccurrenceNum="0" instanceOccurrenceMax="0">
    <ShortMessage>Be wary of letting constructors throw exceptions.</ShortMessage>
    <LongMessage>Exception thrown in class org.junit.rules.TestWatchman$1 at new org.junit.rules.TestWatchman$1(TestWatchman, FrameworkMethod, Statement) will leave the constructor. The object under construction remains partially initialized and may be vulnerable to Finalizer attacks.</LongMessage>
    <Class classname="org.junit.rules.TestWatchman$1" primary="true">
      <SourceLine classname="org.junit.rules.TestWatchman$1" start="50" end="63" sourcefile="TestWatchman.java" sourcepath="org/junit/rules/TestWatchman.java">
        <Message>At TestWatchman.java:[lines 50-63]</Message>
      </SourceLine>
      <Message>In class org.junit.rules.TestWatchman$1</Message>
    </Class>
    <Method classname="org.junit.rules.TestWatchman$1" name="&lt;init&gt;" signature="(Lorg/junit/rules/TestWatchman;Lorg/junit/runners/model/FrameworkMethod;Lorg/junit/runners/model/Statement;)V" isStatic="false" primary="true">
      <SourceLine classname="org.junit.rules.TestWatchman$1" start="50" end="50" startBytecode="0" endBytecode="61" sourcefile="TestWatchman.java" sourcepath="org/junit/rules/TestWatchman.java"/>
      <Message>In method new org.junit.rules.TestWatchman$1(TestWatchman, FrameworkMethod, Statement)</Message>
    </Method>
    <SourceLine classname="org.junit.rules.TestWatchman$1" primary="true" start="50" end="50" startBytecode="4" endBytecode="4" sourcefile="TestWatchman.java" sourcepath="org/junit/rules/TestWatchman.java">
      <Message>At TestWatchman.java:[line 50]</Message>
    </SourceLine>
    <SourceLine classname="org.junit.rules.TestWatchman$1" start="50" end="50" startBytecode="4" endBytecode="4" sourcefile="TestWatchman.java" sourcepath="org/junit/rules/TestWatchman.java">
      <Message>At TestWatchman.java:[line 50]</Message>
    </SourceLine>
  </BugInstance>
  <BugInstance type="SIC_INNER_SHOULD_BE_STATIC_ANON" priority="3" rank="20" abbrev="SIC" category="PERFORMANCE" instanceHash="bbcc0dcddfab307da042fc28a781d9a5" instanceOccurrenceNum="0" instanceOccurrenceMax="0">
    <ShortMessage>Could be refactored into a named static inner class</ShortMessage>
    <LongMessage>The class org.junit.rules.Timeout$1 could be refactored into a named _static_ inner class</LongMessage>
    <Class classname="org.junit.rules.Timeout$1" role="CLASS_ANONYMOUS">
      <SourceLine classname="org.junit.rules.Timeout$1" start="158" end="159" sourcefile="Timeout.java" sourcepath="org/junit/rules/Timeout.java">
        <Message>At Timeout.java:[lines 158-159]</Message>
      </SourceLine>
      <Message>Anonymous class org.junit.rules.Timeout$1</Message>
    </Class>
    <Class classname="org.junit.rules.Timeout" primary="true">
      <SourceLine classname="org.junit.rules.Timeout" start="51" end="157" sourcefile="Timeout.java" sourcepath="org/junit/rules/Timeout.java">
        <Message>At Timeout.java:[lines 51-157]</Message>
      </SourceLine>
      <Message>In class org.junit.rules.Timeout</Message>
    </Class>
    <Method classname="org.junit.rules.Timeout" name="apply" signature="(Lorg/junit/runners/model/Statement;Lorg/junit/runner/Description;)Lorg/junit/runners/model/Statement;" isStatic="false" primary="true">
      <SourceLine classname="org.junit.rules.Timeout" start="155" end="157" startBytecode="0" endBytecode="104" sourcefile="Timeout.java" sourcepath="org/junit/rules/Timeout.java"/>
      <Message>In method org.junit.rules.Timeout.apply(Statement, Description)</Message>
    </Method>
    <SourceLine classname="org.junit.rules.Timeout" primary="true" start="157" end="157" startBytecode="13" endBytecode="13" sourcefile="Timeout.java" sourcepath="org/junit/rules/Timeout.java">
      <Message>At Timeout.java:[line 157]</Message>
    </SourceLine>
  </BugInstance>
  <BugInstance type="CT_CONSTRUCTOR_THROW" priority="2" rank="16" abbrev="CT" category="BAD_PRACTICE" instanceHash="7297dba1653d754a6fa10e943b1b0142" instanceOccurrenceNum="0" instanceOccurrenceMax="0">
    <ShortMessage>Be wary of letting constructors throw exceptions.</ShortMessage>
    <LongMessage>Exception thrown in class org.junit.rules.Verifier$1 at new org.junit.rules.Verifier$1(Verifier, Statement) will leave the constructor. The object under construction remains partially initialized and may be vulnerable to Finalizer attacks.</LongMessage>
    <Class classname="org.junit.rules.Verifier$1" primary="true">
      <SourceLine classname="org.junit.rules.Verifier$1" start="34" end="37" sourcefile="Verifier.java" sourcepath="org/junit/rules/Verifier.java">
        <Message>At Verifier.java:[lines 34-37]</Message>
      </SourceLine>
      <Message>In class org.junit.rules.Verifier$1</Message>
    </Class>
    <Method classname="org.junit.rules.Verifier$1" name="&lt;init&gt;" signature="(Lorg/junit/rules/Verifier;Lorg/junit/runners/model/Statement;)V" isStatic="false" primary="true">
      <SourceLine classname="org.junit.rules.Verifier$1" start="34" end="34" startBytecode="0" endBytecode="56" sourcefile="Verifier.java" sourcepath="org/junit/rules/Verifier.java"/>
      <Message>In method new org.junit.rules.Verifier$1(Verifier, Statement)</Message>
    </Method>
    <SourceLine classname="org.junit.rules.Verifier$1" primary="true" start="34" end="34" startBytecode="4" endBytecode="4" sourcefile="Verifier.java" sourcepath="org/junit/rules/Verifier.java">
      <Message>At Verifier.java:[line 34]</Message>
    </SourceLine>
    <SourceLine classname="org.junit.rules.Verifier$1" start="34" end="34" startBytecode="4" endBytecode="4" sourcefile="Verifier.java" sourcepath="org/junit/rules/Verifier.java">
      <Message>At Verifier.java:[line 34]</Message>
    </SourceLine>
  </BugInstance>
  <BugInstance type="CT_CONSTRUCTOR_THROW" priority="2" rank="16" abbrev="CT" category="BAD_PRACTICE" instanceHash="34ccfbbfc1f052ff3f06f9a2e70f5c16" instanceOccurrenceNum="0" instanceOccurrenceMax="0">
    <ShortMessage>Be wary of letting constructors throw exceptions.</ShortMessage>
    <LongMessage>Exception thrown in class org.junit.runner.Computer$1 at new org.junit.runner.Computer$1(Computer, RunnerBuilder) will leave the constructor. The object under construction remains partially initialized and may be vulnerable to Finalizer attacks.</LongMessage>
    <Class classname="org.junit.runner.Computer$1" primary="true">
      <SourceLine classname="org.junit.runner.Computer$1" start="30" end="31" sourcefile="Computer.java" sourcepath="org/junit/runner/Computer.java">
        <Message>At Computer.java:[lines 30-31]</Message>
      </SourceLine>
      <Message>In class org.junit.runner.Computer$1</Message>
    </Class>
    <Method classname="org.junit.runner.Computer$1" name="&lt;init&gt;" signature="(Lorg/junit/runner/Computer;Lorg/junit/runners/model/RunnerBuilder;)V" isStatic="false" primary="true">
      <SourceLine classname="org.junit.runner.Computer$1" start="30" end="30" startBytecode="0" endBytecode="56" sourcefile="Computer.java" sourcepath="org/junit/runner/Computer.java"/>
      <Message>In method new org.junit.runner.Computer$1(Computer, RunnerBuilder)</Message>
    </Method>
    <SourceLine classname="org.junit.runner.Computer$1" primary="true" start="30" end="30" startBytecode="22" endBytecode="22" sourcefile="Computer.java" sourcepath="org/junit/runner/Computer.java">
      <Message>At Computer.java:[line 30]</Message>
    </SourceLine>
    <SourceLine classname="org.junit.runner.Computer$1" start="30" end="30" startBytecode="22" endBytecode="22" sourcefile="Computer.java" sourcepath="org/junit/runner/Computer.java">
      <Message>At Computer.java:[line 30]</Message>
    </SourceLine>
  </BugInstance>
  <BugInstance type="CT_CONSTRUCTOR_THROW" priority="2" rank="16" abbrev="CT" category="BAD_PRACTICE" instanceHash="1bbb91acebee57cad184825253038f6b" instanceOccurrenceNum="0" instanceOccurrenceMax="0">
    <ShortMessage>Be wary of letting constructors throw exceptions.</ShortMessage>
    <LongMessage>Exception thrown in class org.junit.runner.Description at new org.junit.runner.Description(Class, String, Serializable, Annotation[]) will leave the constructor. The object under construction remains partially initialized and may be vulnerable to Finalizer attacks.</LongMessage>
    <Class classname="org.junit.runner.Description" primary="true">
      <SourceLine classname="org.junit.runner.Description" start="33" end="314" sourcefile="Description.java" sourcepath="org/junit/runner/Description.java">
        <Message>At Description.java:[lines 33-314]</Message>
      </SourceLine>
      <Message>In class org.junit.runner.Description</Message>
    </Class>
    <Method classname="org.junit.runner.Description" name="&lt;init&gt;" signature="(Ljava/lang/Class;Ljava/lang/String;Ljava/io/Serializable;[Ljava/lang/annotation/Annotation;)V" isStatic="false" primary="true">
      <SourceLine classname="org.junit.runner.Description" start="154" end="167" startBytecode="0" endBytecode="211" sourcefile="Description.java" sourcepath="org/junit/runner/Description.java"/>
      <Message>In method new org.junit.runner.Description(Class, String, Serializable, Annotation[])</Message>
    </Method>
    <SourceLine classname="org.junit.runner.Description" primary="true" start="156" end="156" startBytecode="35" endBytecode="35" sourcefile="Description.java" sourcepath="org/junit/runner/Description.java">
      <Message>At Description.java:[line 156]</Message>
    </SourceLine>
    <SourceLine classname="org.junit.runner.Description" start="156" end="156" startBytecode="35" endBytecode="35" sourcefile="Description.java" sourcepath="org/junit/runner/Description.java">
      <Message>At Description.java:[line 156]</Message>
    </SourceLine>
  </BugInstance>
  <BugInstance type="SE_BAD_FIELD" priority="2" rank="16" abbrev="Se" category="BAD_PRACTICE" instanceHash="a747dfa777e71851a218e4227f1771a5" instanceOccurrenceNum="0" instanceOccurrenceMax="0">
    <ShortMessage>Non-transient non-serializable instance field in serializable class</ShortMessage>
    <LongMessage>Class org.junit.runner.Description defines non-transient non-serializable instance field fAnnotations</LongMessage>
    <Class classname="org.junit.runner.Description" primary="true">
      <SourceLine classname="org.junit.runner.Description" start="33" end="314" sourcefile="Description.java" sourcepath="org/junit/runner/Description.java">
        <Message>At Description.java:[lines 33-314]</Message>
      </SourceLine>
      <Message>In class org.junit.runner.Description</Message>
    </Class>
    <Field classname="org.junit.runner.Description" name="fAnnotations" signature="[Ljava/lang/annotation/Annotation;" isStatic="false" primary="true">
      <SourceLine classname="org.junit.runner.Description" sourcefile="Description.java" sourcepath="org/junit/runner/Description.java">
        <Message>In Description.java</Message>
      </SourceLine>
      <Message>Field org.junit.runner.Description.fAnnotations</Message>
    </Field>
    <Type descriptor="Ljava/lang/annotation/Annotation;" role="TYPE_FOUND">
      <SourceLine classname="java.lang.annotation.Annotation" sourcefile="Annotation.java" sourcepath="java/lang/annotation/Annotation.java">
        <Message>In Annotation.java</Message>
      </SourceLine>
      <Message>Actual type annotation.Annotation</Message>
    </Type>
    <SourceLine classname="org.junit.runner.Description" sourcefile="Description.java" sourcepath="org/junit/runner/Description.java" synthetic="true">
      <Message>In Description.java</Message>
    </SourceLine>
  </BugInstance>
  <BugInstance type="EI_EXPOSE_REP" priority="2" rank="18" abbrev="EI" category="MALICIOUS_CODE" instanceHash="7e49617c662af724697eb6b5617b013f" instanceOccurrenceNum="0" instanceOccurrenceMax="0" cweid="374">
    <ShortMessage>May expose internal representation by returning reference to mutable object</ShortMessage>
    <LongMessage>org.junit.runner.FilterFactoryParams.getTopLevelDescription() may expose internal representation by returning FilterFactoryParams.topLevelDescription</LongMessage>
    <Class classname="org.junit.runner.FilterFactoryParams" primary="true">
      <SourceLine classname="org.junit.runner.FilterFactoryParams" start="7" end="21" sourcefile="FilterFactoryParams.java" sourcepath="org/junit/runner/FilterFactoryParams.java">
        <Message>At FilterFactoryParams.java:[lines 7-21]</Message>
      </SourceLine>
      <Message>In class org.junit.runner.FilterFactoryParams</Message>
    </Class>
    <Method classname="org.junit.runner.FilterFactoryParams" name="getTopLevelDescription" signature="()Lorg/junit/runner/Description;" isStatic="false" primary="true">
      <SourceLine classname="org.junit.runner.FilterFactoryParams" start="21" end="21" startBytecode="0" endBytecode="46" sourcefile="FilterFactoryParams.java" sourcepath="org/junit/runner/FilterFactoryParams.java"/>
      <Message>In method org.junit.runner.FilterFactoryParams.getTopLevelDescription()</Message>
    </Method>
    <Field classname="org.junit.runner.FilterFactoryParams" name="topLevelDescription" signature="Lorg/junit/runner/Description;" isStatic="false" primary="true">
      <SourceLine classname="org.junit.runner.FilterFactoryParams" sourcefile="FilterFactoryParams.java" sourcepath="org/junit/runner/FilterFactoryParams.java">
        <Message>In FilterFactoryParams.java</Message>
      </SourceLine>
      <Message>Field org.junit.runner.FilterFactoryParams.topLevelDescription</Message>
    </Field>
    <SourceLine classname="org.junit.runner.FilterFactoryParams" primary="true" start="21" end="21" startBytecode="4" endBytecode="4" sourcefile="FilterFactoryParams.java" sourcepath="org/junit/runner/FilterFactoryParams.java">
      <Message>At FilterFactoryParams.java:[line 21]</Message>
    </SourceLine>
  </BugInstance>
  <BugInstance type="EI_EXPOSE_REP2" priority="2" rank="18" abbrev="EI2" category="MALICIOUS_CODE" instanceHash="ba69bbe543ad480a0cd28e734bd5d21" instanceOccurrenceNum="0" instanceOccurrenceMax="0" cweid="374">
    <ShortMessage>May expose internal representation by incorporating reference to mutable object</ShortMessage>
    <LongMessage>new org.junit.runner.FilterFactoryParams(Description, String) may expose internal representation by storing an externally mutable object into FilterFactoryParams.topLevelDescription</LongMessage>
    <Class classname="org.junit.runner.FilterFactoryParams" primary="true">
      <SourceLine classname="org.junit.runner.FilterFactoryParams" start="7" end="21" sourcefile="FilterFactoryParams.java" sourcepath="org/junit/runner/FilterFactoryParams.java">
        <Message>At FilterFactoryParams.java:[lines 7-21]</Message>
      </SourceLine>
      <Message>In class org.junit.runner.FilterFactoryParams</Message>
    </Class>
    <Method classname="org.junit.runner.FilterFactoryParams" name="&lt;init&gt;" signature="(Lorg/junit/runner/Description;Ljava/lang/String;)V" isStatic="false" primary="true">
      <SourceLine classname="org.junit.runner.FilterFactoryParams" start="7" end="14" startBytecode="0" endBytecode="112" sourcefile="FilterFactoryParams.java" sourcepath="org/junit/runner/FilterFactoryParams.java"/>
      <Message>In method new org.junit.runner.FilterFactoryParams(Description, String)</Message>
    </Method>
    <Field classname="org.junit.runner.FilterFactoryParams" name="topLevelDescription" signature="Lorg/junit/runner/Description;" isStatic="false" primary="true">
      <SourceLine classname="org.junit.runner.FilterFactoryParams" sourcefile="FilterFactoryParams.java" sourcepath="org/junit/runner/FilterFactoryParams.java">
        <Message>In FilterFactoryParams.java</Message>
      </SourceLine>
      <Message>Field org.junit.runner.FilterFactoryParams.topLevelDescription</Message>
    </Field>
    <LocalVariable name="topLevelDescription" register="1" pc="22" role="LOCAL_VARIABLE_NAMED">
      <Message>Local variable named topLevelDescription</Message>
    </LocalVariable>
    <SourceLine classname="org.junit.runner.FilterFactoryParams" primary="true" start="12" end="12" startBytecode="22" endBytecode="22" sourcefile="FilterFactoryParams.java" sourcepath="org/junit/runner/FilterFactoryParams.java">
      <Message>At FilterFactoryParams.java:[line 12]</Message>
    </SourceLine>
  </BugInstance>
  <BugInstance type="EI_EXPOSE_REP" priority="2" rank="18" abbrev="EI" category="MALICIOUS_CODE" instanceHash="bdac72d612eab929086daa6c434054a5" instanceOccurrenceNum="0" instanceOccurrenceMax="0" cweid="374">
    <ShortMessage>May expose internal representation by returning reference to mutable object</ShortMessage>
    <LongMessage>org.junit.runner.Result.getFailures() may expose internal representation by returning Result.failures</LongMessage>
    <Class classname="org.junit.runner.Result" primary="true">
      <SourceLine classname="org.junit.runner.Result" start="25" end="148" sourcefile="Result.java" sourcepath="org/junit/runner/Result.java">
        <Message>At Result.java:[lines 25-148]</Message>
      </SourceLine>
      <Message>In class org.junit.runner.Result</Message>
    </Class>
    <Method classname="org.junit.runner.Result" name="getFailures" signature="()Ljava/util/List;" isStatic="false" primary="true">
      <SourceLine classname="org.junit.runner.Result" start="79" end="79" startBytecode="0" endBytecode="46" sourcefile="Result.java" sourcepath="org/junit/runner/Result.java"/>
      <Message>In method org.junit.runner.Result.getFailures()</Message>
    </Method>
    <Field classname="org.junit.runner.Result" name="failures" signature="Ljava/util/concurrent/CopyOnWriteArrayList;" isStatic="false" primary="true">
      <SourceLine classname="org.junit.runner.Result" sourcefile="Result.java" sourcepath="org/junit/runner/Result.java">
        <Message>In Result.java</Message>
      </SourceLine>
      <Message>Field org.junit.runner.Result.failures</Message>
    </Field>
    <SourceLine classname="org.junit.runner.Result" primary="true" start="79" end="79" startBytecode="4" endBytecode="4" sourcefile="Result.java" sourcepath="org/junit/runner/Result.java">
      <Message>At Result.java:[line 79]</Message>
    </SourceLine>
  </BugInstance>
  <BugInstance type="CT_CONSTRUCTOR_THROW" priority="2" rank="16" abbrev="CT" category="BAD_PRACTICE" instanceHash="12dcada61bc57508b2f6642f305b8dc4" instanceOccurrenceNum="0" instanceOccurrenceMax="0">
    <ShortMessage>Be wary of letting constructors throw exceptions.</ShortMessage>
    <LongMessage>Exception thrown in class org.junit.runner.Result$SerializedForm at new org.junit.runner.Result$SerializedForm(ObjectInputStream$GetField) will leave the constructor. The object under construction remains partially initialized and may be vulnerable to Finalizer attacks.</LongMessage>
    <Class classname="org.junit.runner.Result$SerializedForm" primary="true">
      <SourceLine classname="org.junit.runner.Result$SerializedForm" start="155" end="193" sourcefile="Result.java" sourcepath="org/junit/runner/Result.java">
        <Message>At Result.java:[lines 155-193]</Message>
      </SourceLine>
      <Message>In class org.junit.runner.Result$SerializedForm</Message>
    </Class>
    <Method classname="org.junit.runner.Result$SerializedForm" name="&lt;init&gt;" signature="(Ljava/io/ObjectInputStream$GetField;)V" isStatic="false" primary="true">
      <SourceLine classname="org.junit.runner.Result$SerializedForm" start="172" end="178" startBytecode="0" endBytecode="144" sourcefile="Result.java" sourcepath="org/junit/runner/Result.java"/>
      <Message>In method new org.junit.runner.Result$SerializedForm(ObjectInputStream$GetField)</Message>
    </Method>
    <SourceLine classname="org.junit.runner.Result$SerializedForm" primary="true" start="177" end="177" startBytecode="60" endBytecode="60" sourcefile="Result.java" sourcepath="org/junit/runner/Result.java">
      <Message>At Result.java:[line 177]</Message>
    </SourceLine>
    <SourceLine classname="org.junit.runner.Result$SerializedForm" start="177" end="177" startBytecode="60" endBytecode="60" sourcefile="Result.java" sourcepath="org/junit/runner/Result.java">
      <Message>At Result.java:[line 177]</Message>
    </SourceLine>
  </BugInstance>
  <BugInstance type="SIC_INNER_SHOULD_BE_STATIC_ANON" priority="3" rank="20" abbrev="SIC" category="PERFORMANCE" instanceHash="d7ca59d93b302185e7c6da422153bfaf" instanceOccurrenceNum="0" instanceOccurrenceMax="0">
    <ShortMessage>Could be refactored into a named static inner class</ShortMessage>
    <LongMessage>The class org.junit.runner.manipulation.Filter$3 could be refactored into a named _static_ inner class</LongMessage>
    <Class classname="org.junit.runner.manipulation.Filter$3" role="CLASS_ANONYMOUS">
      <SourceLine classname="org.junit.runner.manipulation.Filter$3" start="112" end="118" sourcefile="Filter.java" sourcepath="org/junit/runner/manipulation/Filter.java">
        <Message>At Filter.java:[lines 112-118]</Message>
      </SourceLine>
      <Message>Anonymous class org.junit.runner.manipulation.Filter$3</Message>
    </Class>
    <Class classname="org.junit.runner.manipulation.Filter" primary="true">
      <SourceLine classname="org.junit.runner.manipulation.Filter" start="17" end="109" sourcefile="Filter.java" sourcepath="org/junit/runner/manipulation/Filter.java">
        <Message>At Filter.java:[lines 17-109]</Message>
      </SourceLine>
      <Message>In class org.junit.runner.manipulation.Filter</Message>
    </Class>
    <Method classname="org.junit.runner.manipulation.Filter" name="intersect" signature="(Lorg/junit/runner/manipulation/Filter;)Lorg/junit/runner/manipulation/Filter;" isStatic="false" primary="true">
      <SourceLine classname="org.junit.runner.manipulation.Filter" start="105" end="109" startBytecode="0" endBytecode="100" sourcefile="Filter.java" sourcepath="org/junit/runner/manipulation/Filter.java"/>
      <Message>In method org.junit.runner.manipulation.Filter.intersect(Filter)</Message>
    </Method>
    <SourceLine classname="org.junit.runner.manipulation.Filter" primary="true" start="109" end="109" startBytecode="23" endBytecode="23" sourcefile="Filter.java" sourcepath="org/junit/runner/manipulation/Filter.java">
      <Message>At Filter.java:[line 109]</Message>
    </SourceLine>
  </BugInstance>
  <BugInstance type="SE_COMPARATOR_SHOULD_BE_SERIALIZABLE" priority="3" rank="20" abbrev="Se" category="BAD_PRACTICE" instanceHash="d50b175ddb60232459db194b56b25de1" instanceOccurrenceNum="0" instanceOccurrenceMax="0">
    <ShortMessage>Comparator doesn&apos;t implement Serializable</ShortMessage>
    <LongMessage>org.junit.runner.manipulation.Sorter implements Comparator but not Serializable</LongMessage>
    <Class classname="org.junit.runner.manipulation.Sorter" primary="true">
      <SourceLine classname="org.junit.runner.manipulation.Sorter" start="13" end="46" sourcefile="Sorter.java" sourcepath="org/junit/runner/manipulation/Sorter.java">
        <Message>At Sorter.java:[lines 13-46]</Message>
      </SourceLine>
      <Message>In class org.junit.runner.manipulation.Sorter</Message>
    </Class>
    <SourceLine classname="org.junit.runner.manipulation.Sorter" start="13" end="46" sourcefile="Sorter.java" sourcepath="org/junit/runner/manipulation/Sorter.java" synthetic="true">
      <Message>At Sorter.java:[lines 13-46]</Message>
    </SourceLine>
  </BugInstance>
  <BugInstance type="EI_EXPOSE_REP" priority="2" rank="18" abbrev="EI" category="MALICIOUS_CODE" instanceHash="a80ec3d118858575f30babecb176451c" instanceOccurrenceNum="0" instanceOccurrenceMax="0" cweid="374">
    <ShortMessage>May expose internal representation by returning reference to mutable object</ShortMessage>
    <LongMessage>org.junit.runner.notification.Failure.getDescription() may expose internal representation by returning Failure.fDescription</LongMessage>
    <Class classname="org.junit.runner.notification.Failure" primary="true">
      <SourceLine classname="org.junit.runner.notification.Failure" start="35" end="85" sourcefile="Failure.java" sourcepath="org/junit/runner/notification/Failure.java">
        <Message>At Failure.java:[lines 35-85]</Message>
      </SourceLine>
      <Message>In class org.junit.runner.notification.Failure</Message>
    </Class>
    <Method classname="org.junit.runner.notification.Failure" name="getDescription" signature="()Lorg/junit/runner/Description;" isStatic="false" primary="true">
      <SourceLine classname="org.junit.runner.notification.Failure" start="51" end="51" startBytecode="0" endBytecode="46" sourcefile="Failure.java" sourcepath="org/junit/runner/notification/Failure.java"/>
      <Message>In method org.junit.runner.notification.Failure.getDescription()</Message>
    </Method>
    <Field classname="org.junit.runner.notification.Failure" name="fDescription" signature="Lorg/junit/runner/Description;" isStatic="false" primary="true">
      <SourceLine classname="org.junit.runner.notification.Failure" sourcefile="Failure.java" sourcepath="org/junit/runner/notification/Failure.java">
        <Message>In Failure.java</Message>
      </SourceLine>
      <Message>Field org.junit.runner.notification.Failure.fDescription</Message>
    </Field>
    <SourceLine classname="org.junit.runner.notification.Failure" primary="true" start="51" end="51" startBytecode="4" endBytecode="4" sourcefile="Failure.java" sourcepath="org/junit/runner/notification/Failure.java">
      <Message>At Failure.java:[line 51]</Message>
    </SourceLine>
  </BugInstance>
  <BugInstance type="EI_EXPOSE_REP" priority="2" rank="18" abbrev="EI" category="MALICIOUS_CODE" instanceHash="758592bad3cbc751b685d3d25333b07c" instanceOccurrenceNum="0" instanceOccurrenceMax="0" cweid="374">
    <ShortMessage>May expose internal representation by returning reference to mutable object</ShortMessage>
    <LongMessage>org.junit.runner.notification.Failure.getException() may expose internal representation by returning Failure.fThrownException</LongMessage>
    <Class classname="org.junit.runner.notification.Failure" primary="true">
      <SourceLine classname="org.junit.runner.notification.Failure" start="35" end="85" sourcefile="Failure.java" sourcepath="org/junit/runner/notification/Failure.java">
        <Message>At Failure.java:[lines 35-85]</Message>
      </SourceLine>
      <Message>In class org.junit.runner.notification.Failure</Message>
    </Class>
    <Method classname="org.junit.runner.notification.Failure" name="getException" signature="()Ljava/lang/Throwable;" isStatic="false" primary="true">
      <SourceLine classname="org.junit.runner.notification.Failure" start="59" end="59" startBytecode="0" endBytecode="46" sourcefile="Failure.java" sourcepath="org/junit/runner/notification/Failure.java"/>
      <Message>In method org.junit.runner.notification.Failure.getException()</Message>
    </Method>
    <Field classname="org.junit.runner.notification.Failure" name="fThrownException" signature="Ljava/lang/Throwable;" isStatic="false" primary="true">
      <SourceLine classname="org.junit.runner.notification.Failure" sourcefile="Failure.java" sourcepath="org/junit/runner/notification/Failure.java">
        <Message>In Failure.java</Message>
      </SourceLine>
      <Message>Field org.junit.runner.notification.Failure.fThrownException</Message>
    </Field>
    <SourceLine classname="org.junit.runner.notification.Failure" primary="true" start="59" end="59" startBytecode="4" endBytecode="4" sourcefile="Failure.java" sourcepath="org/junit/runner/notification/Failure.java">
      <Message>At Failure.java:[line 59]</Message>
    </SourceLine>
  </BugInstance>
  <BugInstance type="EI_EXPOSE_REP2" priority="2" rank="18" abbrev="EI2" category="MALICIOUS_CODE" instanceHash="818d0e619ffbad74b9ee086490a00189" instanceOccurrenceNum="0" instanceOccurrenceMax="0" cweid="374">
    <ShortMessage>May expose internal representation by incorporating reference to mutable object</ShortMessage>
    <LongMessage>new org.junit.runner.notification.Failure(Description, Throwable) may expose internal representation by storing an externally mutable object into Failure.fDescription</LongMessage>
    <Class classname="org.junit.runner.notification.Failure" primary="true">
      <SourceLine classname="org.junit.runner.notification.Failure" start="35" end="85" sourcefile="Failure.java" sourcepath="org/junit/runner/notification/Failure.java">
        <Message>At Failure.java:[lines 35-85]</Message>
      </SourceLine>
      <Message>In class org.junit.runner.notification.Failure</Message>
    </Class>
    <Method classname="org.junit.runner.notification.Failure" name="&lt;init&gt;" signature="(Lorg/junit/runner/Description;Ljava/lang/Throwable;)V" isStatic="false" primary="true">
      <SourceLine classname="org.junit.runner.notification.Failure" start="35" end="38" startBytecode="0" endBytecode="88" sourcefile="Failure.java" sourcepath="org/junit/runner/notification/Failure.java"/>
      <Message>In method new org.junit.runner.notification.Failure(Description, Throwable)</Message>
    </Method>
    <Field classname="org.junit.runner.notification.Failure" name="fDescription" signature="Lorg/junit/runner/Description;" isStatic="false" primary="true">
      <SourceLine classname="org.junit.runner.notification.Failure" sourcefile="Failure.java" sourcepath="org/junit/runner/notification/Failure.java">
        <Message>In Failure.java</Message>
      </SourceLine>
      <Message>Field org.junit.runner.notification.Failure.fDescription</Message>
    </Field>
    <LocalVariable name="description" register="1" pc="11" role="LOCAL_VARIABLE_NAMED">
      <Message>Local variable named description</Message>
    </LocalVariable>
    <SourceLine classname="org.junit.runner.notification.Failure" primary="true" start="37" end="37" startBytecode="11" endBytecode="11" sourcefile="Failure.java" sourcepath="org/junit/runner/notification/Failure.java">
      <Message>At Failure.java:[line 37]</Message>
    </SourceLine>
  </BugInstance>
  <BugInstance type="EI_EXPOSE_REP2" priority="2" rank="18" abbrev="EI2" category="MALICIOUS_CODE" instanceHash="9bbe3e908c86aa8fed68eb59f24b4b06" instanceOccurrenceNum="0" instanceOccurrenceMax="0" cweid="374">
    <ShortMessage>May expose internal representation by incorporating reference to mutable object</ShortMessage>
    <LongMessage>new org.junit.runner.notification.Failure(Description, Throwable) may expose internal representation by storing an externally mutable object into Failure.fThrownException</LongMessage>
    <Class classname="org.junit.runner.notification.Failure" primary="true">
      <SourceLine classname="org.junit.runner.notification.Failure" start="35" end="85" sourcefile="Failure.java" sourcepath="org/junit/runner/notification/Failure.java">
        <Message>At Failure.java:[lines 35-85]</Message>
      </SourceLine>
      <Message>In class org.junit.runner.notification.Failure</Message>
    </Class>
    <Method classname="org.junit.runner.notification.Failure" name="&lt;init&gt;" signature="(Lorg/junit/runner/Description;Ljava/lang/Throwable;)V" isStatic="false" primary="true">
      <SourceLine classname="org.junit.runner.notification.Failure" start="35" end="38" startBytecode="0" endBytecode="88" sourcefile="Failure.java" sourcepath="org/junit/runner/notification/Failure.java"/>
      <Message>In method new org.junit.runner.notification.Failure(Description, Throwable)</Message>
    </Method>
    <Field classname="org.junit.runner.notification.Failure" name="fThrownException" signature="Ljava/lang/Throwable;" isStatic="false" primary="true">
      <SourceLine classname="org.junit.runner.notification.Failure" sourcefile="Failure.java" sourcepath="org/junit/runner/notification/Failure.java">
        <Message>In Failure.java</Message>
      </SourceLine>
      <Message>Field org.junit.runner.notification.Failure.fThrownException</Message>
    </Field>
    <LocalVariable name="thrownException" register="2" pc="6" role="LOCAL_VARIABLE_NAMED">
      <Message>Local variable named thrownException</Message>
    </LocalVariable>
    <SourceLine classname="org.junit.runner.notification.Failure" primary="true" start="36" end="36" startBytecode="6" endBytecode="6" sourcefile="Failure.java" sourcepath="org/junit/runner/notification/Failure.java">
      <Message>At Failure.java:[line 36]</Message>
    </SourceLine>
  </BugInstance>
  <BugInstance type="CT_CONSTRUCTOR_THROW" priority="2" rank="16" abbrev="CT" category="BAD_PRACTICE" instanceHash="db5be7610e9322d8e216d9fd4b19f62e" instanceOccurrenceNum="0" instanceOccurrenceMax="0">
    <ShortMessage>Be wary of letting constructors throw exceptions.</ShortMessage>
    <LongMessage>Exception thrown in class org.junit.runner.notification.RunNotifier$1 at new org.junit.runner.notification.RunNotifier$1(RunNotifier, Description) will leave the constructor. The object under construction remains partially initialized and may be vulnerable to Finalizer attacks.</LongMessage>
    <Class classname="org.junit.runner.notification.RunNotifier$1" primary="true">
      <SourceLine classname="org.junit.runner.notification.RunNotifier$1" start="90" end="92" sourcefile="RunNotifier.java" sourcepath="org/junit/runner/notification/RunNotifier.java">
        <Message>At RunNotifier.java:[lines 90-92]</Message>
      </SourceLine>
      <Message>In class org.junit.runner.notification.RunNotifier$1</Message>
    </Class>
    <Method classname="org.junit.runner.notification.RunNotifier$1" name="&lt;init&gt;" signature="(Lorg/junit/runner/notification/RunNotifier;Lorg/junit/runner/Description;)V" isStatic="false" primary="true">
      <SourceLine classname="org.junit.runner.notification.RunNotifier$1" start="90" end="90" startBytecode="0" endBytecode="57" sourcefile="RunNotifier.java" sourcepath="org/junit/runner/notification/RunNotifier.java"/>
      <Message>In method new org.junit.runner.notification.RunNotifier$1(RunNotifier, Description)</Message>
    </Method>
    <SourceLine classname="org.junit.runner.notification.RunNotifier$1" primary="true" start="90" end="90" startBytecode="8" endBytecode="8" sourcefile="RunNotifier.java" sourcepath="org/junit/runner/notification/RunNotifier.java">
      <Message>At RunNotifier.java:[line 90]</Message>
    </SourceLine>
    <SourceLine classname="org.junit.runner.notification.RunNotifier$1" start="90" end="90" startBytecode="8" endBytecode="8" sourcefile="RunNotifier.java" sourcepath="org/junit/runner/notification/RunNotifier.java">
      <Message>At RunNotifier.java:[line 90]</Message>
    </SourceLine>
  </BugInstance>
  <BugInstance type="CT_CONSTRUCTOR_THROW" priority="2" rank="16" abbrev="CT" category="BAD_PRACTICE" instanceHash="c89dbeac64d3ad4af6e24ac4138d29eb" instanceOccurrenceNum="0" instanceOccurrenceMax="0">
    <ShortMessage>Be wary of letting constructors throw exceptions.</ShortMessage>
    <LongMessage>Exception thrown in class org.junit.runner.notification.RunNotifier$2 at new org.junit.runner.notification.RunNotifier$2(RunNotifier, Result) will leave the constructor. The object under construction remains partially initialized and may be vulnerable to Finalizer attacks.</LongMessage>
    <Class classname="org.junit.runner.notification.RunNotifier$2" primary="true">
      <SourceLine classname="org.junit.runner.notification.RunNotifier$2" start="102" end="104" sourcefile="RunNotifier.java" sourcepath="org/junit/runner/notification/RunNotifier.java">
        <Message>At RunNotifier.java:[lines 102-104]</Message>
      </SourceLine>
      <Message>In class org.junit.runner.notification.RunNotifier$2</Message>
    </Class>
    <Method classname="org.junit.runner.notification.RunNotifier$2" name="&lt;init&gt;" signature="(Lorg/junit/runner/notification/RunNotifier;Lorg/junit/runner/Result;)V" isStatic="false" primary="true">
      <SourceLine classname="org.junit.runner.notification.RunNotifier$2" start="102" end="102" startBytecode="0" endBytecode="57" sourcefile="RunNotifier.java" sourcepath="org/junit/runner/notification/RunNotifier.java"/>
      <Message>In method new org.junit.runner.notification.RunNotifier$2(RunNotifier, Result)</Message>
    </Method>
    <SourceLine classname="org.junit.runner.notification.RunNotifier$2" primary="true" start="102" end="102" startBytecode="8" endBytecode="8" sourcefile="RunNotifier.java" sourcepath="org/junit/runner/notification/RunNotifier.java">
      <Message>At RunNotifier.java:[line 102]</Message>
    </SourceLine>
    <SourceLine classname="org.junit.runner.notification.RunNotifier$2" start="102" end="102" startBytecode="8" endBytecode="8" sourcefile="RunNotifier.java" sourcepath="org/junit/runner/notification/RunNotifier.java">
      <Message>At RunNotifier.java:[line 102]</Message>
    </SourceLine>
  </BugInstance>
  <BugInstance type="CT_CONSTRUCTOR_THROW" priority="2" rank="16" abbrev="CT" category="BAD_PRACTICE" instanceHash="e9463535bc9141ffc7653664a51f638a" instanceOccurrenceNum="0" instanceOccurrenceMax="0">
    <ShortMessage>Be wary of letting constructors throw exceptions.</ShortMessage>
    <LongMessage>Exception thrown in class org.junit.runner.notification.RunNotifier$3 at new org.junit.runner.notification.RunNotifier$3(RunNotifier, Description) will leave the constructor. The object under construction remains partially initialized and may be vulnerable to Finalizer attacks.</LongMessage>
    <Class classname="org.junit.runner.notification.RunNotifier$3" primary="true">
      <SourceLine classname="org.junit.runner.notification.RunNotifier$3" start="120" end="122" sourcefile="RunNotifier.java" sourcepath="org/junit/runner/notification/RunNotifier.java">
        <Message>At RunNotifier.java:[lines 120-122]</Message>
      </SourceLine>
      <Message>In class org.junit.runner.notification.RunNotifier$3</Message>
    </Class>
    <Method classname="org.junit.runner.notification.RunNotifier$3" name="&lt;init&gt;" signature="(Lorg/junit/runner/notification/RunNotifier;Lorg/junit/runner/Description;)V" isStatic="false" primary="true">
      <SourceLine classname="org.junit.runner.notification.RunNotifier$3" start="120" end="120" startBytecode="0" endBytecode="57" sourcefile="RunNotifier.java" sourcepath="org/junit/runner/notification/RunNotifier.java"/>
      <Message>In method new org.junit.runner.notification.RunNotifier$3(RunNotifier, Description)</Message>
    </Method>
    <SourceLine classname="org.junit.runner.notification.RunNotifier$3" primary="true" start="120" end="120" startBytecode="8" endBytecode="8" sourcefile="RunNotifier.java" sourcepath="org/junit/runner/notification/RunNotifier.java">
      <Message>At RunNotifier.java:[line 120]</Message>
    </SourceLine>
    <SourceLine classname="org.junit.runner.notification.RunNotifier$3" start="120" end="120" startBytecode="8" endBytecode="8" sourcefile="RunNotifier.java" sourcepath="org/junit/runner/notification/RunNotifier.java">
      <Message>At RunNotifier.java:[line 120]</Message>
    </SourceLine>
  </BugInstance>
  <BugInstance type="CT_CONSTRUCTOR_THROW" priority="2" rank="16" abbrev="CT" category="BAD_PRACTICE" instanceHash="dab8923ba58fb8111368c7792ff02de8" instanceOccurrenceNum="0" instanceOccurrenceMax="0">
    <ShortMessage>Be wary of letting constructors throw exceptions.</ShortMessage>
    <LongMessage>Exception thrown in class org.junit.runner.notification.RunNotifier$4 at new org.junit.runner.notification.RunNotifier$4(RunNotifier, List, List) will leave the constructor. The object under construction remains partially initialized and may be vulnerable to Finalizer attacks.</LongMessage>
    <Class classname="org.junit.runner.notification.RunNotifier$4" primary="true">
      <SourceLine classname="org.junit.runner.notification.RunNotifier$4" start="140" end="144" sourcefile="RunNotifier.java" sourcepath="org/junit/runner/notification/RunNotifier.java">
        <Message>At RunNotifier.java:[lines 140-144]</Message>
      </SourceLine>
      <Message>In class org.junit.runner.notification.RunNotifier$4</Message>
    </Class>
    <Method classname="org.junit.runner.notification.RunNotifier$4" name="&lt;init&gt;" signature="(Lorg/junit/runner/notification/RunNotifier;Ljava/util/List;Ljava/util/List;)V" isStatic="false" primary="true">
      <SourceLine classname="org.junit.runner.notification.RunNotifier$4" start="140" end="140" startBytecode="0" endBytecode="86" sourcefile="RunNotifier.java" sourcepath="org/junit/runner/notification/RunNotifier.java"/>
      <Message>In method new org.junit.runner.notification.RunNotifier$4(RunNotifier, List, List)</Message>
    </Method>
    <SourceLine classname="org.junit.runner.notification.RunNotifier$4" primary="true" start="140" end="140" startBytecode="108" endBytecode="108" sourcefile="RunNotifier.java" sourcepath="org/junit/runner/notification/RunNotifier.java">
      <Message>At RunNotifier.java:[line 140]</Message>
    </SourceLine>
    <SourceLine classname="org.junit.runner.notification.RunNotifier$4" start="140" end="140" startBytecode="108" endBytecode="108" sourcefile="RunNotifier.java" sourcepath="org/junit/runner/notification/RunNotifier.java">
      <Message>At RunNotifier.java:[line 140]</Message>
    </SourceLine>
  </BugInstance>
  <BugInstance type="CT_CONSTRUCTOR_THROW" priority="2" rank="16" abbrev="CT" category="BAD_PRACTICE" instanceHash="7f7da57066b110c5452fa7a6a2bbb8c8" instanceOccurrenceNum="0" instanceOccurrenceMax="0">
    <ShortMessage>Be wary of letting constructors throw exceptions.</ShortMessage>
    <LongMessage>Exception thrown in class org.junit.runner.notification.RunNotifier$6 at new org.junit.runner.notification.RunNotifier$6(RunNotifier, Description) will leave the constructor. The object under construction remains partially initialized and may be vulnerable to Finalizer attacks.</LongMessage>
    <Class classname="org.junit.runner.notification.RunNotifier$6" primary="true">
      <SourceLine classname="org.junit.runner.notification.RunNotifier$6" start="173" end="175" sourcefile="RunNotifier.java" sourcepath="org/junit/runner/notification/RunNotifier.java">
        <Message>At RunNotifier.java:[lines 173-175]</Message>
      </SourceLine>
      <Message>In class org.junit.runner.notification.RunNotifier$6</Message>
    </Class>
    <Method classname="org.junit.runner.notification.RunNotifier$6" name="&lt;init&gt;" signature="(Lorg/junit/runner/notification/RunNotifier;Lorg/junit/runner/Description;)V" isStatic="false" primary="true">
      <SourceLine classname="org.junit.runner.notification.RunNotifier$6" start="173" end="173" startBytecode="0" endBytecode="57" sourcefile="RunNotifier.java" sourcepath="org/junit/runner/notification/RunNotifier.java"/>
      <Message>In method new org.junit.runner.notification.RunNotifier$6(RunNotifier, Description)</Message>
    </Method>
    <SourceLine classname="org.junit.runner.notification.RunNotifier$6" primary="true" start="173" end="173" startBytecode="8" endBytecode="8" sourcefile="RunNotifier.java" sourcepath="org/junit/runner/notification/RunNotifier.java">
      <Message>At RunNotifier.java:[line 173]</Message>
    </SourceLine>
    <SourceLine classname="org.junit.runner.notification.RunNotifier$6" start="173" end="173" startBytecode="8" endBytecode="8" sourcefile="RunNotifier.java" sourcepath="org/junit/runner/notification/RunNotifier.java">
      <Message>At RunNotifier.java:[line 173]</Message>
    </SourceLine>
  </BugInstance>
  <BugInstance type="CT_CONSTRUCTOR_THROW" priority="2" rank="16" abbrev="CT" category="BAD_PRACTICE" instanceHash="4ee2f46e33f5d6c5964132b49e396341" instanceOccurrenceNum="0" instanceOccurrenceMax="0">
    <ShortMessage>Be wary of letting constructors throw exceptions.</ShortMessage>
    <LongMessage>Exception thrown in class org.junit.runner.notification.RunNotifier$7 at new org.junit.runner.notification.RunNotifier$7(RunNotifier, Description) will leave the constructor. The object under construction remains partially initialized and may be vulnerable to Finalizer attacks.</LongMessage>
    <Class classname="org.junit.runner.notification.RunNotifier$7" primary="true">
      <SourceLine classname="org.junit.runner.notification.RunNotifier$7" start="189" end="191" sourcefile="RunNotifier.java" sourcepath="org/junit/runner/notification/RunNotifier.java">
        <Message>At RunNotifier.java:[lines 189-191]</Message>
      </SourceLine>
      <Message>In class org.junit.runner.notification.RunNotifier$7</Message>
    </Class>
    <Method classname="org.junit.runner.notification.RunNotifier$7" name="&lt;init&gt;" signature="(Lorg/junit/runner/notification/RunNotifier;Lorg/junit/runner/Description;)V" isStatic="false" primary="true">
      <SourceLine classname="org.junit.runner.notification.RunNotifier$7" start="189" end="189" startBytecode="0" endBytecode="57" sourcefile="RunNotifier.java" sourcepath="org/junit/runner/notification/RunNotifier.java"/>
      <Message>In method new org.junit.runner.notification.RunNotifier$7(RunNotifier, Description)</Message>
    </Method>
    <SourceLine classname="org.junit.runner.notification.RunNotifier$7" primary="true" start="189" end="189" startBytecode="8" endBytecode="8" sourcefile="RunNotifier.java" sourcepath="org/junit/runner/notification/RunNotifier.java">
      <Message>At RunNotifier.java:[line 189]</Message>
    </SourceLine>
    <SourceLine classname="org.junit.runner.notification.RunNotifier$7" start="189" end="189" startBytecode="8" endBytecode="8" sourcefile="RunNotifier.java" sourcepath="org/junit/runner/notification/RunNotifier.java">
      <Message>At RunNotifier.java:[line 189]</Message>
    </SourceLine>
  </BugInstance>
  <BugInstance type="CT_CONSTRUCTOR_THROW" priority="2" rank="16" abbrev="CT" category="BAD_PRACTICE" instanceHash="6e086375b52cb157b40ee0f43a8df853" instanceOccurrenceNum="0" instanceOccurrenceMax="0">
    <ShortMessage>Be wary of letting constructors throw exceptions.</ShortMessage>
    <LongMessage>Exception thrown in class org.junit.runners.AllTests at new org.junit.runners.AllTests(Class) will leave the constructor. The object under construction remains partially initialized and may be vulnerable to Finalizer attacks.</LongMessage>
    <Class classname="org.junit.runners.AllTests" primary="true">
      <SourceLine classname="org.junit.runners.AllTests" start="25" end="26" sourcefile="AllTests.java" sourcepath="org/junit/runners/AllTests.java">
        <Message>At AllTests.java:[lines 25-26]</Message>
      </SourceLine>
      <Message>In class org.junit.runners.AllTests</Message>
    </Class>
    <Method classname="org.junit.runners.AllTests" name="&lt;init&gt;" signature="(Ljava/lang/Class;)V" isStatic="false" primary="true">
      <SourceLine classname="org.junit.runners.AllTests" start="25" end="26" startBytecode="0" endBytecode="79" sourcefile="AllTests.java" sourcepath="org/junit/runners/AllTests.java"/>
      <Message>In method new org.junit.runners.AllTests(Class)</Message>
    </Method>
    <SourceLine classname="org.junit.runners.AllTests" primary="true" start="26" end="26" startBytecode="34" endBytecode="34" sourcefile="AllTests.java" sourcepath="org/junit/runners/AllTests.java">
      <Message>At AllTests.java:[line 26]</Message>
    </SourceLine>
    <SourceLine classname="org.junit.runners.AllTests" start="26" end="26" startBytecode="34" endBytecode="34" sourcefile="AllTests.java" sourcepath="org/junit/runners/AllTests.java">
      <Message>At AllTests.java:[line 26]</Message>
    </SourceLine>
  </BugInstance>
  <BugInstance type="CT_CONSTRUCTOR_THROW" priority="2" rank="16" abbrev="CT" category="BAD_PRACTICE" instanceHash="8caa2cd5b07fddcd70d7142eb6b096f9" instanceOccurrenceNum="0" instanceOccurrenceMax="0">
    <ShortMessage>Be wary of letting constructors throw exceptions.</ShortMessage>
    <LongMessage>Exception thrown in class org.junit.runners.BlockJUnit4ClassRunner at new org.junit.runners.BlockJUnit4ClassRunner(Class) will leave the constructor. The object under construction remains partially initialized and may be vulnerable to Finalizer attacks.</LongMessage>
    <Class classname="org.junit.runners.BlockJUnit4ClassRunner" primary="true">
      <SourceLine classname="org.junit.runners.BlockJUnit4ClassRunner" start="57" end="435" sourcefile="BlockJUnit4ClassRunner.java" sourcepath="org/junit/runners/BlockJUnit4ClassRunner.java">
        <Message>At BlockJUnit4ClassRunner.java:[lines 57-435]</Message>
      </SourceLine>
      <Message>In class org.junit.runners.BlockJUnit4ClassRunner</Message>
    </Class>
    <Method classname="org.junit.runners.BlockJUnit4ClassRunner" name="&lt;init&gt;" signature="(Ljava/lang/Class;)V" isStatic="false" primary="true">
      <SourceLine classname="org.junit.runners.BlockJUnit4ClassRunner" start="65" end="66" startBytecode="0" endBytecode="94" sourcefile="BlockJUnit4ClassRunner.java" sourcepath="org/junit/runners/BlockJUnit4ClassRunner.java"/>
      <Message>In method new org.junit.runners.BlockJUnit4ClassRunner(Class)</Message>
    </Method>
    <SourceLine classname="org.junit.runners.BlockJUnit4ClassRunner" primary="true" start="58" end="58" startBytecode="7" endBytecode="7" sourcefile="BlockJUnit4ClassRunner.java" sourcepath="org/junit/runners/BlockJUnit4ClassRunner.java">
      <Message>At BlockJUnit4ClassRunner.java:[line 58]</Message>
    </SourceLine>
    <SourceLine classname="org.junit.runners.BlockJUnit4ClassRunner" start="58" end="58" startBytecode="7" endBytecode="7" sourcefile="BlockJUnit4ClassRunner.java" sourcepath="org/junit/runners/BlockJUnit4ClassRunner.java">
      <Message>At BlockJUnit4ClassRunner.java:[line 58]</Message>
    </SourceLine>
  </BugInstance>
  <BugInstance type="GC_UNRELATED_TYPES" priority="2" rank="3" abbrev="GC" category="CORRECTNESS" instanceHash="2948eb4e7719a0db1907c2399dfcb4b8" instanceOccurrenceNum="0" instanceOccurrenceMax="0">
    <ShortMessage>No relationship between generic parameter and method argument</ShortMessage>
    <LongMessage>org.junit.rules.MethodRule is incompatible with expected argument type org.junit.rules.TestRule in org.junit.runners.BlockJUnit4ClassRunner.withMethodRules(FrameworkMethod, List, Object, Statement)</LongMessage>
    <Class classname="org.junit.runners.BlockJUnit4ClassRunner" primary="true">
      <SourceLine classname="org.junit.runners.BlockJUnit4ClassRunner" start="57" end="435" sourcefile="BlockJUnit4ClassRunner.java" sourcepath="org/junit/runners/BlockJUnit4ClassRunner.java">
        <Message>At BlockJUnit4ClassRunner.java:[lines 57-435]</Message>
      </SourceLine>
      <Message>In class org.junit.runners.BlockJUnit4ClassRunner</Message>
    </Class>
    <Method classname="org.junit.runners.BlockJUnit4ClassRunner" name="withMethodRules" signature="(Lorg/junit/runners/model/FrameworkMethod;Ljava/util/List;Ljava/lang/Object;Lorg/junit/runners/model/Statement;)Lorg/junit/runners/model/Statement;" isStatic="false" primary="true">
      <SourceLine classname="org.junit.runners.BlockJUnit4ClassRunner" start="363" end="368" startBytecode="0" endBytecode="24" sourcefile="BlockJUnit4ClassRunner.java" sourcepath="org/junit/runners/BlockJUnit4ClassRunner.java"/>
      <Message>In method org.junit.runners.BlockJUnit4ClassRunner.withMethodRules(FrameworkMethod, List, Object, Statement)</Message>
    </Method>
    <Type descriptor="Lorg/junit/rules/MethodRule;" role="TYPE_FOUND">
      <SourceLine classname="org.junit.rules.MethodRule" sourcefile="MethodRule.java" sourcepath="org/junit/rules/MethodRule.java">
        <Message>In MethodRule.java</Message>
      </SourceLine>
      <Message>Actual type org.junit.rules.MethodRule</Message>
    </Type>
    <Type descriptor="Lorg/junit/rules/TestRule;" role="TYPE_EXPECTED">
      <SourceLine classname="org.junit.rules.TestRule" sourcefile="TestRule.java" sourcepath="org/junit/rules/TestRule.java">
        <Message>In TestRule.java</Message>
      </SourceLine>
      <Message>Expected org.junit.rules.TestRule</Message>
    </Type>
    <Method classname="java.util.List" name="contains" signature="(Ljava/lang/Object;)Z" isStatic="false" role="METHOD_CALLED">
      <SourceLine classname="java.util.List" sourcefile="List.java" sourcepath="java/util/List.java"/>
      <Message>Called method java.util.List.contains(Object)</Message>
    </Method>
    <LocalVariable name="testRules" register="2" pc="35" role="LOCAL_VARIABLE_INVOKED_ON">
      <Message>Invoked on testRules</Message>
    </LocalVariable>
    <LocalVariable name="each" register="6" pc="35" role="LOCAL_VARIABLE_ARGUMENT">
      <Message>each passed as argument</Message>
    </LocalVariable>
    <Method classname="java.lang.Object" name="equals" signature="(Ljava/lang/Object;)Z" isStatic="false" role="METHOD_EQUALS_USED">
      <SourceLine classname="java.lang.Object" start="163" end="163" startBytecode="0" endBytecode="73" sourcefile="Object.java" sourcepath="java/lang/Object.java"/>
      <Message>Object.equals(Object) used to determine equality</Message>
    </Method>
    <SourceLine classname="org.junit.runners.BlockJUnit4ClassRunner" primary="true" start="364" end="364" startBytecode="37" endBytecode="37" sourcefile="BlockJUnit4ClassRunner.java" sourcepath="org/junit/runners/BlockJUnit4ClassRunner.java">
      <Message>At BlockJUnit4ClassRunner.java:[line 364]</Message>
    </SourceLine>
  </BugInstance>
  <BugInstance type="RV_RETURN_VALUE_OF_PUTIFABSENT_IGNORED" priority="1" rank="8" abbrev="RV" category="MT_CORRECTNESS" instanceHash="eda7f36a4692bb4eb3b662bd5e0e1982" instanceOccurrenceNum="0" instanceOccurrenceMax="0" cweid="440">
    <ShortMessage>Return value of putIfAbsent ignored, value passed to putIfAbsent reused</ShortMessage>
    <LongMessage>Return value of putIfAbsent is ignored, but description is reused in org.junit.runners.BlockJUnit4ClassRunner.describeChild(FrameworkMethod)</LongMessage>
    <Class classname="org.junit.runners.BlockJUnit4ClassRunner" primary="true">
      <SourceLine classname="org.junit.runners.BlockJUnit4ClassRunner" start="57" end="435" sourcefile="BlockJUnit4ClassRunner.java" sourcepath="org/junit/runners/BlockJUnit4ClassRunner.java">
        <Message>At BlockJUnit4ClassRunner.java:[lines 57-435]</Message>
      </SourceLine>
      <Message>In class org.junit.runners.BlockJUnit4ClassRunner</Message>
    </Class>
    <Method classname="org.junit.runners.BlockJUnit4ClassRunner" name="describeChild" signature="(Lorg/junit/runners/model/FrameworkMethod;)Lorg/junit/runner/Description;" isStatic="false" primary="true">
      <SourceLine classname="org.junit.runners.BlockJUnit4ClassRunner" start="93" end="101" startBytecode="0" endBytecode="25" sourcefile="BlockJUnit4ClassRunner.java" sourcepath="org/junit/runners/BlockJUnit4ClassRunner.java"/>
      <Message>In method org.junit.runners.BlockJUnit4ClassRunner.describeChild(FrameworkMethod)</Message>
    </Method>
    <Method classname="java.util.concurrent.ConcurrentHashMap" name="putIfAbsent" signature="(Ljava/lang/Object;Ljava/lang/Object;)Ljava/lang/Object;" isStatic="false" role="METHOD_CALLED">
      <SourceLine classname="java.util.concurrent.ConcurrentHashMap" start="1541" end="1541" startBytecode="0" endBytecode="107" sourcefile="ConcurrentHashMap.java" sourcepath="java/util/concurrent/ConcurrentHashMap.java"/>
      <Message>Called method java.util.concurrent.ConcurrentHashMap.putIfAbsent(Object, Object)</Message>
    </Method>
    <Type descriptor="Lorg/junit/runner/Description;">
      <SourceLine classname="org.junit.runner.Description" start="33" end="314" sourcefile="Description.java" sourcepath="org/junit/runner/Description.java">
        <Message>At Description.java:[lines 33-314]</Message>
      </SourceLine>
      <Message>Type org.junit.runner.Description</Message>
    </Type>
    <LocalVariable name="description" register="2" pc="41" role="LOCAL_VARIABLE_VALUE_OF">
      <Message>Value loaded from description</Message>
    </LocalVariable>
    <SourceLine classname="org.junit.runners.BlockJUnit4ClassRunner" primary="true" start="98" end="98" startBytecode="42" endBytecode="42" sourcefile="BlockJUnit4ClassRunner.java" sourcepath="org/junit/runners/BlockJUnit4ClassRunner.java">
      <Message>At BlockJUnit4ClassRunner.java:[line 98]</Message>
    </SourceLine>
  </BugInstance>
  <BugInstance type="CT_CONSTRUCTOR_THROW" priority="2" rank="16" abbrev="CT" category="BAD_PRACTICE" instanceHash="3e4b89d90069b1772f23c192e87c339c" instanceOccurrenceNum="0" instanceOccurrenceMax="0">
    <ShortMessage>Be wary of letting constructors throw exceptions.</ShortMessage>
    <LongMessage>Exception thrown in class org.junit.runners.BlockJUnit4ClassRunner$1 at new org.junit.runners.BlockJUnit4ClassRunner$1(BlockJUnit4ClassRunner) will leave the constructor. The object under construction remains partially initialized and may be vulnerable to Finalizer attacks.</LongMessage>
    <Class classname="org.junit.runners.BlockJUnit4ClassRunner$1" primary="true">
      <SourceLine classname="org.junit.runners.BlockJUnit4ClassRunner$1" start="265" end="266" sourcefile="BlockJUnit4ClassRunner.java" sourcepath="org/junit/runners/BlockJUnit4ClassRunner.java">
        <Message>At BlockJUnit4ClassRunner.java:[lines 265-266]</Message>
      </SourceLine>
      <Message>In class org.junit.runners.BlockJUnit4ClassRunner$1</Message>
    </Class>
    <Method classname="org.junit.runners.BlockJUnit4ClassRunner$1" name="&lt;init&gt;" signature="(Lorg/junit/runners/BlockJUnit4ClassRunner;)V" isStatic="false" primary="true">
      <SourceLine classname="org.junit.runners.BlockJUnit4ClassRunner$1" start="265" end="265" startBytecode="0" endBytecode="51" sourcefile="BlockJUnit4ClassRunner.java" sourcepath="org/junit/runners/BlockJUnit4ClassRunner.java"/>
      <Message>In method new org.junit.runners.BlockJUnit4ClassRunner$1(BlockJUnit4ClassRunner)</Message>
    </Method>
    <SourceLine classname="org.junit.runners.BlockJUnit4ClassRunner$1" primary="true" start="265" end="265" startBytecode="5" endBytecode="5" sourcefile="BlockJUnit4ClassRunner.java" sourcepath="org/junit/runners/BlockJUnit4ClassRunner.java">
      <Message>At BlockJUnit4ClassRunner.java:[line 265]</Message>
    </SourceLine>
    <SourceLine classname="org.junit.runners.BlockJUnit4ClassRunner$1" start="265" end="265" startBytecode="5" endBytecode="5" sourcefile="BlockJUnit4ClassRunner.java" sourcepath="org/junit/runners/BlockJUnit4ClassRunner.java">
      <Message>At BlockJUnit4ClassRunner.java:[line 265]</Message>
    </SourceLine>
  </BugInstance>
  <BugInstance type="CT_CONSTRUCTOR_THROW" priority="2" rank="16" abbrev="CT" category="BAD_PRACTICE" instanceHash="94b57675bbaedd6028ff380e83b59cbf" instanceOccurrenceNum="0" instanceOccurrenceMax="0">
    <ShortMessage>Be wary of letting constructors throw exceptions.</ShortMessage>
    <LongMessage>Exception thrown in class org.junit.runners.Parameterized at new org.junit.runners.Parameterized(Class) will leave the constructor. The object under construction remains partially initialized and may be vulnerable to Finalizer attacks.</LongMessage>
    <Class classname="org.junit.runners.Parameterized" primary="true">
      <SourceLine classname="org.junit.runners.Parameterized" start="233" end="348" sourcefile="Parameterized.java" sourcepath="org/junit/runners/Parameterized.java">
        <Message>At Parameterized.java:[lines 233-348]</Message>
      </SourceLine>
      <Message>In class org.junit.runners.Parameterized</Message>
    </Class>
    <Method classname="org.junit.runners.Parameterized" name="&lt;init&gt;" signature="(Ljava/lang/Class;)V" isStatic="false" primary="true">
      <SourceLine classname="org.junit.runners.Parameterized" start="243" end="250" startBytecode="0" endBytecode="156" sourcefile="Parameterized.java" sourcepath="org/junit/runners/Parameterized.java"/>
      <Message>In method new org.junit.runners.Parameterized(Class)</Message>
    </Method>
    <SourceLine classname="org.junit.runners.Parameterized" primary="true" start="243" end="243" startBytecode="4" endBytecode="4" sourcefile="Parameterized.java" sourcepath="org/junit/runners/Parameterized.java">
      <Message>At Parameterized.java:[line 243]</Message>
    </SourceLine>
    <SourceLine classname="org.junit.runners.Parameterized" start="243" end="243" startBytecode="4" endBytecode="4" sourcefile="Parameterized.java" sourcepath="org/junit/runners/Parameterized.java">
      <Message>At Parameterized.java:[line 243]</Message>
    </SourceLine>
  </BugInstance>
  <BugInstance type="CT_CONSTRUCTOR_THROW" priority="2" rank="16" abbrev="CT" category="BAD_PRACTICE" instanceHash="6ccbd2fc5be18dd578df61d1e4250bab" instanceOccurrenceNum="0" instanceOccurrenceMax="0">
    <ShortMessage>Be wary of letting constructors throw exceptions.</ShortMessage>
    <LongMessage>Exception thrown in class org.junit.runners.ParentRunner at new org.junit.runners.ParentRunner(Class) will leave the constructor. The object under construction remains partially initialized and may be vulnerable to Finalizer attacks.</LongMessage>
    <Class classname="org.junit.runners.ParentRunner" primary="true">
      <SourceLine classname="org.junit.runners.ParentRunner" start="58" end="451" sourcefile="ParentRunner.java" sourcepath="org/junit/runners/ParentRunner.java">
        <Message>At ParentRunner.java:[lines 58-451]</Message>
      </SourceLine>
      <Message>In class org.junit.runners.ParentRunner</Message>
    </Class>
    <Method classname="org.junit.runners.ParentRunner" name="&lt;init&gt;" signature="(Ljava/lang/Class;)V" isStatic="false" primary="true">
      <SourceLine classname="org.junit.runners.ParentRunner" start="82" end="85" startBytecode="0" endBytecode="149" sourcefile="ParentRunner.java" sourcepath="org/junit/runners/ParentRunner.java"/>
      <Message>In method new org.junit.runners.ParentRunner(Class)</Message>
    </Method>
    <SourceLine classname="org.junit.runners.ParentRunner" primary="true" start="63" end="63" startBytecode="11" endBytecode="11" sourcefile="ParentRunner.java" sourcepath="org/junit/runners/ParentRunner.java">
      <Message>At ParentRunner.java:[line 63]</Message>
    </SourceLine>
    <SourceLine classname="org.junit.runners.ParentRunner" start="63" end="63" startBytecode="11" endBytecode="11" sourcefile="ParentRunner.java" sourcepath="org/junit/runners/ParentRunner.java">
      <Message>At ParentRunner.java:[line 63]</Message>
    </SourceLine>
  </BugInstance>
  <BugInstance type="CT_CONSTRUCTOR_THROW" priority="2" rank="16" abbrev="CT" category="BAD_PRACTICE" instanceHash="2b2ba07b95cb7bf90823862058c1be62" instanceOccurrenceNum="0" instanceOccurrenceMax="0">
    <ShortMessage>Be wary of letting constructors throw exceptions.</ShortMessage>
    <LongMessage>Exception thrown in class org.junit.runners.Suite at new org.junit.runners.Suite(Class, List) will leave the constructor. The object under construction remains partially initialized and may be vulnerable to Finalizer attacks.</LongMessage>
    <Class classname="org.junit.runners.Suite" primary="true">
      <SourceLine classname="org.junit.runners.Suite" start="27" end="129" sourcefile="Suite.java" sourcepath="org/junit/runners/Suite.java">
        <Message>At Suite.java:[lines 27-129]</Message>
      </SourceLine>
      <Message>In class org.junit.runners.Suite</Message>
    </Class>
    <Method classname="org.junit.runners.Suite" name="&lt;init&gt;" signature="(Ljava/lang/Class;Ljava/util/List;)V" isStatic="false" primary="true">
      <SourceLine classname="org.junit.runners.Suite" start="112" end="114" startBytecode="0" endBytecode="111" sourcefile="Suite.java" sourcepath="org/junit/runners/Suite.java"/>
      <Message>In method new org.junit.runners.Suite(Class, List)</Message>
    </Method>
    <SourceLine classname="org.junit.runners.Suite" primary="true" start="113" end="113" startBytecode="11" endBytecode="11" sourcefile="Suite.java" sourcepath="org/junit/runners/Suite.java">
      <Message>At Suite.java:[line 113]</Message>
    </SourceLine>
    <SourceLine classname="org.junit.runners.Suite" start="113" end="113" startBytecode="11" endBytecode="11" sourcefile="Suite.java" sourcepath="org/junit/runners/Suite.java">
      <Message>At Suite.java:[line 113]</Message>
    </SourceLine>
  </BugInstance>
  <BugInstance type="CT_CONSTRUCTOR_THROW" priority="2" rank="16" abbrev="CT" category="BAD_PRACTICE" instanceHash="a5289f1e394c57b48f9b0ce5fc1ca82b" instanceOccurrenceNum="0" instanceOccurrenceMax="0">
    <ShortMessage>Be wary of letting constructors throw exceptions.</ShortMessage>
    <LongMessage>Exception thrown in class org.junit.runners.Suite at new org.junit.runners.Suite(Class, RunnerBuilder) will leave the constructor. The object under construction remains partially initialized and may be vulnerable to Finalizer attacks.</LongMessage>
    <Class classname="org.junit.runners.Suite" primary="true">
      <SourceLine classname="org.junit.runners.Suite" start="27" end="129" sourcefile="Suite.java" sourcepath="org/junit/runners/Suite.java">
        <Message>At Suite.java:[lines 27-129]</Message>
      </SourceLine>
      <Message>In class org.junit.runners.Suite</Message>
    </Class>
    <Method classname="org.junit.runners.Suite" name="&lt;init&gt;" signature="(Ljava/lang/Class;Lorg/junit/runners/model/RunnerBuilder;)V" isStatic="false" primary="true">
      <SourceLine classname="org.junit.runners.Suite" start="70" end="71" startBytecode="0" endBytecode="94" sourcefile="Suite.java" sourcepath="org/junit/runners/Suite.java"/>
      <Message>In method new org.junit.runners.Suite(Class, RunnerBuilder)</Message>
    </Method>
    <SourceLine classname="org.junit.runners.Suite" primary="true" start="71" end="71" startBytecode="45" endBytecode="45" sourcefile="Suite.java" sourcepath="org/junit/runners/Suite.java">
      <Message>At Suite.java:[line 71]</Message>
    </SourceLine>
    <SourceLine classname="org.junit.runners.Suite" start="71" end="71" startBytecode="45" endBytecode="45" sourcefile="Suite.java" sourcepath="org/junit/runners/Suite.java">
      <Message>At Suite.java:[line 71]</Message>
    </SourceLine>
  </BugInstance>
  <BugInstance type="CT_CONSTRUCTOR_THROW" priority="2" rank="16" abbrev="CT" category="BAD_PRACTICE" instanceHash="8860d052c813983405e144cd56a8b7ae" instanceOccurrenceNum="0" instanceOccurrenceMax="0">
    <ShortMessage>Be wary of letting constructors throw exceptions.</ShortMessage>
    <LongMessage>Exception thrown in class org.junit.runners.Suite at new org.junit.runners.Suite(Class, Class[]) will leave the constructor. The object under construction remains partially initialized and may be vulnerable to Finalizer attacks.</LongMessage>
    <Class classname="org.junit.runners.Suite" primary="true">
      <SourceLine classname="org.junit.runners.Suite" start="27" end="129" sourcefile="Suite.java" sourcepath="org/junit/runners/Suite.java">
        <Message>At Suite.java:[lines 27-129]</Message>
      </SourceLine>
      <Message>In class org.junit.runners.Suite</Message>
    </Class>
    <Method classname="org.junit.runners.Suite" name="&lt;init&gt;" signature="(Ljava/lang/Class;[Ljava/lang/Class;)V" isStatic="false" primary="true">
      <SourceLine classname="org.junit.runners.Suite" start="91" end="92" startBytecode="0" endBytecode="108" sourcefile="Suite.java" sourcepath="org/junit/runners/Suite.java"/>
      <Message>In method new org.junit.runners.Suite(Class, Class[])</Message>
    </Method>
    <SourceLine classname="org.junit.runners.Suite" primary="true" start="91" end="91" startBytecode="11" endBytecode="11" sourcefile="Suite.java" sourcepath="org/junit/runners/Suite.java">
      <Message>At Suite.java:[line 91]</Message>
    </SourceLine>
    <SourceLine classname="org.junit.runners.Suite" start="91" end="91" startBytecode="11" endBytecode="11" sourcefile="Suite.java" sourcepath="org/junit/runners/Suite.java">
      <Message>At Suite.java:[line 91]</Message>
    </SourceLine>
  </BugInstance>
  <BugInstance type="CT_CONSTRUCTOR_THROW" priority="2" rank="16" abbrev="CT" category="BAD_PRACTICE" instanceHash="735290daaac0f9a88876a919771c0c79" instanceOccurrenceNum="0" instanceOccurrenceMax="0">
    <ShortMessage>Be wary of letting constructors throw exceptions.</ShortMessage>
    <LongMessage>Exception thrown in class org.junit.runners.Suite at new org.junit.runners.Suite(RunnerBuilder, Class, Class[]) will leave the constructor. The object under construction remains partially initialized and may be vulnerable to Finalizer attacks.</LongMessage>
    <Class classname="org.junit.runners.Suite" primary="true">
      <SourceLine classname="org.junit.runners.Suite" start="27" end="129" sourcefile="Suite.java" sourcepath="org/junit/runners/Suite.java">
        <Message>At Suite.java:[lines 27-129]</Message>
      </SourceLine>
      <Message>In class org.junit.runners.Suite</Message>
    </Class>
    <Method classname="org.junit.runners.Suite" name="&lt;init&gt;" signature="(Lorg/junit/runners/model/RunnerBuilder;Ljava/lang/Class;[Ljava/lang/Class;)V" isStatic="false" primary="true">
      <SourceLine classname="org.junit.runners.Suite" start="102" end="103" startBytecode="0" endBytecode="115" sourcefile="Suite.java" sourcepath="org/junit/runners/Suite.java"/>
      <Message>In method new org.junit.runners.Suite(RunnerBuilder, Class, Class[])</Message>
    </Method>
    <SourceLine classname="org.junit.runners.Suite" primary="true" start="103" end="103" startBytecode="14" endBytecode="14" sourcefile="Suite.java" sourcepath="org/junit/runners/Suite.java">
      <Message>At Suite.java:[line 103]</Message>
    </SourceLine>
    <SourceLine classname="org.junit.runners.Suite" start="103" end="103" startBytecode="14" endBytecode="14" sourcefile="Suite.java" sourcepath="org/junit/runners/Suite.java">
      <Message>At Suite.java:[line 103]</Message>
    </SourceLine>
  </BugInstance>
  <BugInstance type="CT_CONSTRUCTOR_THROW" priority="2" rank="16" abbrev="CT" category="BAD_PRACTICE" instanceHash="4a288d105d2a6501b4bc602b6bc1a757" instanceOccurrenceNum="0" instanceOccurrenceMax="0">
    <ShortMessage>Be wary of letting constructors throw exceptions.</ShortMessage>
    <LongMessage>Exception thrown in class org.junit.runners.Suite at new org.junit.runners.Suite(RunnerBuilder, Class[]) will leave the constructor. The object under construction remains partially initialized and may be vulnerable to Finalizer attacks.</LongMessage>
    <Class classname="org.junit.runners.Suite" primary="true">
      <SourceLine classname="org.junit.runners.Suite" start="27" end="129" sourcefile="Suite.java" sourcepath="org/junit/runners/Suite.java">
        <Message>At Suite.java:[lines 27-129]</Message>
      </SourceLine>
      <Message>In class org.junit.runners.Suite</Message>
    </Class>
    <Method classname="org.junit.runners.Suite" name="&lt;init&gt;" signature="(Lorg/junit/runners/model/RunnerBuilder;[Ljava/lang/Class;)V" isStatic="false" primary="true">
      <SourceLine classname="org.junit.runners.Suite" start="81" end="82" startBytecode="0" endBytecode="95" sourcefile="Suite.java" sourcepath="org/junit/runners/Suite.java"/>
      <Message>In method new org.junit.runners.Suite(RunnerBuilder, Class[])</Message>
    </Method>
    <SourceLine classname="org.junit.runners.Suite" primary="true" start="81" end="81" startBytecode="10" endBytecode="10" sourcefile="Suite.java" sourcepath="org/junit/runners/Suite.java">
      <Message>At Suite.java:[line 81]</Message>
    </SourceLine>
    <SourceLine classname="org.junit.runners.Suite" start="81" end="81" startBytecode="10" endBytecode="10" sourcefile="Suite.java" sourcepath="org/junit/runners/Suite.java">
      <Message>At Suite.java:[line 81]</Message>
    </SourceLine>
  </BugInstance>
  <BugInstance type="CT_CONSTRUCTOR_THROW" priority="2" rank="16" abbrev="CT" category="BAD_PRACTICE" instanceHash="9db67787ae3d6d797fdf976832235744" instanceOccurrenceNum="0" instanceOccurrenceMax="0">
    <ShortMessage>Be wary of letting constructors throw exceptions.</ShortMessage>
    <LongMessage>Exception thrown in class org.junit.runners.model.FrameworkField at new org.junit.runners.model.FrameworkField(Field) will leave the constructor. The object under construction remains partially initialized and may be vulnerable to Finalizer attacks.</LongMessage>
    <Class classname="org.junit.runners.model.FrameworkField" primary="true">
      <SourceLine classname="org.junit.runners.model.FrameworkField" start="14" end="78" sourcefile="FrameworkField.java" sourcepath="org/junit/runners/model/FrameworkField.java">
        <Message>At FrameworkField.java:[lines 14-78]</Message>
      </SourceLine>
      <Message>In class org.junit.runners.model.FrameworkField</Message>
    </Class>
    <Method classname="org.junit.runners.model.FrameworkField" name="&lt;init&gt;" signature="(Ljava/lang/reflect/Field;)V" isStatic="false" primary="true">
      <SourceLine classname="org.junit.runners.model.FrameworkField" start="17" end="23" startBytecode="0" endBytecode="91" sourcefile="FrameworkField.java" sourcepath="org/junit/runners/model/FrameworkField.java"/>
      <Message>In method new org.junit.runners.model.FrameworkField(Field)</Message>
    </Method>
    <SourceLine classname="org.junit.runners.model.FrameworkField" primary="true" start="19" end="19" startBytecode="17" endBytecode="17" sourcefile="FrameworkField.java" sourcepath="org/junit/runners/model/FrameworkField.java">
      <Message>At FrameworkField.java:[line 19]</Message>
    </SourceLine>
    <SourceLine classname="org.junit.runners.model.FrameworkField" start="19" end="19" startBytecode="17" endBytecode="17" sourcefile="FrameworkField.java" sourcepath="org/junit/runners/model/FrameworkField.java">
      <Message>At FrameworkField.java:[line 19]</Message>
    </SourceLine>
  </BugInstance>
  <BugInstance type="EI_EXPOSE_REP" priority="2" rank="18" abbrev="EI" category="MALICIOUS_CODE" instanceHash="e291ca941c0f48e86bbdd31d85fc5999" instanceOccurrenceNum="0" instanceOccurrenceMax="0" cweid="374">
    <ShortMessage>May expose internal representation by returning reference to mutable object</ShortMessage>
    <LongMessage>org.junit.runners.model.FrameworkField.getField() may expose internal representation by returning FrameworkField.field</LongMessage>
    <Class classname="org.junit.runners.model.FrameworkField" primary="true">
      <SourceLine classname="org.junit.runners.model.FrameworkField" start="14" end="78" sourcefile="FrameworkField.java" sourcepath="org/junit/runners/model/FrameworkField.java">
        <Message>At FrameworkField.java:[lines 14-78]</Message>
      </SourceLine>
      <Message>In class org.junit.runners.model.FrameworkField</Message>
    </Class>
    <Method classname="org.junit.runners.model.FrameworkField" name="getField" signature="()Ljava/lang/reflect/Field;" isStatic="false" primary="true">
      <SourceLine classname="org.junit.runners.model.FrameworkField" start="52" end="52" startBytecode="0" endBytecode="46" sourcefile="FrameworkField.java" sourcepath="org/junit/runners/model/FrameworkField.java"/>
      <Message>In method org.junit.runners.model.FrameworkField.getField()</Message>
    </Method>
    <Field classname="org.junit.runners.model.FrameworkField" name="field" signature="Ljava/lang/reflect/Field;" isStatic="false" primary="true">
      <SourceLine classname="org.junit.runners.model.FrameworkField" sourcefile="FrameworkField.java" sourcepath="org/junit/runners/model/FrameworkField.java">
        <Message>In FrameworkField.java</Message>
      </SourceLine>
      <Message>Field org.junit.runners.model.FrameworkField.field</Message>
    </Field>
    <SourceLine classname="org.junit.runners.model.FrameworkField" primary="true" start="52" end="52" startBytecode="4" endBytecode="4" sourcefile="FrameworkField.java" sourcepath="org/junit/runners/model/FrameworkField.java">
      <Message>At FrameworkField.java:[line 52]</Message>
    </SourceLine>
  </BugInstance>
  <BugInstance type="CT_CONSTRUCTOR_THROW" priority="2" rank="16" abbrev="CT" category="BAD_PRACTICE" instanceHash="24e8be48705383d1648c72dd536e380e" instanceOccurrenceNum="0" instanceOccurrenceMax="0">
    <ShortMessage>Be wary of letting constructors throw exceptions.</ShortMessage>
    <LongMessage>Exception thrown in class org.junit.runners.model.FrameworkMethod at new org.junit.runners.model.FrameworkMethod(Method) will leave the constructor. The object under construction remains partially initialized and may be vulnerable to Finalizer attacks.</LongMessage>
    <Class classname="org.junit.runners.model.FrameworkMethod" primary="true">
      <SourceLine classname="org.junit.runners.model.FrameworkMethod" start="19" end="200" sourcefile="FrameworkMethod.java" sourcepath="org/junit/runners/model/FrameworkMethod.java">
        <Message>At FrameworkMethod.java:[lines 19-200]</Message>
      </SourceLine>
      <Message>In class org.junit.runners.model.FrameworkMethod</Message>
    </Class>
    <Method classname="org.junit.runners.model.FrameworkMethod" name="&lt;init&gt;" signature="(Ljava/lang/reflect/Method;)V" isStatic="false" primary="true">
      <SourceLine classname="org.junit.runners.model.FrameworkMethod" start="25" end="31" startBytecode="0" endBytecode="91" sourcefile="FrameworkMethod.java" sourcepath="org/junit/runners/model/FrameworkMethod.java"/>
      <Message>In method new org.junit.runners.model.FrameworkMethod(Method)</Message>
    </Method>
    <SourceLine classname="org.junit.runners.model.FrameworkMethod" primary="true" start="27" end="27" startBytecode="17" endBytecode="17" sourcefile="FrameworkMethod.java" sourcepath="org/junit/runners/model/FrameworkMethod.java">
      <Message>At FrameworkMethod.java:[line 27]</Message>
    </SourceLine>
    <SourceLine classname="org.junit.runners.model.FrameworkMethod" start="27" end="27" startBytecode="17" endBytecode="17" sourcefile="FrameworkMethod.java" sourcepath="org/junit/runners/model/FrameworkMethod.java">
      <Message>At FrameworkMethod.java:[line 27]</Message>
    </SourceLine>
  </BugInstance>
  <BugInstance type="EI_EXPOSE_REP" priority="2" rank="18" abbrev="EI" category="MALICIOUS_CODE" instanceHash="8ed962ec79ad60153bdbb41343bcb729" instanceOccurrenceNum="0" instanceOccurrenceMax="0" cweid="374">
    <ShortMessage>May expose internal representation by returning reference to mutable object</ShortMessage>
    <LongMessage>org.junit.runners.model.FrameworkMethod.getMethod() may expose internal representation by returning FrameworkMethod.method</LongMessage>
    <Class classname="org.junit.runners.model.FrameworkMethod" primary="true">
      <SourceLine classname="org.junit.runners.model.FrameworkMethod" start="19" end="200" sourcefile="FrameworkMethod.java" sourcepath="org/junit/runners/model/FrameworkMethod.java">
        <Message>At FrameworkMethod.java:[lines 19-200]</Message>
      </SourceLine>
      <Message>In class org.junit.runners.model.FrameworkMethod</Message>
    </Class>
    <Method classname="org.junit.runners.model.FrameworkMethod" name="getMethod" signature="()Ljava/lang/reflect/Method;" isStatic="false" primary="true">
      <SourceLine classname="org.junit.runners.model.FrameworkMethod" start="37" end="37" startBytecode="0" endBytecode="46" sourcefile="FrameworkMethod.java" sourcepath="org/junit/runners/model/FrameworkMethod.java"/>
      <Message>In method org.junit.runners.model.FrameworkMethod.getMethod()</Message>
    </Method>
    <Field classname="org.junit.runners.model.FrameworkMethod" name="method" signature="Ljava/lang/reflect/Method;" isStatic="false" primary="true">
      <SourceLine classname="org.junit.runners.model.FrameworkMethod" sourcefile="FrameworkMethod.java" sourcepath="org/junit/runners/model/FrameworkMethod.java">
        <Message>In FrameworkMethod.java</Message>
      </SourceLine>
      <Message>Field org.junit.runners.model.FrameworkMethod.method</Message>
    </Field>
    <SourceLine classname="org.junit.runners.model.FrameworkMethod" primary="true" start="37" end="37" startBytecode="4" endBytecode="4" sourcefile="FrameworkMethod.java" sourcepath="org/junit/runners/model/FrameworkMethod.java">
      <Message>At FrameworkMethod.java:[line 37]</Message>
    </SourceLine>
  </BugInstance>
  <BugInstance type="EI_EXPOSE_REP2" priority="2" rank="18" abbrev="EI2" category="MALICIOUS_CODE" instanceHash="f0ad0a4ad9fedf5087d0d21a863f3eab" instanceOccurrenceNum="0" instanceOccurrenceMax="0" cweid="374">
    <ShortMessage>May expose internal representation by incorporating reference to mutable object</ShortMessage>
    <LongMessage>new org.junit.runners.model.FrameworkMethod(Method) may expose internal representation by storing an externally mutable object into FrameworkMethod.method</LongMessage>
    <Class classname="org.junit.runners.model.FrameworkMethod" primary="true">
      <SourceLine classname="org.junit.runners.model.FrameworkMethod" start="19" end="200" sourcefile="FrameworkMethod.java" sourcepath="org/junit/runners/model/FrameworkMethod.java">
        <Message>At FrameworkMethod.java:[lines 19-200]</Message>
      </SourceLine>
      <Message>In class org.junit.runners.model.FrameworkMethod</Message>
    </Class>
    <Method classname="org.junit.runners.model.FrameworkMethod" name="&lt;init&gt;" signature="(Ljava/lang/reflect/Method;)V" isStatic="false" primary="true">
      <SourceLine classname="org.junit.runners.model.FrameworkMethod" start="25" end="31" startBytecode="0" endBytecode="91" sourcefile="FrameworkMethod.java" sourcepath="org/junit/runners/model/FrameworkMethod.java"/>
      <Message>In method new org.junit.runners.model.FrameworkMethod(Method)</Message>
    </Method>
    <Field classname="org.junit.runners.model.FrameworkMethod" name="method" signature="Ljava/lang/reflect/Method;" isStatic="false" primary="true">
      <SourceLine classname="org.junit.runners.model.FrameworkMethod" sourcefile="FrameworkMethod.java" sourcepath="org/junit/runners/model/FrameworkMethod.java">
        <Message>In FrameworkMethod.java</Message>
      </SourceLine>
      <Message>Field org.junit.runners.model.FrameworkMethod.method</Message>
    </Field>
    <LocalVariable name="method" register="1" pc="20" role="LOCAL_VARIABLE_NAMED">
      <Message>Local variable named method</Message>
    </LocalVariable>
    <SourceLine classname="org.junit.runners.model.FrameworkMethod" primary="true" start="30" end="30" startBytecode="20" endBytecode="20" sourcefile="FrameworkMethod.java" sourcepath="org/junit/runners/model/FrameworkMethod.java">
      <Message>At FrameworkMethod.java:[line 30]</Message>
    </SourceLine>
  </BugInstance>
  <BugInstance type="CT_CONSTRUCTOR_THROW" priority="2" rank="16" abbrev="CT" category="BAD_PRACTICE" instanceHash="2b0d4e7655c56b3326b5627a18805425" instanceOccurrenceNum="0" instanceOccurrenceMax="0">
    <ShortMessage>Be wary of letting constructors throw exceptions.</ShortMessage>
    <LongMessage>Exception thrown in class org.junit.runners.model.FrameworkMethod$1 at new org.junit.runners.model.FrameworkMethod$1(FrameworkMethod, Object, Object[]) will leave the constructor. The object under construction remains partially initialized and may be vulnerable to Finalizer attacks.</LongMessage>
    <Class classname="org.junit.runners.model.FrameworkMethod$1" primary="true">
      <SourceLine classname="org.junit.runners.model.FrameworkMethod$1" start="49" end="50" sourcefile="FrameworkMethod.java" sourcepath="org/junit/runners/model/FrameworkMethod.java">
        <Message>At FrameworkMethod.java:[lines 49-50]</Message>
      </SourceLine>
      <Message>In class org.junit.runners.model.FrameworkMethod$1</Message>
    </Class>
    <Method classname="org.junit.runners.model.FrameworkMethod$1" name="&lt;init&gt;" signature="(Lorg/junit/runners/model/FrameworkMethod;Ljava/lang/Object;[Ljava/lang/Object;)V" isStatic="false" primary="true">
      <SourceLine classname="org.junit.runners.model.FrameworkMethod$1" start="49" end="49" startBytecode="0" endBytecode="61" sourcefile="FrameworkMethod.java" sourcepath="org/junit/runners/model/FrameworkMethod.java"/>
      <Message>In method new org.junit.runners.model.FrameworkMethod$1(FrameworkMethod, Object, Object[])</Message>
    </Method>
    <SourceLine classname="org.junit.runners.model.FrameworkMethod$1" primary="true" start="49" end="49" startBytecode="8" endBytecode="8" sourcefile="FrameworkMethod.java" sourcepath="org/junit/runners/model/FrameworkMethod.java">
      <Message>At FrameworkMethod.java:[line 49]</Message>
    </SourceLine>
    <SourceLine classname="org.junit.runners.model.FrameworkMethod$1" start="49" end="49" startBytecode="8" endBytecode="8" sourcefile="FrameworkMethod.java" sourcepath="org/junit/runners/model/FrameworkMethod.java">
      <Message>At FrameworkMethod.java:[line 49]</Message>
    </SourceLine>
  </BugInstance>
  <BugInstance type="EI_EXPOSE_REP" priority="2" rank="18" abbrev="EI" category="MALICIOUS_CODE" instanceHash="84f5cd93c532ad4563c833c109286eaa" instanceOccurrenceNum="0" instanceOccurrenceMax="0" cweid="374">
    <ShortMessage>May expose internal representation by returning reference to mutable object</ShortMessage>
    <LongMessage>org.junit.runners.model.InitializationError.getCauses() may expose internal representation by returning InitializationError.fErrors</LongMessage>
    <Class classname="org.junit.runners.model.InitializationError" primary="true">
      <SourceLine classname="org.junit.runners.model.InitializationError" start="25" end="45" sourcefile="InitializationError.java" sourcepath="org/junit/runners/model/InitializationError.java">
        <Message>At InitializationError.java:[lines 25-45]</Message>
      </SourceLine>
      <Message>In class org.junit.runners.model.InitializationError</Message>
    </Class>
    <Method classname="org.junit.runners.model.InitializationError" name="getCauses" signature="()Ljava/util/List;" isStatic="false" primary="true">
      <SourceLine classname="org.junit.runners.model.InitializationError" start="45" end="45" startBytecode="0" endBytecode="46" sourcefile="InitializationError.java" sourcepath="org/junit/runners/model/InitializationError.java"/>
      <Message>In method org.junit.runners.model.InitializationError.getCauses()</Message>
    </Method>
    <Field classname="org.junit.runners.model.InitializationError" name="fErrors" signature="Ljava/util/List;" isStatic="false" primary="true">
      <SourceLine classname="org.junit.runners.model.InitializationError" sourcefile="InitializationError.java" sourcepath="org/junit/runners/model/InitializationError.java">
        <Message>In InitializationError.java</Message>
      </SourceLine>
      <Message>Field org.junit.runners.model.InitializationError.fErrors</Message>
    </Field>
    <SourceLine classname="org.junit.runners.model.InitializationError" primary="true" start="45" end="45" startBytecode="4" endBytecode="4" sourcefile="InitializationError.java" sourcepath="org/junit/runners/model/InitializationError.java">
      <Message>At InitializationError.java:[line 45]</Message>
    </SourceLine>
  </BugInstance>
  <BugInstance type="EI_EXPOSE_REP2" priority="2" rank="18" abbrev="EI2" category="MALICIOUS_CODE" instanceHash="62009d0f7557e268b57f479a5650329b" instanceOccurrenceNum="0" instanceOccurrenceMax="0" cweid="374">
    <ShortMessage>May expose internal representation by incorporating reference to mutable object</ShortMessage>
    <LongMessage>new org.junit.runners.model.InitializationError(List) may expose internal representation by storing an externally mutable object into InitializationError.fErrors</LongMessage>
    <Class classname="org.junit.runners.model.InitializationError" primary="true">
      <SourceLine classname="org.junit.runners.model.InitializationError" start="25" end="45" sourcefile="InitializationError.java" sourcepath="org/junit/runners/model/InitializationError.java">
        <Message>At InitializationError.java:[lines 25-45]</Message>
      </SourceLine>
      <Message>In class org.junit.runners.model.InitializationError</Message>
    </Class>
    <Method classname="org.junit.runners.model.InitializationError" name="&lt;init&gt;" signature="(Ljava/util/List;)V" isStatic="false" primary="true">
      <SourceLine classname="org.junit.runners.model.InitializationError" start="25" end="27" startBytecode="0" endBytecode="87" sourcefile="InitializationError.java" sourcepath="org/junit/runners/model/InitializationError.java"/>
      <Message>In method new org.junit.runners.model.InitializationError(List)</Message>
    </Method>
    <Field classname="org.junit.runners.model.InitializationError" name="fErrors" signature="Ljava/util/List;" isStatic="false" primary="true">
      <SourceLine classname="org.junit.runners.model.InitializationError" sourcefile="InitializationError.java" sourcepath="org/junit/runners/model/InitializationError.java">
        <Message>In InitializationError.java</Message>
      </SourceLine>
      <Message>Field org.junit.runners.model.InitializationError.fErrors</Message>
    </Field>
    <LocalVariable name="errors" register="1" pc="6" role="LOCAL_VARIABLE_NAMED">
      <Message>Local variable named errors</Message>
    </LocalVariable>
    <SourceLine classname="org.junit.runners.model.InitializationError" primary="true" start="26" end="26" startBytecode="6" endBytecode="6" sourcefile="InitializationError.java" sourcepath="org/junit/runners/model/InitializationError.java">
      <Message>At InitializationError.java:[line 26]</Message>
    </SourceLine>
  </BugInstance>
  <BugInstance type="VA_FORMAT_STRING_USES_NEWLINE" priority="2" rank="20" abbrev="FS" category="BAD_PRACTICE" instanceHash="31b3bd36d2e504fb863ef89cb43fd47c" instanceOccurrenceNum="0" instanceOccurrenceMax="0">
    <ShortMessage>Format string should use %n rather than \n</ShortMessage>
    <LongMessage>Format string should use %n rather than \n in org.junit.runners.model.MultipleFailureException.getMessage()</LongMessage>
    <Class classname="org.junit.runners.model.MultipleFailureException" primary="true">
      <SourceLine classname="org.junit.runners.model.MultipleFailureException" start="24" end="67" sourcefile="MultipleFailureException.java" sourcepath="org/junit/runners/model/MultipleFailureException.java">
        <Message>At MultipleFailureException.java:[lines 24-67]</Message>
      </SourceLine>
      <Message>In class org.junit.runners.model.MultipleFailureException</Message>
    </Class>
    <Method classname="org.junit.runners.model.MultipleFailureException" name="getMessage" signature="()Ljava/lang/String;" isStatic="false" primary="true">
      <SourceLine classname="org.junit.runners.model.MultipleFailureException" start="34" end="39" startBytecode="0" endBytecode="183" sourcefile="MultipleFailureException.java" sourcepath="org/junit/runners/model/MultipleFailureException.java"/>
      <Message>In method org.junit.runners.model.MultipleFailureException.getMessage()</Message>
    </Method>
    <Method classname="java.lang.String" name="format" signature="(Ljava/lang/String;[Ljava/lang/Object;)Ljava/lang/String;" isStatic="true" role="METHOD_CALLED">
      <SourceLine classname="java.lang.String" start="4147" end="4147" startBytecode="0" endBytecode="67" sourcefile="String.java" sourcepath="java/lang/String.java"/>
      <Message>Called method String.format(String, Object[])</Message>
    </Method>
    <String value="\n  %s(%s)" role="STRING_FORMAT_STRING">
      <Message>Format string &quot;\n  %s(%s)&quot;</Message>
    </String>
    <SourceLine classname="org.junit.runners.model.MultipleFailureException" primary="true" start="37" end="37" startBytecode="85" endBytecode="85" sourcefile="MultipleFailureException.java" sourcepath="org/junit/runners/model/MultipleFailureException.java">
      <Message>At MultipleFailureException.java:[line 37]</Message>
    </SourceLine>
  </BugInstance>
  <BugInstance type="CT_CONSTRUCTOR_THROW" priority="2" rank="16" abbrev="CT" category="BAD_PRACTICE" instanceHash="ad06231c6c6403a59bc1dce0f2900fca" instanceOccurrenceNum="0" instanceOccurrenceMax="0">
    <ShortMessage>Be wary of letting constructors throw exceptions.</ShortMessage>
    <LongMessage>Exception thrown in class org.junit.runners.model.TestClass at new org.junit.runners.model.TestClass(Class) will leave the constructor. The object under construction remains partially initialized and may be vulnerable to Finalizer attacks.</LongMessage>
    <Class classname="org.junit.runners.model.TestClass" primary="true">
      <SourceLine classname="org.junit.runners.model.TestClass" start="32" end="292" sourcefile="TestClass.java" sourcepath="org/junit/runners/model/TestClass.java">
        <Message>At TestClass.java:[lines 32-292]</Message>
      </SourceLine>
      <Message>In class org.junit.runners.model.TestClass</Message>
    </Class>
    <Method classname="org.junit.runners.model.TestClass" name="&lt;init&gt;" signature="(Ljava/lang/Class;)V" isStatic="false" primary="true">
      <SourceLine classname="org.junit.runners.model.TestClass" start="45" end="61" startBytecode="0" endBytecode="216" sourcefile="TestClass.java" sourcepath="org/junit/runners/model/TestClass.java"/>
      <Message>In method new org.junit.runners.model.TestClass(Class)</Message>
    </Method>
    <SourceLine classname="org.junit.runners.model.TestClass" primary="true" start="48" end="48" startBytecode="31" endBytecode="31" sourcefile="TestClass.java" sourcepath="org/junit/runners/model/TestClass.java">
      <Message>At TestClass.java:[line 48]</Message>
    </SourceLine>
    <SourceLine classname="org.junit.runners.model.TestClass" start="48" end="48" startBytecode="31" endBytecode="31" sourcefile="TestClass.java" sourcepath="org/junit/runners/model/TestClass.java">
      <Message>At TestClass.java:[line 48]</Message>
    </SourceLine>
  </BugInstance>
  <BugInstance type="SE_COMPARATOR_SHOULD_BE_SERIALIZABLE" priority="2" rank="19" abbrev="Se" category="BAD_PRACTICE" instanceHash="3aacdb547fd893b0a36526086349901c" instanceOccurrenceNum="0" instanceOccurrenceMax="0">
    <ShortMessage>Comparator doesn&apos;t implement Serializable</ShortMessage>
    <LongMessage>org.junit.runners.model.TestClass$FieldComparator implements Comparator but not Serializable</LongMessage>
    <Class classname="org.junit.runners.model.TestClass$FieldComparator" primary="true">
      <SourceLine classname="org.junit.runners.model.TestClass$FieldComparator" start="298" end="300" sourcefile="TestClass.java" sourcepath="org/junit/runners/model/TestClass.java">
        <Message>At TestClass.java:[lines 298-300]</Message>
      </SourceLine>
      <Message>In class org.junit.runners.model.TestClass$FieldComparator</Message>
    </Class>
    <SourceLine classname="org.junit.runners.model.TestClass$FieldComparator" start="298" end="300" sourcefile="TestClass.java" sourcepath="org/junit/runners/model/TestClass.java" synthetic="true">
      <Message>At TestClass.java:[lines 298-300]</Message>
    </SourceLine>
  </BugInstance>
  <BugInstance type="SE_COMPARATOR_SHOULD_BE_SERIALIZABLE" priority="2" rank="19" abbrev="Se" category="BAD_PRACTICE" instanceHash="d0d8db16aa9a9d360a72ec1d93f7d8eb" instanceOccurrenceNum="0" instanceOccurrenceMax="0">
    <ShortMessage>Comparator doesn&apos;t implement Serializable</ShortMessage>
    <LongMessage>org.junit.runners.model.TestClass$MethodComparator implements Comparator but not Serializable</LongMessage>
    <Class classname="org.junit.runners.model.TestClass$MethodComparator" primary="true">
      <SourceLine classname="org.junit.runners.model.TestClass$MethodComparator" start="307" end="310" sourcefile="TestClass.java" sourcepath="org/junit/runners/model/TestClass.java">
        <Message>At TestClass.java:[lines 307-310]</Message>
      </SourceLine>
      <Message>In class org.junit.runners.model.TestClass$MethodComparator</Message>
    </Class>
    <SourceLine classname="org.junit.runners.model.TestClass$MethodComparator" start="307" end="310" sourcefile="TestClass.java" sourcepath="org/junit/runners/model/TestClass.java" synthetic="true">
      <Message>At TestClass.java:[lines 307-310]</Message>
    </SourceLine>
  </BugInstance>
  <BugInstance type="DM_CONVERT_CASE" priority="3" rank="20" abbrev="Dm" category="I18N" instanceHash="778e7ada0c521fdeab3c881b36d486ea" instanceOccurrenceNum="0" instanceOccurrenceMax="0">
    <ShortMessage>Consider using Locale parameterized version of invoked method</ShortMessage>
    <LongMessage>Use of non-localized String.toUpperCase() or String.toLowerCase() in new org.junit.runners.model.TestTimedOutException(long, TimeUnit)</LongMessage>
    <Class classname="org.junit.runners.model.TestTimedOutException" primary="true">
      <SourceLine classname="org.junit.runners.model.TestTimedOutException" start="25" end="42" sourcefile="TestTimedOutException.java" sourcepath="org/junit/runners/model/TestTimedOutException.java">
        <Message>At TestTimedOutException.java:[lines 25-42]</Message>
      </SourceLine>
      <Message>In class org.junit.runners.model.TestTimedOutException</Message>
    </Class>
    <Method classname="org.junit.runners.model.TestTimedOutException" name="&lt;init&gt;" signature="(JLjava/util/concurrent/TimeUnit;)V" isStatic="false" primary="true">
      <SourceLine classname="org.junit.runners.model.TestTimedOutException" start="25" end="29" startBytecode="0" endBytecode="114" sourcefile="TestTimedOutException.java" sourcepath="org/junit/runners/model/TestTimedOutException.java"/>
      <Message>In method new org.junit.runners.model.TestTimedOutException(long, TimeUnit)</Message>
    </Method>
    <SourceLine classname="org.junit.runners.model.TestTimedOutException" primary="true" start="25" end="25" startBytecode="20" endBytecode="20" sourcefile="TestTimedOutException.java" sourcepath="org/junit/runners/model/TestTimedOutException.java">
      <Message>At TestTimedOutException.java:[line 25]</Message>
    </SourceLine>
  </BugInstance>
  <BugInstance type="CT_CONSTRUCTOR_THROW" priority="2" rank="16" abbrev="CT" category="BAD_PRACTICE" instanceHash="18199eefbd3976743af0c459f42a705a" instanceOccurrenceNum="0" instanceOccurrenceMax="0">
    <ShortMessage>Be wary of letting constructors throw exceptions.</ShortMessage>
    <LongMessage>Exception thrown in class org.junit.runners.parameterized.BlockJUnit4ClassRunnerWithParameters at new org.junit.runners.parameterized.BlockJUnit4ClassRunnerWithParameters(TestWithParameters) will leave the constructor. The object under construction remains partially initialized and may be vulnerable to Finalizer attacks.</LongMessage>
    <Class classname="org.junit.runners.parameterized.BlockJUnit4ClassRunnerWithParameters" primary="true">
      <SourceLine classname="org.junit.runners.parameterized.BlockJUnit4ClassRunnerWithParameters" start="27" end="141" sourcefile="BlockJUnit4ClassRunnerWithParameters.java" sourcepath="org/junit/runners/parameterized/BlockJUnit4ClassRunnerWithParameters.java">
        <Message>At BlockJUnit4ClassRunnerWithParameters.java:[lines 27-141]</Message>
      </SourceLine>
      <Message>In class org.junit.runners.parameterized.BlockJUnit4ClassRunnerWithParameters</Message>
    </Class>
    <Method classname="org.junit.runners.parameterized.BlockJUnit4ClassRunnerWithParameters" name="&lt;init&gt;" signature="(Lorg/junit/runners/parameterized/TestWithParameters;)V" isStatic="false" primary="true">
      <SourceLine classname="org.junit.runners.parameterized.BlockJUnit4ClassRunnerWithParameters" start="27" end="31" startBytecode="0" endBytecode="108" sourcefile="BlockJUnit4ClassRunnerWithParameters.java" sourcepath="org/junit/runners/parameterized/BlockJUnit4ClassRunnerWithParameters.java"/>
      <Message>In method new org.junit.runners.parameterized.BlockJUnit4ClassRunnerWithParameters(TestWithParameters)</Message>
    </Method>
    <SourceLine classname="org.junit.runners.parameterized.BlockJUnit4ClassRunnerWithParameters" primary="true" start="28" end="28" startBytecode="35" endBytecode="35" sourcefile="BlockJUnit4ClassRunnerWithParameters.java" sourcepath="org/junit/runners/parameterized/BlockJUnit4ClassRunnerWithParameters.java">
      <Message>At BlockJUnit4ClassRunnerWithParameters.java:[line 28]</Message>
    </SourceLine>
    <SourceLine classname="org.junit.runners.parameterized.BlockJUnit4ClassRunnerWithParameters" start="28" end="28" startBytecode="35" endBytecode="35" sourcefile="BlockJUnit4ClassRunnerWithParameters.java" sourcepath="org/junit/runners/parameterized/BlockJUnit4ClassRunnerWithParameters.java">
      <Message>At BlockJUnit4ClassRunnerWithParameters.java:[line 28]</Message>
    </SourceLine>
  </BugInstance>
  <BugCategory category="BAD_PRACTICE">
    <Description>Bad practice</Description>
  </BugCategory>
  <BugCategory category="MALICIOUS_CODE">
    <Description>Malicious code vulnerability</Description>
  </BugCategory>
  <BugCategory category="PERFORMANCE">
    <Description>Performance</Description>
  </BugCategory>
  <BugCategory category="CORRECTNESS">
    <Description>Correctness</Description>
  </BugCategory>
  <BugCategory category="STYLE">
    <Description>Dodgy code</Description>
  </BugCategory>
  <BugCategory category="MT_CORRECTNESS">
    <Description>Multithreaded correctness</Description>
  </BugCategory>
  <BugCategory category="I18N">
    <Description>Internationalization</Description>
  </BugCategory>
  <BugPattern type="RV_CHECK_FOR_POSITIVE_INDEXOF" abbrev="RV" category="STYLE">
    <ShortDescription>Method checks to see if result of String.indexOf is positive</ShortDescription>
    <Details><![CDATA[

   <p> The method invokes String.indexOf and checks to see if the result is positive or non-positive.
   It is much more typical to check to see if the result is negative or non-negative. It is
   positive only if the substring checked for occurs at some place other than at the beginning of
   the String.</p>

    ]]></Details>
  </BugPattern>
  <BugPattern type="NP_NULL_PARAM_DEREF_NONVIRTUAL" abbrev="NP" category="CORRECTNESS">
    <ShortDescription>Non-virtual method call passes null for non-null parameter</ShortDescription>
    <Details><![CDATA[
      
      <p>
      A possibly-null value is passed to a non-null method parameter.
    Either the parameter is annotated as a parameter that should
    always be non-null, or analysis has shown that it will always be
    dereferenced.
      </p>
      
   ]]></Details>
  </BugPattern>
  <BugPattern type="EI_EXPOSE_REP2" abbrev="EI2" category="MALICIOUS_CODE" cweid="374">
    <ShortDescription>May expose internal representation by incorporating reference to mutable object</ShortDescription>
    <Details><![CDATA[

  <p> This code stores a reference to an externally mutable object into the
  internal representation of the object.&nbsp;
   If instances
   are accessed by untrusted code, and unchecked changes to
   the mutable object would compromise security or other
   important properties, you will need to do something different.
  Storing a copy of the object is better approach in many situations.</p>

    ]]></Details>
  </BugPattern>
  <BugPattern type="NM_SAME_SIMPLE_NAME_AS_SUPERCLASS" abbrev="Nm" category="BAD_PRACTICE">
    <ShortDescription>Class names shouldn&apos;t shadow simple name of superclass</ShortDescription>
    <Details><![CDATA[

  <p> This class has a simple name that is identical to that of its superclass, except
that its superclass is in a different package (e.g., <code>alpha.Foo</code> extends <code>beta.Foo</code>).
This can be exceptionally confusing, create lots of situations in which you have to look at import statements
to resolve references and creates many
opportunities to accidentally define methods that do not override methods in their superclasses.
</p>

    ]]></Details>
  </BugPattern>
  <BugPattern type="REC_CATCH_EXCEPTION" abbrev="REC" category="STYLE" cweid="396">
    <ShortDescription>Exception is caught when Exception is not thrown</ShortDescription>
    <Details><![CDATA[
  
  <p>
  This method uses a try-catch block that catches Exception objects, but Exception is not
  thrown within the try block, and RuntimeException is not explicitly caught.  It is a common bug pattern to
  say try { ... } catch (Exception e) { something } as a shorthand for catching a number of types of exception
  each of whose catch blocks is identical, but this construct also accidentally catches RuntimeException as well,
  masking potential bugs.
  </p>
  <p>A better approach is to either explicitly catch the specific exceptions that are thrown,
  or to explicitly catch RuntimeException exception, rethrow it, and then catch all non-Runtime Exceptions, as shown below:</p>
<pre><code>try {
    ...
} catch (RuntimeException e) {
    throw e;
} catch (Exception e) {
    ... deal with all non-runtime exceptions ...
}
</code></pre>
  
     ]]></Details>
  </BugPattern>
  <BugPattern type="MS_EXPOSE_REP" abbrev="MS" category="MALICIOUS_CODE">
    <ShortDescription>Public static method may expose internal representation by returning a mutable object or array</ShortDescription>
    <Details><![CDATA[

  <p> A public static method returns a reference to a mutable object or
   an array that is part of the static state of the class.
   Any code that calls this method can freely modify
   the underlying array.
   One fix is to return a copy of the array.</p>

    ]]></Details>
  </BugPattern>
  <BugPattern type="RV_RETURN_VALUE_OF_PUTIFABSENT_IGNORED" abbrev="RV" category="MT_CORRECTNESS">
    <ShortDescription>Return value of putIfAbsent ignored, value passed to putIfAbsent reused</ShortDescription>
    <Details><![CDATA[
          
        The <code>putIfAbsent</code> method is typically used to ensure that a
        single value is associated with a given key (the first value for which put
        if absent succeeds).
        If you ignore the return value and retain a reference to the value passed in,
        you run the risk of retaining a value that is not the one that is associated with the key in the map.
        If it matters which one you use and you use the one that isn't stored in the map,
        your program will behave incorrectly.
          
      ]]></Details>
  </BugPattern>
  <BugPattern type="ST_WRITE_TO_STATIC_FROM_INSTANCE_METHOD" abbrev="ST" category="STYLE">
    <ShortDescription>Write to static field from instance method</ShortDescription>
    <Details><![CDATA[

  <p> This instance method writes to a static field. This is tricky to get
correct if multiple instances are being manipulated,
and generally bad practice.
</p>

    ]]></Details>
  </BugPattern>
  <BugPattern type="EI_EXPOSE_REP" abbrev="EI" category="MALICIOUS_CODE" cweid="374">
    <ShortDescription>May expose internal representation by returning reference to mutable object</ShortDescription>
    <Details><![CDATA[

  <p> Returning a reference to a mutable object value stored in one of the object's fields
  exposes the internal representation of the object.&nbsp;
   If instances
   are accessed by untrusted code, and unchecked changes to
   the mutable object would compromise security or other
   important properties, you will need to do something different.
  Returning a new copy of the object is better approach in many situations.</p>

    ]]></Details>
  </BugPattern>
  <BugPattern type="SIC_INNER_SHOULD_BE_STATIC_ANON" abbrev="SIC" category="PERFORMANCE">
    <ShortDescription>Could be refactored into a named static inner class</ShortDescription>
    <Details><![CDATA[

  <p> This class is an inner class, but does not use its embedded reference
  to the object which created it.&nbsp; This reference makes the instances
  of the class larger, and may keep the reference to the creator object
  alive longer than necessary.&nbsp; If possible, the class should be
  made into a <em>static</em> inner class. Since anonymous inner
classes cannot be marked as static, doing this will require refactoring
the inner class so that it is a named inner class.</p>

    ]]></Details>
  </BugPattern>
  <BugPattern type="GC_UNRELATED_TYPES" abbrev="GC" category="CORRECTNESS">
    <ShortDescription>No relationship between generic parameter and method argument</ShortDescription>
    <Details><![CDATA[
     
     <p> This call to a generic collection method contains an argument
     with an incompatible class from that of the collection's parameter
    (i.e., the type of the argument is neither a supertype nor a subtype
        of the corresponding generic type argument).
     Therefore, it is unlikely that the collection contains any objects
    that are equal to the method argument used here.
    Most likely, the wrong value is being passed to the method.</p>
    <p>In general, instances of two unrelated classes are not equal.
    For example, if the <code>Foo</code> and <code>Bar</code> classes
    are not related by subtyping, then an instance of <code>Foo</code>
        should not be equal to an instance of <code>Bar</code>.
    Among other issues, doing so will likely result in an equals method
    that is not symmetrical. For example, if you define the <code>Foo</code> class
    so that a <code>Foo</code> can be equal to a <code>String</code>,
    your equals method isn't symmetrical since a <code>String</code> can only be equal
    to a <code>String</code>.
    </p>
    <p>In rare cases, people do define nonsymmetrical equals methods and still manage to make
    their code work. Although none of the APIs document or guarantee it, it is typically
    the case that if you check if a <code>Collection&lt;String&gt;</code> contains
    a <code>Foo</code>, the equals method of argument (e.g., the equals method of the
    <code>Foo</code> class) used to perform the equality checks.
    </p>
     
    ]]></Details>
  </BugPattern>
  <BugPattern type="DM_DEFAULT_ENCODING" abbrev="Dm" category="I18N">
    <ShortDescription>Reliance on default encoding</ShortDescription>
    <Details><![CDATA[

<p> Found a call to a method which will perform a byte to String (or String to byte) conversion,
and will assume that the default platform encoding is suitable. This will cause the application
behavior to vary between platforms. Use an alternative API and specify a charset name or Charset
object explicitly.</p>

      ]]></Details>
  </BugPattern>
  <BugPattern type="SE_BAD_FIELD" abbrev="Se" category="BAD_PRACTICE">
    <ShortDescription>Non-transient non-serializable instance field in serializable class</ShortDescription>
    <Details><![CDATA[

<p> This Serializable class defines a non-primitive instance field which is neither transient,
Serializable, or <code>java.lang.Object</code>, and does not appear to implement
the <code>Externalizable</code> interface or the
<code>readObject()</code> and <code>writeObject()</code> methods.&nbsp;
Objects of this class will not be deserialized correctly if a non-Serializable
object is stored in this field.</p>

    ]]></Details>
  </BugPattern>
  <BugPattern type="SE_COMPARATOR_SHOULD_BE_SERIALIZABLE" abbrev="Se" category="BAD_PRACTICE">
    <ShortDescription>Comparator doesn&apos;t implement Serializable</ShortDescription>
    <Details><![CDATA[

  <p> This class implements the <code>Comparator</code> interface. You
should consider whether or not it should also implement the <code>Serializable</code>
interface. If a comparator is used to construct an ordered collection
such as a <code>TreeMap</code>, then the <code>TreeMap</code>
will be serializable only if the comparator is also serializable.
As most comparators have little or no state, making them serializable
is generally easy and good defensive programming.
</p>

    ]]></Details>
  </BugPattern>
  <BugPattern type="CT_CONSTRUCTOR_THROW" abbrev="CT" category="BAD_PRACTICE">
    <ShortDescription>Be wary of letting constructors throw exceptions.</ShortDescription>
    <Details><![CDATA[
      
            <p>Classes that throw exceptions in their constructors are vulnerable to Finalizer attacks</p>

            <p>A finalizer attack can be prevented, by declaring the class final, using an empty finalizer declared as final, or by a clever use of a private constructor.</p>

            <p>See <a href="https://wiki.sei.cmu.edu/confluence/display/java/OBJ11-J.+Be+wary+of+letting+constructors+throw+exceptions"><code>SEI CERT Rule OBJ-11</code></a>
            for more information.
            </p>
            
    ]]></Details>
  </BugPattern>
  <BugPattern type="LI_LAZY_INIT_UPDATE_STATIC" abbrev="LI" category="MT_CORRECTNESS" cweid="543">
    <ShortDescription>Incorrect lazy initialization and update of static field</ShortDescription>
    <Details><![CDATA[

<p> This method contains an unsynchronized lazy initialization of a static field.
After the field is set, the object stored into that location is further updated or accessed.
The setting of the field is visible to other threads as soon as it is set. If the
further accesses in the method that set the field serve to initialize the object, then
you have a <em>very serious</em> multithreading bug, unless something else prevents
any other thread from accessing the stored object until it is fully initialized.
</p>
<p>Even if you feel confident that the method is never called by multiple
threads, it might be better to not set the static field until the value
you are setting it to is fully populated/initialized.</p>

    ]]></Details>
  </BugPattern>
  <BugPattern type="NM_WRONG_PACKAGE" abbrev="Nm" category="CORRECTNESS">
    <ShortDescription>Method doesn&apos;t override method in superclass due to wrong package for parameter</ShortDescription>
    <Details><![CDATA[

  <p> The method in the subclass doesn't override a similar method in a superclass because the type of a parameter doesn't exactly match
the type of the corresponding parameter in the superclass. For example, if you have:</p>
<pre><code>import alpha.Foo;

public class A {
    public int f(Foo x) { return 17; }
}
----
import beta.Foo;

public class B extends A {
    public int f(Foo x) { return 42; }
}
</code></pre>
<p>The <code>f(Foo)</code> method defined in class <code>B</code> doesn't
override the
<code>f(Foo)</code> method defined in class <code>A</code>, because the argument
types are <code>Foo</code>'s from different packages.
</p>

    ]]></Details>
  </BugPattern>
  <BugPattern type="VO_VOLATILE_INCREMENT" abbrev="VO" category="MT_CORRECTNESS">
    <ShortDescription>An increment to a volatile field isn&apos;t atomic</ShortDescription>
    <Details><![CDATA[

<p>This code increments/decrements a volatile field. Increments/Decrements of volatile fields aren't
atomic. If more than one thread is incrementing/decrementing the field at the same time,
increments/decrements could be lost.
</p>

    ]]></Details>
  </BugPattern>
  <BugPattern type="VA_FORMAT_STRING_USES_NEWLINE" abbrev="FS" category="BAD_PRACTICE">
    <ShortDescription>Format string should use %n rather than \n</ShortDescription>
    <Details><![CDATA[

<p>
This format string includes a newline character (\n). In format strings, it is generally
 preferable to use %n, which will produce the platform-specific line separator.
</p>

     ]]></Details>
  </BugPattern>
  <BugPattern type="DM_FP_NUMBER_CTOR" abbrev="Bx" category="PERFORMANCE">
    <ShortDescription>Method invokes inefficient floating-point Number constructor; use static valueOf instead</ShortDescription>
    <Details><![CDATA[
      
      <p>
      Using <code>new Double(double)</code> is guaranteed to always result in a new object whereas
      <code>Double.valueOf(double)</code> allows caching of values to be done by the compiler, class library, or JVM.
      Using of cached values avoids object allocation and the code will be faster.
      </p>
      <p>
      Unless the class must be compatible with JVMs predating Java 5,
      use either autoboxing or the <code>valueOf()</code> method when creating instances of <code>Double</code> and <code>Float</code>.
      </p>
      
    ]]></Details>
  </BugPattern>
  <BugPattern type="PZLA_PREFER_ZERO_LENGTH_ARRAYS" abbrev="PZLA" category="STYLE">
    <ShortDescription>Consider returning a zero length array rather than null</ShortDescription>
    <Details><![CDATA[

<p> It is often a better design to
return a length zero array rather than a null reference to indicate that there
are no results (i.e., an empty list of results).
This way, no explicit check for null is needed by clients of the method.</p>

<p>On the other hand, using null to indicate
"there is no answer to this question" is probably appropriate.
For example, <code>File.listFiles()</code> returns an empty list
if given a directory containing no files, and returns null if the file
is not a directory.</p>

    ]]></Details>
  </BugPattern>
  <BugPattern type="OS_OPEN_STREAM_EXCEPTION_PATH" abbrev="OS" category="BAD_PRACTICE">
    <ShortDescription>Method may fail to close stream on exception</ShortDescription>
    <Details><![CDATA[

<p> The method creates an IO stream object, does not assign it to any
fields, pass it to other methods, or return it, and does not appear to close
it on all possible exception paths out of the method.&nbsp;
This may result in a file descriptor leak.&nbsp; It is generally a good
idea to use a <code>finally</code> block to ensure that streams are
closed.</p>

    ]]></Details>
  </BugPattern>
  <BugPattern type="MC_OVERRIDABLE_METHOD_CALL_IN_CONSTRUCTOR" abbrev="MC" category="MALICIOUS_CODE">
    <ShortDescription>An overridable method is called from a constructor</ShortDescription>
    <Details><![CDATA[
      <p>
      Calling an overridable method during in a constructor may result in the use of uninitialized data. It may also
      leak the this reference of the partially constructed object. Only static, final or private methods should be
      invoked from a constructor.</p>
      <p>
      See SEI CERT rule <a href="https://wiki.sei.cmu.edu/confluence/display/java/MET05-J.+Ensure+that+constructors+do+not+call+overridable+methods">MET05-J. Ensure that constructors do not call overridable methods</a>.
      </p>
    ]]></Details>
  </BugPattern>
  <BugPattern type="NM_CLASS_NOT_EXCEPTION" abbrev="Nm" category="BAD_PRACTICE">
    <ShortDescription>Class is not derived from an Exception, even though it is named as such</ShortDescription>
    <Details><![CDATA[

<p> This class is not derived from another exception, but ends with 'Exception'. This will
be confusing to users of this class.</p>

    ]]></Details>
  </BugPattern>
  <BugPattern type="DE_MIGHT_IGNORE" abbrev="DE" category="BAD_PRACTICE">
    <ShortDescription>Method might ignore exception</ShortDescription>
    <Details><![CDATA[

  <p> This method might ignore an exception.&nbsp; In general, exceptions
  should be handled or reported in some way, or they should be thrown
  out of the method.</p>

    ]]></Details>
  </BugPattern>
  <BugPattern type="DM_EXIT" abbrev="Dm" category="BAD_PRACTICE" cweid="382">
    <ShortDescription>Method invokes System.exit(...)</ShortDescription>
    <Details><![CDATA[

  <p> Invoking System.exit shuts down the entire Java virtual machine. This
   should only been done when it is appropriate. Such calls make it
   hard or impossible for your code to be invoked by other code.
   Consider throwing a RuntimeException instead.</p>

    ]]></Details>
  </BugPattern>
  <BugPattern type="RV_RETURN_VALUE_IGNORED_BAD_PRACTICE" abbrev="RV" category="BAD_PRACTICE" cweid="253">
    <ShortDescription>Method ignores exceptional return value</ShortDescription>
    <Details><![CDATA[

   <p> This method returns a value that is not checked. The return value should be checked
since it can indicate an unusual or unexpected function execution. For
example, the <code>File.delete()</code> method returns false
if the file could not be successfully deleted (rather than
throwing an Exception).
If you don't check the result, you won't notice if the method invocation
signals unexpected behavior by returning an atypical return value.
</p>

    ]]></Details>
  </BugPattern>
  <BugPattern type="IA_AMBIGUOUS_INVOCATION_OF_INHERITED_OR_OUTER_METHOD" abbrev="IA" category="STYLE">
    <ShortDescription>Potentially ambiguous invocation of either an inherited or outer method</ShortDescription>
    <Details><![CDATA[

  <p>
An inner class is invoking a method that could be resolved to either a inherited method or a method defined in an outer class.
For example, you invoke <code>foo(17)</code>, which is defined in both a superclass and in an outer method.
By the Java semantics,
it will be resolved to invoke the inherited method, but this may not be what
you intend.
</p>
<p>If you really intend to invoke the inherited method,
invoke it by invoking the method on super (e.g., invoke super.foo(17)), and
thus it will be clear to other readers of your code and to SpotBugs
that you want to invoke the inherited method, not the method in the outer class.
</p>
<p>If you call <code>this.foo(17)</code>, then the inherited method will be invoked. However, since SpotBugs only looks at
classfiles, it
cannot tell the difference between an invocation of <code>this.foo(17)</code> and <code>foo(17)</code>, it will still
complain about a potential ambiguous invocation.
</p>

    ]]></Details>
  </BugPattern>
  <BugPattern type="DM_CONVERT_CASE" abbrev="Dm" category="I18N">
    <ShortDescription>Consider using Locale parameterized version of invoked method</ShortDescription>
    <Details><![CDATA[

  <p> A String is being converted to upper or lowercase, using the platform's default encoding. This may
      result in improper conversions when used with international characters. Use the </p>
      <ul>
    <li>String.toUpperCase( Locale l )</li>
    <li>String.toLowerCase( Locale l )</li>
    </ul>
      <p>versions instead.</p>

    ]]></Details>
  </BugPattern>
  <BugCode abbrev="ST">
    <Description>Misuse of static fields</Description>
  </BugCode>
  <BugCode abbrev="DE" cweid="391">
    <Description>Dropped or ignored exception</Description>
  </BugCode>
  <BugCode abbrev="NP" cweid="476">
    <Description>Null pointer dereference</Description>
  </BugCode>
  <BugCode abbrev="EI">
    <Description>Method returning array may expose internal representation</Description>
  </BugCode>
  <BugCode abbrev="RV" cweid="440">
    <Description>Bad use of return value from method</Description>
  </BugCode>
  <BugCode abbrev="OS">
    <Description>Stream not closed on all paths</Description>
  </BugCode>
  <BugCode abbrev="MS" cweid="218">
    <Description>Mutable static field</Description>
  </BugCode>
  <BugCode abbrev="Dm">
    <Description>Dubious method used</Description>
  </BugCode>
  <BugCode abbrev="SIC">
    <Description>Inner class could be made static</Description>
  </BugCode>
  <BugCode abbrev="FS">
    <Description>Format string problem</Description>
  </BugCode>
  <BugCode abbrev="EI2">
    <Description>Storing reference to mutable object</Description>
  </BugCode>
  <BugCode abbrev="CT">
    <Description>Constructor throws</Description>
  </BugCode>
  <BugCode abbrev="REC">
    <Description>RuntimeException capture</Description>
  </BugCode>
  <BugCode abbrev="Se">
    <Description>Incorrect definition of Serializable class</Description>
  </BugCode>
  <BugCode abbrev="Bx">
    <Description>Questionable Boxing of primitive value</Description>
  </BugCode>
  <BugCode abbrev="MC">
    <Description>Dangerous call to overridable method</Description>
  </BugCode>
  <BugCode abbrev="IA">
    <Description>Ambiguous invocation</Description>
  </BugCode>
  <BugCode abbrev="VO">
    <Description>Use of volatile</Description>
  </BugCode>
  <BugCode abbrev="PZLA">
    <Description>Prefer zero length arrays to null to indicate no results</Description>
  </BugCode>
  <BugCode abbrev="GC">
    <Description>Suspicious calls to generic collection methods</Description>
  </BugCode>
  <BugCode abbrev="LI">
    <Description>Unsynchronized Lazy Initialization</Description>
  </BugCode>
  <BugCode abbrev="Nm">
    <Description>Confusing method name</Description>
  </BugCode>
  <Errors errors="0" missingClasses="11">
    <MissingClass>org.hamcrest.BaseMatcher</MissingClass>
    <MissingClass>org.hamcrest.CoreMatchers</MissingClass>
    <MissingClass>org.hamcrest.Description</MissingClass>
    <MissingClass>org.hamcrest.Matcher</MissingClass>
    <MissingClass>org.hamcrest.MatcherAssert</MissingClass>
    <MissingClass>org.hamcrest.SelfDescribing</MissingClass>
    <MissingClass>org.hamcrest.StringDescription</MissingClass>
    <MissingClass>org.hamcrest.TypeSafeMatcher</MissingClass>
    <MissingClass>org.hamcrest.core.CombinableMatcher</MissingClass>
    <MissingClass>org.hamcrest.core.CombinableMatcher$CombinableBothMatcher</MissingClass>
    <MissingClass>org.hamcrest.core.CombinableMatcher$CombinableEitherMatcher</MissingClass>
  </Errors>
  <FindBugsSummary timestamp="Fri, 8 Dec 2023 14:26:25 +0900" total_classes="286" referenced_classes="488" total_bugs="119" total_size="6561" num_packages="30" java_version="17.0.9" vm_version="17.0.9+11-LTS-201" cpu_seconds="3.27" clock_seconds="3.88" peak_mbytes="267.22" alloc_mbytes="4078.00" gc_seconds="0.08" priority_3="20" priority_2="91" priority_1="8">
    <FileStats path="junit/extensions/ActiveTestSuite.java" bugCount="1" size="45" bugHash="e5d16ead47ec6e43e14de89d57fd4921"/>
    <FileStats path="junit/extensions/RepeatedTest.java" bugCount="1" size="18" bugHash="92d4495cd658d70948e077f326a9b089"/>
    <FileStats path="junit/extensions/TestDecorator.java" bugCount="0" size="18"/>
    <FileStats path="junit/extensions/TestSetup.java" bugCount="1" size="22" bugHash="642d357cd8c2d52ce33f8e686250014a"/>
    <FileStats path="junit/framework/Assert.java" bugCount="2" size="142" bugHash="165d8c519359abe66cbc38d9c11158e3"/>
    <FileStats path="junit/framework/AssertionFailedError.java" bugCount="0" size="10"/>
    <FileStats path="junit/framework/ComparisonCompactor.java" bugCount="0" size="52"/>
    <FileStats path="junit/framework/ComparisonFailure.java" bugCount="0" size="16"/>
    <FileStats path="junit/framework/JUnit4TestAdapter.java" bugCount="1" size="45" bugHash="b88e06acc6329c6999ea461f161822ee"/>
    <FileStats path="junit/framework/JUnit4TestAdapterCache.java" bugCount="1" size="47" bugHash="41c92db5ce2372542c02563d5b4e10b3"/>
    <FileStats path="junit/framework/JUnit4TestCaseFacade.java" bugCount="1" size="14" bugHash="dc6bf3d9956814ee083397ce9a54851b"/>
    <FileStats path="junit/framework/Protectable.java" bugCount="0" size="2"/>
    <FileStats path="junit/framework/Test.java" bugCount="0" size="3"/>
    <FileStats path="junit/framework/TestCase.java" bugCount="0" size="177"/>
    <FileStats path="junit/framework/TestFailure.java" bugCount="2" size="23" bugHash="65c2e54fb6ede66caade2ed7022fddde"/>
    <FileStats path="junit/framework/TestListener.java" bugCount="0" size="5"/>
    <FileStats path="junit/framework/TestResult.java" bugCount="2" size="87" bugHash="be0354d3aa1b91ddf07fd577a5ff284c"/>
    <FileStats path="junit/framework/TestSuite.java" bugCount="0" size="137"/>
    <FileStats path="junit/runner/BaseTestRunner.java" bugCount="4" size="175" bugHash="e2d0a3d08f2b29b9d4ff1d3d178a3b86"/>
    <FileStats path="junit/runner/TestRunListener.java" bugCount="0" size="9"/>
    <FileStats path="junit/runner/Version.java" bugCount="0" size="9"/>
    <FileStats path="junit/textui/ResultPrinter.java" bugCount="2" size="74" bugHash="e37d3f2d71feec440c864b30641e68f4"/>
    <FileStats path="junit/textui/TestRunner.java" bugCount="4" size="99" bugHash="bbb754def872c5b52655b145c6207bca"/>
    <FileStats path="org/junit/After.java" bugCount="0" size="1"/>
    <FileStats path="org/junit/AfterClass.java" bugCount="0" size="1"/>
    <FileStats path="org/junit/Assert.java" bugCount="0" size="246"/>
    <FileStats path="org/junit/Assume.java" bugCount="0" size="32"/>
    <FileStats path="org/junit/AssumptionViolatedException.java" bugCount="1" size="14" bugHash="bf194f8c3d4c00e40e09dee0ab4935c7"/>
    <FileStats path="org/junit/Before.java" bugCount="0" size="1"/>
    <FileStats path="org/junit/BeforeClass.java" bugCount="0" size="1"/>
    <FileStats path="org/junit/ClassRule.java" bugCount="0" size="1"/>
    <FileStats path="org/junit/ComparisonFailure.java" bugCount="0" size="81"/>
    <FileStats path="org/junit/FixMethodOrder.java" bugCount="0" size="2"/>
    <FileStats path="org/junit/Ignore.java" bugCount="0" size="2"/>
    <FileStats path="org/junit/Rule.java" bugCount="0" size="1"/>
    <FileStats path="org/junit/Test.java" bugCount="0" size="8"/>
    <FileStats path="org/junit/experimental/ParallelComputer.java" bugCount="1" size="37" bugHash="b709f0952ebe2a24346a8d96052dd0ba"/>
    <FileStats path="org/junit/experimental/categories/Categories.java" bugCount="2" size="155" bugHash="6b97783da3553f90de444219ee3f4d30"/>
    <FileStats path="org/junit/experimental/categories/Category.java" bugCount="0" size="2"/>
    <FileStats path="org/junit/experimental/categories/CategoryFilterFactory.java" bugCount="0" size="14"/>
    <FileStats path="org/junit/experimental/categories/CategoryValidator.java" bugCount="0" size="18"/>
    <FileStats path="org/junit/experimental/categories/ExcludeCategories.java" bugCount="0" size="15"/>
    <FileStats path="org/junit/experimental/categories/IncludeCategories.java" bugCount="0" size="15"/>
    <FileStats path="org/junit/experimental/max/CouldNotReadCoreException.java" bugCount="0" size="5"/>
    <FileStats path="org/junit/experimental/max/MaxCore.java" bugCount="3" size="72" bugHash="9de45d9552343f65041e513554d3f406"/>
    <FileStats path="org/junit/experimental/max/MaxHistory.java" bugCount="3" size="91" bugHash="f7309c5fa7ece7a0a2ecfd5f1d901e39"/>
    <FileStats path="org/junit/experimental/results/FailureList.java" bugCount="0" size="15"/>
    <FileStats path="org/junit/experimental/results/PrintableResult.java" bugCount="2" size="19" bugHash="9a4e6a583fbbb5e9ac5cd1a6eb118ac4"/>
    <FileStats path="org/junit/experimental/results/ResultMatchers.java" bugCount="0" size="39"/>
    <FileStats path="org/junit/experimental/runners/Enclosed.java" bugCount="1" size="10" bugHash="fa9ba963b17c36355ae1ef6ae770d9d3"/>
    <FileStats path="org/junit/experimental/theories/DataPoint.java" bugCount="0" size="3"/>
    <FileStats path="org/junit/experimental/theories/DataPoints.java" bugCount="0" size="3"/>
    <FileStats path="org/junit/experimental/theories/FromDataPoints.java" bugCount="0" size="2"/>
    <FileStats path="org/junit/experimental/theories/ParameterSignature.java" bugCount="0" size="70"/>
    <FileStats path="org/junit/experimental/theories/ParameterSupplier.java" bugCount="0" size="4"/>
    <FileStats path="org/junit/experimental/theories/ParametersSuppliedBy.java" bugCount="0" size="2"/>
    <FileStats path="org/junit/experimental/theories/PotentialAssignment.java" bugCount="0" size="33"/>
    <FileStats path="org/junit/experimental/theories/Theories.java" bugCount="5" size="156" bugHash="4801e4a48add76d162c19d4a524de737"/>
    <FileStats path="org/junit/experimental/theories/Theory.java" bugCount="0" size="2"/>
    <FileStats path="org/junit/experimental/theories/internal/AllMembersSupplier.java" bugCount="0" size="116"/>
    <FileStats path="org/junit/experimental/theories/internal/Assignments.java" bugCount="0" size="67"/>
    <FileStats path="org/junit/experimental/theories/internal/BooleanSupplier.java" bugCount="0" size="5"/>
    <FileStats path="org/junit/experimental/theories/internal/EnumSupplier.java" bugCount="0" size="12"/>
    <FileStats path="org/junit/experimental/theories/internal/ParameterizedAssertionError.java" bugCount="0" size="26"/>
    <FileStats path="org/junit/experimental/theories/internal/SpecificDataPointsSupplier.java" bugCount="0" size="44"/>
    <FileStats path="org/junit/experimental/theories/suppliers/TestedOn.java" bugCount="0" size="2"/>
    <FileStats path="org/junit/experimental/theories/suppliers/TestedOnSupplier.java" bugCount="0" size="10"/>
    <FileStats path="org/junit/internal/ArrayComparisonFailure.java" bugCount="0" size="28"/>
    <FileStats path="org/junit/internal/AssumptionViolatedException.java" bugCount="0" size="42"/>
    <FileStats path="org/junit/internal/Classes.java" bugCount="0" size="5"/>
    <FileStats path="org/junit/internal/ComparisonCriteria.java" bugCount="0" size="35"/>
    <FileStats path="org/junit/internal/ExactComparisonCriteria.java" bugCount="0" size="6"/>
    <FileStats path="org/junit/internal/InexactComparisonCriteria.java" bugCount="0" size="15"/>
    <FileStats path="org/junit/internal/JUnitSystem.java" bugCount="0" size="3"/>
    <FileStats path="org/junit/internal/MethodSorter.java" bugCount="0" size="38"/>
    <FileStats path="org/junit/internal/RealSystem.java" bugCount="0" size="8"/>
    <FileStats path="org/junit/internal/TextListener.java" bugCount="1" size="56" bugHash="9ddc04461a71756ebefe6f4a2dc39674"/>
    <FileStats path="org/junit/internal/Throwables.java" bugCount="0" size="9"/>
    <FileStats path="org/junit/internal/builders/AllDefaultPossibilitiesBuilder.java" bugCount="0" size="26"/>
    <FileStats path="org/junit/internal/builders/AnnotatedBuilder.java" bugCount="1" size="25" bugHash="c7c2c9e80e81fb9df91bb17d0974a224"/>
    <FileStats path="org/junit/internal/builders/IgnoredBuilder.java" bugCount="0" size="7"/>
    <FileStats path="org/junit/internal/builders/IgnoredClassRunner.java" bugCount="0" size="11"/>
    <FileStats path="org/junit/internal/builders/JUnit3Builder.java" bugCount="0" size="9"/>
    <FileStats path="org/junit/internal/builders/JUnit4Builder.java" bugCount="0" size="5"/>
    <FileStats path="org/junit/internal/builders/NullBuilder.java" bugCount="0" size="5"/>
    <FileStats path="org/junit/internal/builders/SuiteMethodBuilder.java" bugCount="0" size="13"/>
    <FileStats path="org/junit/internal/matchers/StacktracePrintingMatcher.java" bugCount="0" size="27"/>
    <FileStats path="org/junit/internal/matchers/ThrowableCauseMatcher.java" bugCount="0" size="21"/>
    <FileStats path="org/junit/internal/matchers/ThrowableMessageMatcher.java" bugCount="0" size="21"/>
    <FileStats path="org/junit/internal/matchers/TypeSafeMatcher.java" bugCount="0" size="21"/>
    <FileStats path="org/junit/internal/requests/ClassRequest.java" bugCount="0" size="21"/>
    <FileStats path="org/junit/internal/requests/FilterRequest.java" bugCount="0" size="14"/>
    <FileStats path="org/junit/internal/requests/SortingRequest.java" bugCount="0" size="12"/>
    <FileStats path="org/junit/internal/runners/ClassRoadie.java" bugCount="2" size="49" bugHash="37fdbde74fe76a5337fa8eec1734827f"/>
    <FileStats path="org/junit/internal/runners/ErrorReportingRunner.java" bugCount="1" size="35" bugHash="bf35309e8c6e7ceee559d3216d3d56a9"/>
    <FileStats path="org/junit/internal/runners/FailedBefore.java" bugCount="0" size="4"/>
    <FileStats path="org/junit/internal/runners/InitializationError.java" bugCount="2" size="15" bugHash="84da571262a768cfafd6dc048b844f37"/>
    <FileStats path="org/junit/internal/runners/JUnit38ClassRunner.java" bugCount="0" size="108"/>
    <FileStats path="org/junit/internal/runners/JUnit4ClassRunner.java" bugCount="3" size="91" bugHash="dbe5ce17c058034c389ff9154f531d7b"/>
    <FileStats path="org/junit/internal/runners/MethodRoadie.java" bugCount="2" size="117" bugHash="e420e6859ae93f4eb92b6d40bf6e92c5"/>
    <FileStats path="org/junit/internal/runners/MethodValidator.java" bugCount="1" size="50" bugHash="17d8010016fba17136758da74786497b"/>
    <FileStats path="org/junit/internal/runners/SuiteMethod.java" bugCount="1" size="15" bugHash="c90f0282de530cc794533268bfa92ce3"/>
    <FileStats path="org/junit/internal/runners/TestClass.java" bugCount="0" size="53"/>
    <FileStats path="org/junit/internal/runners/TestMethod.java" bugCount="1" size="32" bugHash="4b0f275a8411346dddc396dfe71fa653"/>
    <FileStats path="org/junit/internal/runners/model/EachTestNotifier.java" bugCount="2" size="29" bugHash="b3f8283319d4c5e037f36cee30976b85"/>
    <FileStats path="org/junit/internal/runners/model/MultipleFailureException.java" bugCount="1" size="5" bugHash="60fb87a5077c63118036f9c1e680ca33"/>
    <FileStats path="org/junit/internal/runners/model/ReflectiveCallable.java" bugCount="0" size="8"/>
    <FileStats path="org/junit/internal/runners/rules/RuleMemberValidator.java" bugCount="0" size="139"/>
    <FileStats path="org/junit/internal/runners/rules/ValidationError.java" bugCount="0" size="4"/>
    <FileStats path="org/junit/internal/runners/statements/ExpectException.java" bugCount="1" size="22" bugHash="3e571f3e1ea4524c6fe2569e4870b3d2"/>
    <FileStats path="org/junit/internal/runners/statements/Fail.java" bugCount="1" size="8" bugHash="5d3da9002a9ce3720a7b09ffe2b24fe5"/>
    <FileStats path="org/junit/internal/runners/statements/FailOnTimeout.java" bugCount="1" size="150" bugHash="77d99822daf6a6537d87cd13261dd971"/>
    <FileStats path="org/junit/internal/runners/statements/InvokeMethod.java" bugCount="0" size="11"/>
    <FileStats path="org/junit/internal/runners/statements/RunAfters.java" bugCount="1" size="23" bugHash="335b0e287a489de1cf1358a02f0632d0"/>
    <FileStats path="org/junit/internal/runners/statements/RunBefores.java" bugCount="1" size="15" bugHash="b0f6de9dd9590961e88e200bdd653117"/>
    <FileStats path="org/junit/matchers/JUnitMatchers.java" bugCount="0" size="23"/>
    <FileStats path="org/junit/rules/DisableOnDebug.java" bugCount="0" size="24"/>
    <FileStats path="org/junit/rules/ErrorCollector.java" bugCount="1" size="32" bugHash="9f911d876df0c670ea7e0c51e9ac0fff"/>
    <FileStats path="org/junit/rules/ExpectedException.java" bugCount="1" size="67" bugHash="ef98778a12d134f708e883d6a941bcc9"/>
    <FileStats path="org/junit/rules/ExpectedExceptionMatcherBuilder.java" bugCount="0" size="20"/>
    <FileStats path="org/junit/rules/ExternalResource.java" bugCount="1" size="22" bugHash="1e6454c0607ab7a3c429c016cfc954d0"/>
    <FileStats path="org/junit/rules/MethodRule.java" bugCount="0" size="2"/>
    <FileStats path="org/junit/rules/RuleChain.java" bugCount="0" size="22"/>
    <FileStats path="org/junit/rules/RunRules.java" bugCount="0" size="13"/>
    <FileStats path="org/junit/rules/Stopwatch.java" bugCount="1" size="70" bugHash="72230702a9309533257e97e5d1536ca0"/>
    <FileStats path="org/junit/rules/TemporaryFolder.java" bugCount="3" size="67" bugHash="bb6a71bebbef0e23d1f3ad852445d0eb"/>
    <FileStats path="org/junit/rules/TestName.java" bugCount="0" size="9"/>
    <FileStats path="org/junit/rules/TestRule.java" bugCount="0" size="2"/>
    <FileStats path="org/junit/rules/TestWatcher.java" bugCount="1" size="77" bugHash="c7a13636a4e52423def3ef84d656622e"/>
    <FileStats path="org/junit/rules/TestWatchman.java" bugCount="1" size="31" bugHash="1b246e4d5ab20eeff4326fd75bd3b87a"/>
    <FileStats path="org/junit/rules/Timeout.java" bugCount="1" size="67" bugHash="e84c40cbde702b5f548823f627a7d79e"/>
    <FileStats path="org/junit/rules/Verifier.java" bugCount="1" size="16" bugHash="180d47a783f6f38ed5f7d77e2f87b905"/>
    <FileStats path="org/junit/runner/Computer.java" bugCount="1" size="16" bugHash="1140b64d418f49825ad35ed0c2203279"/>
    <FileStats path="org/junit/runner/Describable.java" bugCount="0" size="2"/>
    <FileStats path="org/junit/runner/Description.java" bugCount="2" size="100" bugHash="9aaf98c2082fea12dcd710561eb88d66"/>
    <FileStats path="org/junit/runner/FilterFactories.java" bugCount="0" size="25"/>
    <FileStats path="org/junit/runner/FilterFactory.java" bugCount="0" size="6"/>
    <FileStats path="org/junit/runner/FilterFactoryParams.java" bugCount="2" size="14" bugHash="0d88416949e337bc4ea227c78a0d1bdb"/>
    <FileStats path="org/junit/runner/JUnitCommandLineParseResult.java" bugCount="0" size="71"/>
    <FileStats path="org/junit/runner/JUnitCore.java" bugCount="0" size="47"/>
    <FileStats path="org/junit/runner/Request.java" bugCount="0" size="35"/>
    <FileStats path="org/junit/runner/Result.java" bugCount="2" size="121" bugHash="ff298d11888eb6f768f5ddcfda085013"/>
    <FileStats path="org/junit/runner/RunWith.java" bugCount="0" size="2"/>
    <FileStats path="org/junit/runner/Runner.java" bugCount="0" size="7"/>
    <FileStats path="org/junit/runner/manipulation/Filter.java" bugCount="1" size="55" bugHash="e755321b579b6703f3e0c6be4dfe20ea"/>
    <FileStats path="org/junit/runner/manipulation/Filterable.java" bugCount="0" size="2"/>
    <FileStats path="org/junit/runner/manipulation/NoTestsRemainException.java" bugCount="0" size="4"/>
    <FileStats path="org/junit/runner/manipulation/Sortable.java" bugCount="0" size="2"/>
    <FileStats path="org/junit/runner/manipulation/Sorter.java" bugCount="1" size="24" bugHash="edc08847256ab71ac4b1463a71a462d1"/>
    <FileStats path="org/junit/runner/notification/Failure.java" bugCount="4" size="24" bugHash="d3d86e884c73293be6957eea083c74f6"/>
    <FileStats path="org/junit/runner/notification/RunListener.java" bugCount="0" size="19"/>
    <FileStats path="org/junit/runner/notification/RunNotifier.java" bugCount="6" size="137" bugHash="4300d97e6e9579081cc8e80d11941490"/>
    <FileStats path="org/junit/runner/notification/StoppedByUserException.java" bugCount="0" size="4"/>
    <FileStats path="org/junit/runner/notification/SynchronizedRunListener.java" bugCount="0" size="54"/>
    <FileStats path="org/junit/runners/AllTests.java" bugCount="1" size="4" bugHash="e443cec139e2463517a3173667d6044a"/>
    <FileStats path="org/junit/runners/BlockJUnit4ClassRunner.java" bugCount="4" size="144" bugHash="7ee12173194b15101f751379fbb87b19"/>
    <FileStats path="org/junit/runners/JUnit4.java" bugCount="0" size="4"/>
    <FileStats path="org/junit/runners/MethodSorters.java" bugCount="0" size="19"/>
    <FileStats path="org/junit/runners/Parameterized.java" bugCount="1" size="66" bugHash="44f999112e9a65af2da045bae39c33cf"/>
    <FileStats path="org/junit/runners/ParentRunner.java" bugCount="1" size="192" bugHash="dbcde0e8935203c622df0b54f53df4e1"/>
    <FileStats path="org/junit/runners/Suite.java" bugCount="5" size="39" bugHash="a6f875814293837bce25e361efa3e949"/>
    <FileStats path="org/junit/runners/model/Annotatable.java" bugCount="0" size="3"/>
    <FileStats path="org/junit/runners/model/FrameworkField.java" bugCount="2" size="30" bugHash="8659697f84c6ef15ebb64b5632dfa2ee"/>
    <FileStats path="org/junit/runners/model/FrameworkMember.java" bugCount="0" size="17"/>
    <FileStats path="org/junit/runners/model/FrameworkMethod.java" bugCount="4" size="75" bugHash="f22aa94fb77a7ce9c2c93a56f4a013b5"/>
    <FileStats path="org/junit/runners/model/InitializationError.java" bugCount="2" size="15" bugHash="1af75659d31c963d07215c8b8e92b8a4"/>
    <FileStats path="org/junit/runners/model/MultipleFailureException.java" bugCount="1" size="20" bugHash="e8265f297609ee387e4e3eef30ad1cf9"/>
    <FileStats path="org/junit/runners/model/NoGenericTypeParametersValidator.java" bugCount="0" size="33"/>
    <FileStats path="org/junit/runners/model/RunnerBuilder.java" bugCount="0" size="30"/>
    <FileStats path="org/junit/runners/model/RunnerScheduler.java" bugCount="0" size="3"/>
    <FileStats path="org/junit/runners/model/Statement.java" bugCount="0" size="4"/>
    <FileStats path="org/junit/runners/model/TestClass.java" bugCount="3" size="143" bugHash="65b1348bdf3aa81d6dd0725096c845c6"/>
    <FileStats path="org/junit/runners/model/TestTimedOutException.java" bugCount="1" size="13" bugHash="b9f305e23949de8feeb4adde5255c502"/>
    <FileStats path="org/junit/runners/parameterized/BlockJUnit4ClassRunnerWithParameters.java" bugCount="1" size="64" bugHash="9420b1ccb817c32d7210e07334688386"/>
    <FileStats path="org/junit/runners/parameterized/BlockJUnit4ClassRunnerWithParametersFactory.java" bugCount="0" size="5"/>
    <FileStats path="org/junit/runners/parameterized/ParametersRunnerFactory.java" bugCount="0" size="2"/>
    <FileStats path="org/junit/runners/parameterized/TestWithParameters.java" bugCount="0" size="39"/>
    <FileStats path="org/junit/validator/AnnotationValidator.java" bugCount="0" size="12"/>
    <FileStats path="org/junit/validator/AnnotationValidatorFactory.java" bugCount="0" size="18"/>
    <FileStats path="org/junit/validator/AnnotationsValidator.java" bugCount="0" size="68"/>
    <FileStats path="org/junit/validator/PublicClassValidator.java" bugCount="0" size="10"/>
    <FileStats path="org/junit/validator/TestClassValidator.java" bugCount="0" size="2"/>
    <FileStats path="org/junit/validator/ValidateWith.java" bugCount="0" size="2"/>
    <PackageStats package="junit.extensions" total_bugs="3" total_types="6" total_size="103" priority_2="3">
      <ClassStats class="junit.extensions.ActiveTestSuite" sourceFile="ActiveTestSuite.java" interface="false" size="34" bugs="1" priority_2="1"/>
      <ClassStats class="junit.extensions.ActiveTestSuite$1" sourceFile="ActiveTestSuite.java" interface="false" size="11" bugs="0"/>
      <ClassStats class="junit.extensions.RepeatedTest" sourceFile="RepeatedTest.java" interface="false" size="18" bugs="1" priority_2="1"/>
      <ClassStats class="junit.extensions.TestDecorator" sourceFile="TestDecorator.java" interface="false" size="18" bugs="0"/>
      <ClassStats class="junit.extensions.TestSetup" sourceFile="TestSetup.java" interface="false" size="12" bugs="0"/>
      <ClassStats class="junit.extensions.TestSetup$1" sourceFile="TestSetup.java" interface="false" size="10" bugs="1" priority_2="1"/>
    </PackageStats>
    <PackageStats package="junit.framework" total_bugs="9" total_types="17" total_size="760" priority_3="3" priority_2="6">
      <ClassStats class="junit.framework.Assert" sourceFile="Assert.java" interface="false" size="142" bugs="2" priority_3="2"/>
      <ClassStats class="junit.framework.AssertionFailedError" sourceFile="AssertionFailedError.java" interface="false" size="10" bugs="0"/>
      <ClassStats class="junit.framework.ComparisonCompactor" sourceFile="ComparisonCompactor.java" interface="false" size="52" bugs="0"/>
      <ClassStats class="junit.framework.ComparisonFailure" sourceFile="ComparisonFailure.java" interface="false" size="16" bugs="0"/>
      <ClassStats class="junit.framework.JUnit4TestAdapter" sourceFile="JUnit4TestAdapter.java" interface="false" size="45" bugs="1" priority_2="1"/>
      <ClassStats class="junit.framework.JUnit4TestAdapterCache" sourceFile="JUnit4TestAdapterCache.java" interface="false" size="33" bugs="1" priority_2="1"/>
      <ClassStats class="junit.framework.JUnit4TestAdapterCache$1" sourceFile="JUnit4TestAdapterCache.java" interface="false" size="14" bugs="0"/>
      <ClassStats class="junit.framework.JUnit4TestCaseFacade" sourceFile="JUnit4TestCaseFacade.java" interface="false" size="14" bugs="1" priority_2="1"/>
      <ClassStats class="junit.framework.Protectable" sourceFile="Protectable.java" interface="true" size="2" bugs="0"/>
      <ClassStats class="junit.framework.Test" sourceFile="Test.java" interface="true" size="3" bugs="0"/>
      <ClassStats class="junit.framework.TestCase" sourceFile="TestCase.java" interface="false" size="177" bugs="0"/>
      <ClassStats class="junit.framework.TestFailure" sourceFile="TestFailure.java" interface="false" size="23" bugs="2" priority_2="2"/>
      <ClassStats class="junit.framework.TestListener" sourceFile="TestListener.java" interface="true" size="5" bugs="0"/>
      <ClassStats class="junit.framework.TestResult" sourceFile="TestResult.java" interface="false" size="79" bugs="1" priority_3="1"/>
      <ClassStats class="junit.framework.TestResult$1" sourceFile="TestResult.java" interface="false" size="8" bugs="1" priority_2="1"/>
      <ClassStats class="junit.framework.TestSuite" sourceFile="TestSuite.java" interface="false" size="130" bugs="0"/>
      <ClassStats class="junit.framework.TestSuite$1" sourceFile="TestSuite.java" interface="false" size="7" bugs="0"/>
    </PackageStats>
    <PackageStats package="junit.runner" total_bugs="4" total_types="3" total_size="193" priority_3="2" priority_2="1" priority_1="1">
      <ClassStats class="junit.runner.BaseTestRunner" sourceFile="BaseTestRunner.java" interface="false" size="175" bugs="4" priority_3="2" priority_2="1" priority_1="1"/>
      <ClassStats class="junit.runner.TestRunListener" sourceFile="TestRunListener.java" interface="true" size="9" bugs="0"/>
      <ClassStats class="junit.runner.Version" sourceFile="Version.java" interface="false" size="9" bugs="0"/>
    </PackageStats>
    <PackageStats package="junit.textui" total_bugs="6" total_types="2" total_size="173" priority_3="1" priority_2="5">
      <ClassStats class="junit.textui.ResultPrinter" sourceFile="ResultPrinter.java" interface="false" size="74" bugs="2" priority_2="2"/>
      <ClassStats class="junit.textui.TestRunner" sourceFile="TestRunner.java" interface="false" size="99" bugs="4" priority_3="1" priority_2="3"/>
    </PackageStats>
    <PackageStats package="org.junit" total_bugs="1" total_types="17" total_size="391" priority_1="1">
      <ClassStats class="org.junit.After" sourceFile="After.java" interface="true" size="1" bugs="0"/>
      <ClassStats class="org.junit.AfterClass" sourceFile="AfterClass.java" interface="true" size="1" bugs="0"/>
      <ClassStats class="org.junit.Assert" sourceFile="Assert.java" interface="false" size="246" bugs="0"/>
      <ClassStats class="org.junit.Assume" sourceFile="Assume.java" interface="false" size="32" bugs="0"/>
      <ClassStats class="org.junit.AssumptionViolatedException" sourceFile="AssumptionViolatedException.java" interface="false" size="14" bugs="1" priority_1="1"/>
      <ClassStats class="org.junit.Before" sourceFile="Before.java" interface="true" size="1" bugs="0"/>
      <ClassStats class="org.junit.BeforeClass" sourceFile="BeforeClass.java" interface="true" size="1" bugs="0"/>
      <ClassStats class="org.junit.ClassRule" sourceFile="ClassRule.java" interface="true" size="1" bugs="0"/>
      <ClassStats class="org.junit.ComparisonFailure" sourceFile="ComparisonFailure.java" interface="false" size="16" bugs="0"/>
      <ClassStats class="org.junit.ComparisonFailure$1" sourceFile="ComparisonFailure.java" interface="false" size="1" bugs="0"/>
      <ClassStats class="org.junit.ComparisonFailure$ComparisonCompactor" sourceFile="ComparisonFailure.java" interface="false" size="39" bugs="0"/>
      <ClassStats class="org.junit.ComparisonFailure$ComparisonCompactor$DiffExtractor" sourceFile="ComparisonFailure.java" interface="false" size="25" bugs="0"/>
      <ClassStats class="org.junit.FixMethodOrder" sourceFile="FixMethodOrder.java" interface="true" size="2" bugs="0"/>
      <ClassStats class="org.junit.Ignore" sourceFile="Ignore.java" interface="true" size="2" bugs="0"/>
      <ClassStats class="org.junit.Rule" sourceFile="Rule.java" interface="true" size="1" bugs="0"/>
      <ClassStats class="org.junit.Test" sourceFile="Test.java" interface="true" size="3" bugs="0"/>
      <ClassStats class="org.junit.Test$None" sourceFile="Test.java" interface="false" size="5" bugs="0"/>
    </PackageStats>
    <PackageStats package="org.junit.experimental" total_bugs="1" total_types="2" total_size="37" priority_3="1">
      <ClassStats class="org.junit.experimental.ParallelComputer" sourceFile="ParallelComputer.java" interface="false" size="22" bugs="0"/>
      <ClassStats class="org.junit.experimental.ParallelComputer$1" sourceFile="ParallelComputer.java" interface="false" size="15" bugs="1" priority_3="1"/>
    </PackageStats>
    <PackageStats package="org.junit.experimental.categories" total_bugs="2" total_types="11" total_size="219" priority_3="1" priority_2="1">
      <ClassStats class="org.junit.experimental.categories.Categories" sourceFile="Categories.java" interface="false" size="55" bugs="2" priority_3="1" priority_2="1"/>
      <ClassStats class="org.junit.experimental.categories.Categories$CategoryFilter" sourceFile="Categories.java" interface="false" size="94" bugs="0"/>
      <ClassStats class="org.junit.experimental.categories.Categories$ExcludeCategory" sourceFile="Categories.java" interface="true" size="3" bugs="0"/>
      <ClassStats class="org.junit.experimental.categories.Categories$IncludeCategory" sourceFile="Categories.java" interface="true" size="3" bugs="0"/>
      <ClassStats class="org.junit.experimental.categories.Category" sourceFile="Category.java" interface="true" size="2" bugs="0"/>
      <ClassStats class="org.junit.experimental.categories.CategoryFilterFactory" sourceFile="CategoryFilterFactory.java" interface="false" size="14" bugs="0"/>
      <ClassStats class="org.junit.experimental.categories.CategoryValidator" sourceFile="CategoryValidator.java" interface="false" size="18" bugs="0"/>
      <ClassStats class="org.junit.experimental.categories.ExcludeCategories" sourceFile="ExcludeCategories.java" interface="false" size="6" bugs="0"/>
      <ClassStats class="org.junit.experimental.categories.ExcludeCategories$ExcludesAny" sourceFile="ExcludeCategories.java" interface="false" size="9" bugs="0"/>
      <ClassStats class="org.junit.experimental.categories.IncludeCategories" sourceFile="IncludeCategories.java" interface="false" size="6" bugs="0"/>
      <ClassStats class="org.junit.experimental.categories.IncludeCategories$IncludesAny" sourceFile="IncludeCategories.java" interface="false" size="9" bugs="0"/>
    </PackageStats>
    <PackageStats package="org.junit.experimental.max" total_bugs="6" total_types="8" total_size="168" priority_3="3" priority_2="2" priority_1="1">
      <ClassStats class="org.junit.experimental.max.CouldNotReadCoreException" sourceFile="CouldNotReadCoreException.java" interface="false" size="5" bugs="0"/>
      <ClassStats class="org.junit.experimental.max.MaxCore" sourceFile="MaxCore.java" interface="false" size="59" bugs="1" priority_3="1"/>
      <ClassStats class="org.junit.experimental.max.MaxCore$1" sourceFile="MaxCore.java" interface="false" size="9" bugs="1" priority_1="1"/>
      <ClassStats class="org.junit.experimental.max.MaxCore$1$1" sourceFile="MaxCore.java" interface="false" size="4" bugs="1" priority_2="1"/>
      <ClassStats class="org.junit.experimental.max.MaxHistory" sourceFile="MaxHistory.java" interface="false" size="49" bugs="3" priority_3="2" priority_2="1"/>
      <ClassStats class="org.junit.experimental.max.MaxHistory$1" sourceFile="MaxHistory.java" interface="false" size="1" bugs="0"/>
      <ClassStats class="org.junit.experimental.max.MaxHistory$RememberingListener" sourceFile="MaxHistory.java" interface="false" size="23" bugs="0"/>
      <ClassStats class="org.junit.experimental.max.MaxHistory$TestComparator" sourceFile="MaxHistory.java" interface="false" size="18" bugs="0"/>
    </PackageStats>
    <PackageStats package="org.junit.experimental.results" total_bugs="2" total_types="6" total_size="73" priority_1="2">
      <ClassStats class="org.junit.experimental.results.FailureList" sourceFile="FailureList.java" interface="false" size="15" bugs="0"/>
      <ClassStats class="org.junit.experimental.results.PrintableResult" sourceFile="PrintableResult.java" interface="false" size="19" bugs="2" priority_1="2"/>
      <ClassStats class="org.junit.experimental.results.ResultMatchers" sourceFile="ResultMatchers.java" interface="false" size="11" bugs="0"/>
      <ClassStats class="org.junit.experimental.results.ResultMatchers$1" sourceFile="ResultMatchers.java" interface="false" size="10" bugs="0"/>
      <ClassStats class="org.junit.experimental.results.ResultMatchers$2" sourceFile="ResultMatchers.java" interface="false" size="9" bugs="0"/>
      <ClassStats class="org.junit.experimental.results.ResultMatchers$3" sourceFile="ResultMatchers.java" interface="false" size="9" bugs="0"/>
    </PackageStats>
    <PackageStats package="org.junit.experimental.runners" total_bugs="1" total_types="1" total_size="10" priority_2="1">
      <ClassStats class="org.junit.experimental.runners.Enclosed" sourceFile="Enclosed.java" interface="false" size="10" bugs="1" priority_2="1"/>
    </PackageStats>
    <PackageStats package="org.junit.experimental.theories" total_bugs="5" total_types="15" total_size="275" priority_2="4" priority_1="1">
      <ClassStats class="org.junit.experimental.theories.DataPoint" sourceFile="DataPoint.java" interface="true" size="3" bugs="0"/>
      <ClassStats class="org.junit.experimental.theories.DataPoints" sourceFile="DataPoints.java" interface="true" size="3" bugs="0"/>
      <ClassStats class="org.junit.experimental.theories.FromDataPoints" sourceFile="FromDataPoints.java" interface="true" size="2" bugs="0"/>
      <ClassStats class="org.junit.experimental.theories.ParameterSignature" sourceFile="ParameterSignature.java" interface="false" size="70" bugs="0"/>
      <ClassStats class="org.junit.experimental.theories.ParameterSupplier" sourceFile="ParameterSupplier.java" interface="false" size="4" bugs="0"/>
      <ClassStats class="org.junit.experimental.theories.ParametersSuppliedBy" sourceFile="ParametersSuppliedBy.java" interface="true" size="2" bugs="0"/>
      <ClassStats class="org.junit.experimental.theories.PotentialAssignment" sourceFile="PotentialAssignment.java" interface="false" size="8" bugs="0"/>
      <ClassStats class="org.junit.experimental.theories.PotentialAssignment$1" sourceFile="PotentialAssignment.java" interface="false" size="17" bugs="0"/>
      <ClassStats class="org.junit.experimental.theories.PotentialAssignment$CouldNotGenerateValueException" sourceFile="PotentialAssignment.java" interface="false" size="8" bugs="0"/>
      <ClassStats class="org.junit.experimental.theories.Theories" sourceFile="Theories.java" interface="false" size="60" bugs="1" priority_2="1"/>
      <ClassStats class="org.junit.experimental.theories.Theories$TheoryAnchor" sourceFile="Theories.java" interface="false" size="52" bugs="0"/>
      <ClassStats class="org.junit.experimental.theories.Theories$TheoryAnchor$1" sourceFile="Theories.java" interface="false" size="17" bugs="2" priority_2="1" priority_1="1"/>
      <ClassStats class="org.junit.experimental.theories.Theories$TheoryAnchor$1$1" sourceFile="Theories.java" interface="false" size="14" bugs="1" priority_2="1"/>
      <ClassStats class="org.junit.experimental.theories.Theories$TheoryAnchor$2" sourceFile="Theories.java" interface="false" size="13" bugs="1" priority_2="1"/>
      <ClassStats class="org.junit.experimental.theories.Theory" sourceFile="Theory.java" interface="true" size="2" bugs="0"/>
    </PackageStats>
    <PackageStats package="org.junit.experimental.theories.internal" total_bugs="0" total_types="8" total_size="270">
      <ClassStats class="org.junit.experimental.theories.internal.AllMembersSupplier" sourceFile="AllMembersSupplier.java" interface="false" size="95" bugs="0"/>
      <ClassStats class="org.junit.experimental.theories.internal.AllMembersSupplier$1" sourceFile="AllMembersSupplier.java" interface="false" size="1" bugs="0"/>
      <ClassStats class="org.junit.experimental.theories.internal.AllMembersSupplier$MethodParameterValue" sourceFile="AllMembersSupplier.java" interface="false" size="20" bugs="0"/>
      <ClassStats class="org.junit.experimental.theories.internal.Assignments" sourceFile="Assignments.java" interface="false" size="67" bugs="0"/>
      <ClassStats class="org.junit.experimental.theories.internal.BooleanSupplier" sourceFile="BooleanSupplier.java" interface="false" size="5" bugs="0"/>
      <ClassStats class="org.junit.experimental.theories.internal.EnumSupplier" sourceFile="EnumSupplier.java" interface="false" size="12" bugs="0"/>
      <ClassStats class="org.junit.experimental.theories.internal.ParameterizedAssertionError" sourceFile="ParameterizedAssertionError.java" interface="false" size="26" bugs="0"/>
      <ClassStats class="org.junit.experimental.theories.internal.SpecificDataPointsSupplier" sourceFile="SpecificDataPointsSupplier.java" interface="false" size="44" bugs="0"/>
    </PackageStats>
    <PackageStats package="org.junit.experimental.theories.suppliers" total_bugs="0" total_types="2" total_size="12">
      <ClassStats class="org.junit.experimental.theories.suppliers.TestedOn" sourceFile="TestedOn.java" interface="true" size="2" bugs="0"/>
      <ClassStats class="org.junit.experimental.theories.suppliers.TestedOnSupplier" sourceFile="TestedOnSupplier.java" interface="false" size="10" bugs="0"/>
    </PackageStats>
    <PackageStats package="org.junit.internal" total_bugs="1" total_types="13" total_size="245" priority_2="1">
      <ClassStats class="org.junit.internal.ArrayComparisonFailure" sourceFile="ArrayComparisonFailure.java" interface="false" size="28" bugs="0"/>
      <ClassStats class="org.junit.internal.AssumptionViolatedException" sourceFile="AssumptionViolatedException.java" interface="false" size="42" bugs="0"/>
      <ClassStats class="org.junit.internal.Classes" sourceFile="Classes.java" interface="false" size="5" bugs="0"/>
      <ClassStats class="org.junit.internal.ComparisonCriteria" sourceFile="ComparisonCriteria.java" interface="false" size="35" bugs="0"/>
      <ClassStats class="org.junit.internal.ExactComparisonCriteria" sourceFile="ExactComparisonCriteria.java" interface="false" size="6" bugs="0"/>
      <ClassStats class="org.junit.internal.InexactComparisonCriteria" sourceFile="InexactComparisonCriteria.java" interface="false" size="15" bugs="0"/>
      <ClassStats class="org.junit.internal.JUnitSystem" sourceFile="JUnitSystem.java" interface="true" size="3" bugs="0"/>
      <ClassStats class="org.junit.internal.MethodSorter" sourceFile="MethodSorter.java" interface="false" size="19" bugs="0"/>
      <ClassStats class="org.junit.internal.MethodSorter$1" sourceFile="MethodSorter.java" interface="false" size="10" bugs="0"/>
      <ClassStats class="org.junit.internal.MethodSorter$2" sourceFile="MethodSorter.java" interface="false" size="9" bugs="0"/>
      <ClassStats class="org.junit.internal.RealSystem" sourceFile="RealSystem.java" interface="false" size="8" bugs="0"/>
      <ClassStats class="org.junit.internal.TextListener" sourceFile="TextListener.java" interface="false" size="56" bugs="1" priority_2="1"/>
      <ClassStats class="org.junit.internal.Throwables" sourceFile="Throwables.java" interface="false" size="9" bugs="0"/>
    </PackageStats>
    <PackageStats package="org.junit.internal.builders" total_bugs="1" total_types="8" total_size="101" priority_2="1">
      <ClassStats class="org.junit.internal.builders.AllDefaultPossibilitiesBuilder" sourceFile="AllDefaultPossibilitiesBuilder.java" interface="false" size="26" bugs="0"/>
      <ClassStats class="org.junit.internal.builders.AnnotatedBuilder" sourceFile="AnnotatedBuilder.java" interface="false" size="25" bugs="1" priority_2="1"/>
      <ClassStats class="org.junit.internal.builders.IgnoredBuilder" sourceFile="IgnoredBuilder.java" interface="false" size="7" bugs="0"/>
      <ClassStats class="org.junit.internal.builders.IgnoredClassRunner" sourceFile="IgnoredClassRunner.java" interface="false" size="11" bugs="0"/>
      <ClassStats class="org.junit.internal.builders.JUnit3Builder" sourceFile="JUnit3Builder.java" interface="false" size="9" bugs="0"/>
      <ClassStats class="org.junit.internal.builders.JUnit4Builder" sourceFile="JUnit4Builder.java" interface="false" size="5" bugs="0"/>
      <ClassStats class="org.junit.internal.builders.NullBuilder" sourceFile="NullBuilder.java" interface="false" size="5" bugs="0"/>
      <ClassStats class="org.junit.internal.builders.SuiteMethodBuilder" sourceFile="SuiteMethodBuilder.java" interface="false" size="13" bugs="0"/>
    </PackageStats>
    <PackageStats package="org.junit.internal.matchers" total_bugs="0" total_types="4" total_size="90">
      <ClassStats class="org.junit.internal.matchers.StacktracePrintingMatcher" sourceFile="StacktracePrintingMatcher.java" interface="false" size="27" bugs="0"/>
      <ClassStats class="org.junit.internal.matchers.ThrowableCauseMatcher" sourceFile="ThrowableCauseMatcher.java" interface="false" size="21" bugs="0"/>
      <ClassStats class="org.junit.internal.matchers.ThrowableMessageMatcher" sourceFile="ThrowableMessageMatcher.java" interface="false" size="21" bugs="0"/>
      <ClassStats class="org.junit.internal.matchers.TypeSafeMatcher" sourceFile="TypeSafeMatcher.java" interface="false" size="21" bugs="0"/>
    </PackageStats>
    <PackageStats package="org.junit.internal.requests" total_bugs="0" total_types="3" total_size="47">
      <ClassStats class="org.junit.internal.requests.ClassRequest" sourceFile="ClassRequest.java" interface="false" size="21" bugs="0"/>
      <ClassStats class="org.junit.internal.requests.FilterRequest" sourceFile="FilterRequest.java" interface="false" size="14" bugs="0"/>
      <ClassStats class="org.junit.internal.requests.SortingRequest" sourceFile="SortingRequest.java" interface="false" size="12" bugs="0"/>
    </PackageStats>
    <PackageStats package="org.junit.internal.runners" total_bugs="13" total_types="18" total_size="569" priority_3="2" priority_2="11">
      <ClassStats class="org.junit.internal.runners.ClassRoadie" sourceFile="ClassRoadie.java" interface="false" size="49" bugs="2" priority_2="2"/>
      <ClassStats class="org.junit.internal.runners.ErrorReportingRunner" sourceFile="ErrorReportingRunner.java" interface="false" size="35" bugs="1" priority_2="1"/>
      <ClassStats class="org.junit.internal.runners.FailedBefore" sourceFile="FailedBefore.java" interface="false" size="4" bugs="0"/>
      <ClassStats class="org.junit.internal.runners.InitializationError" sourceFile="InitializationError.java" interface="false" size="15" bugs="2" priority_2="2"/>
      <ClassStats class="org.junit.internal.runners.JUnit38ClassRunner" sourceFile="JUnit38ClassRunner.java" interface="false" size="75" bugs="0"/>
      <ClassStats class="org.junit.internal.runners.JUnit38ClassRunner$1" sourceFile="JUnit38ClassRunner.java" interface="false" size="1" bugs="0"/>
      <ClassStats class="org.junit.internal.runners.JUnit38ClassRunner$OldTestClassAdaptingListener" sourceFile="JUnit38ClassRunner.java" interface="false" size="32" bugs="0"/>
      <ClassStats class="org.junit.internal.runners.JUnit4ClassRunner" sourceFile="JUnit4ClassRunner.java" interface="false" size="75" bugs="3" priority_3="2" priority_2="1"/>
      <ClassStats class="org.junit.internal.runners.JUnit4ClassRunner$1" sourceFile="JUnit4ClassRunner.java" interface="false" size="8" bugs="0"/>
      <ClassStats class="org.junit.internal.runners.JUnit4ClassRunner$2" sourceFile="JUnit4ClassRunner.java" interface="false" size="8" bugs="0"/>
      <ClassStats class="org.junit.internal.runners.MethodRoadie" sourceFile="MethodRoadie.java" interface="false" size="83" bugs="2" priority_2="2"/>
      <ClassStats class="org.junit.internal.runners.MethodRoadie$1" sourceFile="MethodRoadie.java" interface="false" size="20" bugs="0"/>
      <ClassStats class="org.junit.internal.runners.MethodRoadie$1$1" sourceFile="MethodRoadie.java" interface="false" size="7" bugs="0"/>
      <ClassStats class="org.junit.internal.runners.MethodRoadie$2" sourceFile="MethodRoadie.java" interface="false" size="7" bugs="0"/>
      <ClassStats class="org.junit.internal.runners.MethodValidator" sourceFile="MethodValidator.java" interface="false" size="50" bugs="1" priority_2="1"/>
      <ClassStats class="org.junit.internal.runners.SuiteMethod" sourceFile="SuiteMethod.java" interface="false" size="15" bugs="1" priority_2="1"/>
      <ClassStats class="org.junit.internal.runners.TestClass" sourceFile="TestClass.java" interface="false" size="53" bugs="0"/>
      <ClassStats class="org.junit.internal.runners.TestMethod" sourceFile="TestMethod.java" interface="false" size="32" bugs="1" priority_2="1"/>
    </PackageStats>
    <PackageStats package="org.junit.internal.runners.model" total_bugs="3" total_types="3" total_size="42" priority_2="2" priority_1="1">
      <ClassStats class="org.junit.internal.runners.model.EachTestNotifier" sourceFile="EachTestNotifier.java" interface="false" size="29" bugs="2" priority_2="2"/>
      <ClassStats class="org.junit.internal.runners.model.MultipleFailureException" sourceFile="MultipleFailureException.java" interface="false" size="5" bugs="1" priority_1="1"/>
      <ClassStats class="org.junit.internal.runners.model.ReflectiveCallable" sourceFile="ReflectiveCallable.java" interface="false" size="8" bugs="0"/>
    </PackageStats>
    <PackageStats package="org.junit.internal.runners.rules" total_bugs="0" total_types="13" total_size="143">
      <ClassStats class="org.junit.internal.runners.rules.RuleMemberValidator" sourceFile="RuleMemberValidator.java" interface="false" size="42" bugs="0"/>
      <ClassStats class="org.junit.internal.runners.rules.RuleMemberValidator$1" sourceFile="RuleMemberValidator.java" interface="false" size="1" bugs="0"/>
      <ClassStats class="org.junit.internal.runners.rules.RuleMemberValidator$Builder" sourceFile="RuleMemberValidator.java" interface="false" size="23" bugs="0"/>
      <ClassStats class="org.junit.internal.runners.rules.RuleMemberValidator$DeclaringClassMustBePublic" sourceFile="RuleMemberValidator.java" interface="false" size="10" bugs="0"/>
      <ClassStats class="org.junit.internal.runners.rules.RuleMemberValidator$FieldMustBeARule" sourceFile="RuleMemberValidator.java" interface="false" size="8" bugs="0"/>
      <ClassStats class="org.junit.internal.runners.rules.RuleMemberValidator$FieldMustBeATestRule" sourceFile="RuleMemberValidator.java" interface="false" size="8" bugs="0"/>
      <ClassStats class="org.junit.internal.runners.rules.RuleMemberValidator$MemberMustBeNonStaticOrAlsoClassRule" sourceFile="RuleMemberValidator.java" interface="false" size="13" bugs="0"/>
      <ClassStats class="org.junit.internal.runners.rules.RuleMemberValidator$MemberMustBePublic" sourceFile="RuleMemberValidator.java" interface="false" size="8" bugs="0"/>
      <ClassStats class="org.junit.internal.runners.rules.RuleMemberValidator$MemberMustBeStatic" sourceFile="RuleMemberValidator.java" interface="false" size="8" bugs="0"/>
      <ClassStats class="org.junit.internal.runners.rules.RuleMemberValidator$MethodMustBeARule" sourceFile="RuleMemberValidator.java" interface="false" size="8" bugs="0"/>
      <ClassStats class="org.junit.internal.runners.rules.RuleMemberValidator$MethodMustBeATestRule" sourceFile="RuleMemberValidator.java" interface="false" size="8" bugs="0"/>
      <ClassStats class="org.junit.internal.runners.rules.RuleMemberValidator$RuleValidator" sourceFile="RuleMemberValidator.java" interface="true" size="2" bugs="0"/>
      <ClassStats class="org.junit.internal.runners.rules.ValidationError" sourceFile="ValidationError.java" interface="false" size="4" bugs="0"/>
    </PackageStats>
    <PackageStats package="org.junit.internal.runners.statements" total_bugs="5" total_types="9" total_size="229" priority_3="1" priority_2="4">
      <ClassStats class="org.junit.internal.runners.statements.ExpectException" sourceFile="ExpectException.java" interface="false" size="22" bugs="1" priority_2="1"/>
      <ClassStats class="org.junit.internal.runners.statements.Fail" sourceFile="Fail.java" interface="false" size="8" bugs="1" priority_2="1"/>
      <ClassStats class="org.junit.internal.runners.statements.FailOnTimeout" sourceFile="FailOnTimeout.java" interface="false" size="99" bugs="1" priority_3="1"/>
      <ClassStats class="org.junit.internal.runners.statements.FailOnTimeout$1" sourceFile="FailOnTimeout.java" interface="false" size="1" bugs="0"/>
      <ClassStats class="org.junit.internal.runners.statements.FailOnTimeout$Builder" sourceFile="FailOnTimeout.java" interface="false" size="30" bugs="0"/>
      <ClassStats class="org.junit.internal.runners.statements.FailOnTimeout$CallableStatement" sourceFile="FailOnTimeout.java" interface="false" size="20" bugs="0"/>
      <ClassStats class="org.junit.internal.runners.statements.InvokeMethod" sourceFile="InvokeMethod.java" interface="false" size="11" bugs="0"/>
      <ClassStats class="org.junit.internal.runners.statements.RunAfters" sourceFile="RunAfters.java" interface="false" size="23" bugs="1" priority_2="1"/>
      <ClassStats class="org.junit.internal.runners.statements.RunBefores" sourceFile="RunBefores.java" interface="false" size="15" bugs="1" priority_2="1"/>
    </PackageStats>
    <PackageStats package="org.junit.matchers" total_bugs="0" total_types="1" total_size="23">
      <ClassStats class="org.junit.matchers.JUnitMatchers" sourceFile="JUnitMatchers.java" interface="false" size="23" bugs="0"/>
    </PackageStats>
    <PackageStats package="org.junit.rules" total_bugs="11" total_types="27" total_size="541" priority_3="3" priority_2="8">
      <ClassStats class="org.junit.rules.DisableOnDebug" sourceFile="DisableOnDebug.java" interface="false" size="24" bugs="0"/>
      <ClassStats class="org.junit.rules.ErrorCollector" sourceFile="ErrorCollector.java" interface="false" size="22" bugs="1" priority_3="1"/>
      <ClassStats class="org.junit.rules.ErrorCollector$1" sourceFile="ErrorCollector.java" interface="false" size="10" bugs="0"/>
      <ClassStats class="org.junit.rules.ExpectedException" sourceFile="ExpectedException.java" interface="false" size="51" bugs="1" priority_2="1"/>
      <ClassStats class="org.junit.rules.ExpectedException$ExpectedExceptionStatement" sourceFile="ExpectedException.java" interface="false" size="16" bugs="0"/>
      <ClassStats class="org.junit.rules.ExpectedExceptionMatcherBuilder" sourceFile="ExpectedExceptionMatcherBuilder.java" interface="false" size="20" bugs="0"/>
      <ClassStats class="org.junit.rules.ExternalResource" sourceFile="ExternalResource.java" interface="false" size="11" bugs="0"/>
      <ClassStats class="org.junit.rules.ExternalResource$1" sourceFile="ExternalResource.java" interface="false" size="11" bugs="1" priority_2="1"/>
      <ClassStats class="org.junit.rules.MethodRule" sourceFile="MethodRule.java" interface="true" size="2" bugs="0"/>
      <ClassStats class="org.junit.rules.RuleChain" sourceFile="RuleChain.java" interface="false" size="22" bugs="0"/>
      <ClassStats class="org.junit.rules.RunRules" sourceFile="RunRules.java" interface="false" size="13" bugs="0"/>
      <ClassStats class="org.junit.rules.Stopwatch" sourceFile="Stopwatch.java" interface="false" size="41" bugs="0"/>
      <ClassStats class="org.junit.rules.Stopwatch$1" sourceFile="Stopwatch.java" interface="false" size="1" bugs="0"/>
      <ClassStats class="org.junit.rules.Stopwatch$Clock" sourceFile="Stopwatch.java" interface="false" size="5" bugs="0"/>
      <ClassStats class="org.junit.rules.Stopwatch$InternalWatcher" sourceFile="Stopwatch.java" interface="false" size="23" bugs="1" priority_3="1"/>
      <ClassStats class="org.junit.rules.TemporaryFolder" sourceFile="TemporaryFolder.java" interface="false" size="67" bugs="3" priority_2="3"/>
      <ClassStats class="org.junit.rules.TestName" sourceFile="TestName.java" interface="false" size="9" bugs="0"/>
      <ClassStats class="org.junit.rules.TestRule" sourceFile="TestRule.java" interface="true" size="2" bugs="0"/>
      <ClassStats class="org.junit.rules.TestWatcher" sourceFile="TestWatcher.java" interface="false" size="56" bugs="0"/>
      <ClassStats class="org.junit.rules.TestWatcher$1" sourceFile="TestWatcher.java" interface="false" size="21" bugs="1" priority_2="1"/>
      <ClassStats class="org.junit.rules.TestWatchman" sourceFile="TestWatchman.java" interface="false" size="13" bugs="0"/>
      <ClassStats class="org.junit.rules.TestWatchman$1" sourceFile="TestWatchman.java" interface="false" size="18" bugs="1" priority_2="1"/>
      <ClassStats class="org.junit.rules.Timeout" sourceFile="Timeout.java" interface="false" size="35" bugs="1" priority_3="1"/>
      <ClassStats class="org.junit.rules.Timeout$1" sourceFile="Timeout.java" interface="false" size="7" bugs="0"/>
      <ClassStats class="org.junit.rules.Timeout$Builder" sourceFile="Timeout.java" interface="false" size="25" bugs="0"/>
      <ClassStats class="org.junit.rules.Verifier" sourceFile="Verifier.java" interface="false" size="7" bugs="0"/>
      <ClassStats class="org.junit.rules.Verifier$1" sourceFile="Verifier.java" interface="false" size="9" bugs="1" priority_2="1"/>
    </PackageStats>
    <PackageStats package="org.junit.runner" total_bugs="7" total_types="19" total_size="446" priority_2="7">
      <ClassStats class="org.junit.runner.Computer" sourceFile="Computer.java" interface="false" size="9" bugs="0"/>
      <ClassStats class="org.junit.runner.Computer$1" sourceFile="Computer.java" interface="false" size="7" bugs="1" priority_2="1"/>
      <ClassStats class="org.junit.runner.Describable" sourceFile="Describable.java" interface="true" size="2" bugs="0"/>
      <ClassStats class="org.junit.runner.Description" sourceFile="Description.java" interface="false" size="100" bugs="2" priority_2="2"/>
      <ClassStats class="org.junit.runner.FilterFactories" sourceFile="FilterFactories.java" interface="false" size="25" bugs="0"/>
      <ClassStats class="org.junit.runner.FilterFactory" sourceFile="FilterFactory.java" interface="true" size="2" bugs="0"/>
      <ClassStats class="org.junit.runner.FilterFactory$FilterNotCreatedException" sourceFile="FilterFactory.java" interface="false" size="4" bugs="0"/>
      <ClassStats class="org.junit.runner.FilterFactoryParams" sourceFile="FilterFactoryParams.java" interface="false" size="14" bugs="2" priority_2="2"/>
      <ClassStats class="org.junit.runner.JUnitCommandLineParseResult" sourceFile="JUnitCommandLineParseResult.java" interface="false" size="66" bugs="0"/>
      <ClassStats class="org.junit.runner.JUnitCommandLineParseResult$CommandLineParserError" sourceFile="JUnitCommandLineParseResult.java" interface="false" size="5" bugs="0"/>
      <ClassStats class="org.junit.runner.JUnitCore" sourceFile="JUnitCore.java" interface="false" size="47" bugs="0"/>
      <ClassStats class="org.junit.runner.Request" sourceFile="Request.java" interface="false" size="29" bugs="0"/>
      <ClassStats class="org.junit.runner.Request$1" sourceFile="Request.java" interface="false" size="6" bugs="0"/>
      <ClassStats class="org.junit.runner.Result" sourceFile="Result.java" interface="false" size="56" bugs="1" priority_2="1"/>
      <ClassStats class="org.junit.runner.Result$1" sourceFile="Result.java" interface="false" size="1" bugs="0"/>
      <ClassStats class="org.junit.runner.Result$Listener" sourceFile="Result.java" interface="false" size="23" bugs="0"/>
      <ClassStats class="org.junit.runner.Result$SerializedForm" sourceFile="Result.java" interface="false" size="41" bugs="1" priority_2="1"/>
      <ClassStats class="org.junit.runner.RunWith" sourceFile="RunWith.java" interface="true" size="2" bugs="0"/>
      <ClassStats class="org.junit.runner.Runner" sourceFile="Runner.java" interface="false" size="7" bugs="0"/>
    </PackageStats>
    <PackageStats package="org.junit.runner.manipulation" total_bugs="2" total_types="9" total_size="87" priority_3="2">
      <ClassStats class="org.junit.runner.manipulation.Filter" sourceFile="Filter.java" interface="false" size="21" bugs="1" priority_3="1"/>
      <ClassStats class="org.junit.runner.manipulation.Filter$1" sourceFile="Filter.java" interface="false" size="11" bugs="0"/>
      <ClassStats class="org.junit.runner.manipulation.Filter$2" sourceFile="Filter.java" interface="false" size="13" bugs="0"/>
      <ClassStats class="org.junit.runner.manipulation.Filter$3" sourceFile="Filter.java" interface="false" size="10" bugs="0"/>
      <ClassStats class="org.junit.runner.manipulation.Filterable" sourceFile="Filterable.java" interface="true" size="2" bugs="0"/>
      <ClassStats class="org.junit.runner.manipulation.NoTestsRemainException" sourceFile="NoTestsRemainException.java" interface="false" size="4" bugs="0"/>
      <ClassStats class="org.junit.runner.manipulation.Sortable" sourceFile="Sortable.java" interface="true" size="2" bugs="0"/>
      <ClassStats class="org.junit.runner.manipulation.Sorter" sourceFile="Sorter.java" interface="false" size="18" bugs="1" priority_3="1"/>
      <ClassStats class="org.junit.runner.manipulation.Sorter$1" sourceFile="Sorter.java" interface="false" size="6" bugs="0"/>
    </PackageStats>
    <PackageStats package="org.junit.runner.notification" total_bugs="10" total_types="14" total_size="238" priority_2="10">
      <ClassStats class="org.junit.runner.notification.Failure" sourceFile="Failure.java" interface="false" size="24" bugs="4" priority_2="4"/>
      <ClassStats class="org.junit.runner.notification.RunListener" sourceFile="RunListener.java" interface="false" size="18" bugs="0"/>
      <ClassStats class="org.junit.runner.notification.RunListener$ThreadSafe" sourceFile="RunListener.java" interface="true" size="1" bugs="0"/>
      <ClassStats class="org.junit.runner.notification.RunNotifier" sourceFile="RunNotifier.java" interface="false" size="57" bugs="0"/>
      <ClassStats class="org.junit.runner.notification.RunNotifier$1" sourceFile="RunNotifier.java" interface="false" size="8" bugs="1" priority_2="1"/>
      <ClassStats class="org.junit.runner.notification.RunNotifier$2" sourceFile="RunNotifier.java" interface="false" size="8" bugs="1" priority_2="1"/>
      <ClassStats class="org.junit.runner.notification.RunNotifier$3" sourceFile="RunNotifier.java" interface="false" size="8" bugs="1" priority_2="1"/>
      <ClassStats class="org.junit.runner.notification.RunNotifier$4" sourceFile="RunNotifier.java" interface="false" size="9" bugs="1" priority_2="1"/>
      <ClassStats class="org.junit.runner.notification.RunNotifier$5" sourceFile="RunNotifier.java" interface="false" size="8" bugs="0"/>
      <ClassStats class="org.junit.runner.notification.RunNotifier$6" sourceFile="RunNotifier.java" interface="false" size="8" bugs="1" priority_2="1"/>
      <ClassStats class="org.junit.runner.notification.RunNotifier$7" sourceFile="RunNotifier.java" interface="false" size="8" bugs="1" priority_2="1"/>
      <ClassStats class="org.junit.runner.notification.RunNotifier$SafeNotifier" sourceFile="RunNotifier.java" interface="false" size="23" bugs="0"/>
      <ClassStats class="org.junit.runner.notification.StoppedByUserException" sourceFile="StoppedByUserException.java" interface="false" size="4" bugs="0"/>
      <ClassStats class="org.junit.runner.notification.SynchronizedRunListener" sourceFile="SynchronizedRunListener.java" interface="false" size="54" bugs="0"/>
    </PackageStats>
    <PackageStats package="org.junit.runners" total_bugs="12" total_types="16" total_size="468" priority_2="11" priority_1="1">
      <ClassStats class="org.junit.runners.AllTests" sourceFile="AllTests.java" interface="false" size="4" bugs="1" priority_2="1"/>
      <ClassStats class="org.junit.runners.BlockJUnit4ClassRunner" sourceFile="BlockJUnit4ClassRunner.java" interface="false" size="138" bugs="3" priority_2="2" priority_1="1"/>
      <ClassStats class="org.junit.runners.BlockJUnit4ClassRunner$1" sourceFile="BlockJUnit4ClassRunner.java" interface="false" size="6" bugs="1" priority_2="1"/>
      <ClassStats class="org.junit.runners.JUnit4" sourceFile="JUnit4.java" interface="false" size="4" bugs="0"/>
      <ClassStats class="org.junit.runners.MethodSorters" sourceFile="MethodSorters.java" interface="false" size="19" bugs="0"/>
      <ClassStats class="org.junit.runners.Parameterized" sourceFile="Parameterized.java" interface="false" size="60" bugs="1" priority_2="1"/>
      <ClassStats class="org.junit.runners.Parameterized$Parameter" sourceFile="Parameterized.java" interface="true" size="2" bugs="0"/>
      <ClassStats class="org.junit.runners.Parameterized$Parameters" sourceFile="Parameterized.java" interface="true" size="2" bugs="0"/>
      <ClassStats class="org.junit.runners.Parameterized$UseParametersRunnerFactory" sourceFile="Parameterized.java" interface="true" size="2" bugs="0"/>
      <ClassStats class="org.junit.runners.ParentRunner" sourceFile="ParentRunner.java" interface="false" size="159" bugs="1" priority_2="1"/>
      <ClassStats class="org.junit.runners.ParentRunner$1" sourceFile="ParentRunner.java" interface="false" size="9" bugs="0"/>
      <ClassStats class="org.junit.runners.ParentRunner$2" sourceFile="ParentRunner.java" interface="false" size="8" bugs="0"/>
      <ClassStats class="org.junit.runners.ParentRunner$3" sourceFile="ParentRunner.java" interface="false" size="9" bugs="0"/>
      <ClassStats class="org.junit.runners.ParentRunner$4" sourceFile="ParentRunner.java" interface="false" size="7" bugs="0"/>
      <ClassStats class="org.junit.runners.Suite" sourceFile="Suite.java" interface="false" size="37" bugs="5" priority_2="5"/>
      <ClassStats class="org.junit.runners.Suite$SuiteClasses" sourceFile="Suite.java" interface="true" size="2" bugs="0"/>
    </PackageStats>
    <PackageStats package="org.junit.runners.model" total_bugs="13" total_types="16" total_size="386" priority_3="1" priority_2="12">
      <ClassStats class="org.junit.runners.model.Annotatable" sourceFile="Annotatable.java" interface="true" size="3" bugs="0"/>
      <ClassStats class="org.junit.runners.model.FrameworkField" sourceFile="FrameworkField.java" interface="false" size="30" bugs="2" priority_2="2"/>
      <ClassStats class="org.junit.runners.model.FrameworkMember" sourceFile="FrameworkMember.java" interface="false" size="17" bugs="0"/>
      <ClassStats class="org.junit.runners.model.FrameworkMethod" sourceFile="FrameworkMethod.java" interface="false" size="67" bugs="3" priority_2="3"/>
      <ClassStats class="org.junit.runners.model.FrameworkMethod$1" sourceFile="FrameworkMethod.java" interface="false" size="8" bugs="1" priority_2="1"/>
      <ClassStats class="org.junit.runners.model.InitializationError" sourceFile="InitializationError.java" interface="false" size="15" bugs="2" priority_2="2"/>
      <ClassStats class="org.junit.runners.model.MultipleFailureException" sourceFile="MultipleFailureException.java" interface="false" size="20" bugs="1" priority_2="1"/>
      <ClassStats class="org.junit.runners.model.NoGenericTypeParametersValidator" sourceFile="NoGenericTypeParametersValidator.java" interface="false" size="33" bugs="0"/>
      <ClassStats class="org.junit.runners.model.RunnerBuilder" sourceFile="RunnerBuilder.java" interface="false" size="30" bugs="0"/>
      <ClassStats class="org.junit.runners.model.RunnerScheduler" sourceFile="RunnerScheduler.java" interface="true" size="3" bugs="0"/>
      <ClassStats class="org.junit.runners.model.Statement" sourceFile="Statement.java" interface="false" size="4" bugs="0"/>
      <ClassStats class="org.junit.runners.model.TestClass" sourceFile="TestClass.java" interface="false" size="128" bugs="1" priority_2="1"/>
      <ClassStats class="org.junit.runners.model.TestClass$1" sourceFile="TestClass.java" interface="false" size="1" bugs="0"/>
      <ClassStats class="org.junit.runners.model.TestClass$FieldComparator" sourceFile="TestClass.java" interface="false" size="7" bugs="1" priority_2="1"/>
      <ClassStats class="org.junit.runners.model.TestClass$MethodComparator" sourceFile="TestClass.java" interface="false" size="7" bugs="1" priority_2="1"/>
      <ClassStats class="org.junit.runners.model.TestTimedOutException" sourceFile="TestTimedOutException.java" interface="false" size="13" bugs="1" priority_3="1"/>
    </PackageStats>
    <PackageStats package="org.junit.runners.parameterized" total_bugs="1" total_types="4" total_size="110" priority_2="1">
      <ClassStats class="org.junit.runners.parameterized.BlockJUnit4ClassRunnerWithParameters" sourceFile="BlockJUnit4ClassRunnerWithParameters.java" interface="false" size="64" bugs="1" priority_2="1"/>
      <ClassStats class="org.junit.runners.parameterized.BlockJUnit4ClassRunnerWithParametersFactory" sourceFile="BlockJUnit4ClassRunnerWithParametersFactory.java" interface="false" size="5" bugs="0"/>
      <ClassStats class="org.junit.runners.parameterized.ParametersRunnerFactory" sourceFile="ParametersRunnerFactory.java" interface="true" size="2" bugs="0"/>
      <ClassStats class="org.junit.runners.parameterized.TestWithParameters" sourceFile="TestWithParameters.java" interface="false" size="39" bugs="0"/>
    </PackageStats>
    <PackageStats package="org.junit.validator" total_bugs="0" total_types="11" total_size="112">
      <ClassStats class="org.junit.validator.AnnotationValidator" sourceFile="AnnotationValidator.java" interface="false" size="12" bugs="0"/>
      <ClassStats class="org.junit.validator.AnnotationValidatorFactory" sourceFile="AnnotationValidatorFactory.java" interface="false" size="18" bugs="0"/>
      <ClassStats class="org.junit.validator.AnnotationsValidator" sourceFile="AnnotationsValidator.java" interface="false" size="14" bugs="0"/>
      <ClassStats class="org.junit.validator.AnnotationsValidator$1" sourceFile="AnnotationsValidator.java" interface="false" size="1" bugs="0"/>
      <ClassStats class="org.junit.validator.AnnotationsValidator$AnnotatableValidator" sourceFile="AnnotationsValidator.java" interface="false" size="26" bugs="0"/>
      <ClassStats class="org.junit.validator.AnnotationsValidator$ClassValidator" sourceFile="AnnotationsValidator.java" interface="false" size="9" bugs="0"/>
      <ClassStats class="org.junit.validator.AnnotationsValidator$FieldValidator" sourceFile="AnnotationsValidator.java" interface="false" size="9" bugs="0"/>
      <ClassStats class="org.junit.validator.AnnotationsValidator$MethodValidator" sourceFile="AnnotationsValidator.java" interface="false" size="9" bugs="0"/>
      <ClassStats class="org.junit.validator.PublicClassValidator" sourceFile="PublicClassValidator.java" interface="false" size="10" bugs="0"/>
      <ClassStats class="org.junit.validator.TestClassValidator" sourceFile="TestClassValidator.java" interface="true" size="2" bugs="0"/>
      <ClassStats class="org.junit.validator.ValidateWith" sourceFile="ValidateWith.java" interface="true" size="2" bugs="0"/>
    </PackageStats>
    <FindBugsProfile>
      <ClassProfile name="edu.umd.cs.findbugs.classfile.engine.ClassInfoAnalysisEngine" totalMilliseconds="308" invocations="1386" avgMicrosecondsPerInvocation="222" maxMicrosecondsPerInvocation="7638" standardDeviationMicrosecondsPerInvocation="547"/>
      <ClassProfile name="edu.umd.cs.findbugs.classfile.engine.bcel.IsNullValueDataflowFactory" totalMilliseconds="160" invocations="1547" avgMicrosecondsPerInvocation="103" maxMicrosecondsPerInvocation="3485" standardDeviationMicrosecondsPerInvocation="176"/>
      <ClassProfile name="edu.umd.cs.findbugs.ba.npe.NullDerefAndRedundantComparisonFinder" totalMilliseconds="147" invocations="1521" avgMicrosecondsPerInvocation="96" maxMicrosecondsPerInvocation="8772" standardDeviationMicrosecondsPerInvocation="249"/>
      <ClassProfile name="edu.umd.cs.findbugs.detect.FieldItemSummary" totalMilliseconds="144" invocations="488" avgMicrosecondsPerInvocation="295" maxMicrosecondsPerInvocation="8365" standardDeviationMicrosecondsPerInvocation="762"/>
      <ClassProfile name="edu.umd.cs.findbugs.classfile.engine.bcel.TypeDataflowFactory" totalMilliseconds="141" invocations="1598" avgMicrosecondsPerInvocation="88" maxMicrosecondsPerInvocation="7256" standardDeviationMicrosecondsPerInvocation="223"/>
      <ClassProfile name="edu.umd.cs.findbugs.classfile.engine.bcel.UnconditionalValueDerefDataflowFactory" totalMilliseconds="136" invocations="1546" avgMicrosecondsPerInvocation="88" maxMicrosecondsPerInvocation="7863" standardDeviationMicrosecondsPerInvocation="235"/>
      <ClassProfile name="edu.umd.cs.findbugs.detect.FindNoSideEffectMethods" totalMilliseconds="126" invocations="488" avgMicrosecondsPerInvocation="259" maxMicrosecondsPerInvocation="3413" standardDeviationMicrosecondsPerInvocation="520"/>
      <ClassProfile name="edu.umd.cs.findbugs.classfile.engine.bcel.ValueNumberDataflowFactory" totalMilliseconds="118" invocations="1606" avgMicrosecondsPerInvocation="73" maxMicrosecondsPerInvocation="5560" standardDeviationMicrosecondsPerInvocation="176"/>
      <ClassProfile name="edu.umd.cs.findbugs.OpcodeStack$JumpInfoFactory" totalMilliseconds="113" invocations="2218" avgMicrosecondsPerInvocation="51" maxMicrosecondsPerInvocation="1801" standardDeviationMicrosecondsPerInvocation="109"/>
      <ClassProfile name="edu.umd.cs.findbugs.classfile.engine.bcel.CFGFactory" totalMilliseconds="109" invocations="1547" avgMicrosecondsPerInvocation="71" maxMicrosecondsPerInvocation="5492" standardDeviationMicrosecondsPerInvocation="155"/>
      <ClassProfile name="edu.umd.cs.findbugs.detect.FindRefComparison$SpecialTypeAnalysis" totalMilliseconds="93" invocations="1401" avgMicrosecondsPerInvocation="66" maxMicrosecondsPerInvocation="1156" standardDeviationMicrosecondsPerInvocation="104"/>
      <ClassProfile name="edu.umd.cs.findbugs.detect.ConstructorThrow" totalMilliseconds="60" invocations="286" avgMicrosecondsPerInvocation="210" maxMicrosecondsPerInvocation="2020" standardDeviationMicrosecondsPerInvocation="281"/>
      <ClassProfile name="edu.umd.cs.findbugs.classfile.engine.bcel.MethodGenFactory" totalMilliseconds="59" invocations="1627" avgMicrosecondsPerInvocation="36" maxMicrosecondsPerInvocation="15859" standardDeviationMicrosecondsPerInvocation="394"/>
      <ClassProfile name="edu.umd.cs.findbugs.classfile.engine.bcel.JavaClassAnalysisEngine" totalMilliseconds="52" invocations="592" avgMicrosecondsPerInvocation="89" maxMicrosecondsPerInvocation="9785" standardDeviationMicrosecondsPerInvocation="557"/>
      <ClassProfile name="edu.umd.cs.findbugs.detect.NoteDirectlyRelevantTypeQualifiers" totalMilliseconds="49" invocations="488" avgMicrosecondsPerInvocation="101" maxMicrosecondsPerInvocation="2200" standardDeviationMicrosecondsPerInvocation="219"/>
      <ClassProfile name="edu.umd.cs.findbugs.classfile.engine.ClassDataAnalysisEngine" totalMilliseconds="45" invocations="1393" avgMicrosecondsPerInvocation="32" maxMicrosecondsPerInvocation="1766" standardDeviationMicrosecondsPerInvocation="71"/>
      <ClassProfile name="edu.umd.cs.findbugs.classfile.engine.bcel.ConstantDataflowFactory" totalMilliseconds="40" invocations="1547" avgMicrosecondsPerInvocation="26" maxMicrosecondsPerInvocation="1403" standardDeviationMicrosecondsPerInvocation="52"/>
      <ClassProfile name="edu.umd.cs.findbugs.detect.FindReturnRef" totalMilliseconds="38" invocations="286" avgMicrosecondsPerInvocation="133" maxMicrosecondsPerInvocation="12889" standardDeviationMicrosecondsPerInvocation="867"/>
      <ClassProfile name="edu.umd.cs.findbugs.detect.EqualsOperandShouldHaveClassCompatibleWithThis" totalMilliseconds="36" invocations="488" avgMicrosecondsPerInvocation="73" maxMicrosecondsPerInvocation="17993" standardDeviationMicrosecondsPerInvocation="816"/>
      <ClassProfile name="edu.umd.cs.findbugs.detect.BuildObligationPolicyDatabase" totalMilliseconds="36" invocations="488" avgMicrosecondsPerInvocation="73" maxMicrosecondsPerInvocation="1291" standardDeviationMicrosecondsPerInvocation="138"/>
      <ClassProfile name="edu.umd.cs.findbugs.detect.UnreadFields" totalMilliseconds="34" invocations="286" avgMicrosecondsPerInvocation="121" maxMicrosecondsPerInvocation="1766" standardDeviationMicrosecondsPerInvocation="157"/>
      <ClassProfile name="edu.umd.cs.findbugs.ba.npe.TypeQualifierNullnessAnnotationDatabase" totalMilliseconds="31" invocations="18166" avgMicrosecondsPerInvocation="1" maxMicrosecondsPerInvocation="749" standardDeviationMicrosecondsPerInvocation="9"/>
      <ClassProfile name="edu.umd.cs.findbugs.detect.FunctionsThatMightBeMistakenForProcedures" totalMilliseconds="30" invocations="488" avgMicrosecondsPerInvocation="62" maxMicrosecondsPerInvocation="2112" standardDeviationMicrosecondsPerInvocation="163"/>
      <ClassProfile name="edu.umd.cs.findbugs.detect.OverridingEqualsNotSymmetrical" totalMilliseconds="30" invocations="488" avgMicrosecondsPerInvocation="62" maxMicrosecondsPerInvocation="4341" standardDeviationMicrosecondsPerInvocation="227"/>
      <ClassProfile name="edu.umd.cs.findbugs.detect.LoadOfKnownNullValue" totalMilliseconds="30" invocations="286" avgMicrosecondsPerInvocation="105" maxMicrosecondsPerInvocation="4609" standardDeviationMicrosecondsPerInvocation="298"/>
      <ClassProfile name="edu.umd.cs.findbugs.detect.CalledMethods" totalMilliseconds="30" invocations="488" avgMicrosecondsPerInvocation="61" maxMicrosecondsPerInvocation="1607" standardDeviationMicrosecondsPerInvocation="149"/>
      <ClassProfile name="edu.umd.cs.findbugs.util.TopologicalSort" totalMilliseconds="29" invocations="1314" avgMicrosecondsPerInvocation="22" maxMicrosecondsPerInvocation="720" standardDeviationMicrosecondsPerInvocation="47"/>
      <ClassProfile name="edu.umd.cs.findbugs.detect.FindNullDeref$CheckCallSitesAndReturnInstructions" totalMilliseconds="29" invocations="1521" avgMicrosecondsPerInvocation="19" maxMicrosecondsPerInvocation="8083" standardDeviationMicrosecondsPerInvocation="210"/>
      <ClassProfile name="edu.umd.cs.findbugs.detect.FindInconsistentSync2" totalMilliseconds="26" invocations="286" avgMicrosecondsPerInvocation="91" maxMicrosecondsPerInvocation="2184" standardDeviationMicrosecondsPerInvocation="156"/>
      <ClassProfile name="edu.umd.cs.findbugs.detect.DumbMethods" totalMilliseconds="26" invocations="286" avgMicrosecondsPerInvocation="91" maxMicrosecondsPerInvocation="866" standardDeviationMicrosecondsPerInvocation="119"/>
      <ClassProfile name="edu.umd.cs.findbugs.classfile.engine.bcel.LiveLocalStoreDataflowFactory" totalMilliseconds="23" invocations="1450" avgMicrosecondsPerInvocation="16" maxMicrosecondsPerInvocation="506" standardDeviationMicrosecondsPerInvocation="28"/>
      <ClassProfile name="edu.umd.cs.findbugs.detect.BuildStringPassthruGraph" totalMilliseconds="23" invocations="488" avgMicrosecondsPerInvocation="48" maxMicrosecondsPerInvocation="1702" standardDeviationMicrosecondsPerInvocation="147"/>
      <ClassProfile name="edu.umd.cs.findbugs.detect.ExplicitSerialization" totalMilliseconds="23" invocations="488" avgMicrosecondsPerInvocation="48" maxMicrosecondsPerInvocation="6432" standardDeviationMicrosecondsPerInvocation="391"/>
      <ClassProfile name="edu.umd.cs.findbugs.detect.FindRefComparison" totalMilliseconds="23" invocations="286" avgMicrosecondsPerInvocation="81" maxMicrosecondsPerInvocation="694" standardDeviationMicrosecondsPerInvocation="110"/>
      <ClassProfile name="edu.umd.cs.findbugs.detect.FindDeadLocalStores" totalMilliseconds="23" invocations="286" avgMicrosecondsPerInvocation="81" maxMicrosecondsPerInvocation="1561" standardDeviationMicrosecondsPerInvocation="158"/>
      <ClassProfile name="edu.umd.cs.findbugs.detect.FindOpenStream" totalMilliseconds="22" invocations="286" avgMicrosecondsPerInvocation="80" maxMicrosecondsPerInvocation="2884" standardDeviationMicrosecondsPerInvocation="307"/>
      <ClassProfile name="edu.umd.cs.findbugs.detect.FindUselessObjects" totalMilliseconds="22" invocations="286" avgMicrosecondsPerInvocation="80" maxMicrosecondsPerInvocation="1598" standardDeviationMicrosecondsPerInvocation="159"/>
      <ClassProfile name="edu.umd.cs.findbugs.detect.CheckRelaxingNullnessAnnotation" totalMilliseconds="22" invocations="286" avgMicrosecondsPerInvocation="78" maxMicrosecondsPerInvocation="4257" standardDeviationMicrosecondsPerInvocation="257"/>
      <ClassProfile name="edu.umd.cs.findbugs.detect.MethodReturnCheck" totalMilliseconds="22" invocations="286" avgMicrosecondsPerInvocation="77" maxMicrosecondsPerInvocation="1352" standardDeviationMicrosecondsPerInvocation="128"/>
      <ClassProfile name="edu.umd.cs.findbugs.detect.FindNullDeref" totalMilliseconds="19" invocations="286" avgMicrosecondsPerInvocation="66" maxMicrosecondsPerInvocation="1803" standardDeviationMicrosecondsPerInvocation="127"/>
      <ClassProfile name="edu.umd.cs.findbugs.detect.InfiniteLoop" totalMilliseconds="18" invocations="286" avgMicrosecondsPerInvocation="66" maxMicrosecondsPerInvocation="4656" standardDeviationMicrosecondsPerInvocation="281"/>
      <ClassProfile name="edu.umd.cs.findbugs.detect.SerializableIdiom" totalMilliseconds="18" invocations="286" avgMicrosecondsPerInvocation="66" maxMicrosecondsPerInvocation="2394" standardDeviationMicrosecondsPerInvocation="188"/>
      <ClassProfile name="edu.umd.cs.findbugs.detect.FindHEmismatch" totalMilliseconds="18" invocations="286" avgMicrosecondsPerInvocation="65" maxMicrosecondsPerInvocation="788" standardDeviationMicrosecondsPerInvocation="89"/>
      <ClassProfile name="edu.umd.cs.findbugs.detect.ReflectiveClasses" totalMilliseconds="17" invocations="488" avgMicrosecondsPerInvocation="36" maxMicrosecondsPerInvocation="949" standardDeviationMicrosecondsPerInvocation="89"/>
    </FindBugsProfile>
  </FindBugsSummary>
  <ClassFeatures></ClassFeatures>
  <History></History>
</BugCollection>
