<?xml version="1.0" encoding="UTF-8"?>

<BugCollection version="4.8.1" sequence="0" timestamp="1702013437999" analysisTimestamp="1702016941511" release="">
  <Project projectName="">
    <Jar>vul_jar\\junit-4.8.jar</Jar>
  </Project>
  <BugInstance type="VO_VOLATILE_INCREMENT" priority="2" rank="14" abbrev="VO" category="MT_CORRECTNESS" instanceHash="fa42e1e68998a12ac85393cd3a306e45" instanceOccurrenceNum="0" instanceOccurrenceMax="0">
    <ShortMessage>An increment to a volatile field isn&apos;t atomic</ShortMessage>
    <LongMessage>Increment of volatile field junit.extensions.ActiveTestSuite.fActiveTestDeathCount in junit.extensions.ActiveTestSuite.runFinished()</LongMessage>
    <Class classname="junit.extensions.ActiveTestSuite" primary="true">
      <SourceLine classname="junit.extensions.ActiveTestSuite" start="17" end="69" sourcefile="ActiveTestSuite.java" sourcepath="junit/extensions/ActiveTestSuite.java">
        <Message>At ActiveTestSuite.java:[lines 17-69]</Message>
      </SourceLine>
      <Message>In class junit.extensions.ActiveTestSuite</Message>
    </Class>
    <Method classname="junit.extensions.ActiveTestSuite" name="runFinished" signature="()V" isStatic="false" primary="true">
      <SourceLine classname="junit.extensions.ActiveTestSuite" start="67" end="69" startBytecode="0" endBytecode="64" sourcefile="ActiveTestSuite.java" sourcepath="junit/extensions/ActiveTestSuite.java"/>
      <Message>In method junit.extensions.ActiveTestSuite.runFinished()</Message>
    </Method>
    <Field classname="junit.extensions.ActiveTestSuite" name="fActiveTestDeathCount" signature="I" isStatic="false" primary="true">
      <SourceLine classname="junit.extensions.ActiveTestSuite" sourcefile="ActiveTestSuite.java" sourcepath="junit/extensions/ActiveTestSuite.java">
        <Message>In ActiveTestSuite.java</Message>
      </SourceLine>
      <Message>Field junit.extensions.ActiveTestSuite.fActiveTestDeathCount</Message>
    </Field>
    <SourceLine classname="junit.extensions.ActiveTestSuite" primary="true" start="67" end="67" startBytecode="7" endBytecode="7" sourcefile="ActiveTestSuite.java" sourcepath="junit/extensions/ActiveTestSuite.java">
      <Message>At ActiveTestSuite.java:[line 67]</Message>
    </SourceLine>
  </BugInstance>
  <BugInstance type="CT_CONSTRUCTOR_THROW" priority="2" rank="16" abbrev="CT" category="BAD_PRACTICE" instanceHash="662a46ca99e492fa26218b3c44c0fd8b" instanceOccurrenceNum="0" instanceOccurrenceMax="0">
    <ShortMessage>Be wary of letting constructors throw exceptions.</ShortMessage>
    <LongMessage>Exception thrown in class junit.extensions.RepeatedTest at new junit.extensions.RepeatedTest(Test, int) will leave the constructor. The object under construction remains partially initialized and may be vulnerable to Finalizer attacks.</LongMessage>
    <Class classname="junit.extensions.RepeatedTest" primary="true">
      <SourceLine classname="junit.extensions.RepeatedTest" start="14" end="36" sourcefile="RepeatedTest.java" sourcepath="junit/extensions/RepeatedTest.java">
        <Message>At RepeatedTest.java:[lines 14-36]</Message>
      </SourceLine>
      <Message>In class junit.extensions.RepeatedTest</Message>
    </Class>
    <Method classname="junit.extensions.RepeatedTest" name="&lt;init&gt;" signature="(Ljunit/framework/Test;I)V" isStatic="false" primary="true">
      <SourceLine classname="junit.extensions.RepeatedTest" start="14" end="18" startBytecode="0" endBytecode="102" sourcefile="RepeatedTest.java" sourcepath="junit/extensions/RepeatedTest.java"/>
      <Message>In method new junit.extensions.RepeatedTest(Test, int)</Message>
    </Method>
    <SourceLine classname="junit.extensions.RepeatedTest" primary="true" start="16" end="16" startBytecode="18" endBytecode="18" sourcefile="RepeatedTest.java" sourcepath="junit/extensions/RepeatedTest.java">
      <Message>At RepeatedTest.java:[line 16]</Message>
    </SourceLine>
    <SourceLine classname="junit.extensions.RepeatedTest" start="16" end="16" startBytecode="18" endBytecode="18" sourcefile="RepeatedTest.java" sourcepath="junit/extensions/RepeatedTest.java">
      <Message>At RepeatedTest.java:[line 16]</Message>
    </SourceLine>
  </BugInstance>
  <BugInstance type="CT_CONSTRUCTOR_THROW" priority="2" rank="16" abbrev="CT" category="BAD_PRACTICE" instanceHash="60bd4a8f68c4efde315bbf60a9cf304c" instanceOccurrenceNum="0" instanceOccurrenceMax="0">
    <ShortMessage>Be wary of letting constructors throw exceptions.</ShortMessage>
    <LongMessage>Exception thrown in class junit.extensions.TestSetup$1 at new junit.extensions.TestSetup$1(TestSetup, TestResult) will leave the constructor. The object under construction remains partially initialized and may be vulnerable to Finalizer attacks.</LongMessage>
    <Class classname="junit.extensions.TestSetup$1" primary="true">
      <SourceLine classname="junit.extensions.TestSetup$1" start="21" end="25" sourcefile="TestSetup.java" sourcepath="junit/extensions/TestSetup.java">
        <Message>At TestSetup.java:[lines 21-25]</Message>
      </SourceLine>
      <Message>In class junit.extensions.TestSetup$1</Message>
    </Class>
    <Method classname="junit.extensions.TestSetup$1" name="&lt;init&gt;" signature="(Ljunit/extensions/TestSetup;Ljunit/framework/TestResult;)V" isStatic="false" primary="true">
      <SourceLine classname="junit.extensions.TestSetup$1" start="21" end="21" startBytecode="0" endBytecode="56" sourcefile="TestSetup.java" sourcepath="junit/extensions/TestSetup.java"/>
      <Message>In method new junit.extensions.TestSetup$1(TestSetup, TestResult)</Message>
    </Method>
    <SourceLine classname="junit.extensions.TestSetup$1" primary="true" start="21" end="21" startBytecode="4" endBytecode="4" sourcefile="TestSetup.java" sourcepath="junit/extensions/TestSetup.java">
      <Message>At TestSetup.java:[line 21]</Message>
    </SourceLine>
    <SourceLine classname="junit.extensions.TestSetup$1" start="21" end="21" startBytecode="4" endBytecode="4" sourcefile="TestSetup.java" sourcepath="junit/extensions/TestSetup.java">
      <Message>At TestSetup.java:[line 21]</Message>
    </SourceLine>
  </BugInstance>
  <BugInstance type="DM_FP_NUMBER_CTOR" priority="3" rank="20" abbrev="Bx" category="PERFORMANCE" instanceHash="f0137156e429c7861ddbac08dced720b" instanceOccurrenceNum="0" instanceOccurrenceMax="0">
    <ShortMessage>Method invokes inefficient floating-point Number constructor; use static valueOf instead</ShortMessage>
    <LongMessage>junit.framework.Assert.assertEquals(String, double, double, double) invokes inefficient new Double(double) constructor; use Double.valueOf(double) instead</LongMessage>
    <Class classname="junit.framework.Assert" primary="true">
      <SourceLine classname="junit.framework.Assert" start="11" end="290" sourcefile="Assert.java" sourcepath="junit/framework/Assert.java">
        <Message>At Assert.java:[lines 11-290]</Message>
      </SourceLine>
      <Message>In class junit.framework.Assert</Message>
    </Class>
    <Method classname="junit.framework.Assert" name="assertEquals" signature="(Ljava/lang/String;DDD)V" isStatic="true" primary="true">
      <SourceLine classname="junit.framework.Assert" start="95" end="99" startBytecode="0" endBytecode="129" sourcefile="Assert.java" sourcepath="junit/framework/Assert.java"/>
      <Message>In method junit.framework.Assert.assertEquals(String, double, double, double)</Message>
    </Method>
    <Method classname="java.lang.Double" name="&lt;init&gt;" signature="(D)V" isStatic="false" role="METHOD_CALLED" classAnnotationNames="jdk.internal.ValueBased">
      <SourceLine classname="java.lang.Double" start="711" end="713" startBytecode="0" endBytecode="69" sourcefile="Double.java" sourcepath="java/lang/Double.java"/>
      <Message>Called method new Double(double)</Message>
    </Method>
    <Method classname="java.lang.Double" name="valueOf" signature="(D)Ljava/lang/Double;" isStatic="true" role="SHOULD_CALL" classAnnotationNames="jdk.internal.ValueBased">
      <SourceLine classname="java.lang.Double" start="632" end="632" startBytecode="0" endBytecode="50" sourcefile="Double.java" sourcepath="java/lang/Double.java"/>
      <Message>Should call Double.valueOf(double) instead</Message>
    </Method>
    <SourceLine classname="junit.framework.Assert" primary="true" start="98" end="98" startBytecode="27" endBytecode="27" sourcefile="Assert.java" sourcepath="junit/framework/Assert.java">
      <Message>At Assert.java:[line 98]</Message>
    </SourceLine>
  </BugInstance>
  <BugInstance type="DM_FP_NUMBER_CTOR" priority="3" rank="20" abbrev="Bx" category="PERFORMANCE" instanceHash="2f8d885d5bbe4b543705f70686f60786" instanceOccurrenceNum="0" instanceOccurrenceMax="0">
    <ShortMessage>Method invokes inefficient floating-point Number constructor; use static valueOf instead</ShortMessage>
    <LongMessage>junit.framework.Assert.assertEquals(String, float, float, float) invokes inefficient new Float(float) constructor; use Float.valueOf(float) instead</LongMessage>
    <Class classname="junit.framework.Assert" primary="true">
      <SourceLine classname="junit.framework.Assert" start="11" end="290" sourcefile="Assert.java" sourcepath="junit/framework/Assert.java">
        <Message>At Assert.java:[lines 11-290]</Message>
      </SourceLine>
      <Message>In class junit.framework.Assert</Message>
    </Class>
    <Method classname="junit.framework.Assert" name="assertEquals" signature="(Ljava/lang/String;FFF)V" isStatic="true" primary="true">
      <SourceLine classname="junit.framework.Assert" start="113" end="117" startBytecode="0" endBytecode="128" sourcefile="Assert.java" sourcepath="junit/framework/Assert.java"/>
      <Message>In method junit.framework.Assert.assertEquals(String, float, float, float)</Message>
    </Method>
    <Method classname="java.lang.Float" name="&lt;init&gt;" signature="(F)V" isStatic="false" role="METHOD_CALLED" classAnnotationNames="jdk.internal.ValueBased">
      <SourceLine classname="java.lang.Float" start="537" end="539" startBytecode="0" endBytecode="69" sourcefile="Float.java" sourcepath="java/lang/Float.java"/>
      <Message>Called method new Float(float)</Message>
    </Method>
    <Method classname="java.lang.Float" name="valueOf" signature="(F)Ljava/lang/Float;" isStatic="true" role="SHOULD_CALL" classAnnotationNames="jdk.internal.ValueBased">
      <SourceLine classname="java.lang.Float" start="458" end="458" startBytecode="0" endBytecode="50" sourcefile="Float.java" sourcepath="java/lang/Float.java"/>
      <Message>Should call Float.valueOf(float) instead</Message>
    </Method>
    <SourceLine classname="junit.framework.Assert" primary="true" start="116" end="116" startBytecode="26" endBytecode="26" sourcefile="Assert.java" sourcepath="junit/framework/Assert.java">
      <Message>At Assert.java:[line 116]</Message>
    </SourceLine>
  </BugInstance>
  <BugInstance type="DM_NUMBER_CTOR" priority="2" rank="18" abbrev="Bx" category="PERFORMANCE" instanceHash="4547949fd91a72d0ad5f1c34e7588bd5" instanceOccurrenceNum="0" instanceOccurrenceMax="0">
    <ShortMessage>Method invokes inefficient Number constructor; use static valueOf instead</ShortMessage>
    <LongMessage>junit.framework.Assert.assertEquals(String, byte, byte) invokes inefficient new Byte(byte) constructor; use Byte.valueOf(byte) instead</LongMessage>
    <Class classname="junit.framework.Assert" primary="true">
      <SourceLine classname="junit.framework.Assert" start="11" end="290" sourcefile="Assert.java" sourcepath="junit/framework/Assert.java">
        <Message>At Assert.java:[lines 11-290]</Message>
      </SourceLine>
      <Message>In class junit.framework.Assert</Message>
    </Class>
    <Method classname="junit.framework.Assert" name="assertEquals" signature="(Ljava/lang/String;BB)V" isStatic="true" primary="true">
      <SourceLine classname="junit.framework.Assert" start="156" end="157" startBytecode="0" endBytecode="86" sourcefile="Assert.java" sourcepath="junit/framework/Assert.java"/>
      <Message>In method junit.framework.Assert.assertEquals(String, byte, byte)</Message>
    </Method>
    <Method classname="java.lang.Byte" name="&lt;init&gt;" signature="(B)V" isStatic="false" role="METHOD_CALLED" classAnnotationNames="jdk.internal.ValueBased">
      <SourceLine classname="java.lang.Byte" start="348" end="350" startBytecode="0" endBytecode="69" sourcefile="Byte.java" sourcepath="java/lang/Byte.java"/>
      <Message>Called method new Byte(byte)</Message>
    </Method>
    <Method classname="java.lang.Byte" name="valueOf" signature="(B)Ljava/lang/Byte;" isStatic="true" role="SHOULD_CALL" classAnnotationNames="jdk.internal.ValueBased">
      <SourceLine classname="java.lang.Byte" start="146" end="147" startBytecode="0" endBytecode="69" sourcefile="Byte.java" sourcepath="java/lang/Byte.java"/>
      <Message>Should call Byte.valueOf(byte) instead</Message>
    </Method>
    <SourceLine classname="junit.framework.Assert" primary="true" start="156" end="156" startBytecode="6" endBytecode="6" sourcefile="Assert.java" sourcepath="junit/framework/Assert.java">
      <Message>At Assert.java:[line 156]</Message>
    </SourceLine>
  </BugInstance>
  <BugInstance type="DM_NUMBER_CTOR" priority="2" rank="18" abbrev="Bx" category="PERFORMANCE" instanceHash="499863ce37eabf5a433fd5db208cf0e1" instanceOccurrenceNum="0" instanceOccurrenceMax="0">
    <ShortMessage>Method invokes inefficient Number constructor; use static valueOf instead</ShortMessage>
    <LongMessage>junit.framework.Assert.assertEquals(String, char, char) invokes inefficient new Character(char) constructor; use Character.valueOf(char) instead</LongMessage>
    <Class classname="junit.framework.Assert" primary="true">
      <SourceLine classname="junit.framework.Assert" start="11" end="290" sourcefile="Assert.java" sourcepath="junit/framework/Assert.java">
        <Message>At Assert.java:[lines 11-290]</Message>
      </SourceLine>
      <Message>In class junit.framework.Assert</Message>
    </Class>
    <Method classname="junit.framework.Assert" name="assertEquals" signature="(Ljava/lang/String;CC)V" isStatic="true" primary="true">
      <SourceLine classname="junit.framework.Assert" start="169" end="170" startBytecode="0" endBytecode="86" sourcefile="Assert.java" sourcepath="junit/framework/Assert.java"/>
      <Message>In method junit.framework.Assert.assertEquals(String, char, char)</Message>
    </Method>
    <Method classname="java.lang.Character" name="&lt;init&gt;" signature="(C)V" isStatic="false" role="METHOD_CALLED" classAnnotationNames="jdk.internal.ValueBased">
      <SourceLine classname="java.lang.Character" start="8548" end="8550" startBytecode="0" endBytecode="69" sourcefile="Character.java" sourcepath="java/lang/Character.java"/>
      <Message>Called method new Character(char)</Message>
    </Method>
    <Method classname="java.lang.Character" name="valueOf" signature="(C)Ljava/lang/Character;" isStatic="true" role="SHOULD_CALL" classAnnotationNames="jdk.internal.ValueBased">
      <SourceLine classname="java.lang.Character" start="8593" end="8596" startBytecode="0" endBytecode="79" sourcefile="Character.java" sourcepath="java/lang/Character.java"/>
      <Message>Should call Character.valueOf(char) instead</Message>
    </Method>
    <SourceLine classname="junit.framework.Assert" primary="true" start="169" end="169" startBytecode="6" endBytecode="6" sourcefile="Assert.java" sourcepath="junit/framework/Assert.java">
      <Message>At Assert.java:[line 169]</Message>
    </SourceLine>
  </BugInstance>
  <BugInstance type="DM_NUMBER_CTOR" priority="2" rank="18" abbrev="Bx" category="PERFORMANCE" instanceHash="83cd0117670ecd9a4e02ec670c239ce6" instanceOccurrenceNum="0" instanceOccurrenceMax="0">
    <ShortMessage>Method invokes inefficient Number constructor; use static valueOf instead</ShortMessage>
    <LongMessage>junit.framework.Assert.assertEquals(String, int, int) invokes inefficient new Integer(int) constructor; use Integer.valueOf(int) instead</LongMessage>
    <Class classname="junit.framework.Assert" primary="true">
      <SourceLine classname="junit.framework.Assert" start="11" end="290" sourcefile="Assert.java" sourcepath="junit/framework/Assert.java">
        <Message>At Assert.java:[lines 11-290]</Message>
      </SourceLine>
      <Message>In class junit.framework.Assert</Message>
    </Class>
    <Method classname="junit.framework.Assert" name="assertEquals" signature="(Ljava/lang/String;II)V" isStatic="true" primary="true">
      <SourceLine classname="junit.framework.Assert" start="195" end="196" startBytecode="0" endBytecode="86" sourcefile="Assert.java" sourcepath="junit/framework/Assert.java"/>
      <Message>In method junit.framework.Assert.assertEquals(String, int, int)</Message>
    </Method>
    <Method classname="java.lang.Integer" name="&lt;init&gt;" signature="(I)V" isStatic="false" role="METHOD_CALLED" classAnnotationNames="jdk.internal.ValueBased">
      <SourceLine classname="java.lang.Integer" start="1104" end="1106" startBytecode="0" endBytecode="69" sourcefile="Integer.java" sourcepath="java/lang/Integer.java"/>
      <Message>Called method new Integer(int)</Message>
    </Method>
    <Method classname="java.lang.Integer" name="valueOf" signature="(I)Ljava/lang/Integer;" isStatic="true" role="SHOULD_CALL" classAnnotationNames="jdk.internal.ValueBased">
      <SourceLine classname="java.lang.Integer" start="1079" end="1081" startBytecode="0" endBytecode="90" sourcefile="Integer.java" sourcepath="java/lang/Integer.java"/>
      <Message>Should call Integer.valueOf(int) instead</Message>
    </Method>
    <SourceLine classname="junit.framework.Assert" primary="true" start="195" end="195" startBytecode="6" endBytecode="6" sourcefile="Assert.java" sourcepath="junit/framework/Assert.java">
      <Message>At Assert.java:[line 195]</Message>
    </SourceLine>
  </BugInstance>
  <BugInstance type="DM_NUMBER_CTOR" priority="2" rank="18" abbrev="Bx" category="PERFORMANCE" instanceHash="1d42f9ee1193dad10bf9f6216d2207f2" instanceOccurrenceNum="0" instanceOccurrenceMax="0">
    <ShortMessage>Method invokes inefficient Number constructor; use static valueOf instead</ShortMessage>
    <LongMessage>junit.framework.Assert.assertEquals(String, long, long) invokes inefficient new Long(long) constructor; use Long.valueOf(long) instead</LongMessage>
    <Class classname="junit.framework.Assert" primary="true">
      <SourceLine classname="junit.framework.Assert" start="11" end="290" sourcefile="Assert.java" sourcepath="junit/framework/Assert.java">
        <Message>At Assert.java:[lines 11-290]</Message>
      </SourceLine>
      <Message>In class junit.framework.Assert</Message>
    </Class>
    <Method classname="junit.framework.Assert" name="assertEquals" signature="(Ljava/lang/String;JJ)V" isStatic="true" primary="true">
      <SourceLine classname="junit.framework.Assert" start="130" end="131" startBytecode="0" endBytecode="86" sourcefile="Assert.java" sourcepath="junit/framework/Assert.java"/>
      <Message>In method junit.framework.Assert.assertEquals(String, long, long)</Message>
    </Method>
    <Method classname="java.lang.Long" name="&lt;init&gt;" signature="(J)V" isStatic="false" role="METHOD_CALLED" classAnnotationNames="jdk.internal.ValueBased">
      <SourceLine classname="java.lang.Long" start="1324" end="1326" startBytecode="0" endBytecode="69" sourcefile="Long.java" sourcepath="java/lang/Long.java"/>
      <Message>Called method new Long(long)</Message>
    </Method>
    <Method classname="java.lang.Long" name="valueOf" signature="(J)Ljava/lang/Long;" isStatic="true" role="SHOULD_CALL" classAnnotationNames="jdk.internal.ValueBased">
      <SourceLine classname="java.lang.Long" start="1207" end="1211" startBytecode="0" endBytecode="115" sourcefile="Long.java" sourcepath="java/lang/Long.java"/>
      <Message>Should call Long.valueOf(long) instead</Message>
    </Method>
    <SourceLine classname="junit.framework.Assert" primary="true" start="130" end="130" startBytecode="6" endBytecode="6" sourcefile="Assert.java" sourcepath="junit/framework/Assert.java">
      <Message>At Assert.java:[line 130]</Message>
    </SourceLine>
  </BugInstance>
  <BugInstance type="DM_NUMBER_CTOR" priority="2" rank="18" abbrev="Bx" category="PERFORMANCE" instanceHash="7eb714a4f297514eccd46043df1370e5" instanceOccurrenceNum="0" instanceOccurrenceMax="0">
    <ShortMessage>Method invokes inefficient Number constructor; use static valueOf instead</ShortMessage>
    <LongMessage>junit.framework.Assert.assertEquals(String, short, short) invokes inefficient new Short(short) constructor; use Short.valueOf(short) instead</LongMessage>
    <Class classname="junit.framework.Assert" primary="true">
      <SourceLine classname="junit.framework.Assert" start="11" end="290" sourcefile="Assert.java" sourcepath="junit/framework/Assert.java">
        <Message>At Assert.java:[lines 11-290]</Message>
      </SourceLine>
      <Message>In class junit.framework.Assert</Message>
    </Class>
    <Method classname="junit.framework.Assert" name="assertEquals" signature="(Ljava/lang/String;SS)V" isStatic="true" primary="true">
      <SourceLine classname="junit.framework.Assert" start="182" end="183" startBytecode="0" endBytecode="86" sourcefile="Assert.java" sourcepath="junit/framework/Assert.java"/>
      <Message>In method junit.framework.Assert.assertEquals(String, short, short)</Message>
    </Method>
    <Method classname="java.lang.Short" name="&lt;init&gt;" signature="(S)V" isStatic="false" role="METHOD_CALLED" classAnnotationNames="jdk.internal.ValueBased">
      <SourceLine classname="java.lang.Short" start="353" end="355" startBytecode="0" endBytecode="69" sourcefile="Short.java" sourcepath="java/lang/Short.java"/>
      <Message>Called method new Short(short)</Message>
    </Method>
    <Method classname="java.lang.Short" name="valueOf" signature="(S)Ljava/lang/Short;" isStatic="true" role="SHOULD_CALL" classAnnotationNames="jdk.internal.ValueBased">
      <SourceLine classname="java.lang.Short" start="275" end="280" startBytecode="0" endBytecode="127" sourcefile="Short.java" sourcepath="java/lang/Short.java"/>
      <Message>Should call Short.valueOf(short) instead</Message>
    </Method>
    <SourceLine classname="junit.framework.Assert" primary="true" start="182" end="182" startBytecode="6" endBytecode="6" sourcefile="Assert.java" sourcepath="junit/framework/Assert.java">
      <Message>At Assert.java:[line 182]</Message>
    </SourceLine>
  </BugInstance>
  <BugInstance type="EI_EXPOSE_REP2" priority="2" rank="18" abbrev="EI2" category="MALICIOUS_CODE" instanceHash="d33b9ac83d4e51f8db74bdeaf8bffbde" instanceOccurrenceNum="0" instanceOccurrenceMax="0" cweid="374">
    <ShortMessage>May expose internal representation by incorporating reference to mutable object</ShortMessage>
    <LongMessage>new junit.framework.JUnit4TestAdapter(Class, JUnit4TestAdapterCache) may expose internal representation by storing an externally mutable object into JUnit4TestAdapter.fCache</LongMessage>
    <Class classname="junit.framework.JUnit4TestAdapter" primary="true">
      <SourceLine classname="junit.framework.JUnit4TestAdapter" start="24" end="84" sourcefile="JUnit4TestAdapter.java" sourcepath="junit/framework/JUnit4TestAdapter.java">
        <Message>At JUnit4TestAdapter.java:[lines 24-84]</Message>
      </SourceLine>
      <Message>In class junit.framework.JUnit4TestAdapter</Message>
    </Class>
    <Method classname="junit.framework.JUnit4TestAdapter" name="&lt;init&gt;" signature="(Ljava/lang/Class;Ljunit/framework/JUnit4TestAdapterCache;)V" isStatic="false" primary="true">
      <SourceLine classname="junit.framework.JUnit4TestAdapter" start="28" end="32" startBytecode="0" endBytecode="121" sourcefile="JUnit4TestAdapter.java" sourcepath="junit/framework/JUnit4TestAdapter.java"/>
      <Message>In method new junit.framework.JUnit4TestAdapter(Class, JUnit4TestAdapterCache)</Message>
    </Method>
    <Field classname="junit.framework.JUnit4TestAdapter" name="fCache" signature="Ljunit/framework/JUnit4TestAdapterCache;" isStatic="false" primary="true">
      <SourceLine classname="junit.framework.JUnit4TestAdapter" sourcefile="JUnit4TestAdapter.java" sourcepath="junit/framework/JUnit4TestAdapter.java">
        <Message>In JUnit4TestAdapter.java</Message>
      </SourceLine>
      <Message>Field junit.framework.JUnit4TestAdapter.fCache</Message>
    </Field>
    <LocalVariable name="cache" register="2" pc="6" role="LOCAL_VARIABLE_NAMED">
      <Message>Local variable named cache</Message>
    </LocalVariable>
    <SourceLine classname="junit.framework.JUnit4TestAdapter" primary="true" start="29" end="29" startBytecode="6" endBytecode="6" sourcefile="JUnit4TestAdapter.java" sourcepath="junit/framework/JUnit4TestAdapter.java">
      <Message>At JUnit4TestAdapter.java:[line 29]</Message>
    </SourceLine>
  </BugInstance>
  <BugInstance type="MS_EXPOSE_REP" priority="2" rank="18" abbrev="MS" category="MALICIOUS_CODE" instanceHash="e6f6a57276acc8da17fbcc0c7232cff" instanceOccurrenceNum="0" instanceOccurrenceMax="0" cweid="218">
    <ShortMessage>Public static method may expose internal representation by returning a mutable object or array</ShortMessage>
    <LongMessage>Public static junit.framework.JUnit4TestAdapterCache.getDefault() may expose internal representation by returning JUnit4TestAdapterCache.fInstance</LongMessage>
    <Class classname="junit.framework.JUnit4TestAdapterCache" primary="true">
      <SourceLine classname="junit.framework.JUnit4TestAdapterCache" start="16" end="77" sourcefile="JUnit4TestAdapterCache.java" sourcepath="junit/framework/JUnit4TestAdapterCache.java">
        <Message>At JUnit4TestAdapterCache.java:[lines 16-77]</Message>
      </SourceLine>
      <Message>In class junit.framework.JUnit4TestAdapterCache</Message>
    </Class>
    <Method classname="junit.framework.JUnit4TestAdapterCache" name="getDefault" signature="()Ljunit/framework/JUnit4TestAdapterCache;" isStatic="true" primary="true">
      <SourceLine classname="junit.framework.JUnit4TestAdapterCache" start="21" end="21" startBytecode="0" endBytecode="27" sourcefile="JUnit4TestAdapterCache.java" sourcepath="junit/framework/JUnit4TestAdapterCache.java"/>
      <Message>In method junit.framework.JUnit4TestAdapterCache.getDefault()</Message>
    </Method>
    <Field classname="junit.framework.JUnit4TestAdapterCache" name="fInstance" signature="Ljunit/framework/JUnit4TestAdapterCache;" isStatic="true" primary="true">
      <SourceLine classname="junit.framework.JUnit4TestAdapterCache" sourcefile="JUnit4TestAdapterCache.java" sourcepath="junit/framework/JUnit4TestAdapterCache.java">
        <Message>In JUnit4TestAdapterCache.java</Message>
      </SourceLine>
      <Message>Field junit.framework.JUnit4TestAdapterCache.fInstance</Message>
    </Field>
    <SourceLine classname="junit.framework.JUnit4TestAdapterCache" primary="true" start="21" end="21" startBytecode="3" endBytecode="3" sourcefile="JUnit4TestAdapterCache.java" sourcepath="junit/framework/JUnit4TestAdapterCache.java">
      <Message>At JUnit4TestAdapterCache.java:[line 21]</Message>
    </SourceLine>
  </BugInstance>
  <BugInstance type="EI_EXPOSE_REP" priority="2" rank="18" abbrev="EI" category="MALICIOUS_CODE" instanceHash="979c86ed1c8431f4bf4fcadfddb705c9" instanceOccurrenceNum="0" instanceOccurrenceMax="0" cweid="374">
    <ShortMessage>May expose internal representation by returning reference to mutable object</ShortMessage>
    <LongMessage>junit.framework.JUnit4TestCaseFacade.getDescription() may expose internal representation by returning JUnit4TestCaseFacade.fDescription</LongMessage>
    <Class classname="junit.framework.JUnit4TestCaseFacade" primary="true">
      <SourceLine classname="junit.framework.JUnit4TestCaseFacade" start="12" end="31" sourcefile="JUnit4TestCaseFacade.java" sourcepath="junit/framework/JUnit4TestCaseFacade.java">
        <Message>At JUnit4TestCaseFacade.java:[lines 12-31]</Message>
      </SourceLine>
      <Message>In class junit.framework.JUnit4TestCaseFacade</Message>
    </Class>
    <Method classname="junit.framework.JUnit4TestCaseFacade" name="getDescription" signature="()Lorg/junit/runner/Description;" isStatic="false" primary="true">
      <SourceLine classname="junit.framework.JUnit4TestCaseFacade" start="31" end="31" startBytecode="0" endBytecode="46" sourcefile="JUnit4TestCaseFacade.java" sourcepath="junit/framework/JUnit4TestCaseFacade.java"/>
      <Message>In method junit.framework.JUnit4TestCaseFacade.getDescription()</Message>
    </Method>
    <Field classname="junit.framework.JUnit4TestCaseFacade" name="fDescription" signature="Lorg/junit/runner/Description;" isStatic="false" primary="true">
      <SourceLine classname="junit.framework.JUnit4TestCaseFacade" sourcefile="JUnit4TestCaseFacade.java" sourcepath="junit/framework/JUnit4TestCaseFacade.java">
        <Message>In JUnit4TestCaseFacade.java</Message>
      </SourceLine>
      <Message>Field junit.framework.JUnit4TestCaseFacade.fDescription</Message>
    </Field>
    <SourceLine classname="junit.framework.JUnit4TestCaseFacade" primary="true" start="31" end="31" startBytecode="4" endBytecode="4" sourcefile="JUnit4TestCaseFacade.java" sourcepath="junit/framework/JUnit4TestCaseFacade.java">
      <Message>At JUnit4TestCaseFacade.java:[line 31]</Message>
    </SourceLine>
  </BugInstance>
  <BugInstance type="EI_EXPOSE_REP" priority="2" rank="18" abbrev="EI" category="MALICIOUS_CODE" instanceHash="1341c4c14b52fe8a5e90e7db598da6b4" instanceOccurrenceNum="0" instanceOccurrenceMax="0" cweid="374">
    <ShortMessage>May expose internal representation by returning reference to mutable object</ShortMessage>
    <LongMessage>junit.framework.TestFailure.thrownException() may expose internal representation by returning TestFailure.fThrownException</LongMessage>
    <Class classname="junit.framework.TestFailure" primary="true">
      <SourceLine classname="junit.framework.TestFailure" start="20" end="56" sourcefile="TestFailure.java" sourcepath="junit/framework/TestFailure.java">
        <Message>At TestFailure.java:[lines 20-56]</Message>
      </SourceLine>
      <Message>In class junit.framework.TestFailure</Message>
    </Class>
    <Method classname="junit.framework.TestFailure" name="thrownException" signature="()Ljava/lang/Throwable;" isStatic="false" primary="true">
      <SourceLine classname="junit.framework.TestFailure" start="34" end="34" startBytecode="0" endBytecode="46" sourcefile="TestFailure.java" sourcepath="junit/framework/TestFailure.java"/>
      <Message>In method junit.framework.TestFailure.thrownException()</Message>
    </Method>
    <Field classname="junit.framework.TestFailure" name="fThrownException" signature="Ljava/lang/Throwable;" isStatic="false" primary="true">
      <SourceLine classname="junit.framework.TestFailure" sourcefile="TestFailure.java" sourcepath="junit/framework/TestFailure.java">
        <Message>In TestFailure.java</Message>
      </SourceLine>
      <Message>Field junit.framework.TestFailure.fThrownException</Message>
    </Field>
    <SourceLine classname="junit.framework.TestFailure" primary="true" start="34" end="34" startBytecode="4" endBytecode="4" sourcefile="TestFailure.java" sourcepath="junit/framework/TestFailure.java">
      <Message>At TestFailure.java:[line 34]</Message>
    </SourceLine>
  </BugInstance>
  <BugInstance type="EI_EXPOSE_REP2" priority="2" rank="18" abbrev="EI2" category="MALICIOUS_CODE" instanceHash="c04896fd15df1800adb461a512b8e009" instanceOccurrenceNum="0" instanceOccurrenceMax="0" cweid="374">
    <ShortMessage>May expose internal representation by incorporating reference to mutable object</ShortMessage>
    <LongMessage>new junit.framework.TestFailure(Test, Throwable) may expose internal representation by storing an externally mutable object into TestFailure.fThrownException</LongMessage>
    <Class classname="junit.framework.TestFailure" primary="true">
      <SourceLine classname="junit.framework.TestFailure" start="20" end="56" sourcefile="TestFailure.java" sourcepath="junit/framework/TestFailure.java">
        <Message>At TestFailure.java:[lines 20-56]</Message>
      </SourceLine>
      <Message>In class junit.framework.TestFailure</Message>
    </Class>
    <Method classname="junit.framework.TestFailure" name="&lt;init&gt;" signature="(Ljunit/framework/Test;Ljava/lang/Throwable;)V" isStatic="false" primary="true">
      <SourceLine classname="junit.framework.TestFailure" start="20" end="23" startBytecode="0" endBytecode="88" sourcefile="TestFailure.java" sourcepath="junit/framework/TestFailure.java"/>
      <Message>In method new junit.framework.TestFailure(Test, Throwable)</Message>
    </Method>
    <Field classname="junit.framework.TestFailure" name="fThrownException" signature="Ljava/lang/Throwable;" isStatic="false" primary="true">
      <SourceLine classname="junit.framework.TestFailure" sourcefile="TestFailure.java" sourcepath="junit/framework/TestFailure.java">
        <Message>In TestFailure.java</Message>
      </SourceLine>
      <Message>Field junit.framework.TestFailure.fThrownException</Message>
    </Field>
    <LocalVariable name="thrownException" register="2" pc="11" role="LOCAL_VARIABLE_NAMED">
      <Message>Local variable named thrownException</Message>
    </LocalVariable>
    <SourceLine classname="junit.framework.TestFailure" primary="true" start="22" end="22" startBytecode="11" endBytecode="11" sourcefile="TestFailure.java" sourcepath="junit/framework/TestFailure.java">
      <Message>At TestFailure.java:[line 22]</Message>
    </SourceLine>
  </BugInstance>
  <BugInstance type="SIC_INNER_SHOULD_BE_STATIC_ANON" priority="3" rank="20" abbrev="SIC" category="PERFORMANCE" instanceHash="8fa46cd957c7404c5c412ecc86588c40" instanceOccurrenceNum="0" instanceOccurrenceMax="0">
    <ShortMessage>Could be refactored into a named static inner class</ShortMessage>
    <LongMessage>The class junit.framework.TestResult$1 could be refactored into a named _static_ inner class</LongMessage>
    <Class classname="junit.framework.TestResult$1" role="CLASS_ANONYMOUS">
      <SourceLine classname="junit.framework.TestResult$1" start="109" end="111" sourcefile="TestResult.java" sourcepath="junit/framework/TestResult.java">
        <Message>At TestResult.java:[lines 109-111]</Message>
      </SourceLine>
      <Message>Anonymous class junit.framework.TestResult$1</Message>
    </Class>
    <Class classname="junit.framework.TestResult" primary="true">
      <SourceLine classname="junit.framework.TestResult" start="24" end="167" sourcefile="TestResult.java" sourcepath="junit/framework/TestResult.java">
        <Message>At TestResult.java:[lines 24-167]</Message>
      </SourceLine>
      <Message>In class junit.framework.TestResult</Message>
    </Class>
    <Method classname="junit.framework.TestResult" name="run" signature="(Ljunit/framework/TestCase;)V" isStatic="false" primary="true">
      <SourceLine classname="junit.framework.TestResult" start="107" end="116" startBytecode="0" endBytecode="104" sourcefile="TestResult.java" sourcepath="junit/framework/TestResult.java"/>
      <Message>In method junit.framework.TestResult.run(TestCase)</Message>
    </Method>
    <SourceLine classname="junit.framework.TestResult" primary="true" start="108" end="108" startBytecode="11" endBytecode="11" sourcefile="TestResult.java" sourcepath="junit/framework/TestResult.java">
      <Message>At TestResult.java:[line 108]</Message>
    </SourceLine>
    <LocalVariable name="p" register="2" pc="15" role="LOCAL_VARIABLE_NAMED">
      <Message>Local variable named p</Message>
    </LocalVariable>
  </BugInstance>
  <BugInstance type="CT_CONSTRUCTOR_THROW" priority="2" rank="16" abbrev="CT" category="BAD_PRACTICE" instanceHash="6f9a899c77206122c911ed6355657597" instanceOccurrenceNum="0" instanceOccurrenceMax="0">
    <ShortMessage>Be wary of letting constructors throw exceptions.</ShortMessage>
    <LongMessage>Exception thrown in class junit.framework.TestResult$1 at new junit.framework.TestResult$1(TestResult, TestCase) will leave the constructor. The object under construction remains partially initialized and may be vulnerable to Finalizer attacks.</LongMessage>
    <Class classname="junit.framework.TestResult$1" primary="true">
      <SourceLine classname="junit.framework.TestResult$1" start="109" end="111" sourcefile="TestResult.java" sourcepath="junit/framework/TestResult.java">
        <Message>At TestResult.java:[lines 109-111]</Message>
      </SourceLine>
      <Message>In class junit.framework.TestResult$1</Message>
    </Class>
    <Method classname="junit.framework.TestResult$1" name="&lt;init&gt;" signature="(Ljunit/framework/TestResult;Ljunit/framework/TestCase;)V" isStatic="false" primary="true">
      <SourceLine classname="junit.framework.TestResult$1" start="109" end="109" startBytecode="0" endBytecode="56" sourcefile="TestResult.java" sourcepath="junit/framework/TestResult.java"/>
      <Message>In method new junit.framework.TestResult$1(TestResult, TestCase)</Message>
    </Method>
    <SourceLine classname="junit.framework.TestResult$1" primary="true" start="109" end="109" startBytecode="9" endBytecode="9" sourcefile="TestResult.java" sourcepath="junit/framework/TestResult.java">
      <Message>At TestResult.java:[line 109]</Message>
    </SourceLine>
    <SourceLine classname="junit.framework.TestResult$1" start="109" end="109" startBytecode="9" endBytecode="9" sourcefile="TestResult.java" sourcepath="junit/framework/TestResult.java">
      <Message>At TestResult.java:[line 109]</Message>
    </SourceLine>
  </BugInstance>
  <BugInstance type="LI_LAZY_INIT_UPDATE_STATIC" priority="1" rank="6" abbrev="LI" category="MT_CORRECTNESS" instanceHash="cc14f934a7467662fab8a293c7430c01" instanceOccurrenceNum="0" instanceOccurrenceMax="0" cweid="543">
    <ShortMessage>Incorrect lazy initialization and update of static field</ShortMessage>
    <LongMessage>Incorrect lazy initialization and update of static field junit.runner.BaseTestRunner.fPreferences in junit.runner.BaseTestRunner.getPreferences()</LongMessage>
    <Class classname="junit.runner.BaseTestRunner" primary="true">
      <SourceLine classname="junit.runner.BaseTestRunner" start="27" end="316" sourcefile="BaseTestRunner.java" sourcepath="junit/runner/BaseTestRunner.java">
        <Message>At BaseTestRunner.java:[lines 27-316]</Message>
      </SourceLine>
      <Message>In class junit.runner.BaseTestRunner</Message>
    </Class>
    <Method classname="junit.runner.BaseTestRunner" name="getPreferences" signature="()Ljava/util/Properties;" isStatic="true" primary="true">
      <SourceLine classname="junit.runner.BaseTestRunner" start="47" end="53" startBytecode="0" endBytecode="18" sourcefile="BaseTestRunner.java" sourcepath="junit/runner/BaseTestRunner.java"/>
      <Message>In method junit.runner.BaseTestRunner.getPreferences()</Message>
    </Method>
    <Field classname="junit.runner.BaseTestRunner" name="fPreferences" signature="Ljava/util/Properties;" isStatic="true" primary="true" role="FIELD_ON">
      <SourceLine classname="junit.runner.BaseTestRunner" sourcefile="BaseTestRunner.java" sourcepath="junit/runner/BaseTestRunner.java">
        <Message>In BaseTestRunner.java</Message>
      </SourceLine>
      <Message>On field junit.runner.BaseTestRunner.fPreferences</Message>
    </Field>
    <SourceLine classname="junit.runner.BaseTestRunner" primary="true" start="47" end="48" startBytecode="0" endBytecode="13" sourcefile="BaseTestRunner.java" sourcepath="junit/runner/BaseTestRunner.java">
      <Message>At BaseTestRunner.java:[lines 47-48]</Message>
    </SourceLine>
  </BugInstance>
  <BugInstance type="OBL_UNSATISFIED_OBLIGATION" priority="2" rank="20" abbrev="OBL" category="EXPERIMENTAL" instanceHash="9118090463a18c7d44c85a7b8968a3eb" instanceOccurrenceNum="0" instanceOccurrenceMax="0">
    <ShortMessage>Method may fail to clean up stream or resource</ShortMessage>
    <LongMessage>junit.runner.BaseTestRunner.readPreferences() may fail to clean up java.io.InputStream</LongMessage>
    <Class classname="junit.runner.BaseTestRunner" primary="true">
      <SourceLine classname="junit.runner.BaseTestRunner" start="27" end="316" sourcefile="BaseTestRunner.java" sourcepath="junit/runner/BaseTestRunner.java">
        <Message>At BaseTestRunner.java:[lines 27-316]</Message>
      </SourceLine>
      <Message>In class junit.runner.BaseTestRunner</Message>
    </Class>
    <Method classname="junit.runner.BaseTestRunner" name="readPreferences" signature="()V" isStatic="true" primary="true">
      <SourceLine classname="junit.runner.BaseTestRunner" start="226" end="238" startBytecode="0" endBytecode="167" sourcefile="BaseTestRunner.java" sourcepath="junit/runner/BaseTestRunner.java"/>
      <Message>In method junit.runner.BaseTestRunner.readPreferences()</Message>
    </Method>
    <Class classname="java.io.InputStream" role="CLASS_REFTYPE">
      <SourceLine classname="java.io.InputStream" start="61" end="786" sourcefile="InputStream.java" sourcepath="java/io/InputStream.java">
        <Message>At InputStream.java:[lines 61-786]</Message>
      </SourceLine>
      <Message>Reference type java.io.InputStream</Message>
    </Class>
    <Int value="1" role="INT_OBLIGATIONS_REMAINING">
      <Message>1 instances of obligation remaining</Message>
    </Int>
    <SourceLine classname="junit.runner.BaseTestRunner" primary="true" start="228" end="228" startBytecode="9" endBytecode="9" sourcefile="BaseTestRunner.java" sourcepath="junit/runner/BaseTestRunner.java" role="SOURCE_LINE_OBLIGATION_CREATED">
      <Message>Obligation to clean up resource created at BaseTestRunner.java:[line 228] is not discharged</Message>
    </SourceLine>
    <SourceLine classname="junit.runner.BaseTestRunner" start="229" end="229" startBytecode="13" endBytecode="13" sourcefile="BaseTestRunner.java" sourcepath="junit/runner/BaseTestRunner.java" role="SOURCE_LINE_PATH_CONTINUES">
      <Message>Path continues at BaseTestRunner.java:[line 229]</Message>
    </SourceLine>
    <SourceLine classname="junit.runner.BaseTestRunner" start="230" end="230" startBytecode="26" endBytecode="26" sourcefile="BaseTestRunner.java" sourcepath="junit/runner/BaseTestRunner.java" role="SOURCE_LINE_PATH_CONTINUES">
      <Message>Path continues at BaseTestRunner.java:[line 230]</Message>
    </SourceLine>
    <SourceLine classname="junit.runner.BaseTestRunner" start="237" end="237" startBytecode="33" endBytecode="33" sourcefile="BaseTestRunner.java" sourcepath="junit/runner/BaseTestRunner.java" role="SOURCE_LINE_PATH_CONTINUES">
      <Message>Path continues at BaseTestRunner.java:[line 237]</Message>
    </SourceLine>
    <SourceLine classname="junit.runner.BaseTestRunner" start="238" end="238" startBytecode="49" endBytecode="49" sourcefile="BaseTestRunner.java" sourcepath="junit/runner/BaseTestRunner.java" role="SOURCE_LINE_PATH_CONTINUES">
      <Message>Path continues at BaseTestRunner.java:[line 238]</Message>
    </SourceLine>
    <String value="{InputStream x 1}" role="STRING_REMAINING_OBLIGATIONS">
      <Message>Remaining obligations: {InputStream x 1}</Message>
    </String>
  </BugInstance>
  <BugInstance type="OS_OPEN_STREAM" priority="2" rank="16" abbrev="OS" category="BAD_PRACTICE" instanceHash="688ed5ed4e3f300c236083a6c2274e6e" instanceOccurrenceNum="0" instanceOccurrenceMax="0">
    <ShortMessage>Method may fail to close stream</ShortMessage>
    <LongMessage>junit.runner.BaseTestRunner.readPreferences() may fail to close stream</LongMessage>
    <Class classname="junit.runner.BaseTestRunner" primary="true">
      <SourceLine classname="junit.runner.BaseTestRunner" start="27" end="316" sourcefile="BaseTestRunner.java" sourcepath="junit/runner/BaseTestRunner.java">
        <Message>At BaseTestRunner.java:[lines 27-316]</Message>
      </SourceLine>
      <Message>In class junit.runner.BaseTestRunner</Message>
    </Class>
    <Method classname="junit.runner.BaseTestRunner" name="readPreferences" signature="()V" isStatic="true" primary="true">
      <SourceLine classname="junit.runner.BaseTestRunner" start="226" end="238" startBytecode="0" endBytecode="23" sourcefile="BaseTestRunner.java" sourcepath="junit/runner/BaseTestRunner.java"/>
      <Message>In method junit.runner.BaseTestRunner.readPreferences()</Message>
    </Method>
    <Type descriptor="Ljava/io/InputStream;" role="TYPE_CLOSEIT">
      <SourceLine classname="java.io.InputStream" start="61" end="786" sourcefile="InputStream.java" sourcepath="java/io/InputStream.java">
        <Message>At InputStream.java:[lines 61-786]</Message>
      </SourceLine>
      <Message>Need to close java.io.InputStream </Message>
    </Type>
    <SourceLine classname="junit.runner.BaseTestRunner" primary="true" start="228" end="228" startBytecode="2" endBytecode="2" sourcefile="BaseTestRunner.java" sourcepath="junit/runner/BaseTestRunner.java">
      <Message>At BaseTestRunner.java:[line 228]</Message>
    </SourceLine>
  </BugInstance>
  <BugInstance type="REC_CATCH_EXCEPTION" priority="3" rank="20" abbrev="REC" category="STYLE" instanceHash="50e17ec448e1a0365a3f92ca72b26358" instanceOccurrenceNum="0" instanceOccurrenceMax="0" cweid="396">
    <ShortMessage>Exception is caught when Exception is not thrown</ShortMessage>
    <LongMessage>Exception is caught when Exception is not thrown in junit.runner.BaseTestRunner.getTest(String)</LongMessage>
    <Class classname="junit.runner.BaseTestRunner" primary="true">
      <SourceLine classname="junit.runner.BaseTestRunner" start="27" end="316" sourcefile="BaseTestRunner.java" sourcepath="junit/runner/BaseTestRunner.java">
        <Message>At BaseTestRunner.java:[lines 27-316]</Message>
      </SourceLine>
      <Message>In class junit.runner.BaseTestRunner</Message>
    </Class>
    <Method classname="junit.runner.BaseTestRunner" name="getTest" signature="(Ljava/lang/String;)Ljunit/framework/Test;" isStatic="false" primary="true">
      <SourceLine classname="junit.runner.BaseTestRunner" start="94" end="139" startBytecode="0" endBytecode="601" sourcefile="BaseTestRunner.java" sourcepath="junit/runner/BaseTestRunner.java"/>
      <Message>In method junit.runner.BaseTestRunner.getTest(String)</Message>
    </Method>
    <SourceLine classname="junit.runner.BaseTestRunner" primary="true" start="114" end="114" startBytecode="115" endBytecode="115" sourcefile="BaseTestRunner.java" sourcepath="junit/runner/BaseTestRunner.java">
      <Message>At BaseTestRunner.java:[line 114]</Message>
    </SourceLine>
  </BugInstance>
  <BugInstance type="RV_CHECK_FOR_POSITIVE_INDEXOF" priority="3" rank="20" abbrev="RV" category="STYLE" instanceHash="86edafe4f2e21f5039d3f788b3940297" instanceOccurrenceNum="0" instanceOccurrenceMax="0" cweid="440">
    <ShortMessage>Method checks to see if result of String.indexOf is positive</ShortMessage>
    <LongMessage>junit.runner.BaseTestRunner.filterLine(String) checks to see if result of String.indexOf is positive</LongMessage>
    <Class classname="junit.runner.BaseTestRunner" primary="true">
      <SourceLine classname="junit.runner.BaseTestRunner" start="27" end="316" sourcefile="BaseTestRunner.java" sourcepath="junit/runner/BaseTestRunner.java">
        <Message>At BaseTestRunner.java:[lines 27-316]</Message>
      </SourceLine>
      <Message>In class junit.runner.BaseTestRunner</Message>
    </Class>
    <Method classname="junit.runner.BaseTestRunner" name="filterLine" signature="(Ljava/lang/String;)Z" isStatic="true" primary="true">
      <SourceLine classname="junit.runner.BaseTestRunner" start="297" end="311" startBytecode="0" endBytecode="157" sourcefile="BaseTestRunner.java" sourcepath="junit/runner/BaseTestRunner.java"/>
      <Message>In method junit.runner.BaseTestRunner.filterLine(String)</Message>
    </Method>
    <SourceLine classname="junit.runner.BaseTestRunner" primary="true" start="308" end="308" startBytecode="63" endBytecode="63" sourcefile="BaseTestRunner.java" sourcepath="junit/runner/BaseTestRunner.java">
      <Message>At BaseTestRunner.java:[line 308]</Message>
    </SourceLine>
  </BugInstance>
  <BugInstance type="ST_WRITE_TO_STATIC_FROM_INSTANCE_METHOD" priority="2" rank="17" abbrev="ST" category="STYLE" instanceHash="4615d41d36bf41f07ce2a8db2d0acb87" instanceOccurrenceNum="0" instanceOccurrenceMax="0">
    <ShortMessage>Write to static field from instance method</ShortMessage>
    <LongMessage>Write to static field junit.runner.BaseTestRunner.fgFilterStack from instance method junit.runner.BaseTestRunner.processArguments(String[])</LongMessage>
    <Class classname="junit.runner.BaseTestRunner" primary="true">
      <SourceLine classname="junit.runner.BaseTestRunner" start="27" end="316" sourcefile="BaseTestRunner.java" sourcepath="junit/runner/BaseTestRunner.java">
        <Message>At BaseTestRunner.java:[lines 27-316]</Message>
      </SourceLine>
      <Message>In class junit.runner.BaseTestRunner</Message>
    </Class>
    <Method classname="junit.runner.BaseTestRunner" name="processArguments" signature="([Ljava/lang/String;)Ljava/lang/String;" isStatic="false" primary="true">
      <SourceLine classname="junit.runner.BaseTestRunner" start="154" end="170" startBytecode="0" endBytecode="228" sourcefile="BaseTestRunner.java" sourcepath="junit/runner/BaseTestRunner.java"/>
      <Message>In method junit.runner.BaseTestRunner.processArguments(String[])</Message>
    </Method>
    <Field classname="junit.runner.BaseTestRunner" name="fgFilterStack" signature="Z" isStatic="true" primary="true">
      <SourceLine classname="junit.runner.BaseTestRunner" sourcefile="BaseTestRunner.java" sourcepath="junit/runner/BaseTestRunner.java">
        <Message>In BaseTestRunner.java</Message>
      </SourceLine>
      <Message>Field junit.runner.BaseTestRunner.fgFilterStack</Message>
    </Field>
    <SourceLine classname="junit.runner.BaseTestRunner" primary="true" start="159" end="159" startBytecode="41" endBytecode="41" sourcefile="BaseTestRunner.java" sourcepath="junit/runner/BaseTestRunner.java">
      <Message>At BaseTestRunner.java:[line 159]</Message>
    </SourceLine>
  </BugInstance>
  <BugInstance type="EI_EXPOSE_REP" priority="2" rank="18" abbrev="EI" category="MALICIOUS_CODE" instanceHash="26c2446ac4eed881030ee6b704aca828" instanceOccurrenceNum="0" instanceOccurrenceMax="0" cweid="374">
    <ShortMessage>May expose internal representation by returning reference to mutable object</ShortMessage>
    <LongMessage>junit.textui.ResultPrinter.getWriter() may expose internal representation by returning ResultPrinter.fWriter</LongMessage>
    <Class classname="junit.textui.ResultPrinter" primary="true">
      <SourceLine classname="junit.textui.ResultPrinter" start="17" end="137" sourcefile="ResultPrinter.java" sourcepath="junit/textui/ResultPrinter.java">
        <Message>At ResultPrinter.java:[lines 17-137]</Message>
      </SourceLine>
      <Message>In class junit.textui.ResultPrinter</Message>
    </Class>
    <Method classname="junit.textui.ResultPrinter" name="getWriter" signature="()Ljava/io/PrintStream;" isStatic="false" primary="true">
      <SourceLine classname="junit.textui.ResultPrinter" start="106" end="106" startBytecode="0" endBytecode="46" sourcefile="ResultPrinter.java" sourcepath="junit/textui/ResultPrinter.java"/>
      <Message>In method junit.textui.ResultPrinter.getWriter()</Message>
    </Method>
    <Field classname="junit.textui.ResultPrinter" name="fWriter" signature="Ljava/io/PrintStream;" isStatic="false" primary="true">
      <SourceLine classname="junit.textui.ResultPrinter" sourcefile="ResultPrinter.java" sourcepath="junit/textui/ResultPrinter.java">
        <Message>In ResultPrinter.java</Message>
      </SourceLine>
      <Message>Field junit.textui.ResultPrinter.fWriter</Message>
    </Field>
    <SourceLine classname="junit.textui.ResultPrinter" primary="true" start="106" end="106" startBytecode="4" endBytecode="4" sourcefile="ResultPrinter.java" sourcepath="junit/textui/ResultPrinter.java">
      <Message>At ResultPrinter.java:[line 106]</Message>
    </SourceLine>
  </BugInstance>
  <BugInstance type="EI_EXPOSE_REP2" priority="2" rank="18" abbrev="EI2" category="MALICIOUS_CODE" instanceHash="e011a52d45529f55e1e202f5d21084ad" instanceOccurrenceNum="0" instanceOccurrenceMax="0" cweid="374">
    <ShortMessage>May expose internal representation by incorporating reference to mutable object</ShortMessage>
    <LongMessage>new junit.textui.ResultPrinter(PrintStream) may expose internal representation by storing an externally mutable object into ResultPrinter.fWriter</LongMessage>
    <Class classname="junit.textui.ResultPrinter" primary="true">
      <SourceLine classname="junit.textui.ResultPrinter" start="17" end="137" sourcefile="ResultPrinter.java" sourcepath="junit/textui/ResultPrinter.java">
        <Message>At ResultPrinter.java:[lines 17-137]</Message>
      </SourceLine>
      <Message>In class junit.textui.ResultPrinter</Message>
    </Class>
    <Method classname="junit.textui.ResultPrinter" name="&lt;init&gt;" signature="(Ljava/io/PrintStream;)V" isStatic="false" primary="true">
      <SourceLine classname="junit.textui.ResultPrinter" start="19" end="21" startBytecode="0" endBytecode="78" sourcefile="ResultPrinter.java" sourcepath="junit/textui/ResultPrinter.java"/>
      <Message>In method new junit.textui.ResultPrinter(PrintStream)</Message>
    </Method>
    <Field classname="junit.textui.ResultPrinter" name="fWriter" signature="Ljava/io/PrintStream;" isStatic="false" primary="true">
      <SourceLine classname="junit.textui.ResultPrinter" sourcefile="ResultPrinter.java" sourcepath="junit/textui/ResultPrinter.java">
        <Message>In ResultPrinter.java</Message>
      </SourceLine>
      <Message>Field junit.textui.ResultPrinter.fWriter</Message>
    </Field>
    <LocalVariable name="writer" register="1" pc="11" role="LOCAL_VARIABLE_NAMED">
      <Message>Local variable named writer</Message>
    </LocalVariable>
    <SourceLine classname="junit.textui.ResultPrinter" primary="true" start="20" end="20" startBytecode="11" endBytecode="11" sourcefile="ResultPrinter.java" sourcepath="junit/textui/ResultPrinter.java">
      <Message>At ResultPrinter.java:[line 20]</Message>
    </SourceLine>
  </BugInstance>
  <BugInstance type="DE_MIGHT_IGNORE" priority="3" rank="19" abbrev="DE" category="BAD_PRACTICE" instanceHash="757c3e6617aef656144abed98cd6aa72" instanceOccurrenceNum="0" instanceOccurrenceMax="0" cweid="391">
    <ShortMessage>Method might ignore exception</ShortMessage>
    <LongMessage>junit.textui.TestRunner.pause(boolean) might ignore java.lang.Exception</LongMessage>
    <Class classname="junit.textui.TestRunner" primary="true">
      <SourceLine classname="junit.textui.TestRunner" start="41" end="200" sourcefile="TestRunner.java" sourcepath="junit/textui/TestRunner.java">
        <Message>At TestRunner.java:[lines 41-200]</Message>
      </SourceLine>
      <Message>In class junit.textui.TestRunner</Message>
    </Class>
    <Method classname="junit.textui.TestRunner" name="pause" signature="(Z)V" isStatic="false" primary="true">
      <SourceLine classname="junit.textui.TestRunner" start="126" end="133" startBytecode="0" endBytecode="113" sourcefile="TestRunner.java" sourcepath="junit/textui/TestRunner.java"/>
      <Message>In method junit.textui.TestRunner.pause(boolean)</Message>
    </Method>
    <Class classname="java.lang.Exception" role="CLASS_EXCEPTION">
      <SourceLine classname="java.lang.Exception" start="55" end="124" sourcefile="Exception.java" sourcepath="java/lang/Exception.java">
        <Message>At Exception.java:[lines 55-124]</Message>
      </SourceLine>
      <Message>Exception class java.lang.Exception</Message>
    </Class>
    <SourceLine classname="junit.textui.TestRunner" primary="true" start="131" end="131" startBytecode="22" endBytecode="22" sourcefile="TestRunner.java" sourcepath="junit/textui/TestRunner.java">
      <Message>At TestRunner.java:[line 131]</Message>
    </SourceLine>
    <SourceLine classname="junit.textui.TestRunner" primary="true" start="131" end="131" startBytecode="22" endBytecode="22" sourcefile="TestRunner.java" sourcepath="junit/textui/TestRunner.java">
      <Message>At TestRunner.java:[line 131]</Message>
    </SourceLine>
  </BugInstance>
  <BugInstance type="DM_EXIT" priority="2" rank="16" abbrev="Dm" category="BAD_PRACTICE" instanceHash="70b5c0489626beb8f2a9068964b192b4" instanceOccurrenceNum="0" instanceOccurrenceMax="0" cweid="382">
    <ShortMessage>Method invokes System.exit(...)</ShortMessage>
    <LongMessage>junit.textui.TestRunner.runFailed(String) invokes System.exit(...), which shuts down the entire virtual machine</LongMessage>
    <Class classname="junit.textui.TestRunner" primary="true">
      <SourceLine classname="junit.textui.TestRunner" start="41" end="200" sourcefile="TestRunner.java" sourcepath="junit/textui/TestRunner.java">
        <Message>At TestRunner.java:[lines 41-200]</Message>
      </SourceLine>
      <Message>In class junit.textui.TestRunner</Message>
    </Class>
    <Method classname="junit.textui.TestRunner" name="runFailed" signature="(Ljava/lang/String;)V" isStatic="false" primary="true">
      <SourceLine classname="junit.textui.TestRunner" start="194" end="196" startBytecode="0" endBytecode="71" sourcefile="TestRunner.java" sourcepath="junit/textui/TestRunner.java"/>
      <Message>In method junit.textui.TestRunner.runFailed(String)</Message>
    </Method>
    <SourceLine classname="junit.textui.TestRunner" primary="true" start="195" end="195" startBytecode="8" endBytecode="8" sourcefile="TestRunner.java" sourcepath="junit/textui/TestRunner.java">
      <Message>At TestRunner.java:[line 195]</Message>
    </SourceLine>
  </BugInstance>
  <BugInstance type="EI_EXPOSE_REP2" priority="2" rank="18" abbrev="EI2" category="MALICIOUS_CODE" instanceHash="3463c165fcdf620bca8c107bf5bd0cb1" instanceOccurrenceNum="0" instanceOccurrenceMax="0" cweid="374">
    <ShortMessage>May expose internal representation by incorporating reference to mutable object</ShortMessage>
    <LongMessage>new junit.textui.TestRunner(ResultPrinter) may expose internal representation by storing an externally mutable object into TestRunner.fPrinter</LongMessage>
    <Class classname="junit.textui.TestRunner" primary="true">
      <SourceLine classname="junit.textui.TestRunner" start="41" end="200" sourcefile="TestRunner.java" sourcepath="junit/textui/TestRunner.java">
        <Message>At TestRunner.java:[lines 41-200]</Message>
      </SourceLine>
      <Message>In class junit.textui.TestRunner</Message>
    </Class>
    <Method classname="junit.textui.TestRunner" name="&lt;init&gt;" signature="(Ljunit/textui/ResultPrinter;)V" isStatic="false" primary="true">
      <SourceLine classname="junit.textui.TestRunner" start="54" end="56" startBytecode="0" endBytecode="69" sourcefile="TestRunner.java" sourcepath="junit/textui/TestRunner.java"/>
      <Message>In method new junit.textui.TestRunner(ResultPrinter)</Message>
    </Method>
    <Field classname="junit.textui.TestRunner" name="fPrinter" signature="Ljunit/textui/ResultPrinter;" isStatic="false" primary="true">
      <SourceLine classname="junit.textui.TestRunner" sourcefile="TestRunner.java" sourcepath="junit/textui/TestRunner.java">
        <Message>In TestRunner.java</Message>
      </SourceLine>
      <Message>Field junit.textui.TestRunner.fPrinter</Message>
    </Field>
    <LocalVariable name="printer" register="1" pc="6" role="LOCAL_VARIABLE_NAMED">
      <Message>Local variable named printer</Message>
    </LocalVariable>
    <SourceLine classname="junit.textui.TestRunner" primary="true" start="55" end="55" startBytecode="6" endBytecode="6" sourcefile="TestRunner.java" sourcepath="junit/textui/TestRunner.java">
      <Message>At TestRunner.java:[line 55]</Message>
    </SourceLine>
  </BugInstance>
  <BugInstance type="EI_EXPOSE_REP2" priority="2" rank="18" abbrev="EI2" category="MALICIOUS_CODE" instanceHash="a36e7042d9e552d223bef7f37be86e82" instanceOccurrenceNum="0" instanceOccurrenceMax="0" cweid="374">
    <ShortMessage>May expose internal representation by incorporating reference to mutable object</ShortMessage>
    <LongMessage>junit.textui.TestRunner.setPrinter(ResultPrinter) may expose internal representation by storing an externally mutable object into TestRunner.fPrinter</LongMessage>
    <Class classname="junit.textui.TestRunner" primary="true">
      <SourceLine classname="junit.textui.TestRunner" start="41" end="200" sourcefile="TestRunner.java" sourcepath="junit/textui/TestRunner.java">
        <Message>At TestRunner.java:[lines 41-200]</Message>
      </SourceLine>
      <Message>In class junit.textui.TestRunner</Message>
    </Class>
    <Method classname="junit.textui.TestRunner" name="setPrinter" signature="(Ljunit/textui/ResultPrinter;)V" isStatic="false" primary="true">
      <SourceLine classname="junit.textui.TestRunner" start="199" end="200" startBytecode="0" endBytecode="61" sourcefile="TestRunner.java" sourcepath="junit/textui/TestRunner.java"/>
      <Message>In method junit.textui.TestRunner.setPrinter(ResultPrinter)</Message>
    </Method>
    <Field classname="junit.textui.TestRunner" name="fPrinter" signature="Ljunit/textui/ResultPrinter;" isStatic="false" primary="true">
      <SourceLine classname="junit.textui.TestRunner" sourcefile="TestRunner.java" sourcepath="junit/textui/TestRunner.java">
        <Message>In TestRunner.java</Message>
      </SourceLine>
      <Message>Field junit.textui.TestRunner.fPrinter</Message>
    </Field>
    <LocalVariable name="printer" register="1" pc="2" role="LOCAL_VARIABLE_NAMED">
      <Message>Local variable named printer</Message>
    </LocalVariable>
    <SourceLine classname="junit.textui.TestRunner" primary="true" start="199" end="199" startBytecode="2" endBytecode="2" sourcefile="TestRunner.java" sourcepath="junit/textui/TestRunner.java">
      <Message>At TestRunner.java:[line 199]</Message>
    </SourceLine>
  </BugInstance>
  <BugInstance type="CT_CONSTRUCTOR_THROW" priority="2" rank="16" abbrev="CT" category="BAD_PRACTICE" instanceHash="a49bcaee06a23c3fe3a4194d91148f05" instanceOccurrenceNum="0" instanceOccurrenceMax="0">
    <ShortMessage>Be wary of letting constructors throw exceptions.</ShortMessage>
    <LongMessage>Exception thrown in class org.hamcrest.internal.ArrayIterator at new org.hamcrest.internal.ArrayIterator(Object) will leave the constructor. The object under construction remains partially initialized and may be vulnerable to Finalizer attacks.</LongMessage>
    <Class classname="org.hamcrest.internal.ArrayIterator" primary="true">
      <SourceLine classname="org.hamcrest.internal.ArrayIterator" start="8" end="26" sourcefile="ArrayIterator.java" sourcepath="org/hamcrest/internal/ArrayIterator.java">
        <Message>At ArrayIterator.java:[lines 8-26]</Message>
      </SourceLine>
      <Message>In class org.hamcrest.internal.ArrayIterator</Message>
    </Class>
    <Method classname="org.hamcrest.internal.ArrayIterator" name="&lt;init&gt;" signature="(Ljava/lang/Object;)V" isStatic="false" primary="true">
      <SourceLine classname="org.hamcrest.internal.ArrayIterator" start="10" end="15" startBytecode="0" endBytecode="106" sourcefile="ArrayIterator.java" sourcepath="org/hamcrest/internal/ArrayIterator.java"/>
      <Message>In method new org.hamcrest.internal.ArrayIterator(Object)</Message>
    </Method>
    <SourceLine classname="org.hamcrest.internal.ArrayIterator" primary="true" start="12" end="12" startBytecode="28" endBytecode="28" sourcefile="ArrayIterator.java" sourcepath="org/hamcrest/internal/ArrayIterator.java">
      <Message>At ArrayIterator.java:[line 12]</Message>
    </SourceLine>
    <SourceLine classname="org.hamcrest.internal.ArrayIterator" start="12" end="12" startBytecode="28" endBytecode="28" sourcefile="ArrayIterator.java" sourcepath="org/hamcrest/internal/ArrayIterator.java">
      <Message>At ArrayIterator.java:[line 12]</Message>
    </SourceLine>
  </BugInstance>
  <BugInstance type="IT_NO_SUCH_ELEMENT" priority="2" rank="16" abbrev="It" category="BAD_PRACTICE" instanceHash="a886094632bbc2853c95c0147a4d9136" instanceOccurrenceNum="0" instanceOccurrenceMax="0">
    <ShortMessage>Iterator next() method cannot throw NoSuchElementException</ShortMessage>
    <LongMessage>org.hamcrest.internal.ArrayIterator.next() cannot throw NoSuchElementException</LongMessage>
    <Class classname="org.hamcrest.internal.ArrayIterator" primary="true">
      <SourceLine classname="org.hamcrest.internal.ArrayIterator" start="8" end="26" sourcefile="ArrayIterator.java" sourcepath="org/hamcrest/internal/ArrayIterator.java">
        <Message>At ArrayIterator.java:[lines 8-26]</Message>
      </SourceLine>
      <Message>In class org.hamcrest.internal.ArrayIterator</Message>
    </Class>
    <Method classname="org.hamcrest.internal.ArrayIterator" name="next" signature="()Ljava/lang/Object;" isStatic="false" primary="true">
      <SourceLine classname="org.hamcrest.internal.ArrayIterator" start="22" end="22" startBytecode="0" endBytecode="60" sourcefile="ArrayIterator.java" sourcepath="org/hamcrest/internal/ArrayIterator.java"/>
      <Message>In method org.hamcrest.internal.ArrayIterator.next()</Message>
    </Method>
    <SourceLine classname="org.hamcrest.internal.ArrayIterator" start="22" end="22" startBytecode="0" endBytecode="60" sourcefile="ArrayIterator.java" sourcepath="org/hamcrest/internal/ArrayIterator.java" synthetic="true">
      <Message>At ArrayIterator.java:[line 22]</Message>
    </SourceLine>
  </BugInstance>
  <BugInstance type="EI_EXPOSE_REP2" priority="2" rank="18" abbrev="EI2" category="MALICIOUS_CODE" instanceHash="3ae7c11fc81ae5bc4268666b3ce7a51a" instanceOccurrenceNum="0" instanceOccurrenceMax="0" cweid="374">
    <ShortMessage>May expose internal representation by incorporating reference to mutable object</ShortMessage>
    <LongMessage>new org.hamcrest.internal.SelfDescribingValueIterator(Iterator) may expose internal representation by storing an externally mutable object into SelfDescribingValueIterator.values</LongMessage>
    <Class classname="org.hamcrest.internal.SelfDescribingValueIterator" primary="true">
      <SourceLine classname="org.hamcrest.internal.SelfDescribingValueIterator" start="7" end="24" sourcefile="SelfDescribingValueIterator.java" sourcepath="org/hamcrest/internal/SelfDescribingValueIterator.java">
        <Message>At SelfDescribingValueIterator.java:[lines 7-24]</Message>
      </SourceLine>
      <Message>In class org.hamcrest.internal.SelfDescribingValueIterator</Message>
    </Class>
    <Method classname="org.hamcrest.internal.SelfDescribingValueIterator" name="&lt;init&gt;" signature="(Ljava/util/Iterator;)V" isStatic="false" primary="true">
      <SourceLine classname="org.hamcrest.internal.SelfDescribingValueIterator" start="10" end="12" startBytecode="0" endBytecode="97" sourcefile="SelfDescribingValueIterator.java" sourcepath="org/hamcrest/internal/SelfDescribingValueIterator.java"/>
      <Message>In method new org.hamcrest.internal.SelfDescribingValueIterator(Iterator)</Message>
    </Method>
    <Field classname="org.hamcrest.internal.SelfDescribingValueIterator" name="values" signature="Ljava/util/Iterator;" isStatic="false" primary="true">
      <SourceLine classname="org.hamcrest.internal.SelfDescribingValueIterator" sourcefile="SelfDescribingValueIterator.java" sourcepath="org/hamcrest/internal/SelfDescribingValueIterator.java">
        <Message>In SelfDescribingValueIterator.java</Message>
      </SourceLine>
      <Message>Field org.hamcrest.internal.SelfDescribingValueIterator.values</Message>
    </Field>
    <LocalVariable name="values" register="1" pc="6" role="LOCAL_VARIABLE_NAMED">
      <Message>Local variable named values</Message>
    </LocalVariable>
    <SourceLine classname="org.hamcrest.internal.SelfDescribingValueIterator" primary="true" start="11" end="11" startBytecode="6" endBytecode="6" sourcefile="SelfDescribingValueIterator.java" sourcepath="org/hamcrest/internal/SelfDescribingValueIterator.java">
      <Message>At SelfDescribingValueIterator.java:[line 11]</Message>
    </SourceLine>
  </BugInstance>
  <BugInstance type="DM_FP_NUMBER_CTOR" priority="3" rank="20" abbrev="Bx" category="PERFORMANCE" instanceHash="14535eacacba2fd1717faba90cb0fcfe" instanceOccurrenceNum="0" instanceOccurrenceMax="0">
    <ShortMessage>Method invokes inefficient floating-point Number constructor; use static valueOf instead</ShortMessage>
    <LongMessage>org.junit.Assert.assertEquals(String, double, double, double) invokes inefficient new Double(double) constructor; use Double.valueOf(double) instead</LongMessage>
    <Class classname="org.junit.Assert" primary="true">
      <SourceLine classname="org.junit.Assert" start="28" end="780" sourcefile="Assert.java" sourcepath="org/junit/Assert.java">
        <Message>At Assert.java:[lines 28-780]</Message>
      </SourceLine>
      <Message>In class org.junit.Assert</Message>
    </Class>
    <Method classname="org.junit.Assert" name="assertEquals" signature="(Ljava/lang/String;DDD)V" isStatic="true" primary="true">
      <SourceLine classname="org.junit.Assert" start="438" end="442" startBytecode="0" endBytecode="129" sourcefile="Assert.java" sourcepath="org/junit/Assert.java"/>
      <Message>In method org.junit.Assert.assertEquals(String, double, double, double)</Message>
    </Method>
    <Method classname="java.lang.Double" name="&lt;init&gt;" signature="(D)V" isStatic="false" role="METHOD_CALLED" classAnnotationNames="jdk.internal.ValueBased">
      <SourceLine classname="java.lang.Double" start="711" end="713" startBytecode="0" endBytecode="69" sourcefile="Double.java" sourcepath="java/lang/Double.java"/>
      <Message>Called method new Double(double)</Message>
    </Method>
    <Method classname="java.lang.Double" name="valueOf" signature="(D)Ljava/lang/Double;" isStatic="true" role="SHOULD_CALL" classAnnotationNames="jdk.internal.ValueBased">
      <SourceLine classname="java.lang.Double" start="632" end="632" startBytecode="0" endBytecode="50" sourcefile="Double.java" sourcepath="java/lang/Double.java"/>
      <Message>Should call Double.valueOf(double) instead</Message>
    </Method>
    <SourceLine classname="org.junit.Assert" primary="true" start="441" end="441" startBytecode="27" endBytecode="27" sourcefile="Assert.java" sourcepath="org/junit/Assert.java">
      <Message>At Assert.java:[line 441]</Message>
    </SourceLine>
  </BugInstance>
  <BugInstance type="CT_CONSTRUCTOR_THROW" priority="2" rank="16" abbrev="CT" category="BAD_PRACTICE" instanceHash="bf6b65b47c13bba1c09a32f32c17c5dc" instanceOccurrenceNum="0" instanceOccurrenceMax="0">
    <ShortMessage>Be wary of letting constructors throw exceptions.</ShortMessage>
    <LongMessage>Exception thrown in class org.junit.experimental.categories.Categories at new org.junit.experimental.categories.Categories(Class, RunnerBuilder) will leave the constructor. The object under construction remains partially initialized and may be vulnerable to Finalizer attacks.</LongMessage>
    <Class classname="org.junit.experimental.categories.Categories" primary="true">
      <SourceLine classname="org.junit.experimental.categories.Categories" start="115" end="131" sourcefile="Categories.java" sourcepath="org/junit/experimental/categories/Categories.java">
        <Message>At Categories.java:[lines 115-131]</Message>
      </SourceLine>
      <Message>In class org.junit.experimental.categories.Categories</Message>
    </Class>
    <Method classname="org.junit.experimental.categories.Categories" name="&lt;init&gt;" signature="(Ljava/lang/Class;Lorg/junit/runners/model/RunnerBuilder;)V" isStatic="false" primary="true">
      <SourceLine classname="org.junit.experimental.categories.Categories" start="115" end="122" startBytecode="0" endBytecode="158" sourcefile="Categories.java" sourcepath="org/junit/experimental/categories/Categories.java"/>
      <Message>In method new org.junit.experimental.categories.Categories(Class, RunnerBuilder)</Message>
    </Method>
    <SourceLine classname="org.junit.experimental.categories.Categories" primary="true" start="117" end="117" startBytecode="12" endBytecode="12" sourcefile="Categories.java" sourcepath="org/junit/experimental/categories/Categories.java">
      <Message>At Categories.java:[line 117]</Message>
    </SourceLine>
    <SourceLine classname="org.junit.experimental.categories.Categories" start="117" end="117" startBytecode="12" endBytecode="12" sourcefile="Categories.java" sourcepath="org/junit/experimental/categories/Categories.java">
      <Message>At Categories.java:[line 117]</Message>
    </SourceLine>
  </BugInstance>
  <BugInstance type="SIC_INNER_SHOULD_BE_STATIC_ANON" priority="3" rank="20" abbrev="SIC" category="PERFORMANCE" instanceHash="512ce0a20e000d595caba897a017124c" instanceOccurrenceNum="0" instanceOccurrenceMax="0">
    <ShortMessage>Could be refactored into a named static inner class</ShortMessage>
    <LongMessage>The class org.junit.experimental.max.MaxCore$1 could be refactored into a named _static_ inner class</LongMessage>
    <Class classname="org.junit.experimental.max.MaxCore$1" role="CLASS_ANONYMOUS">
      <SourceLine classname="org.junit.experimental.max.MaxCore$1" start="108" end="112" sourcefile="MaxCore.java" sourcepath="org/junit/experimental/max/MaxCore.java">
        <Message>At MaxCore.java:[lines 108-112]</Message>
      </SourceLine>
      <Message>Anonymous class org.junit.experimental.max.MaxCore$1</Message>
    </Class>
    <Class classname="org.junit.experimental.max.MaxCore" primary="true">
      <SourceLine classname="org.junit.experimental.max.MaxCore" start="42" end="168" sourcefile="MaxCore.java" sourcepath="org/junit/experimental/max/MaxCore.java">
        <Message>At MaxCore.java:[lines 42-168]</Message>
      </SourceLine>
      <Message>In class org.junit.experimental.max.MaxCore</Message>
    </Class>
    <Method classname="org.junit.experimental.max.MaxCore" name="constructLeafRequest" signature="(Ljava/util/List;)Lorg/junit/runner/Request;" isStatic="false" primary="true">
      <SourceLine classname="org.junit.experimental.max.MaxCore" start="103" end="106" startBytecode="0" endBytecode="182" sourcefile="MaxCore.java" sourcepath="org/junit/experimental/max/MaxCore.java"/>
      <Message>In method org.junit.experimental.max.MaxCore.constructLeafRequest(List)</Message>
    </Method>
    <SourceLine classname="org.junit.experimental.max.MaxCore" primary="true" start="106" end="106" startBytecode="57" endBytecode="57" sourcefile="MaxCore.java" sourcepath="org/junit/experimental/max/MaxCore.java">
      <Message>At MaxCore.java:[line 106]</Message>
    </SourceLine>
  </BugInstance>
  <BugInstance type="CT_CONSTRUCTOR_THROW" priority="2" rank="16" abbrev="CT" category="BAD_PRACTICE" instanceHash="2e8062af908dbc8f3501d13bee70aab9" instanceOccurrenceNum="0" instanceOccurrenceMax="0">
    <ShortMessage>Be wary of letting constructors throw exceptions.</ShortMessage>
    <LongMessage>Exception thrown in class org.junit.experimental.max.MaxCore$1$1 at new org.junit.experimental.max.MaxCore$1$1(MaxCore$1, Class, List) will leave the constructor. The object under construction remains partially initialized and may be vulnerable to Finalizer attacks.</LongMessage>
    <Class classname="org.junit.experimental.max.MaxCore$1$1" primary="true">
      <SourceLine classname="org.junit.experimental.max.MaxCore$1$1" start="110" end="110" sourcefile="MaxCore.java" sourcepath="org/junit/experimental/max/MaxCore.java">
        <Message>At MaxCore.java:[line 110]</Message>
      </SourceLine>
      <Message>In class org.junit.experimental.max.MaxCore$1$1</Message>
    </Class>
    <Method classname="org.junit.experimental.max.MaxCore$1$1" name="&lt;init&gt;" signature="(Lorg/junit/experimental/max/MaxCore$1;Ljava/lang/Class;Ljava/util/List;)V" isStatic="false" primary="true">
      <SourceLine classname="org.junit.experimental.max.MaxCore$1$1" start="110" end="110" startBytecode="0" endBytecode="101" sourcefile="MaxCore.java" sourcepath="org/junit/experimental/max/MaxCore.java"/>
      <Message>In method new org.junit.experimental.max.MaxCore$1$1(MaxCore$1, Class, List)</Message>
    </Method>
    <SourceLine classname="org.junit.experimental.max.MaxCore$1$1" primary="true" start="110" end="110" startBytecode="4" endBytecode="4" sourcefile="MaxCore.java" sourcepath="org/junit/experimental/max/MaxCore.java">
      <Message>At MaxCore.java:[line 110]</Message>
    </SourceLine>
    <SourceLine classname="org.junit.experimental.max.MaxCore$1$1" start="110" end="110" startBytecode="4" endBytecode="4" sourcefile="MaxCore.java" sourcepath="org/junit/experimental/max/MaxCore.java">
      <Message>At MaxCore.java:[line 110]</Message>
    </SourceLine>
  </BugInstance>
  <BugInstance type="OS_OPEN_STREAM_EXCEPTION_PATH" priority="3" rank="19" abbrev="OS" category="BAD_PRACTICE" instanceHash="cfa8674145d1bc564707c120b0f15427" instanceOccurrenceNum="0" instanceOccurrenceMax="0">
    <ShortMessage>Method may fail to close stream on exception</ShortMessage>
    <LongMessage>org.junit.experimental.max.MaxHistory.save() may fail to close stream on exception</LongMessage>
    <Class classname="org.junit.experimental.max.MaxHistory" primary="true">
      <SourceLine classname="org.junit.experimental.max.MaxHistory" start="26" end="164" sourcefile="MaxHistory.java" sourcepath="org/junit/experimental/max/MaxHistory.java">
        <Message>At MaxHistory.java:[lines 26-164]</Message>
      </SourceLine>
      <Message>In class org.junit.experimental.max.MaxHistory</Message>
    </Class>
    <Method classname="org.junit.experimental.max.MaxHistory" name="save" signature="()V" isStatic="false" primary="true">
      <SourceLine classname="org.junit.experimental.max.MaxHistory" start="74" end="78" startBytecode="0" endBytecode="14" sourcefile="MaxHistory.java" sourcepath="org/junit/experimental/max/MaxHistory.java"/>
      <Message>In method org.junit.experimental.max.MaxHistory.save()</Message>
    </Method>
    <Type descriptor="Ljava/io/OutputStream;" role="TYPE_CLOSEIT">
      <SourceLine classname="java.io.OutputStream" start="52" end="198" sourcefile="OutputStream.java" sourcepath="java/io/OutputStream.java">
        <Message>At OutputStream.java:[lines 52-198]</Message>
      </SourceLine>
      <Message>Need to close java.io.OutputStream </Message>
    </Type>
    <SourceLine classname="org.junit.experimental.max.MaxHistory" primary="true" start="74" end="74" startBytecode="0" endBytecode="0" sourcefile="MaxHistory.java" sourcepath="org/junit/experimental/max/MaxHistory.java">
      <Message>At MaxHistory.java:[line 74]</Message>
    </SourceLine>
  </BugInstance>
  <BugInstance type="REC_CATCH_EXCEPTION" priority="3" rank="20" abbrev="REC" category="STYLE" instanceHash="6359de191de327592150797418cdadab" instanceOccurrenceNum="0" instanceOccurrenceMax="0" cweid="396">
    <ShortMessage>Exception is caught when Exception is not thrown</ShortMessage>
    <LongMessage>Exception is caught when Exception is not thrown in org.junit.experimental.max.MaxHistory.readHistory(File)</LongMessage>
    <Class classname="org.junit.experimental.max.MaxHistory" primary="true">
      <SourceLine classname="org.junit.experimental.max.MaxHistory" start="26" end="164" sourcefile="MaxHistory.java" sourcepath="org/junit/experimental/max/MaxHistory.java">
        <Message>At MaxHistory.java:[lines 26-164]</Message>
      </SourceLine>
      <Message>In class org.junit.experimental.max.MaxHistory</Message>
    </Class>
    <Method classname="org.junit.experimental.max.MaxHistory" name="readHistory" signature="(Ljava/io/File;)Lorg/junit/experimental/max/MaxHistory;" isStatic="true" primary="true">
      <SourceLine classname="org.junit.experimental.max.MaxHistory" start="47" end="59" startBytecode="0" endBytecode="215" sourcefile="MaxHistory.java" sourcepath="org/junit/experimental/max/MaxHistory.java"/>
      <Message>In method org.junit.experimental.max.MaxHistory.readHistory(File)</Message>
    </Method>
    <SourceLine classname="org.junit.experimental.max.MaxHistory" primary="true" start="58" end="58" startBytecode="54" endBytecode="54" sourcefile="MaxHistory.java" sourcepath="org/junit/experimental/max/MaxHistory.java">
      <Message>At MaxHistory.java:[line 58]</Message>
    </SourceLine>
  </BugInstance>
  <BugInstance type="RV_RETURN_VALUE_IGNORED_BAD_PRACTICE" priority="2" rank="16" abbrev="RV" category="BAD_PRACTICE" instanceHash="4a283526269d11428377f2dc4097338b" instanceOccurrenceNum="0" instanceOccurrenceMax="0" cweid="253">
    <ShortMessage>Method ignores exceptional return value</ShortMessage>
    <LongMessage>Exceptional return value of java.io.File.delete() ignored in org.junit.experimental.max.MaxHistory.forFolder(File)</LongMessage>
    <Class classname="org.junit.experimental.max.MaxHistory" primary="true">
      <SourceLine classname="org.junit.experimental.max.MaxHistory" start="26" end="164" sourcefile="MaxHistory.java" sourcepath="org/junit/experimental/max/MaxHistory.java">
        <Message>At MaxHistory.java:[lines 26-164]</Message>
      </SourceLine>
      <Message>In class org.junit.experimental.max.MaxHistory</Message>
    </Class>
    <Method classname="org.junit.experimental.max.MaxHistory" name="forFolder" signature="(Ljava/io/File;)Lorg/junit/experimental/max/MaxHistory;" isStatic="true" primary="true">
      <SourceLine classname="org.junit.experimental.max.MaxHistory" start="34" end="41" startBytecode="0" endBytecode="110" sourcefile="MaxHistory.java" sourcepath="org/junit/experimental/max/MaxHistory.java"/>
      <Message>In method org.junit.experimental.max.MaxHistory.forFolder(File)</Message>
    </Method>
    <Method classname="java.io.File" name="delete" signature="()Z" isStatic="false" role="METHOD_CALLED">
      <SourceLine classname="java.io.File" start="1066" end="1073" startBytecode="0" endBytecode="119" sourcefile="File.java" sourcepath="java/io/File.java"/>
      <Message>Called method java.io.File.delete()</Message>
    </Method>
    <SourceLine classname="org.junit.experimental.max.MaxHistory" primary="true" start="39" end="39" startBytecode="18" endBytecode="18" sourcefile="MaxHistory.java" sourcepath="org/junit/experimental/max/MaxHistory.java">
      <Message>At MaxHistory.java:[line 39]</Message>
    </SourceLine>
  </BugInstance>
  <BugInstance type="DM_DEFAULT_ENCODING" priority="1" rank="19" abbrev="Dm" category="I18N" instanceHash="46464d2a3a00a964c48f953f60bdc8d6" instanceOccurrenceNum="0" instanceOccurrenceMax="0">
    <ShortMessage>Reliance on default encoding</ShortMessage>
    <LongMessage>Found reliance on default encoding in org.junit.experimental.results.PrintableResult.toString(): java.io.ByteArrayOutputStream.toString()</LongMessage>
    <Class classname="org.junit.experimental.results.PrintableResult" primary="true">
      <SourceLine classname="org.junit.experimental.results.PrintableResult" start="26" end="57" sourcefile="PrintableResult.java" sourcepath="org/junit/experimental/results/PrintableResult.java">
        <Message>At PrintableResult.java:[lines 26-57]</Message>
      </SourceLine>
      <Message>In class org.junit.experimental.results.PrintableResult</Message>
    </Class>
    <Method classname="org.junit.experimental.results.PrintableResult" name="toString" signature="()Ljava/lang/String;" isStatic="false" primary="true">
      <SourceLine classname="org.junit.experimental.results.PrintableResult" start="48" end="50" startBytecode="0" endBytecode="94" sourcefile="PrintableResult.java" sourcepath="org/junit/experimental/results/PrintableResult.java"/>
      <Message>In method org.junit.experimental.results.PrintableResult.toString()</Message>
    </Method>
    <Method classname="java.io.ByteArrayOutputStream" name="toString" signature="()Ljava/lang/String;" isStatic="false" role="METHOD_CALLED">
      <SourceLine classname="java.io.ByteArrayOutputStream" start="215" end="215" startBytecode="0" endBytecode="58" sourcefile="ByteArrayOutputStream.java" sourcepath="java/io/ByteArrayOutputStream.java"/>
      <Message>Called method java.io.ByteArrayOutputStream.toString()</Message>
    </Method>
    <SourceLine classname="org.junit.experimental.results.PrintableResult" primary="true" start="50" end="50" startBytecode="31" endBytecode="31" sourcefile="PrintableResult.java" sourcepath="org/junit/experimental/results/PrintableResult.java">
      <Message>At PrintableResult.java:[line 50]</Message>
    </SourceLine>
  </BugInstance>
  <BugInstance type="DM_DEFAULT_ENCODING" priority="1" rank="19" abbrev="Dm" category="I18N" instanceHash="edd0e35819b472c57cb614c89471f3ad" instanceOccurrenceNum="0" instanceOccurrenceMax="0">
    <ShortMessage>Reliance on default encoding</ShortMessage>
    <LongMessage>Found reliance on default encoding in org.junit.experimental.results.PrintableResult.toString(): new java.io.PrintStream(OutputStream)</LongMessage>
    <Class classname="org.junit.experimental.results.PrintableResult" primary="true">
      <SourceLine classname="org.junit.experimental.results.PrintableResult" start="26" end="57" sourcefile="PrintableResult.java" sourcepath="org/junit/experimental/results/PrintableResult.java">
        <Message>At PrintableResult.java:[lines 26-57]</Message>
      </SourceLine>
      <Message>In class org.junit.experimental.results.PrintableResult</Message>
    </Class>
    <Method classname="org.junit.experimental.results.PrintableResult" name="toString" signature="()Ljava/lang/String;" isStatic="false" primary="true">
      <SourceLine classname="org.junit.experimental.results.PrintableResult" start="48" end="50" startBytecode="0" endBytecode="94" sourcefile="PrintableResult.java" sourcepath="org/junit/experimental/results/PrintableResult.java"/>
      <Message>In method org.junit.experimental.results.PrintableResult.toString()</Message>
    </Method>
    <Method classname="java.io.PrintStream" name="&lt;init&gt;" signature="(Ljava/io/OutputStream;)V" isStatic="false" role="METHOD_CALLED">
      <SourceLine classname="java.io.PrintStream" start="134" end="135" startBytecode="0" endBytecode="62" sourcefile="PrintStream.java" sourcepath="java/io/PrintStream.java"/>
      <Message>Called method new java.io.PrintStream(OutputStream)</Message>
    </Method>
    <SourceLine classname="org.junit.experimental.results.PrintableResult" primary="true" start="49" end="49" startBytecode="17" endBytecode="17" sourcefile="PrintableResult.java" sourcepath="org/junit/experimental/results/PrintableResult.java">
      <Message>At PrintableResult.java:[line 49]</Message>
    </SourceLine>
  </BugInstance>
  <BugInstance type="CT_CONSTRUCTOR_THROW" priority="2" rank="16" abbrev="CT" category="BAD_PRACTICE" instanceHash="9561c00f80c89f24850f98033a4a3f2e" instanceOccurrenceNum="0" instanceOccurrenceMax="0">
    <ShortMessage>Be wary of letting constructors throw exceptions.</ShortMessage>
    <LongMessage>Exception thrown in class org.junit.experimental.runners.Enclosed at new org.junit.experimental.runners.Enclosed(Class, RunnerBuilder) will leave the constructor. The object under construction remains partially initialized and may be vulnerable to Finalizer attacks.</LongMessage>
    <Class classname="org.junit.experimental.runners.Enclosed" primary="true">
      <SourceLine classname="org.junit.experimental.runners.Enclosed" start="29" end="30" sourcefile="Enclosed.java" sourcepath="org/junit/experimental/runners/Enclosed.java">
        <Message>At Enclosed.java:[lines 29-30]</Message>
      </SourceLine>
      <Message>In class org.junit.experimental.runners.Enclosed</Message>
    </Class>
    <Method classname="org.junit.experimental.runners.Enclosed" name="&lt;init&gt;" signature="(Ljava/lang/Class;Lorg/junit/runners/model/RunnerBuilder;)V" isStatic="false" primary="true">
      <SourceLine classname="org.junit.experimental.runners.Enclosed" start="29" end="30" startBytecode="0" endBytecode="94" sourcefile="Enclosed.java" sourcepath="org/junit/experimental/runners/Enclosed.java"/>
      <Message>In method new org.junit.experimental.runners.Enclosed(Class, RunnerBuilder)</Message>
    </Method>
    <SourceLine classname="org.junit.experimental.runners.Enclosed" primary="true" start="29" end="29" startBytecode="0" endBytecode="0" sourcefile="Enclosed.java" sourcepath="org/junit/experimental/runners/Enclosed.java">
      <Message>At Enclosed.java:[line 29]</Message>
    </SourceLine>
    <SourceLine classname="org.junit.experimental.runners.Enclosed" start="29" end="29" startBytecode="0" endBytecode="0" sourcefile="Enclosed.java" sourcepath="org/junit/experimental/runners/Enclosed.java">
      <Message>At Enclosed.java:[line 29]</Message>
    </SourceLine>
  </BugInstance>
  <BugInstance type="CT_CONSTRUCTOR_THROW" priority="2" rank="16" abbrev="CT" category="BAD_PRACTICE" instanceHash="8df9889bc60b16aacde0542a861539ae" instanceOccurrenceNum="0" instanceOccurrenceMax="0">
    <ShortMessage>Be wary of letting constructors throw exceptions.</ShortMessage>
    <LongMessage>Exception thrown in class org.junit.experimental.theories.Theories at new org.junit.experimental.theories.Theories(Class) will leave the constructor. The object under construction remains partially initialized and may be vulnerable to Finalizer attacks.</LongMessage>
    <Class classname="org.junit.experimental.theories.Theories" primary="true">
      <SourceLine classname="org.junit.experimental.theories.Theories" start="24" end="66" sourcefile="Theories.java" sourcepath="org/junit/experimental/theories/Theories.java">
        <Message>At Theories.java:[lines 24-66]</Message>
      </SourceLine>
      <Message>In class org.junit.experimental.theories.Theories</Message>
    </Class>
    <Method classname="org.junit.experimental.theories.Theories" name="&lt;init&gt;" signature="(Ljava/lang/Class;)V" isStatic="false" primary="true">
      <SourceLine classname="org.junit.experimental.theories.Theories" start="24" end="25" startBytecode="0" endBytecode="79" sourcefile="Theories.java" sourcepath="org/junit/experimental/theories/Theories.java"/>
      <Message>In method new org.junit.experimental.theories.Theories(Class)</Message>
    </Method>
    <SourceLine classname="org.junit.experimental.theories.Theories" primary="true" start="25" end="25" startBytecode="15" endBytecode="15" sourcefile="Theories.java" sourcepath="org/junit/experimental/theories/Theories.java">
      <Message>At Theories.java:[line 25]</Message>
    </SourceLine>
    <SourceLine classname="org.junit.experimental.theories.Theories" start="25" end="25" startBytecode="15" endBytecode="15" sourcefile="Theories.java" sourcepath="org/junit/experimental/theories/Theories.java">
      <Message>At Theories.java:[line 25]</Message>
    </SourceLine>
  </BugInstance>
  <BugInstance type="EI_EXPOSE_REP2" priority="2" rank="18" abbrev="EI2" category="MALICIOUS_CODE" instanceHash="b4ab313634f9cbd36a881c6fb27fe7e4" instanceOccurrenceNum="0" instanceOccurrenceMax="0" cweid="374">
    <ShortMessage>May expose internal representation by incorporating reference to mutable object</ShortMessage>
    <LongMessage>new org.junit.experimental.theories.Theories$TheoryAnchor(Theories, FrameworkMethod) may expose internal representation by storing an externally mutable object into Theories$TheoryAnchor.this$0</LongMessage>
    <Class classname="org.junit.experimental.theories.Theories$TheoryAnchor" primary="true">
      <SourceLine classname="org.junit.experimental.theories.Theories$TheoryAnchor" start="69" end="190" sourcefile="Theories.java" sourcepath="org/junit/experimental/theories/Theories.java">
        <Message>At Theories.java:[lines 69-190]</Message>
      </SourceLine>
      <Message>In class org.junit.experimental.theories.Theories$TheoryAnchor</Message>
    </Class>
    <Method classname="org.junit.experimental.theories.Theories$TheoryAnchor" name="&lt;init&gt;" signature="(Lorg/junit/experimental/theories/Theories;Lorg/junit/runners/model/FrameworkMethod;)V" isStatic="false" primary="true">
      <SourceLine classname="org.junit.experimental.theories.Theories$TheoryAnchor" start="76" end="78" startBytecode="0" endBytecode="98" sourcefile="Theories.java" sourcepath="org/junit/experimental/theories/Theories.java"/>
      <Message>In method new org.junit.experimental.theories.Theories$TheoryAnchor(Theories, FrameworkMethod)</Message>
    </Method>
    <Field classname="org.junit.experimental.theories.Theories$TheoryAnchor" name="this$0" signature="Lorg/junit/experimental/theories/Theories;" isStatic="false" primary="true">
      <SourceLine classname="org.junit.experimental.theories.Theories$TheoryAnchor" sourcefile="Theories.java" sourcepath="org/junit/experimental/theories/Theories.java">
        <Message>In Theories.java</Message>
      </SourceLine>
      <Message>Field org.junit.experimental.theories.Theories$TheoryAnchor.this$0</Message>
    </Field>
    <LocalVariable name="?" register="1" pc="1" role="LOCAL_VARIABLE_UNKNOWN">
      <Message>Local variable stored in JVM register 1</Message>
    </LocalVariable>
    <SourceLine classname="org.junit.experimental.theories.Theories$TheoryAnchor" primary="true" start="76" end="76" startBytecode="2" endBytecode="2" sourcefile="Theories.java" sourcepath="org/junit/experimental/theories/Theories.java">
      <Message>At Theories.java:[line 76]</Message>
    </SourceLine>
  </BugInstance>
  <BugInstance type="CT_CONSTRUCTOR_THROW" priority="2" rank="16" abbrev="CT" category="BAD_PRACTICE" instanceHash="44610f33ea0992d2de1215dcf61e9452" instanceOccurrenceNum="0" instanceOccurrenceMax="0">
    <ShortMessage>Be wary of letting constructors throw exceptions.</ShortMessage>
    <LongMessage>Exception thrown in class org.junit.experimental.theories.Theories$TheoryAnchor$1 at new org.junit.experimental.theories.Theories$TheoryAnchor$1(Theories$TheoryAnchor, Class, Assignments) will leave the constructor. The object under construction remains partially initialized and may be vulnerable to Finalizer attacks.</LongMessage>
    <Class classname="org.junit.experimental.theories.Theories$TheoryAnchor$1" primary="true">
      <SourceLine classname="org.junit.experimental.theories.Theories$TheoryAnchor$1" start="117" end="146" sourcefile="Theories.java" sourcepath="org/junit/experimental/theories/Theories.java">
        <Message>At Theories.java:[lines 117-146]</Message>
      </SourceLine>
      <Message>In class org.junit.experimental.theories.Theories$TheoryAnchor$1</Message>
    </Class>
    <Method classname="org.junit.experimental.theories.Theories$TheoryAnchor$1" name="&lt;init&gt;" signature="(Lorg/junit/experimental/theories/Theories$TheoryAnchor;Ljava/lang/Class;Lorg/junit/experimental/theories/internal/Assignments;)V" isStatic="false" primary="true">
      <SourceLine classname="org.junit.experimental.theories.Theories$TheoryAnchor$1" start="145" end="145" startBytecode="0" endBytecode="85" sourcefile="Theories.java" sourcepath="org/junit/experimental/theories/Theories.java"/>
      <Message>In method new org.junit.experimental.theories.Theories$TheoryAnchor$1(Theories$TheoryAnchor, Class, Assignments)</Message>
    </Method>
    <SourceLine classname="org.junit.experimental.theories.Theories$TheoryAnchor$1" primary="true" start="145" end="145" startBytecode="4" endBytecode="4" sourcefile="Theories.java" sourcepath="org/junit/experimental/theories/Theories.java">
      <Message>At Theories.java:[line 145]</Message>
    </SourceLine>
    <SourceLine classname="org.junit.experimental.theories.Theories$TheoryAnchor$1" start="145" end="145" startBytecode="4" endBytecode="4" sourcefile="Theories.java" sourcepath="org/junit/experimental/theories/Theories.java">
      <Message>At Theories.java:[line 145]</Message>
    </SourceLine>
  </BugInstance>
  <BugInstance type="CT_CONSTRUCTOR_THROW" priority="2" rank="16" abbrev="CT" category="BAD_PRACTICE" instanceHash="29fa48b720f5548a0eb02a5aa3c3288b" instanceOccurrenceNum="0" instanceOccurrenceMax="0">
    <ShortMessage>Be wary of letting constructors throw exceptions.</ShortMessage>
    <LongMessage>Exception thrown in class org.junit.experimental.theories.Theories$TheoryAnchor$1$1 at new org.junit.experimental.theories.Theories$TheoryAnchor$1$1(Theories$TheoryAnchor$1, Statement) will leave the constructor. The object under construction remains partially initialized and may be vulnerable to Finalizer attacks.</LongMessage>
    <Class classname="org.junit.experimental.theories.Theories$TheoryAnchor$1$1" primary="true">
      <SourceLine classname="org.junit.experimental.theories.Theories$TheoryAnchor$1$1" start="124" end="134" sourcefile="Theories.java" sourcepath="org/junit/experimental/theories/Theories.java">
        <Message>At Theories.java:[lines 124-134]</Message>
      </SourceLine>
      <Message>In class org.junit.experimental.theories.Theories$TheoryAnchor$1$1</Message>
    </Class>
    <Method classname="org.junit.experimental.theories.Theories$TheoryAnchor$1$1" name="&lt;init&gt;" signature="(Lorg/junit/experimental/theories/Theories$TheoryAnchor$1;Lorg/junit/runners/model/Statement;)V" isStatic="false" primary="true">
      <SourceLine classname="org.junit.experimental.theories.Theories$TheoryAnchor$1$1" start="124" end="124" startBytecode="0" endBytecode="56" sourcefile="Theories.java" sourcepath="org/junit/experimental/theories/Theories.java"/>
      <Message>In method new org.junit.experimental.theories.Theories$TheoryAnchor$1$1(Theories$TheoryAnchor$1, Statement)</Message>
    </Method>
    <SourceLine classname="org.junit.experimental.theories.Theories$TheoryAnchor$1$1" primary="true" start="124" end="124" startBytecode="20" endBytecode="20" sourcefile="Theories.java" sourcepath="org/junit/experimental/theories/Theories.java">
      <Message>At Theories.java:[line 124]</Message>
    </SourceLine>
    <SourceLine classname="org.junit.experimental.theories.Theories$TheoryAnchor$1$1" start="124" end="124" startBytecode="20" endBytecode="20" sourcefile="Theories.java" sourcepath="org/junit/experimental/theories/Theories.java">
      <Message>At Theories.java:[line 124]</Message>
    </SourceLine>
  </BugInstance>
  <BugInstance type="CT_CONSTRUCTOR_THROW" priority="2" rank="16" abbrev="CT" category="BAD_PRACTICE" instanceHash="6f9dc64a1ec0a15db619b66edc240917" instanceOccurrenceNum="0" instanceOccurrenceMax="0">
    <ShortMessage>Be wary of letting constructors throw exceptions.</ShortMessage>
    <LongMessage>Exception thrown in class org.junit.experimental.theories.Theories$TheoryAnchor$2 at new org.junit.experimental.theories.Theories$TheoryAnchor$2(Theories$TheoryAnchor, Assignments, FrameworkMethod, Object) will leave the constructor. The object under construction remains partially initialized and may be vulnerable to Finalizer attacks.</LongMessage>
    <Class classname="org.junit.experimental.theories.Theories$TheoryAnchor$2" primary="true">
      <SourceLine classname="org.junit.experimental.theories.Theories$TheoryAnchor$2" start="156" end="164" sourcefile="Theories.java" sourcepath="org/junit/experimental/theories/Theories.java">
        <Message>At Theories.java:[lines 156-164]</Message>
      </SourceLine>
      <Message>In class org.junit.experimental.theories.Theories$TheoryAnchor$2</Message>
    </Class>
    <Method classname="org.junit.experimental.theories.Theories$TheoryAnchor$2" name="&lt;init&gt;" signature="(Lorg/junit/experimental/theories/Theories$TheoryAnchor;Lorg/junit/experimental/theories/internal/Assignments;Lorg/junit/runners/model/FrameworkMethod;Ljava/lang/Object;)V" isStatic="false" primary="true">
      <SourceLine classname="org.junit.experimental.theories.Theories$TheoryAnchor$2" start="156" end="156" startBytecode="0" endBytecode="67" sourcefile="Theories.java" sourcepath="org/junit/experimental/theories/Theories.java"/>
      <Message>In method new org.junit.experimental.theories.Theories$TheoryAnchor$2(Theories$TheoryAnchor, Assignments, FrameworkMethod, Object)</Message>
    </Method>
    <SourceLine classname="org.junit.experimental.theories.Theories$TheoryAnchor$2" primary="true" start="156" end="156" startBytecode="68" endBytecode="68" sourcefile="Theories.java" sourcepath="org/junit/experimental/theories/Theories.java">
      <Message>At Theories.java:[line 156]</Message>
    </SourceLine>
    <SourceLine classname="org.junit.experimental.theories.Theories$TheoryAnchor$2" start="156" end="156" startBytecode="68" endBytecode="68" sourcefile="Theories.java" sourcepath="org/junit/experimental/theories/Theories.java">
      <Message>At Theories.java:[line 156]</Message>
    </SourceLine>
  </BugInstance>
  <BugInstance type="EI_EXPOSE_REP2" priority="2" rank="18" abbrev="EI2" category="MALICIOUS_CODE" instanceHash="60c83379fd1ee378eaafd595afc79e51" instanceOccurrenceNum="0" instanceOccurrenceMax="0" cweid="374">
    <ShortMessage>May expose internal representation by incorporating reference to mutable object</ShortMessage>
    <LongMessage>new org.junit.experimental.theories.internal.AllMembersSupplier(TestClass) may expose internal representation by storing an externally mutable object into AllMembersSupplier.fClass</LongMessage>
    <Class classname="org.junit.experimental.theories.internal.AllMembersSupplier" primary="true">
      <SourceLine classname="org.junit.experimental.theories.internal.AllMembersSupplier" start="58" end="122" sourcefile="AllMembersSupplier.java" sourcepath="org/junit/experimental/theories/internal/AllMembersSupplier.java">
        <Message>At AllMembersSupplier.java:[lines 58-122]</Message>
      </SourceLine>
      <Message>In class org.junit.experimental.theories.internal.AllMembersSupplier</Message>
    </Class>
    <Method classname="org.junit.experimental.theories.internal.AllMembersSupplier" name="&lt;init&gt;" signature="(Lorg/junit/runners/model/TestClass;)V" isStatic="false" primary="true">
      <SourceLine classname="org.junit.experimental.theories.internal.AllMembersSupplier" start="58" end="60" startBytecode="0" endBytecode="69" sourcefile="AllMembersSupplier.java" sourcepath="org/junit/experimental/theories/internal/AllMembersSupplier.java"/>
      <Message>In method new org.junit.experimental.theories.internal.AllMembersSupplier(TestClass)</Message>
    </Method>
    <Field classname="org.junit.experimental.theories.internal.AllMembersSupplier" name="fClass" signature="Lorg/junit/runners/model/TestClass;" isStatic="false" primary="true">
      <SourceLine classname="org.junit.experimental.theories.internal.AllMembersSupplier" sourcefile="AllMembersSupplier.java" sourcepath="org/junit/experimental/theories/internal/AllMembersSupplier.java">
        <Message>In AllMembersSupplier.java</Message>
      </SourceLine>
      <Message>Field org.junit.experimental.theories.internal.AllMembersSupplier.fClass</Message>
    </Field>
    <LocalVariable name="type" register="1" pc="6" role="LOCAL_VARIABLE_NAMED">
      <Message>Local variable named type</Message>
    </LocalVariable>
    <SourceLine classname="org.junit.experimental.theories.internal.AllMembersSupplier" primary="true" start="59" end="59" startBytecode="6" endBytecode="6" sourcefile="AllMembersSupplier.java" sourcepath="org/junit/experimental/theories/internal/AllMembersSupplier.java">
      <Message>At AllMembersSupplier.java:[line 59]</Message>
    </SourceLine>
  </BugInstance>
  <BugInstance type="HE_EQUALS_USE_HASHCODE" priority="1" rank="14" abbrev="HE" category="BAD_PRACTICE" instanceHash="e1c0a24ab0800f29491a2eccc3ab3ae2" instanceOccurrenceNum="0" instanceOccurrenceMax="0">
    <ShortMessage>Class defines equals() and uses Object.hashCode()</ShortMessage>
    <LongMessage>org.junit.experimental.theories.internal.ParameterizedAssertionError defines equals and uses Object.hashCode()</LongMessage>
    <Class classname="org.junit.experimental.theories.internal.ParameterizedAssertionError" primary="true">
      <SourceLine classname="org.junit.experimental.theories.internal.ParameterizedAssertionError" start="16" end="46" sourcefile="ParameterizedAssertionError.java" sourcepath="org/junit/experimental/theories/internal/ParameterizedAssertionError.java">
        <Message>At ParameterizedAssertionError.java:[lines 16-46]</Message>
      </SourceLine>
      <Message>In class org.junit.experimental.theories.internal.ParameterizedAssertionError</Message>
    </Class>
    <Method classname="org.junit.experimental.theories.internal.ParameterizedAssertionError" name="equals" signature="(Ljava/lang/Object;)Z" isStatic="false" primary="true">
      <SourceLine classname="org.junit.experimental.theories.internal.ParameterizedAssertionError" start="21" end="21" startBytecode="0" endBytecode="63" sourcefile="ParameterizedAssertionError.java" sourcepath="org/junit/experimental/theories/internal/ParameterizedAssertionError.java"/>
      <Message>In method org.junit.experimental.theories.internal.ParameterizedAssertionError.equals(Object)</Message>
    </Method>
    <SourceLine classname="org.junit.experimental.theories.internal.ParameterizedAssertionError" start="21" end="21" startBytecode="0" endBytecode="63" sourcefile="ParameterizedAssertionError.java" sourcepath="org/junit/experimental/theories/internal/ParameterizedAssertionError.java" synthetic="true">
      <Message>At ParameterizedAssertionError.java:[line 21]</Message>
    </SourceLine>
  </BugInstance>
  <BugInstance type="NP_EQUALS_SHOULD_HANDLE_NULL_ARGUMENT" priority="2" rank="11" abbrev="NP" category="BAD_PRACTICE" instanceHash="288175376f09d6bfe736c12c7396f5c8" instanceOccurrenceNum="0" instanceOccurrenceMax="0" cweid="476">
    <ShortMessage>equals() method does not check for null argument</ShortMessage>
    <LongMessage>org.junit.experimental.theories.internal.ParameterizedAssertionError.equals(Object) does not check for null argument</LongMessage>
    <Class classname="org.junit.experimental.theories.internal.ParameterizedAssertionError" primary="true">
      <SourceLine classname="org.junit.experimental.theories.internal.ParameterizedAssertionError" start="16" end="46" sourcefile="ParameterizedAssertionError.java" sourcepath="org/junit/experimental/theories/internal/ParameterizedAssertionError.java">
        <Message>At ParameterizedAssertionError.java:[lines 16-46]</Message>
      </SourceLine>
      <Message>In class org.junit.experimental.theories.internal.ParameterizedAssertionError</Message>
    </Class>
    <Method classname="org.junit.experimental.theories.internal.ParameterizedAssertionError" name="equals" signature="(Ljava/lang/Object;)Z" isStatic="false" primary="true">
      <SourceLine classname="org.junit.experimental.theories.internal.ParameterizedAssertionError" start="21" end="21" startBytecode="0" endBytecode="63" sourcefile="ParameterizedAssertionError.java" sourcepath="org/junit/experimental/theories/internal/ParameterizedAssertionError.java"/>
      <Message>In method org.junit.experimental.theories.internal.ParameterizedAssertionError.equals(Object)</Message>
    </Method>
    <LocalVariable name="obj" register="1" pc="0" role="LOCAL_VARIABLE_PARAMETER_NAMED">
      <Message>Parameter obj</Message>
    </LocalVariable>
    <SourceLine classname="org.junit.experimental.theories.internal.ParameterizedAssertionError" start="21" end="21" startBytecode="0" endBytecode="63" sourcefile="ParameterizedAssertionError.java" sourcepath="org/junit/experimental/theories/internal/ParameterizedAssertionError.java" synthetic="true">
      <Message>At ParameterizedAssertionError.java:[line 21]</Message>
    </SourceLine>
  </BugInstance>
  <BugInstance type="VA_PRIMITIVE_ARRAY_PASSED_TO_OBJECT_VARARG" priority="1" rank="7" abbrev="VA" category="CORRECTNESS" instanceHash="f745d64613aac2d0a988345f74e39e85" instanceOccurrenceNum="0" instanceOccurrenceMax="0">
    <ShortMessage>Primitive array passed to function expecting a variable number of object arguments</ShortMessage>
    <LongMessage>int[] passed to varargs method java.util.Arrays.asList(Object[]) in org.junit.experimental.theories.suppliers.TestedOnSupplier.getValueSources(ParameterSignature)</LongMessage>
    <Class classname="org.junit.experimental.theories.suppliers.TestedOnSupplier" primary="true">
      <SourceLine classname="org.junit.experimental.theories.suppliers.TestedOnSupplier" start="13" end="21" sourcefile="TestedOnSupplier.java" sourcepath="org/junit/experimental/theories/suppliers/TestedOnSupplier.java">
        <Message>At TestedOnSupplier.java:[lines 13-21]</Message>
      </SourceLine>
      <Message>In class org.junit.experimental.theories.suppliers.TestedOnSupplier</Message>
    </Class>
    <Method classname="org.junit.experimental.theories.suppliers.TestedOnSupplier" name="getValueSources" signature="(Lorg/junit/experimental/theories/ParameterSignature;)Ljava/util/List;" isStatic="false" primary="true">
      <SourceLine classname="org.junit.experimental.theories.suppliers.TestedOnSupplier" start="15" end="21" startBytecode="0" endBytecode="254" sourcefile="TestedOnSupplier.java" sourcepath="org/junit/experimental/theories/suppliers/TestedOnSupplier.java"/>
      <Message>In method org.junit.experimental.theories.suppliers.TestedOnSupplier.getValueSources(ParameterSignature)</Message>
    </Method>
    <Type descriptor="[I" role="TYPE_FOUND">
      <Message>Actual type int[]</Message>
    </Type>
    <Method classname="java.util.Arrays" name="asList" signature="([Ljava/lang/Object;)Ljava/util/List;" isStatic="true" role="METHOD_CALLED">
      <SourceLine classname="java.util.Arrays" start="4122" end="4122" startBytecode="0" endBytecode="68" sourcefile="Arrays.java" sourcepath="java/util/Arrays.java"/>
      <Message>Called method java.util.Arrays.asList(Object[])</Message>
    </Method>
    <SourceLine classname="org.junit.experimental.theories.suppliers.TestedOnSupplier" primary="true" start="19" end="19" startBytecode="63" endBytecode="63" sourcefile="TestedOnSupplier.java" sourcepath="org/junit/experimental/theories/suppliers/TestedOnSupplier.java">
      <Message>At TestedOnSupplier.java:[line 19]</Message>
    </SourceLine>
  </BugInstance>
  <BugInstance type="EI_EXPOSE_REP2" priority="2" rank="18" abbrev="EI2" category="MALICIOUS_CODE" instanceHash="9a77d2253f7ce44c6ba6078ab05d3520" instanceOccurrenceNum="0" instanceOccurrenceMax="0" cweid="374">
    <ShortMessage>May expose internal representation by incorporating reference to mutable object</ShortMessage>
    <LongMessage>new org.junit.internal.ArrayComparisonFailure(String, AssertionError, int) may expose internal representation by storing an externally mutable object into ArrayComparisonFailure.fCause</LongMessage>
    <Class classname="org.junit.internal.ArrayComparisonFailure" primary="true">
      <SourceLine classname="org.junit.internal.ArrayComparisonFailure" start="16" end="57" sourcefile="ArrayComparisonFailure.java" sourcepath="org/junit/internal/ArrayComparisonFailure.java">
        <Message>At ArrayComparisonFailure.java:[lines 16-57]</Message>
      </SourceLine>
      <Message>In class org.junit.internal.ArrayComparisonFailure</Message>
    </Class>
    <Method classname="org.junit.internal.ArrayComparisonFailure" name="&lt;init&gt;" signature="(Ljava/lang/String;Ljava/lang/AssertionError;I)V" isStatic="false" primary="true">
      <SourceLine classname="org.junit.internal.ArrayComparisonFailure" start="27" end="31" startBytecode="0" endBytecode="122" sourcefile="ArrayComparisonFailure.java" sourcepath="org/junit/internal/ArrayComparisonFailure.java"/>
      <Message>In method new org.junit.internal.ArrayComparisonFailure(String, AssertionError, int)</Message>
    </Method>
    <Field classname="org.junit.internal.ArrayComparisonFailure" name="fCause" signature="Ljava/lang/AssertionError;" isStatic="false" primary="true">
      <SourceLine classname="org.junit.internal.ArrayComparisonFailure" sourcefile="ArrayComparisonFailure.java" sourcepath="org/junit/internal/ArrayComparisonFailure.java">
        <Message>In ArrayComparisonFailure.java</Message>
      </SourceLine>
      <Message>Field org.junit.internal.ArrayComparisonFailure.fCause</Message>
    </Field>
    <LocalVariable name="cause" register="2" pc="22" role="LOCAL_VARIABLE_NAMED">
      <Message>Local variable named cause</Message>
    </LocalVariable>
    <SourceLine classname="org.junit.internal.ArrayComparisonFailure" primary="true" start="29" end="29" startBytecode="22" endBytecode="22" sourcefile="ArrayComparisonFailure.java" sourcepath="org/junit/internal/ArrayComparisonFailure.java">
      <Message>At ArrayComparisonFailure.java:[line 29]</Message>
    </SourceLine>
  </BugInstance>
  <BugInstance type="SE_BAD_FIELD" priority="3" rank="19" abbrev="Se" category="BAD_PRACTICE" instanceHash="52d7c4bbc2d58f8d90ad266f169b0784" instanceOccurrenceNum="0" instanceOccurrenceMax="0">
    <ShortMessage>Non-transient non-serializable instance field in serializable class</ShortMessage>
    <LongMessage>Class org.junit.internal.AssumptionViolatedException defines non-transient non-serializable instance field fMatcher</LongMessage>
    <Class classname="org.junit.internal.AssumptionViolatedException" primary="true">
      <SourceLine classname="org.junit.internal.AssumptionViolatedException" start="16" end="39" sourcefile="AssumptionViolatedException.java" sourcepath="org/junit/internal/AssumptionViolatedException.java">
        <Message>At AssumptionViolatedException.java:[lines 16-39]</Message>
      </SourceLine>
      <Message>In class org.junit.internal.AssumptionViolatedException</Message>
    </Class>
    <Field classname="org.junit.internal.AssumptionViolatedException" name="fMatcher" signature="Lorg/hamcrest/Matcher;" isStatic="false" primary="true">
      <SourceLine classname="org.junit.internal.AssumptionViolatedException" sourcefile="AssumptionViolatedException.java" sourcepath="org/junit/internal/AssumptionViolatedException.java">
        <Message>In AssumptionViolatedException.java</Message>
      </SourceLine>
      <Message>Field org.junit.internal.AssumptionViolatedException.fMatcher</Message>
    </Field>
    <Type descriptor="Lorg/hamcrest/Matcher;" role="TYPE_FOUND" typeParameters="&lt;?&gt;">
      <SourceLine classname="org.hamcrest.Matcher" sourcefile="Matcher.java" sourcepath="org/hamcrest/Matcher.java">
        <Message>In Matcher.java</Message>
      </SourceLine>
      <Message>Actual type org.hamcrest.Matcher&lt;?&gt;</Message>
    </Type>
    <SourceLine classname="org.junit.internal.AssumptionViolatedException" sourcefile="AssumptionViolatedException.java" sourcepath="org/junit/internal/AssumptionViolatedException.java" synthetic="true">
      <Message>In AssumptionViolatedException.java</Message>
    </SourceLine>
  </BugInstance>
  <BugInstance type="EI_EXPOSE_REP2" priority="2" rank="18" abbrev="EI2" category="MALICIOUS_CODE" instanceHash="22d35691184692486446325a491c7fe2" instanceOccurrenceNum="0" instanceOccurrenceMax="0" cweid="374">
    <ShortMessage>May expose internal representation by incorporating reference to mutable object</ShortMessage>
    <LongMessage>new org.junit.internal.TextListener(PrintStream) may expose internal representation by storing an externally mutable object into TextListener.fWriter</LongMessage>
    <Class classname="org.junit.internal.TextListener" primary="true">
      <SourceLine classname="org.junit.internal.TextListener" start="17" end="96" sourcefile="TextListener.java" sourcepath="org/junit/internal/TextListener.java">
        <Message>At TextListener.java:[lines 17-96]</Message>
      </SourceLine>
      <Message>In class org.junit.internal.TextListener</Message>
    </Class>
    <Method classname="org.junit.internal.TextListener" name="&lt;init&gt;" signature="(Ljava/io/PrintStream;)V" isStatic="false" primary="true">
      <SourceLine classname="org.junit.internal.TextListener" start="20" end="22" startBytecode="0" endBytecode="69" sourcefile="TextListener.java" sourcepath="org/junit/internal/TextListener.java"/>
      <Message>In method new org.junit.internal.TextListener(PrintStream)</Message>
    </Method>
    <Field classname="org.junit.internal.TextListener" name="fWriter" signature="Ljava/io/PrintStream;" isStatic="false" primary="true">
      <SourceLine classname="org.junit.internal.TextListener" sourcefile="TextListener.java" sourcepath="org/junit/internal/TextListener.java">
        <Message>In TextListener.java</Message>
      </SourceLine>
      <Message>Field org.junit.internal.TextListener.fWriter</Message>
    </Field>
    <LocalVariable name="writer" register="1" pc="6" role="LOCAL_VARIABLE_NAMED">
      <Message>Local variable named writer</Message>
    </LocalVariable>
    <SourceLine classname="org.junit.internal.TextListener" primary="true" start="21" end="21" startBytecode="6" endBytecode="6" sourcefile="TextListener.java" sourcepath="org/junit/internal/TextListener.java">
      <Message>At TextListener.java:[line 21]</Message>
    </SourceLine>
  </BugInstance>
  <BugInstance type="EI_EXPOSE_REP2" priority="2" rank="18" abbrev="EI2" category="MALICIOUS_CODE" instanceHash="c783562995635471b16f7ed0579ea54f" instanceOccurrenceNum="0" instanceOccurrenceMax="0" cweid="374">
    <ShortMessage>May expose internal representation by incorporating reference to mutable object</ShortMessage>
    <LongMessage>new org.junit.internal.builders.AnnotatedBuilder(RunnerBuilder) may expose internal representation by storing an externally mutable object into AnnotatedBuilder.fSuiteBuilder</LongMessage>
    <Class classname="org.junit.internal.builders.AnnotatedBuilder" primary="true">
      <SourceLine classname="org.junit.internal.builders.AnnotatedBuilder" start="16" end="40" sourcefile="AnnotatedBuilder.java" sourcepath="org/junit/internal/builders/AnnotatedBuilder.java">
        <Message>At AnnotatedBuilder.java:[lines 16-40]</Message>
      </SourceLine>
      <Message>In class org.junit.internal.builders.AnnotatedBuilder</Message>
    </Class>
    <Method classname="org.junit.internal.builders.AnnotatedBuilder" name="&lt;init&gt;" signature="(Lorg/junit/runners/model/RunnerBuilder;)V" isStatic="false" primary="true">
      <SourceLine classname="org.junit.internal.builders.AnnotatedBuilder" start="16" end="18" startBytecode="0" endBytecode="69" sourcefile="AnnotatedBuilder.java" sourcepath="org/junit/internal/builders/AnnotatedBuilder.java"/>
      <Message>In method new org.junit.internal.builders.AnnotatedBuilder(RunnerBuilder)</Message>
    </Method>
    <Field classname="org.junit.internal.builders.AnnotatedBuilder" name="fSuiteBuilder" signature="Lorg/junit/runners/model/RunnerBuilder;" isStatic="false" primary="true">
      <SourceLine classname="org.junit.internal.builders.AnnotatedBuilder" sourcefile="AnnotatedBuilder.java" sourcepath="org/junit/internal/builders/AnnotatedBuilder.java">
        <Message>In AnnotatedBuilder.java</Message>
      </SourceLine>
      <Message>Field org.junit.internal.builders.AnnotatedBuilder.fSuiteBuilder</Message>
    </Field>
    <LocalVariable name="suiteBuilder" register="1" pc="6" role="LOCAL_VARIABLE_NAMED">
      <Message>Local variable named suiteBuilder</Message>
    </LocalVariable>
    <SourceLine classname="org.junit.internal.builders.AnnotatedBuilder" primary="true" start="17" end="17" startBytecode="6" endBytecode="6" sourcefile="AnnotatedBuilder.java" sourcepath="org/junit/internal/builders/AnnotatedBuilder.java">
      <Message>At AnnotatedBuilder.java:[line 17]</Message>
    </SourceLine>
  </BugInstance>
  <BugInstance type="EI_EXPOSE_REP2" priority="2" rank="18" abbrev="EI2" category="MALICIOUS_CODE" instanceHash="9ce34d5c0c23fa4a6f6030d85282f17" instanceOccurrenceNum="0" instanceOccurrenceMax="0" cweid="374">
    <ShortMessage>May expose internal representation by incorporating reference to mutable object</ShortMessage>
    <LongMessage>new org.junit.internal.runners.ClassRoadie(RunNotifier, TestClass, Description, Runnable) may expose internal representation by storing an externally mutable object into ClassRoadie.fDescription</LongMessage>
    <Class classname="org.junit.internal.runners.ClassRoadie" primary="true" classAnnotationNames="java.lang.Deprecated">
      <SourceLine classname="org.junit.internal.runners.ClassRoadie" start="26" end="78" sourcefile="ClassRoadie.java" sourcepath="org/junit/internal/runners/ClassRoadie.java">
        <Message>At ClassRoadie.java:[lines 26-78]</Message>
      </SourceLine>
      <Message>In class org.junit.internal.runners.ClassRoadie</Message>
    </Class>
    <Method classname="org.junit.internal.runners.ClassRoadie" name="&lt;init&gt;" signature="(Lorg/junit/runner/notification/RunNotifier;Lorg/junit/internal/runners/TestClass;Lorg/junit/runner/Description;Ljava/lang/Runnable;)V" isStatic="false" primary="true" classAnnotationNames="java.lang.Deprecated">
      <SourceLine classname="org.junit.internal.runners.ClassRoadie" start="26" end="31" startBytecode="0" endBytecode="127" sourcefile="ClassRoadie.java" sourcepath="org/junit/internal/runners/ClassRoadie.java"/>
      <Message>In method new org.junit.internal.runners.ClassRoadie(RunNotifier, TestClass, Description, Runnable)</Message>
    </Method>
    <Field classname="org.junit.internal.runners.ClassRoadie" name="fDescription" signature="Lorg/junit/runner/Description;" isStatic="false" primary="true" classAnnotationNames="java.lang.Deprecated">
      <SourceLine classname="org.junit.internal.runners.ClassRoadie" sourcefile="ClassRoadie.java" sourcepath="org/junit/internal/runners/ClassRoadie.java">
        <Message>In ClassRoadie.java</Message>
      </SourceLine>
      <Message>Field org.junit.internal.runners.ClassRoadie.fDescription</Message>
    </Field>
    <LocalVariable name="description" register="3" pc="16" role="LOCAL_VARIABLE_NAMED">
      <Message>Local variable named description</Message>
    </LocalVariable>
    <SourceLine classname="org.junit.internal.runners.ClassRoadie" primary="true" start="29" end="29" startBytecode="16" endBytecode="16" sourcefile="ClassRoadie.java" sourcepath="org/junit/internal/runners/ClassRoadie.java">
      <Message>At ClassRoadie.java:[line 29]</Message>
    </SourceLine>
  </BugInstance>
  <BugInstance type="EI_EXPOSE_REP2" priority="2" rank="18" abbrev="EI2" category="MALICIOUS_CODE" instanceHash="3261fe894d0ad2756a89141d4a515c87" instanceOccurrenceNum="0" instanceOccurrenceMax="0" cweid="374">
    <ShortMessage>May expose internal representation by incorporating reference to mutable object</ShortMessage>
    <LongMessage>new org.junit.internal.runners.ClassRoadie(RunNotifier, TestClass, Description, Runnable) may expose internal representation by storing an externally mutable object into ClassRoadie.fNotifier</LongMessage>
    <Class classname="org.junit.internal.runners.ClassRoadie" primary="true" classAnnotationNames="java.lang.Deprecated">
      <SourceLine classname="org.junit.internal.runners.ClassRoadie" start="26" end="78" sourcefile="ClassRoadie.java" sourcepath="org/junit/internal/runners/ClassRoadie.java">
        <Message>At ClassRoadie.java:[lines 26-78]</Message>
      </SourceLine>
      <Message>In class org.junit.internal.runners.ClassRoadie</Message>
    </Class>
    <Method classname="org.junit.internal.runners.ClassRoadie" name="&lt;init&gt;" signature="(Lorg/junit/runner/notification/RunNotifier;Lorg/junit/internal/runners/TestClass;Lorg/junit/runner/Description;Ljava/lang/Runnable;)V" isStatic="false" primary="true" classAnnotationNames="java.lang.Deprecated">
      <SourceLine classname="org.junit.internal.runners.ClassRoadie" start="26" end="31" startBytecode="0" endBytecode="127" sourcefile="ClassRoadie.java" sourcepath="org/junit/internal/runners/ClassRoadie.java"/>
      <Message>In method new org.junit.internal.runners.ClassRoadie(RunNotifier, TestClass, Description, Runnable)</Message>
    </Method>
    <Field classname="org.junit.internal.runners.ClassRoadie" name="fNotifier" signature="Lorg/junit/runner/notification/RunNotifier;" isStatic="false" primary="true" classAnnotationNames="java.lang.Deprecated">
      <SourceLine classname="org.junit.internal.runners.ClassRoadie" sourcefile="ClassRoadie.java" sourcepath="org/junit/internal/runners/ClassRoadie.java">
        <Message>In ClassRoadie.java</Message>
      </SourceLine>
      <Message>Field org.junit.internal.runners.ClassRoadie.fNotifier</Message>
    </Field>
    <LocalVariable name="notifier" register="1" pc="6" role="LOCAL_VARIABLE_NAMED">
      <Message>Local variable named notifier</Message>
    </LocalVariable>
    <SourceLine classname="org.junit.internal.runners.ClassRoadie" primary="true" start="27" end="27" startBytecode="6" endBytecode="6" sourcefile="ClassRoadie.java" sourcepath="org/junit/internal/runners/ClassRoadie.java">
      <Message>At ClassRoadie.java:[line 27]</Message>
    </SourceLine>
  </BugInstance>
  <BugInstance type="EI_EXPOSE_REP" priority="2" rank="18" abbrev="EI" category="MALICIOUS_CODE" instanceHash="178680f53a904171137adc7ca80b1811" instanceOccurrenceNum="0" instanceOccurrenceMax="0" cweid="374">
    <ShortMessage>May expose internal representation by returning reference to mutable object</ShortMessage>
    <LongMessage>org.junit.internal.runners.InitializationError.getCauses() may expose internal representation by returning InitializationError.fErrors</LongMessage>
    <Class classname="org.junit.internal.runners.InitializationError" primary="true" classAnnotationNames="java.lang.Deprecated">
      <SourceLine classname="org.junit.internal.runners.InitializationError" start="15" end="28" sourcefile="InitializationError.java" sourcepath="org/junit/internal/runners/InitializationError.java">
        <Message>At InitializationError.java:[lines 15-28]</Message>
      </SourceLine>
      <Message>In class org.junit.internal.runners.InitializationError</Message>
    </Class>
    <Method classname="org.junit.internal.runners.InitializationError" name="getCauses" signature="()Ljava/util/List;" isStatic="false" primary="true" classAnnotationNames="java.lang.Deprecated">
      <SourceLine classname="org.junit.internal.runners.InitializationError" start="28" end="28" startBytecode="0" endBytecode="46" sourcefile="InitializationError.java" sourcepath="org/junit/internal/runners/InitializationError.java"/>
      <Message>In method org.junit.internal.runners.InitializationError.getCauses()</Message>
    </Method>
    <Field classname="org.junit.internal.runners.InitializationError" name="fErrors" signature="Ljava/util/List;" isStatic="false" primary="true" classAnnotationNames="java.lang.Deprecated">
      <SourceLine classname="org.junit.internal.runners.InitializationError" sourcefile="InitializationError.java" sourcepath="org/junit/internal/runners/InitializationError.java">
        <Message>In InitializationError.java</Message>
      </SourceLine>
      <Message>Field org.junit.internal.runners.InitializationError.fErrors</Message>
    </Field>
    <SourceLine classname="org.junit.internal.runners.InitializationError" primary="true" start="28" end="28" startBytecode="4" endBytecode="4" sourcefile="InitializationError.java" sourcepath="org/junit/internal/runners/InitializationError.java">
      <Message>At InitializationError.java:[line 28]</Message>
    </SourceLine>
  </BugInstance>
  <BugInstance type="EI_EXPOSE_REP2" priority="2" rank="18" abbrev="EI2" category="MALICIOUS_CODE" instanceHash="118750bfb8eb06f862a5e93dd7692b8e" instanceOccurrenceNum="0" instanceOccurrenceMax="0" cweid="374">
    <ShortMessage>May expose internal representation by incorporating reference to mutable object</ShortMessage>
    <LongMessage>new org.junit.internal.runners.InitializationError(List) may expose internal representation by storing an externally mutable object into InitializationError.fErrors</LongMessage>
    <Class classname="org.junit.internal.runners.InitializationError" primary="true" classAnnotationNames="java.lang.Deprecated">
      <SourceLine classname="org.junit.internal.runners.InitializationError" start="15" end="28" sourcefile="InitializationError.java" sourcepath="org/junit/internal/runners/InitializationError.java">
        <Message>At InitializationError.java:[lines 15-28]</Message>
      </SourceLine>
      <Message>In class org.junit.internal.runners.InitializationError</Message>
    </Class>
    <Method classname="org.junit.internal.runners.InitializationError" name="&lt;init&gt;" signature="(Ljava/util/List;)V" isStatic="false" primary="true" classAnnotationNames="java.lang.Deprecated">
      <SourceLine classname="org.junit.internal.runners.InitializationError" start="15" end="17" startBytecode="0" endBytecode="87" sourcefile="InitializationError.java" sourcepath="org/junit/internal/runners/InitializationError.java"/>
      <Message>In method new org.junit.internal.runners.InitializationError(List)</Message>
    </Method>
    <Field classname="org.junit.internal.runners.InitializationError" name="fErrors" signature="Ljava/util/List;" isStatic="false" primary="true" classAnnotationNames="java.lang.Deprecated">
      <SourceLine classname="org.junit.internal.runners.InitializationError" sourcefile="InitializationError.java" sourcepath="org/junit/internal/runners/InitializationError.java">
        <Message>In InitializationError.java</Message>
      </SourceLine>
      <Message>Field org.junit.internal.runners.InitializationError.fErrors</Message>
    </Field>
    <LocalVariable name="errors" register="1" pc="6" role="LOCAL_VARIABLE_NAMED">
      <Message>Local variable named errors</Message>
    </LocalVariable>
    <SourceLine classname="org.junit.internal.runners.InitializationError" primary="true" start="16" end="16" startBytecode="6" endBytecode="6" sourcefile="InitializationError.java" sourcepath="org/junit/internal/runners/InitializationError.java">
      <Message>At InitializationError.java:[line 16]</Message>
    </SourceLine>
  </BugInstance>
  <BugInstance type="SIC_INNER_SHOULD_BE_STATIC" priority="2" rank="18" abbrev="SIC" category="PERFORMANCE" instanceHash="c5c1d02458755a83fd88c54766991931" instanceOccurrenceNum="0" instanceOccurrenceMax="0">
    <ShortMessage>Should be a static inner class</ShortMessage>
    <LongMessage>Should org.junit.internal.runners.JUnit38ClassRunner$OldTestClassAdaptingListener be a _static_ inner class?</LongMessage>
    <Class classname="org.junit.internal.runners.JUnit38ClassRunner$OldTestClassAdaptingListener" primary="true">
      <SourceLine classname="org.junit.internal.runners.JUnit38ClassRunner$OldTestClassAdaptingListener" start="22" end="65" sourcefile="JUnit38ClassRunner.java" sourcepath="org/junit/internal/runners/JUnit38ClassRunner.java">
        <Message>At JUnit38ClassRunner.java:[lines 22-65]</Message>
      </SourceLine>
      <Message>In class org.junit.internal.runners.JUnit38ClassRunner$OldTestClassAdaptingListener</Message>
    </Class>
    <SourceLine classname="org.junit.internal.runners.JUnit38ClassRunner$OldTestClassAdaptingListener" start="22" end="65" sourcefile="JUnit38ClassRunner.java" sourcepath="org/junit/internal/runners/JUnit38ClassRunner.java" synthetic="true">
      <Message>At JUnit38ClassRunner.java:[lines 22-65]</Message>
    </SourceLine>
  </BugInstance>
  <BugInstance type="CT_CONSTRUCTOR_THROW" priority="2" rank="16" abbrev="CT" category="BAD_PRACTICE" instanceHash="6bcb265dae28a746113cbef18108d07b" instanceOccurrenceNum="0" instanceOccurrenceMax="0">
    <ShortMessage>Be wary of letting constructors throw exceptions.</ShortMessage>
    <LongMessage>Exception thrown in class org.junit.internal.runners.JUnit4ClassRunner at new org.junit.internal.runners.JUnit4ClassRunner(Class) will leave the constructor. The object under construction remains partially initialized and may be vulnerable to Finalizer attacks.</LongMessage>
    <Class classname="org.junit.internal.runners.JUnit4ClassRunner" primary="true" classAnnotationNames="java.lang.Deprecated">
      <SourceLine classname="org.junit.internal.runners.JUnit4ClassRunner" start="34" end="143" sourcefile="JUnit4ClassRunner.java" sourcepath="org/junit/internal/runners/JUnit4ClassRunner.java">
        <Message>At JUnit4ClassRunner.java:[lines 34-143]</Message>
      </SourceLine>
      <Message>In class org.junit.internal.runners.JUnit4ClassRunner</Message>
    </Class>
    <Method classname="org.junit.internal.runners.JUnit4ClassRunner" name="&lt;init&gt;" signature="(Ljava/lang/Class;)V" isStatic="false" primary="true" classAnnotationNames="java.lang.Deprecated">
      <SourceLine classname="org.junit.internal.runners.JUnit4ClassRunner" start="34" end="38" startBytecode="0" endBytecode="114" sourcefile="JUnit4ClassRunner.java" sourcepath="org/junit/internal/runners/JUnit4ClassRunner.java"/>
      <Message>In method new org.junit.internal.runners.JUnit4ClassRunner(Class)</Message>
    </Method>
    <SourceLine classname="org.junit.internal.runners.JUnit4ClassRunner" primary="true" start="35" end="35" startBytecode="7" endBytecode="7" sourcefile="JUnit4ClassRunner.java" sourcepath="org/junit/internal/runners/JUnit4ClassRunner.java">
      <Message>At JUnit4ClassRunner.java:[line 35]</Message>
    </SourceLine>
    <SourceLine classname="org.junit.internal.runners.JUnit4ClassRunner" start="35" end="35" startBytecode="7" endBytecode="7" sourcefile="JUnit4ClassRunner.java" sourcepath="org/junit/internal/runners/JUnit4ClassRunner.java">
      <Message>At JUnit4ClassRunner.java:[line 35]</Message>
    </SourceLine>
  </BugInstance>
  <BugInstance type="MC_OVERRIDABLE_METHOD_CALL_IN_CONSTRUCTOR" priority="3" rank="20" abbrev="MC" category="MALICIOUS_CODE" instanceHash="fb2de3c3aed488f2062eb36568b4dffe" instanceOccurrenceNum="0" instanceOccurrenceMax="0">
    <ShortMessage>An overridable method is called from a constructor</ShortMessage>
    <LongMessage>Overridable method getTestMethods is called from constructor new org.junit.internal.runners.JUnit4ClassRunner(Class).</LongMessage>
    <Class classname="org.junit.internal.runners.JUnit4ClassRunner" primary="true" classAnnotationNames="java.lang.Deprecated">
      <SourceLine classname="org.junit.internal.runners.JUnit4ClassRunner" start="34" end="143" sourcefile="JUnit4ClassRunner.java" sourcepath="org/junit/internal/runners/JUnit4ClassRunner.java">
        <Message>At JUnit4ClassRunner.java:[lines 34-143]</Message>
      </SourceLine>
      <Message>In class org.junit.internal.runners.JUnit4ClassRunner</Message>
    </Class>
    <Method classname="org.junit.internal.runners.JUnit4ClassRunner" name="&lt;init&gt;" signature="(Ljava/lang/Class;)V" isStatic="false" primary="true" classAnnotationNames="java.lang.Deprecated">
      <SourceLine classname="org.junit.internal.runners.JUnit4ClassRunner" start="34" end="38" startBytecode="0" endBytecode="114" sourcefile="JUnit4ClassRunner.java" sourcepath="org/junit/internal/runners/JUnit4ClassRunner.java"/>
      <Message>In method new org.junit.internal.runners.JUnit4ClassRunner(Class)</Message>
    </Method>
    <String value="getTestMethods">
      <Message>Value getTestMethods</Message>
    </String>
    <SourceLine classname="org.junit.internal.runners.JUnit4ClassRunner" primary="true" start="36" end="36" startBytecode="18" endBytecode="18" sourcefile="JUnit4ClassRunner.java" sourcepath="org/junit/internal/runners/JUnit4ClassRunner.java">
      <Message>At JUnit4ClassRunner.java:[line 36]</Message>
    </SourceLine>
  </BugInstance>
  <BugInstance type="MC_OVERRIDABLE_METHOD_CALL_IN_CONSTRUCTOR" priority="3" rank="20" abbrev="MC" category="MALICIOUS_CODE" instanceHash="69ab3a16324f94ab953f4a10e977ffff" instanceOccurrenceNum="0" instanceOccurrenceMax="0">
    <ShortMessage>An overridable method is called from a constructor</ShortMessage>
    <LongMessage>Overridable method validate is called from constructor new org.junit.internal.runners.JUnit4ClassRunner(Class).</LongMessage>
    <Class classname="org.junit.internal.runners.JUnit4ClassRunner" primary="true" classAnnotationNames="java.lang.Deprecated">
      <SourceLine classname="org.junit.internal.runners.JUnit4ClassRunner" start="34" end="143" sourcefile="JUnit4ClassRunner.java" sourcepath="org/junit/internal/runners/JUnit4ClassRunner.java">
        <Message>At JUnit4ClassRunner.java:[lines 34-143]</Message>
      </SourceLine>
      <Message>In class org.junit.internal.runners.JUnit4ClassRunner</Message>
    </Class>
    <Method classname="org.junit.internal.runners.JUnit4ClassRunner" name="&lt;init&gt;" signature="(Ljava/lang/Class;)V" isStatic="false" primary="true" classAnnotationNames="java.lang.Deprecated">
      <SourceLine classname="org.junit.internal.runners.JUnit4ClassRunner" start="34" end="38" startBytecode="0" endBytecode="114" sourcefile="JUnit4ClassRunner.java" sourcepath="org/junit/internal/runners/JUnit4ClassRunner.java"/>
      <Message>In method new org.junit.internal.runners.JUnit4ClassRunner(Class)</Message>
    </Method>
    <String value="validate">
      <Message>Value validate</Message>
    </String>
    <SourceLine classname="org.junit.internal.runners.JUnit4ClassRunner" primary="true" start="37" end="37" startBytecode="25" endBytecode="25" sourcefile="JUnit4ClassRunner.java" sourcepath="org/junit/internal/runners/JUnit4ClassRunner.java">
      <Message>At JUnit4ClassRunner.java:[line 37]</Message>
    </SourceLine>
  </BugInstance>
  <BugInstance type="EI_EXPOSE_REP2" priority="2" rank="18" abbrev="EI2" category="MALICIOUS_CODE" instanceHash="8a64387b32b2845d9b39760ddd2dfad" instanceOccurrenceNum="0" instanceOccurrenceMax="0" cweid="374">
    <ShortMessage>May expose internal representation by incorporating reference to mutable object</ShortMessage>
    <LongMessage>new org.junit.internal.runners.MethodRoadie(Object, TestMethod, RunNotifier, Description) may expose internal representation by storing an externally mutable object into MethodRoadie.fDescription</LongMessage>
    <Class classname="org.junit.internal.runners.MethodRoadie" primary="true" classAnnotationNames="java.lang.Deprecated">
      <SourceLine classname="org.junit.internal.runners.MethodRoadie" start="31" end="155" sourcefile="MethodRoadie.java" sourcepath="org/junit/internal/runners/MethodRoadie.java">
        <Message>At MethodRoadie.java:[lines 31-155]</Message>
      </SourceLine>
      <Message>In class org.junit.internal.runners.MethodRoadie</Message>
    </Class>
    <Method classname="org.junit.internal.runners.MethodRoadie" name="&lt;init&gt;" signature="(Ljava/lang/Object;Lorg/junit/internal/runners/TestMethod;Lorg/junit/runner/notification/RunNotifier;Lorg/junit/runner/Description;)V" isStatic="false" primary="true" classAnnotationNames="java.lang.Deprecated">
      <SourceLine classname="org.junit.internal.runners.MethodRoadie" start="31" end="36" startBytecode="0" endBytecode="127" sourcefile="MethodRoadie.java" sourcepath="org/junit/internal/runners/MethodRoadie.java"/>
      <Message>In method new org.junit.internal.runners.MethodRoadie(Object, TestMethod, RunNotifier, Description)</Message>
    </Method>
    <Field classname="org.junit.internal.runners.MethodRoadie" name="fDescription" signature="Lorg/junit/runner/Description;" isStatic="false" primary="true" classAnnotationNames="java.lang.Deprecated">
      <SourceLine classname="org.junit.internal.runners.MethodRoadie" sourcefile="MethodRoadie.java" sourcepath="org/junit/internal/runners/MethodRoadie.java">
        <Message>In MethodRoadie.java</Message>
      </SourceLine>
      <Message>Field org.junit.internal.runners.MethodRoadie.fDescription</Message>
    </Field>
    <LocalVariable name="description" register="4" pc="17" role="LOCAL_VARIABLE_NAMED">
      <Message>Local variable named description</Message>
    </LocalVariable>
    <SourceLine classname="org.junit.internal.runners.MethodRoadie" primary="true" start="34" end="34" startBytecode="17" endBytecode="17" sourcefile="MethodRoadie.java" sourcepath="org/junit/internal/runners/MethodRoadie.java">
      <Message>At MethodRoadie.java:[line 34]</Message>
    </SourceLine>
  </BugInstance>
  <BugInstance type="EI_EXPOSE_REP2" priority="2" rank="18" abbrev="EI2" category="MALICIOUS_CODE" instanceHash="61c407a81c3335afbb67201758a90335" instanceOccurrenceNum="0" instanceOccurrenceMax="0" cweid="374">
    <ShortMessage>May expose internal representation by incorporating reference to mutable object</ShortMessage>
    <LongMessage>new org.junit.internal.runners.MethodRoadie(Object, TestMethod, RunNotifier, Description) may expose internal representation by storing an externally mutable object into MethodRoadie.fNotifier</LongMessage>
    <Class classname="org.junit.internal.runners.MethodRoadie" primary="true" classAnnotationNames="java.lang.Deprecated">
      <SourceLine classname="org.junit.internal.runners.MethodRoadie" start="31" end="155" sourcefile="MethodRoadie.java" sourcepath="org/junit/internal/runners/MethodRoadie.java">
        <Message>At MethodRoadie.java:[lines 31-155]</Message>
      </SourceLine>
      <Message>In class org.junit.internal.runners.MethodRoadie</Message>
    </Class>
    <Method classname="org.junit.internal.runners.MethodRoadie" name="&lt;init&gt;" signature="(Ljava/lang/Object;Lorg/junit/internal/runners/TestMethod;Lorg/junit/runner/notification/RunNotifier;Lorg/junit/runner/Description;)V" isStatic="false" primary="true" classAnnotationNames="java.lang.Deprecated">
      <SourceLine classname="org.junit.internal.runners.MethodRoadie" start="31" end="36" startBytecode="0" endBytecode="127" sourcefile="MethodRoadie.java" sourcepath="org/junit/internal/runners/MethodRoadie.java"/>
      <Message>In method new org.junit.internal.runners.MethodRoadie(Object, TestMethod, RunNotifier, Description)</Message>
    </Method>
    <Field classname="org.junit.internal.runners.MethodRoadie" name="fNotifier" signature="Lorg/junit/runner/notification/RunNotifier;" isStatic="false" primary="true" classAnnotationNames="java.lang.Deprecated">
      <SourceLine classname="org.junit.internal.runners.MethodRoadie" sourcefile="MethodRoadie.java" sourcepath="org/junit/internal/runners/MethodRoadie.java">
        <Message>In MethodRoadie.java</Message>
      </SourceLine>
      <Message>Field org.junit.internal.runners.MethodRoadie.fNotifier</Message>
    </Field>
    <LocalVariable name="notifier" register="3" pc="11" role="LOCAL_VARIABLE_NAMED">
      <Message>Local variable named notifier</Message>
    </LocalVariable>
    <SourceLine classname="org.junit.internal.runners.MethodRoadie" primary="true" start="33" end="33" startBytecode="11" endBytecode="11" sourcefile="MethodRoadie.java" sourcepath="org/junit/internal/runners/MethodRoadie.java">
      <Message>At MethodRoadie.java:[line 33]</Message>
    </SourceLine>
  </BugInstance>
  <BugInstance type="EI_EXPOSE_REP" priority="2" rank="18" abbrev="EI" category="MALICIOUS_CODE" instanceHash="12cf5a2f901a7c08d129e27112098e4f" instanceOccurrenceNum="0" instanceOccurrenceMax="0" cweid="374">
    <ShortMessage>May expose internal representation by returning reference to mutable object</ShortMessage>
    <LongMessage>org.junit.internal.runners.MethodValidator.validateMethodsForDefaultRunner() may expose internal representation by returning MethodValidator.fErrors</LongMessage>
    <Class classname="org.junit.internal.runners.MethodValidator" primary="true" classAnnotationNames="java.lang.Deprecated">
      <SourceLine classname="org.junit.internal.runners.MethodValidator" start="24" end="90" sourcefile="MethodValidator.java" sourcepath="org/junit/internal/runners/MethodValidator.java">
        <Message>At MethodValidator.java:[lines 24-90]</Message>
      </SourceLine>
      <Message>In class org.junit.internal.runners.MethodValidator</Message>
    </Class>
    <Method classname="org.junit.internal.runners.MethodValidator" name="validateMethodsForDefaultRunner" signature="()Ljava/util/List;" isStatic="false" primary="true" classAnnotationNames="java.lang.Deprecated">
      <SourceLine classname="org.junit.internal.runners.MethodValidator" start="48" end="51" startBytecode="0" endBytecode="70" sourcefile="MethodValidator.java" sourcepath="org/junit/internal/runners/MethodValidator.java"/>
      <Message>In method org.junit.internal.runners.MethodValidator.validateMethodsForDefaultRunner()</Message>
    </Method>
    <Field classname="org.junit.internal.runners.MethodValidator" name="fErrors" signature="Ljava/util/List;" isStatic="false" primary="true" classAnnotationNames="java.lang.Deprecated">
      <SourceLine classname="org.junit.internal.runners.MethodValidator" sourcefile="MethodValidator.java" sourcepath="org/junit/internal/runners/MethodValidator.java">
        <Message>In MethodValidator.java</Message>
      </SourceLine>
      <Message>Field org.junit.internal.runners.MethodValidator.fErrors</Message>
    </Field>
    <SourceLine classname="org.junit.internal.runners.MethodValidator" primary="true" start="51" end="51" startBytecode="16" endBytecode="16" sourcefile="MethodValidator.java" sourcepath="org/junit/internal/runners/MethodValidator.java">
      <Message>At MethodValidator.java:[line 51]</Message>
    </SourceLine>
  </BugInstance>
  <BugInstance type="CT_CONSTRUCTOR_THROW" priority="2" rank="16" abbrev="CT" category="BAD_PRACTICE" instanceHash="6b7d8dbfd7150468fcb2a5dbb91675c6" instanceOccurrenceNum="0" instanceOccurrenceMax="0">
    <ShortMessage>Be wary of letting constructors throw exceptions.</ShortMessage>
    <LongMessage>Exception thrown in class org.junit.internal.runners.SuiteMethod at new org.junit.internal.runners.SuiteMethod(Class) will leave the constructor. The object under construction remains partially initialized and may be vulnerable to Finalizer attacks.</LongMessage>
    <Class classname="org.junit.internal.runners.SuiteMethod" primary="true">
      <SourceLine classname="org.junit.internal.runners.SuiteMethod" start="23" end="38" sourcefile="SuiteMethod.java" sourcepath="org/junit/internal/runners/SuiteMethod.java">
        <Message>At SuiteMethod.java:[lines 23-38]</Message>
      </SourceLine>
      <Message>In class org.junit.internal.runners.SuiteMethod</Message>
    </Class>
    <Method classname="org.junit.internal.runners.SuiteMethod" name="&lt;init&gt;" signature="(Ljava/lang/Class;)V" isStatic="false" primary="true">
      <SourceLine classname="org.junit.internal.runners.SuiteMethod" start="23" end="24" startBytecode="0" endBytecode="82" sourcefile="SuiteMethod.java" sourcepath="org/junit/internal/runners/SuiteMethod.java"/>
      <Message>In method new org.junit.internal.runners.SuiteMethod(Class)</Message>
    </Method>
    <SourceLine classname="org.junit.internal.runners.SuiteMethod" primary="true" start="24" end="24" startBytecode="9" endBytecode="9" sourcefile="SuiteMethod.java" sourcepath="org/junit/internal/runners/SuiteMethod.java">
      <Message>At SuiteMethod.java:[line 24]</Message>
    </SourceLine>
    <SourceLine classname="org.junit.internal.runners.SuiteMethod" start="24" end="24" startBytecode="9" endBytecode="9" sourcefile="SuiteMethod.java" sourcepath="org/junit/internal/runners/SuiteMethod.java">
      <Message>At SuiteMethod.java:[line 24]</Message>
    </SourceLine>
  </BugInstance>
  <BugInstance type="EI_EXPOSE_REP2" priority="2" rank="18" abbrev="EI2" category="MALICIOUS_CODE" instanceHash="52b394cd938bcbfcd1b16e79e37da97b" instanceOccurrenceNum="0" instanceOccurrenceMax="0" cweid="374">
    <ShortMessage>May expose internal representation by incorporating reference to mutable object</ShortMessage>
    <LongMessage>new org.junit.internal.runners.TestMethod(Method, TestClass) may expose internal representation by storing an externally mutable object into TestMethod.fMethod</LongMessage>
    <Class classname="org.junit.internal.runners.TestMethod" primary="true" classAnnotationNames="java.lang.Deprecated">
      <SourceLine classname="org.junit.internal.runners.TestMethod" start="24" end="67" sourcefile="TestMethod.java" sourcepath="org/junit/internal/runners/TestMethod.java">
        <Message>At TestMethod.java:[lines 24-67]</Message>
      </SourceLine>
      <Message>In class org.junit.internal.runners.TestMethod</Message>
    </Class>
    <Method classname="org.junit.internal.runners.TestMethod" name="&lt;init&gt;" signature="(Ljava/lang/reflect/Method;Lorg/junit/internal/runners/TestClass;)V" isStatic="false" primary="true" classAnnotationNames="java.lang.Deprecated">
      <SourceLine classname="org.junit.internal.runners.TestMethod" start="24" end="27" startBytecode="0" endBytecode="88" sourcefile="TestMethod.java" sourcepath="org/junit/internal/runners/TestMethod.java"/>
      <Message>In method new org.junit.internal.runners.TestMethod(Method, TestClass)</Message>
    </Method>
    <Field classname="org.junit.internal.runners.TestMethod" name="fMethod" signature="Ljava/lang/reflect/Method;" isStatic="false" primary="true" classAnnotationNames="java.lang.Deprecated">
      <SourceLine classname="org.junit.internal.runners.TestMethod" sourcefile="TestMethod.java" sourcepath="org/junit/internal/runners/TestMethod.java">
        <Message>In TestMethod.java</Message>
      </SourceLine>
      <Message>Field org.junit.internal.runners.TestMethod.fMethod</Message>
    </Field>
    <LocalVariable name="method" register="1" pc="6" role="LOCAL_VARIABLE_NAMED">
      <Message>Local variable named method</Message>
    </LocalVariable>
    <SourceLine classname="org.junit.internal.runners.TestMethod" primary="true" start="25" end="25" startBytecode="6" endBytecode="6" sourcefile="TestMethod.java" sourcepath="org/junit/internal/runners/TestMethod.java">
      <Message>At TestMethod.java:[line 25]</Message>
    </SourceLine>
  </BugInstance>
  <BugInstance type="EI_EXPOSE_REP2" priority="2" rank="18" abbrev="EI2" category="MALICIOUS_CODE" instanceHash="6a175ee4aa118c0afe89ddadf93ea764" instanceOccurrenceNum="0" instanceOccurrenceMax="0" cweid="374">
    <ShortMessage>May expose internal representation by incorporating reference to mutable object</ShortMessage>
    <LongMessage>new org.junit.internal.runners.model.EachTestNotifier(RunNotifier, Description) may expose internal representation by storing an externally mutable object into EachTestNotifier.fDescription</LongMessage>
    <Class classname="org.junit.internal.runners.model.EachTestNotifier" primary="true">
      <SourceLine classname="org.junit.internal.runners.model.EachTestNotifier" start="17" end="46" sourcefile="EachTestNotifier.java" sourcepath="org/junit/internal/runners/model/EachTestNotifier.java">
        <Message>At EachTestNotifier.java:[lines 17-46]</Message>
      </SourceLine>
      <Message>In class org.junit.internal.runners.model.EachTestNotifier</Message>
    </Class>
    <Method classname="org.junit.internal.runners.model.EachTestNotifier" name="&lt;init&gt;" signature="(Lorg/junit/runner/notification/RunNotifier;Lorg/junit/runner/Description;)V" isStatic="false" primary="true">
      <SourceLine classname="org.junit.internal.runners.model.EachTestNotifier" start="17" end="20" startBytecode="0" endBytecode="88" sourcefile="EachTestNotifier.java" sourcepath="org/junit/internal/runners/model/EachTestNotifier.java"/>
      <Message>In method new org.junit.internal.runners.model.EachTestNotifier(RunNotifier, Description)</Message>
    </Method>
    <Field classname="org.junit.internal.runners.model.EachTestNotifier" name="fDescription" signature="Lorg/junit/runner/Description;" isStatic="false" primary="true">
      <SourceLine classname="org.junit.internal.runners.model.EachTestNotifier" sourcefile="EachTestNotifier.java" sourcepath="org/junit/internal/runners/model/EachTestNotifier.java">
        <Message>In EachTestNotifier.java</Message>
      </SourceLine>
      <Message>Field org.junit.internal.runners.model.EachTestNotifier.fDescription</Message>
    </Field>
    <LocalVariable name="description" register="2" pc="11" role="LOCAL_VARIABLE_NAMED">
      <Message>Local variable named description</Message>
    </LocalVariable>
    <SourceLine classname="org.junit.internal.runners.model.EachTestNotifier" primary="true" start="19" end="19" startBytecode="11" endBytecode="11" sourcefile="EachTestNotifier.java" sourcepath="org/junit/internal/runners/model/EachTestNotifier.java">
      <Message>At EachTestNotifier.java:[line 19]</Message>
    </SourceLine>
  </BugInstance>
  <BugInstance type="EI_EXPOSE_REP2" priority="2" rank="18" abbrev="EI2" category="MALICIOUS_CODE" instanceHash="24bf05bca6f5dd11af2f77d1a02558ac" instanceOccurrenceNum="0" instanceOccurrenceMax="0" cweid="374">
    <ShortMessage>May expose internal representation by incorporating reference to mutable object</ShortMessage>
    <LongMessage>new org.junit.internal.runners.model.EachTestNotifier(RunNotifier, Description) may expose internal representation by storing an externally mutable object into EachTestNotifier.fNotifier</LongMessage>
    <Class classname="org.junit.internal.runners.model.EachTestNotifier" primary="true">
      <SourceLine classname="org.junit.internal.runners.model.EachTestNotifier" start="17" end="46" sourcefile="EachTestNotifier.java" sourcepath="org/junit/internal/runners/model/EachTestNotifier.java">
        <Message>At EachTestNotifier.java:[lines 17-46]</Message>
      </SourceLine>
      <Message>In class org.junit.internal.runners.model.EachTestNotifier</Message>
    </Class>
    <Method classname="org.junit.internal.runners.model.EachTestNotifier" name="&lt;init&gt;" signature="(Lorg/junit/runner/notification/RunNotifier;Lorg/junit/runner/Description;)V" isStatic="false" primary="true">
      <SourceLine classname="org.junit.internal.runners.model.EachTestNotifier" start="17" end="20" startBytecode="0" endBytecode="88" sourcefile="EachTestNotifier.java" sourcepath="org/junit/internal/runners/model/EachTestNotifier.java"/>
      <Message>In method new org.junit.internal.runners.model.EachTestNotifier(RunNotifier, Description)</Message>
    </Method>
    <Field classname="org.junit.internal.runners.model.EachTestNotifier" name="fNotifier" signature="Lorg/junit/runner/notification/RunNotifier;" isStatic="false" primary="true">
      <SourceLine classname="org.junit.internal.runners.model.EachTestNotifier" sourcefile="EachTestNotifier.java" sourcepath="org/junit/internal/runners/model/EachTestNotifier.java">
        <Message>In EachTestNotifier.java</Message>
      </SourceLine>
      <Message>Field org.junit.internal.runners.model.EachTestNotifier.fNotifier</Message>
    </Field>
    <LocalVariable name="notifier" register="1" pc="6" role="LOCAL_VARIABLE_NAMED">
      <Message>Local variable named notifier</Message>
    </LocalVariable>
    <SourceLine classname="org.junit.internal.runners.model.EachTestNotifier" primary="true" start="18" end="18" startBytecode="6" endBytecode="6" sourcefile="EachTestNotifier.java" sourcepath="org/junit/internal/runners/model/EachTestNotifier.java">
      <Message>At EachTestNotifier.java:[line 18]</Message>
    </SourceLine>
  </BugInstance>
  <BugInstance type="EI_EXPOSE_REP" priority="2" rank="18" abbrev="EI" category="MALICIOUS_CODE" instanceHash="b6a0109e93473e8d8bec9fe2df565363" instanceOccurrenceNum="0" instanceOccurrenceMax="0" cweid="374">
    <ShortMessage>May expose internal representation by returning reference to mutable object</ShortMessage>
    <LongMessage>org.junit.internal.runners.model.MultipleFailureException.getFailures() may expose internal representation by returning MultipleFailureException.fErrors</LongMessage>
    <Class classname="org.junit.internal.runners.model.MultipleFailureException" primary="true">
      <SourceLine classname="org.junit.internal.runners.model.MultipleFailureException" start="10" end="23" sourcefile="MultipleFailureException.java" sourcepath="org/junit/internal/runners/model/MultipleFailureException.java">
        <Message>At MultipleFailureException.java:[lines 10-23]</Message>
      </SourceLine>
      <Message>In class org.junit.internal.runners.model.MultipleFailureException</Message>
    </Class>
    <Method classname="org.junit.internal.runners.model.MultipleFailureException" name="getFailures" signature="()Ljava/util/List;" isStatic="false" primary="true">
      <SourceLine classname="org.junit.internal.runners.model.MultipleFailureException" start="15" end="15" startBytecode="0" endBytecode="46" sourcefile="MultipleFailureException.java" sourcepath="org/junit/internal/runners/model/MultipleFailureException.java"/>
      <Message>In method org.junit.internal.runners.model.MultipleFailureException.getFailures()</Message>
    </Method>
    <Field classname="org.junit.internal.runners.model.MultipleFailureException" name="fErrors" signature="Ljava/util/List;" isStatic="false" primary="true">
      <SourceLine classname="org.junit.internal.runners.model.MultipleFailureException" sourcefile="MultipleFailureException.java" sourcepath="org/junit/internal/runners/model/MultipleFailureException.java">
        <Message>In MultipleFailureException.java</Message>
      </SourceLine>
      <Message>Field org.junit.internal.runners.model.MultipleFailureException.fErrors</Message>
    </Field>
    <SourceLine classname="org.junit.internal.runners.model.MultipleFailureException" primary="true" start="15" end="15" startBytecode="4" endBytecode="4" sourcefile="MultipleFailureException.java" sourcepath="org/junit/internal/runners/model/MultipleFailureException.java">
      <Message>At MultipleFailureException.java:[line 15]</Message>
    </SourceLine>
  </BugInstance>
  <BugInstance type="EI_EXPOSE_REP2" priority="2" rank="18" abbrev="EI2" category="MALICIOUS_CODE" instanceHash="8957d53c4441f154236202a45e3bb2a" instanceOccurrenceNum="0" instanceOccurrenceMax="0" cweid="374">
    <ShortMessage>May expose internal representation by incorporating reference to mutable object</ShortMessage>
    <LongMessage>new org.junit.internal.runners.model.MultipleFailureException(List) may expose internal representation by storing an externally mutable object into MultipleFailureException.fErrors</LongMessage>
    <Class classname="org.junit.internal.runners.model.MultipleFailureException" primary="true">
      <SourceLine classname="org.junit.internal.runners.model.MultipleFailureException" start="10" end="23" sourcefile="MultipleFailureException.java" sourcepath="org/junit/internal/runners/model/MultipleFailureException.java">
        <Message>At MultipleFailureException.java:[lines 10-23]</Message>
      </SourceLine>
      <Message>In class org.junit.internal.runners.model.MultipleFailureException</Message>
    </Class>
    <Method classname="org.junit.internal.runners.model.MultipleFailureException" name="&lt;init&gt;" signature="(Ljava/util/List;)V" isStatic="false" primary="true">
      <SourceLine classname="org.junit.internal.runners.model.MultipleFailureException" start="10" end="12" startBytecode="0" endBytecode="87" sourcefile="MultipleFailureException.java" sourcepath="org/junit/internal/runners/model/MultipleFailureException.java"/>
      <Message>In method new org.junit.internal.runners.model.MultipleFailureException(List)</Message>
    </Method>
    <Field classname="org.junit.internal.runners.model.MultipleFailureException" name="fErrors" signature="Ljava/util/List;" isStatic="false" primary="true">
      <SourceLine classname="org.junit.internal.runners.model.MultipleFailureException" sourcefile="MultipleFailureException.java" sourcepath="org/junit/internal/runners/model/MultipleFailureException.java">
        <Message>In MultipleFailureException.java</Message>
      </SourceLine>
      <Message>Field org.junit.internal.runners.model.MultipleFailureException.fErrors</Message>
    </Field>
    <LocalVariable name="errors" register="1" pc="6" role="LOCAL_VARIABLE_NAMED">
      <Message>Local variable named errors</Message>
    </LocalVariable>
    <SourceLine classname="org.junit.internal.runners.model.MultipleFailureException" primary="true" start="11" end="11" startBytecode="6" endBytecode="6" sourcefile="MultipleFailureException.java" sourcepath="org/junit/internal/runners/model/MultipleFailureException.java">
      <Message>At MultipleFailureException.java:[line 11]</Message>
    </SourceLine>
  </BugInstance>
  <BugInstance type="NM_CLASS_NOT_EXCEPTION" priority="2" rank="16" abbrev="Nm" category="BAD_PRACTICE" instanceHash="b768c6ade6b3d9e4569c11ad1e20739e" instanceOccurrenceNum="0" instanceOccurrenceMax="0">
    <ShortMessage>Class is not derived from an Exception, even though it is named as such</ShortMessage>
    <LongMessage>Class org.junit.internal.runners.statements.ExpectException is not derived from an Exception, even though it is named as such</LongMessage>
    <Class classname="org.junit.internal.runners.statements.ExpectException" primary="true">
      <SourceLine classname="org.junit.internal.runners.statements.ExpectException" start="12" end="34" sourcefile="ExpectException.java" sourcepath="org/junit/internal/runners/statements/ExpectException.java">
        <Message>At ExpectException.java:[lines 12-34]</Message>
      </SourceLine>
      <Message>In class org.junit.internal.runners.statements.ExpectException</Message>
    </Class>
    <SourceLine classname="org.junit.internal.runners.statements.ExpectException" start="12" end="34" sourcefile="ExpectException.java" sourcepath="org/junit/internal/runners/statements/ExpectException.java" synthetic="true">
      <Message>At ExpectException.java:[lines 12-34]</Message>
    </SourceLine>
  </BugInstance>
  <BugInstance type="EI_EXPOSE_REP2" priority="2" rank="18" abbrev="EI2" category="MALICIOUS_CODE" instanceHash="697e69e9c768e13735f483fca173cf41" instanceOccurrenceNum="0" instanceOccurrenceMax="0" cweid="374">
    <ShortMessage>May expose internal representation by incorporating reference to mutable object</ShortMessage>
    <LongMessage>new org.junit.internal.runners.statements.Fail(Throwable) may expose internal representation by storing an externally mutable object into Fail.fError</LongMessage>
    <Class classname="org.junit.internal.runners.statements.Fail" primary="true">
      <SourceLine classname="org.junit.internal.runners.statements.Fail" start="9" end="15" sourcefile="Fail.java" sourcepath="org/junit/internal/runners/statements/Fail.java">
        <Message>At Fail.java:[lines 9-15]</Message>
      </SourceLine>
      <Message>In class org.junit.internal.runners.statements.Fail</Message>
    </Class>
    <Method classname="org.junit.internal.runners.statements.Fail" name="&lt;init&gt;" signature="(Ljava/lang/Throwable;)V" isStatic="false" primary="true">
      <SourceLine classname="org.junit.internal.runners.statements.Fail" start="9" end="11" startBytecode="0" endBytecode="69" sourcefile="Fail.java" sourcepath="org/junit/internal/runners/statements/Fail.java"/>
      <Message>In method new org.junit.internal.runners.statements.Fail(Throwable)</Message>
    </Method>
    <Field classname="org.junit.internal.runners.statements.Fail" name="fError" signature="Ljava/lang/Throwable;" isStatic="false" primary="true">
      <SourceLine classname="org.junit.internal.runners.statements.Fail" sourcefile="Fail.java" sourcepath="org/junit/internal/runners/statements/Fail.java">
        <Message>In Fail.java</Message>
      </SourceLine>
      <Message>Field org.junit.internal.runners.statements.Fail.fError</Message>
    </Field>
    <LocalVariable name="e" register="1" pc="6" role="LOCAL_VARIABLE_NAMED">
      <Message>Local variable named e</Message>
    </LocalVariable>
    <SourceLine classname="org.junit.internal.runners.statements.Fail" primary="true" start="10" end="10" startBytecode="6" endBytecode="6" sourcefile="Fail.java" sourcepath="org/junit/internal/runners/statements/Fail.java">
      <Message>At Fail.java:[line 10]</Message>
    </SourceLine>
  </BugInstance>
  <BugInstance type="EI_EXPOSE_REP2" priority="2" rank="18" abbrev="EI2" category="MALICIOUS_CODE" instanceHash="5e615feced50fc84d363e9d4886387c1" instanceOccurrenceNum="0" instanceOccurrenceMax="0" cweid="374">
    <ShortMessage>May expose internal representation by incorporating reference to mutable object</ShortMessage>
    <LongMessage>new org.junit.internal.runners.statements.RunAfters(Statement, List, Object) may expose internal representation by storing an externally mutable object into RunAfters.fAfters</LongMessage>
    <Class classname="org.junit.internal.runners.statements.RunAfters" primary="true">
      <SourceLine classname="org.junit.internal.runners.statements.RunAfters" start="20" end="43" sourcefile="RunAfters.java" sourcepath="org/junit/internal/runners/statements/RunAfters.java">
        <Message>At RunAfters.java:[lines 20-43]</Message>
      </SourceLine>
      <Message>In class org.junit.internal.runners.statements.RunAfters</Message>
    </Class>
    <Method classname="org.junit.internal.runners.statements.RunAfters" name="&lt;init&gt;" signature="(Lorg/junit/runners/model/Statement;Ljava/util/List;Ljava/lang/Object;)V" isStatic="false" primary="true">
      <SourceLine classname="org.junit.internal.runners.statements.RunAfters" start="20" end="24" startBytecode="0" endBytecode="125" sourcefile="RunAfters.java" sourcepath="org/junit/internal/runners/statements/RunAfters.java"/>
      <Message>In method new org.junit.internal.runners.statements.RunAfters(Statement, List, Object)</Message>
    </Method>
    <Field classname="org.junit.internal.runners.statements.RunAfters" name="fAfters" signature="Ljava/util/List;" isStatic="false" primary="true">
      <SourceLine classname="org.junit.internal.runners.statements.RunAfters" sourcefile="RunAfters.java" sourcepath="org/junit/internal/runners/statements/RunAfters.java">
        <Message>In RunAfters.java</Message>
      </SourceLine>
      <Message>Field org.junit.internal.runners.statements.RunAfters.fAfters</Message>
    </Field>
    <LocalVariable name="afters" register="2" pc="11" role="LOCAL_VARIABLE_NAMED">
      <Message>Local variable named afters</Message>
    </LocalVariable>
    <SourceLine classname="org.junit.internal.runners.statements.RunAfters" primary="true" start="22" end="22" startBytecode="11" endBytecode="11" sourcefile="RunAfters.java" sourcepath="org/junit/internal/runners/statements/RunAfters.java">
      <Message>At RunAfters.java:[line 22]</Message>
    </SourceLine>
  </BugInstance>
  <BugInstance type="EI_EXPOSE_REP2" priority="2" rank="18" abbrev="EI2" category="MALICIOUS_CODE" instanceHash="9dccb7618081dba05b946216ab6b6e21" instanceOccurrenceNum="0" instanceOccurrenceMax="0" cweid="374">
    <ShortMessage>May expose internal representation by incorporating reference to mutable object</ShortMessage>
    <LongMessage>new org.junit.internal.runners.statements.RunBefores(Statement, List, Object) may expose internal representation by storing an externally mutable object into RunBefores.fBefores</LongMessage>
    <Class classname="org.junit.internal.runners.statements.RunBefores" primary="true">
      <SourceLine classname="org.junit.internal.runners.statements.RunBefores" start="18" end="29" sourcefile="RunBefores.java" sourcepath="org/junit/internal/runners/statements/RunBefores.java">
        <Message>At RunBefores.java:[lines 18-29]</Message>
      </SourceLine>
      <Message>In class org.junit.internal.runners.statements.RunBefores</Message>
    </Class>
    <Method classname="org.junit.internal.runners.statements.RunBefores" name="&lt;init&gt;" signature="(Lorg/junit/runners/model/Statement;Ljava/util/List;Ljava/lang/Object;)V" isStatic="false" primary="true">
      <SourceLine classname="org.junit.internal.runners.statements.RunBefores" start="18" end="22" startBytecode="0" endBytecode="125" sourcefile="RunBefores.java" sourcepath="org/junit/internal/runners/statements/RunBefores.java"/>
      <Message>In method new org.junit.internal.runners.statements.RunBefores(Statement, List, Object)</Message>
    </Method>
    <Field classname="org.junit.internal.runners.statements.RunBefores" name="fBefores" signature="Ljava/util/List;" isStatic="false" primary="true">
      <SourceLine classname="org.junit.internal.runners.statements.RunBefores" sourcefile="RunBefores.java" sourcepath="org/junit/internal/runners/statements/RunBefores.java">
        <Message>In RunBefores.java</Message>
      </SourceLine>
      <Message>Field org.junit.internal.runners.statements.RunBefores.fBefores</Message>
    </Field>
    <LocalVariable name="befores" register="2" pc="11" role="LOCAL_VARIABLE_NAMED">
      <Message>Local variable named befores</Message>
    </LocalVariable>
    <SourceLine classname="org.junit.internal.runners.statements.RunBefores" primary="true" start="20" end="20" startBytecode="11" endBytecode="11" sourcefile="RunBefores.java" sourcepath="org/junit/internal/runners/statements/RunBefores.java">
      <Message>At RunBefores.java:[line 20]</Message>
    </SourceLine>
  </BugInstance>
  <BugInstance type="SIC_INNER_SHOULD_BE_STATIC_ANON" priority="3" rank="20" abbrev="SIC" category="PERFORMANCE" instanceHash="b057b730ba89a5db475d3fc2255ac590" instanceOccurrenceNum="0" instanceOccurrenceMax="0">
    <ShortMessage>Could be refactored into a named static inner class</ShortMessage>
    <LongMessage>The class org.junit.rules.ErrorCollector$1 could be refactored into a named _static_ inner class</LongMessage>
    <Class classname="org.junit.rules.ErrorCollector$1" role="CLASS_ANONYMOUS">
      <SourceLine classname="org.junit.rules.ErrorCollector$1" start="56" end="58" sourcefile="ErrorCollector.java" sourcepath="org/junit/rules/ErrorCollector.java">
        <Message>At ErrorCollector.java:[lines 56-58]</Message>
      </SourceLine>
      <Message>Anonymous class org.junit.rules.ErrorCollector$1</Message>
    </Class>
    <Class classname="org.junit.rules.ErrorCollector" primary="true">
      <SourceLine classname="org.junit.rules.ErrorCollector" start="35" end="73" sourcefile="ErrorCollector.java" sourcepath="org/junit/rules/ErrorCollector.java">
        <Message>At ErrorCollector.java:[lines 35-73]</Message>
      </SourceLine>
      <Message>In class org.junit.rules.ErrorCollector</Message>
    </Class>
    <Method classname="org.junit.rules.ErrorCollector" name="checkThat" signature="(Ljava/lang/Object;Lorg/hamcrest/Matcher;)V" isStatic="false" primary="true">
      <SourceLine classname="org.junit.rules.ErrorCollector" start="55" end="61" startBytecode="0" endBytecode="109" sourcefile="ErrorCollector.java" sourcepath="org/junit/rules/ErrorCollector.java"/>
      <Message>In method org.junit.rules.ErrorCollector.checkThat(Object, Matcher)</Message>
    </Method>
    <SourceLine classname="org.junit.rules.ErrorCollector" primary="true" start="55" end="55" startBytecode="8" endBytecode="8" sourcefile="ErrorCollector.java" sourcepath="org/junit/rules/ErrorCollector.java">
      <Message>At ErrorCollector.java:[line 55]</Message>
    </SourceLine>
  </BugInstance>
  <BugInstance type="NM_CLASS_NOT_EXCEPTION" priority="2" rank="16" abbrev="Nm" category="BAD_PRACTICE" instanceHash="28cf09d73aac1828cc402faed03ed261" instanceOccurrenceNum="0" instanceOccurrenceMax="0">
    <ShortMessage>Class is not derived from an Exception, even though it is named as such</ShortMessage>
    <LongMessage>Class org.junit.rules.ExpectedException is not derived from an Exception, even though it is named as such</LongMessage>
    <Class classname="org.junit.rules.ExpectedException" primary="true">
      <SourceLine classname="org.junit.rules.ExpectedException" start="45" end="124" sourcefile="ExpectedException.java" sourcepath="org/junit/rules/ExpectedException.java">
        <Message>At ExpectedException.java:[lines 45-124]</Message>
      </SourceLine>
      <Message>In class org.junit.rules.ExpectedException</Message>
    </Class>
    <SourceLine classname="org.junit.rules.ExpectedException" start="45" end="124" sourcefile="ExpectedException.java" sourcepath="org/junit/rules/ExpectedException.java" synthetic="true">
      <Message>At ExpectedException.java:[lines 45-124]</Message>
    </SourceLine>
  </BugInstance>
  <BugInstance type="SIC_INNER_SHOULD_BE_STATIC_ANON" priority="3" rank="20" abbrev="SIC" category="PERFORMANCE" instanceHash="a1ea0c7333be61558a6df71abb594e56" instanceOccurrenceNum="0" instanceOccurrenceMax="0">
    <ShortMessage>Could be refactored into a named static inner class</ShortMessage>
    <LongMessage>The class org.junit.rules.ExpectedException$1 could be refactored into a named _static_ inner class</LongMessage>
    <Class classname="org.junit.rules.ExpectedException$1" role="CLASS_ANONYMOUS">
      <SourceLine classname="org.junit.rules.ExpectedException$1" start="126" end="132" sourcefile="ExpectedException.java" sourcepath="org/junit/rules/ExpectedException.java">
        <Message>At ExpectedException.java:[lines 126-132]</Message>
      </SourceLine>
      <Message>Anonymous class org.junit.rules.ExpectedException$1</Message>
    </Class>
    <Class classname="org.junit.rules.ExpectedException" primary="true">
      <SourceLine classname="org.junit.rules.ExpectedException" start="45" end="124" sourcefile="ExpectedException.java" sourcepath="org/junit/rules/ExpectedException.java">
        <Message>At ExpectedException.java:[lines 45-124]</Message>
      </SourceLine>
      <Message>In class org.junit.rules.ExpectedException</Message>
    </Class>
    <Method classname="org.junit.rules.ExpectedException" name="hasMessage" signature="(Lorg/hamcrest/Matcher;)Lorg/hamcrest/Matcher;" isStatic="false" primary="true">
      <SourceLine classname="org.junit.rules.ExpectedException" start="124" end="124" startBytecode="0" endBytecode="79" sourcefile="ExpectedException.java" sourcepath="org/junit/rules/ExpectedException.java"/>
      <Message>In method org.junit.rules.ExpectedException.hasMessage(Matcher)</Message>
    </Method>
    <SourceLine classname="org.junit.rules.ExpectedException" primary="true" start="124" end="124" startBytecode="6" endBytecode="6" sourcefile="ExpectedException.java" sourcepath="org/junit/rules/ExpectedException.java">
      <Message>At ExpectedException.java:[line 124]</Message>
    </SourceLine>
  </BugInstance>
  <BugInstance type="CT_CONSTRUCTOR_THROW" priority="2" rank="16" abbrev="CT" category="BAD_PRACTICE" instanceHash="bda89babd75e4af0e2719496d6eb363f" instanceOccurrenceNum="0" instanceOccurrenceMax="0">
    <ShortMessage>Be wary of letting constructors throw exceptions.</ShortMessage>
    <LongMessage>Exception thrown in class org.junit.rules.ExternalResource$1 at new org.junit.rules.ExternalResource$1(ExternalResource, Statement) will leave the constructor. The object under construction remains partially initialized and may be vulnerable to Finalizer attacks.</LongMessage>
    <Class classname="org.junit.rules.ExternalResource$1" primary="true">
      <SourceLine classname="org.junit.rules.ExternalResource$1" start="40" end="47" sourcefile="ExternalResource.java" sourcepath="org/junit/rules/ExternalResource.java">
        <Message>At ExternalResource.java:[lines 40-47]</Message>
      </SourceLine>
      <Message>In class org.junit.rules.ExternalResource$1</Message>
    </Class>
    <Method classname="org.junit.rules.ExternalResource$1" name="&lt;init&gt;" signature="(Lorg/junit/rules/ExternalResource;Lorg/junit/runners/model/Statement;)V" isStatic="false" primary="true">
      <SourceLine classname="org.junit.rules.ExternalResource$1" start="40" end="40" startBytecode="0" endBytecode="56" sourcefile="ExternalResource.java" sourcepath="org/junit/rules/ExternalResource.java"/>
      <Message>In method new org.junit.rules.ExternalResource$1(ExternalResource, Statement)</Message>
    </Method>
    <SourceLine classname="org.junit.rules.ExternalResource$1" primary="true" start="40" end="40" startBytecode="33" endBytecode="33" sourcefile="ExternalResource.java" sourcepath="org/junit/rules/ExternalResource.java">
      <Message>At ExternalResource.java:[line 40]</Message>
    </SourceLine>
    <SourceLine classname="org.junit.rules.ExternalResource$1" start="40" end="40" startBytecode="33" endBytecode="33" sourcefile="ExternalResource.java" sourcepath="org/junit/rules/ExternalResource.java">
      <Message>At ExternalResource.java:[line 40]</Message>
    </SourceLine>
  </BugInstance>
  <BugInstance type="RV_RETURN_VALUE_IGNORED_BAD_PRACTICE" priority="2" rank="16" abbrev="RV" category="BAD_PRACTICE" instanceHash="c4317c0f1d0107d5e544d727ef110bf7" instanceOccurrenceNum="0" instanceOccurrenceMax="0" cweid="253">
    <ShortMessage>Method ignores exceptional return value</ShortMessage>
    <LongMessage>Exceptional return value of java.io.File.delete() ignored in org.junit.rules.TemporaryFolder.create()</LongMessage>
    <Class classname="org.junit.rules.TemporaryFolder" primary="true">
      <SourceLine classname="org.junit.rules.TemporaryFolder" start="27" end="90" sourcefile="TemporaryFolder.java" sourcepath="org/junit/rules/TemporaryFolder.java">
        <Message>At TemporaryFolder.java:[lines 27-90]</Message>
      </SourceLine>
      <Message>In class org.junit.rules.TemporaryFolder</Message>
    </Class>
    <Method classname="org.junit.rules.TemporaryFolder" name="create" signature="()V" isStatic="false" primary="true">
      <SourceLine classname="org.junit.rules.TemporaryFolder" start="45" end="48" startBytecode="0" endBytecode="81" sourcefile="TemporaryFolder.java" sourcepath="org/junit/rules/TemporaryFolder.java"/>
      <Message>In method org.junit.rules.TemporaryFolder.create()</Message>
    </Method>
    <Method classname="java.io.File" name="delete" signature="()Z" isStatic="false" role="METHOD_CALLED">
      <SourceLine classname="java.io.File" start="1066" end="1073" startBytecode="0" endBytecode="119" sourcefile="File.java" sourcepath="java/io/File.java"/>
      <Message>Called method java.io.File.delete()</Message>
    </Method>
    <SourceLine classname="org.junit.rules.TemporaryFolder" primary="true" start="46" end="46" startBytecode="15" endBytecode="15" sourcefile="TemporaryFolder.java" sourcepath="org/junit/rules/TemporaryFolder.java">
      <Message>At TemporaryFolder.java:[line 46]</Message>
    </SourceLine>
  </BugInstance>
  <BugInstance type="RV_RETURN_VALUE_IGNORED_BAD_PRACTICE" priority="2" rank="16" abbrev="RV" category="BAD_PRACTICE" instanceHash="ea12c0e2caa473701e67bd7644cef9f4" instanceOccurrenceNum="0" instanceOccurrenceMax="0" cweid="253">
    <ShortMessage>Method ignores exceptional return value</ShortMessage>
    <LongMessage>Exceptional return value of java.io.File.mkdir() ignored in org.junit.rules.TemporaryFolder.create()</LongMessage>
    <Class classname="org.junit.rules.TemporaryFolder" primary="true">
      <SourceLine classname="org.junit.rules.TemporaryFolder" start="27" end="90" sourcefile="TemporaryFolder.java" sourcepath="org/junit/rules/TemporaryFolder.java">
        <Message>At TemporaryFolder.java:[lines 27-90]</Message>
      </SourceLine>
      <Message>In class org.junit.rules.TemporaryFolder</Message>
    </Class>
    <Method classname="org.junit.rules.TemporaryFolder" name="create" signature="()V" isStatic="false" primary="true">
      <SourceLine classname="org.junit.rules.TemporaryFolder" start="45" end="48" startBytecode="0" endBytecode="81" sourcefile="TemporaryFolder.java" sourcepath="org/junit/rules/TemporaryFolder.java"/>
      <Message>In method org.junit.rules.TemporaryFolder.create()</Message>
    </Method>
    <Method classname="java.io.File" name="mkdir" signature="()Z" isStatic="false" role="METHOD_CALLED">
      <SourceLine classname="java.io.File" start="1372" end="1379" startBytecode="0" endBytecode="119" sourcefile="File.java" sourcepath="java/io/File.java"/>
      <Message>Called method java.io.File.mkdir()</Message>
    </Method>
    <SourceLine classname="org.junit.rules.TemporaryFolder" primary="true" start="47" end="47" startBytecode="23" endBytecode="23" sourcefile="TemporaryFolder.java" sourcepath="org/junit/rules/TemporaryFolder.java">
      <Message>At TemporaryFolder.java:[line 47]</Message>
    </SourceLine>
  </BugInstance>
  <BugInstance type="RV_RETURN_VALUE_IGNORED_BAD_PRACTICE" priority="2" rank="16" abbrev="RV" category="BAD_PRACTICE" instanceHash="f256ed437751392c1dec5898780ebe85" instanceOccurrenceNum="0" instanceOccurrenceMax="0" cweid="253">
    <ShortMessage>Method ignores exceptional return value</ShortMessage>
    <LongMessage>Exceptional return value of java.io.File.createNewFile() ignored in org.junit.rules.TemporaryFolder.newFile(String)</LongMessage>
    <Class classname="org.junit.rules.TemporaryFolder" primary="true">
      <SourceLine classname="org.junit.rules.TemporaryFolder" start="27" end="90" sourcefile="TemporaryFolder.java" sourcepath="org/junit/rules/TemporaryFolder.java">
        <Message>At TemporaryFolder.java:[lines 27-90]</Message>
      </SourceLine>
      <Message>In class org.junit.rules.TemporaryFolder</Message>
    </Class>
    <Method classname="org.junit.rules.TemporaryFolder" name="newFile" signature="(Ljava/lang/String;)Ljava/io/File;" isStatic="false" primary="true">
      <SourceLine classname="org.junit.rules.TemporaryFolder" start="54" end="56" startBytecode="0" endBytecode="89" sourcefile="TemporaryFolder.java" sourcepath="org/junit/rules/TemporaryFolder.java"/>
      <Message>In method org.junit.rules.TemporaryFolder.newFile(String)</Message>
    </Method>
    <Method classname="java.io.File" name="createNewFile" signature="()Z" isStatic="false" role="METHOD_CALLED">
      <SourceLine classname="java.io.File" start="1038" end="1043" startBytecode="0" endBytecode="126" sourcefile="File.java" sourcepath="java/io/File.java"/>
      <Message>Called method java.io.File.createNewFile()</Message>
    </Method>
    <SourceLine classname="org.junit.rules.TemporaryFolder" primary="true" start="55" end="55" startBytecode="14" endBytecode="14" sourcefile="TemporaryFolder.java" sourcepath="org/junit/rules/TemporaryFolder.java">
      <Message>At TemporaryFolder.java:[line 55]</Message>
    </SourceLine>
  </BugInstance>
  <BugInstance type="RV_RETURN_VALUE_IGNORED_BAD_PRACTICE" priority="2" rank="16" abbrev="RV" category="BAD_PRACTICE" instanceHash="90eb0feb71bae007de3c58000ab43b86" instanceOccurrenceNum="0" instanceOccurrenceMax="0" cweid="253">
    <ShortMessage>Method ignores exceptional return value</ShortMessage>
    <LongMessage>Exceptional return value of java.io.File.mkdir() ignored in org.junit.rules.TemporaryFolder.newFolder(String)</LongMessage>
    <Class classname="org.junit.rules.TemporaryFolder" primary="true">
      <SourceLine classname="org.junit.rules.TemporaryFolder" start="27" end="90" sourcefile="TemporaryFolder.java" sourcepath="org/junit/rules/TemporaryFolder.java">
        <Message>At TemporaryFolder.java:[lines 27-90]</Message>
      </SourceLine>
      <Message>In class org.junit.rules.TemporaryFolder</Message>
    </Class>
    <Method classname="org.junit.rules.TemporaryFolder" name="newFolder" signature="(Ljava/lang/String;)Ljava/io/File;" isStatic="false" primary="true">
      <SourceLine classname="org.junit.rules.TemporaryFolder" start="63" end="65" startBytecode="0" endBytecode="89" sourcefile="TemporaryFolder.java" sourcepath="org/junit/rules/TemporaryFolder.java"/>
      <Message>In method org.junit.rules.TemporaryFolder.newFolder(String)</Message>
    </Method>
    <Method classname="java.io.File" name="mkdir" signature="()Z" isStatic="false" role="METHOD_CALLED">
      <SourceLine classname="java.io.File" start="1372" end="1379" startBytecode="0" endBytecode="119" sourcefile="File.java" sourcepath="java/io/File.java"/>
      <Message>Called method java.io.File.mkdir()</Message>
    </Method>
    <SourceLine classname="org.junit.rules.TemporaryFolder" primary="true" start="64" end="64" startBytecode="14" endBytecode="14" sourcefile="TemporaryFolder.java" sourcepath="org/junit/rules/TemporaryFolder.java">
      <Message>At TemporaryFolder.java:[line 64]</Message>
    </SourceLine>
  </BugInstance>
  <BugInstance type="RV_RETURN_VALUE_IGNORED_BAD_PRACTICE" priority="2" rank="16" abbrev="RV" category="BAD_PRACTICE" instanceHash="4f0b869edbf4fcc1b26fdecd6620c619" instanceOccurrenceNum="0" instanceOccurrenceMax="0" cweid="253">
    <ShortMessage>Method ignores exceptional return value</ShortMessage>
    <LongMessage>Exceptional return value of java.io.File.delete() ignored in org.junit.rules.TemporaryFolder.recursiveDelete(File)</LongMessage>
    <Class classname="org.junit.rules.TemporaryFolder" primary="true">
      <SourceLine classname="org.junit.rules.TemporaryFolder" start="27" end="90" sourcefile="TemporaryFolder.java" sourcepath="org/junit/rules/TemporaryFolder.java">
        <Message>At TemporaryFolder.java:[lines 27-90]</Message>
      </SourceLine>
      <Message>In class org.junit.rules.TemporaryFolder</Message>
    </Class>
    <Method classname="org.junit.rules.TemporaryFolder" name="recursiveDelete" signature="(Ljava/io/File;)V" isStatic="false" primary="true">
      <SourceLine classname="org.junit.rules.TemporaryFolder" start="85" end="90" startBytecode="0" endBytecode="174" sourcefile="TemporaryFolder.java" sourcepath="org/junit/rules/TemporaryFolder.java"/>
      <Message>In method org.junit.rules.TemporaryFolder.recursiveDelete(File)</Message>
    </Method>
    <Method classname="java.io.File" name="delete" signature="()Z" isStatic="false" role="METHOD_CALLED">
      <SourceLine classname="java.io.File" start="1066" end="1073" startBytecode="0" endBytecode="119" sourcefile="File.java" sourcepath="java/io/File.java"/>
      <Message>Called method java.io.File.delete()</Message>
    </Method>
    <SourceLine classname="org.junit.rules.TemporaryFolder" primary="true" start="89" end="89" startBytecode="44" endBytecode="44" sourcefile="TemporaryFolder.java" sourcepath="org/junit/rules/TemporaryFolder.java">
      <Message>At TemporaryFolder.java:[line 89]</Message>
    </SourceLine>
  </BugInstance>
  <BugInstance type="CT_CONSTRUCTOR_THROW" priority="2" rank="16" abbrev="CT" category="BAD_PRACTICE" instanceHash="653e54f71cd933a2a6535e16f7efd78b" instanceOccurrenceNum="0" instanceOccurrenceMax="0">
    <ShortMessage>Be wary of letting constructors throw exceptions.</ShortMessage>
    <LongMessage>Exception thrown in class org.junit.rules.TestWatchman$1 at new org.junit.rules.TestWatchman$1(TestWatchman, FrameworkMethod, Statement) will leave the constructor. The object under construction remains partially initialized and may be vulnerable to Finalizer attacks.</LongMessage>
    <Class classname="org.junit.rules.TestWatchman$1" primary="true">
      <SourceLine classname="org.junit.rules.TestWatchman$1" start="45" end="56" sourcefile="TestWatchman.java" sourcepath="org/junit/rules/TestWatchman.java">
        <Message>At TestWatchman.java:[lines 45-56]</Message>
      </SourceLine>
      <Message>In class org.junit.rules.TestWatchman$1</Message>
    </Class>
    <Method classname="org.junit.rules.TestWatchman$1" name="&lt;init&gt;" signature="(Lorg/junit/rules/TestWatchman;Lorg/junit/runners/model/FrameworkMethod;Lorg/junit/runners/model/Statement;)V" isStatic="false" primary="true">
      <SourceLine classname="org.junit.rules.TestWatchman$1" start="45" end="45" startBytecode="0" endBytecode="61" sourcefile="TestWatchman.java" sourcepath="org/junit/rules/TestWatchman.java"/>
      <Message>In method new org.junit.rules.TestWatchman$1(TestWatchman, FrameworkMethod, Statement)</Message>
    </Method>
    <SourceLine classname="org.junit.rules.TestWatchman$1" primary="true" start="45" end="45" startBytecode="8" endBytecode="8" sourcefile="TestWatchman.java" sourcepath="org/junit/rules/TestWatchman.java">
      <Message>At TestWatchman.java:[line 45]</Message>
    </SourceLine>
    <SourceLine classname="org.junit.rules.TestWatchman$1" start="45" end="45" startBytecode="8" endBytecode="8" sourcefile="TestWatchman.java" sourcepath="org/junit/rules/TestWatchman.java">
      <Message>At TestWatchman.java:[line 45]</Message>
    </SourceLine>
  </BugInstance>
  <BugInstance type="CT_CONSTRUCTOR_THROW" priority="2" rank="16" abbrev="CT" category="BAD_PRACTICE" instanceHash="7297dba1653d754a6fa10e943b1b0142" instanceOccurrenceNum="0" instanceOccurrenceMax="0">
    <ShortMessage>Be wary of letting constructors throw exceptions.</ShortMessage>
    <LongMessage>Exception thrown in class org.junit.rules.Verifier$1 at new org.junit.rules.Verifier$1(Verifier, Statement) will leave the constructor. The object under construction remains partially initialized and may be vulnerable to Finalizer attacks.</LongMessage>
    <Class classname="org.junit.rules.Verifier$1" primary="true">
      <SourceLine classname="org.junit.rules.Verifier$1" start="33" end="36" sourcefile="Verifier.java" sourcepath="org/junit/rules/Verifier.java">
        <Message>At Verifier.java:[lines 33-36]</Message>
      </SourceLine>
      <Message>In class org.junit.rules.Verifier$1</Message>
    </Class>
    <Method classname="org.junit.rules.Verifier$1" name="&lt;init&gt;" signature="(Lorg/junit/rules/Verifier;Lorg/junit/runners/model/Statement;)V" isStatic="false" primary="true">
      <SourceLine classname="org.junit.rules.Verifier$1" start="33" end="33" startBytecode="0" endBytecode="56" sourcefile="Verifier.java" sourcepath="org/junit/rules/Verifier.java"/>
      <Message>In method new org.junit.rules.Verifier$1(Verifier, Statement)</Message>
    </Method>
    <SourceLine classname="org.junit.rules.Verifier$1" primary="true" start="33" end="33" startBytecode="4" endBytecode="4" sourcefile="Verifier.java" sourcepath="org/junit/rules/Verifier.java">
      <Message>At Verifier.java:[line 33]</Message>
    </SourceLine>
    <SourceLine classname="org.junit.rules.Verifier$1" start="33" end="33" startBytecode="4" endBytecode="4" sourcefile="Verifier.java" sourcepath="org/junit/rules/Verifier.java">
      <Message>At Verifier.java:[line 33]</Message>
    </SourceLine>
  </BugInstance>
  <BugInstance type="CT_CONSTRUCTOR_THROW" priority="2" rank="16" abbrev="CT" category="BAD_PRACTICE" instanceHash="34ccfbbfc1f052ff3f06f9a2e70f5c16" instanceOccurrenceNum="0" instanceOccurrenceMax="0">
    <ShortMessage>Be wary of letting constructors throw exceptions.</ShortMessage>
    <LongMessage>Exception thrown in class org.junit.runner.Computer$1 at new org.junit.runner.Computer$1(Computer, RunnerBuilder) will leave the constructor. The object under construction remains partially initialized and may be vulnerable to Finalizer attacks.</LongMessage>
    <Class classname="org.junit.runner.Computer$1" primary="true">
      <SourceLine classname="org.junit.runner.Computer$1" start="28" end="29" sourcefile="Computer.java" sourcepath="org/junit/runner/Computer.java">
        <Message>At Computer.java:[lines 28-29]</Message>
      </SourceLine>
      <Message>In class org.junit.runner.Computer$1</Message>
    </Class>
    <Method classname="org.junit.runner.Computer$1" name="&lt;init&gt;" signature="(Lorg/junit/runner/Computer;Lorg/junit/runners/model/RunnerBuilder;)V" isStatic="false" primary="true">
      <SourceLine classname="org.junit.runner.Computer$1" start="28" end="28" startBytecode="0" endBytecode="56" sourcefile="Computer.java" sourcepath="org/junit/runner/Computer.java"/>
      <Message>In method new org.junit.runner.Computer$1(Computer, RunnerBuilder)</Message>
    </Method>
    <SourceLine classname="org.junit.runner.Computer$1" primary="true" start="28" end="28" startBytecode="22" endBytecode="22" sourcefile="Computer.java" sourcepath="org/junit/runner/Computer.java">
      <Message>At Computer.java:[line 28]</Message>
    </SourceLine>
    <SourceLine classname="org.junit.runner.Computer$1" start="28" end="28" startBytecode="22" endBytecode="22" sourcefile="Computer.java" sourcepath="org/junit/runner/Computer.java">
      <Message>At Computer.java:[line 28]</Message>
    </SourceLine>
  </BugInstance>
  <BugInstance type="EI_EXPOSE_REP" priority="2" rank="18" abbrev="EI" category="MALICIOUS_CODE" instanceHash="a1a21ba54a428239c8ea246715817461" instanceOccurrenceNum="0" instanceOccurrenceMax="0" cweid="374">
    <ShortMessage>May expose internal representation by returning reference to mutable object</ShortMessage>
    <LongMessage>org.junit.runner.Description.getChildren() may expose internal representation by returning Description.fChildren</LongMessage>
    <Class classname="org.junit.runner.Description" primary="true">
      <SourceLine classname="org.junit.runner.Description" start="37" end="239" sourcefile="Description.java" sourcepath="org/junit/runner/Description.java">
        <Message>At Description.java:[lines 37-239]</Message>
      </SourceLine>
      <Message>In class org.junit.runner.Description</Message>
    </Class>
    <Method classname="org.junit.runner.Description" name="getChildren" signature="()Ljava/util/ArrayList;" isStatic="false" primary="true">
      <SourceLine classname="org.junit.runner.Description" start="116" end="116" startBytecode="0" endBytecode="46" sourcefile="Description.java" sourcepath="org/junit/runner/Description.java"/>
      <Message>In method org.junit.runner.Description.getChildren()</Message>
    </Method>
    <Field classname="org.junit.runner.Description" name="fChildren" signature="Ljava/util/ArrayList;" isStatic="false" primary="true">
      <SourceLine classname="org.junit.runner.Description" sourcefile="Description.java" sourcepath="org/junit/runner/Description.java">
        <Message>In Description.java</Message>
      </SourceLine>
      <Message>Field org.junit.runner.Description.fChildren</Message>
    </Field>
    <SourceLine classname="org.junit.runner.Description" primary="true" start="116" end="116" startBytecode="4" endBytecode="4" sourcefile="Description.java" sourcepath="org/junit/runner/Description.java">
      <Message>At Description.java:[line 116]</Message>
    </SourceLine>
  </BugInstance>
  <BugInstance type="EI_EXPOSE_REP" priority="2" rank="18" abbrev="EI" category="MALICIOUS_CODE" instanceHash="1c5a73ec158802297ada304c573a7a29" instanceOccurrenceNum="0" instanceOccurrenceMax="0" cweid="374">
    <ShortMessage>May expose internal representation by returning reference to mutable object</ShortMessage>
    <LongMessage>org.junit.runner.Result.getFailures() may expose internal representation by returning Result.fFailures</LongMessage>
    <Class classname="org.junit.runner.Result" primary="true">
      <SourceLine classname="org.junit.runner.Result" start="16" end="102" sourcefile="Result.java" sourcepath="org/junit/runner/Result.java">
        <Message>At Result.java:[lines 16-102]</Message>
      </SourceLine>
      <Message>In class org.junit.runner.Result</Message>
    </Class>
    <Method classname="org.junit.runner.Result" name="getFailures" signature="()Ljava/util/List;" isStatic="false" primary="true">
      <SourceLine classname="org.junit.runner.Result" start="48" end="48" startBytecode="0" endBytecode="46" sourcefile="Result.java" sourcepath="org/junit/runner/Result.java"/>
      <Message>In method org.junit.runner.Result.getFailures()</Message>
    </Method>
    <Field classname="org.junit.runner.Result" name="fFailures" signature="Ljava/util/List;" isStatic="false" primary="true">
      <SourceLine classname="org.junit.runner.Result" sourcefile="Result.java" sourcepath="org/junit/runner/Result.java">
        <Message>In Result.java</Message>
      </SourceLine>
      <Message>Field org.junit.runner.Result.fFailures</Message>
    </Field>
    <SourceLine classname="org.junit.runner.Result" primary="true" start="48" end="48" startBytecode="4" endBytecode="4" sourcefile="Result.java" sourcepath="org/junit/runner/Result.java">
      <Message>At Result.java:[line 48]</Message>
    </SourceLine>
  </BugInstance>
  <BugInstance type="MS_SHOULD_BE_FINAL" priority="3" rank="20" abbrev="MS" category="MALICIOUS_CODE" instanceHash="3b242346506747dc2a2bb9ead3b8a6bd" instanceOccurrenceNum="0" instanceOccurrenceMax="0" cweid="218">
    <ShortMessage>Field isn&apos;t final but should be</ShortMessage>
    <LongMessage>org.junit.runner.manipulation.Filter.ALL isn&apos;t final but should be</LongMessage>
    <Class classname="org.junit.runner.manipulation.Filter" primary="true">
      <SourceLine classname="org.junit.runner.manipulation.Filter" start="15" end="80" sourcefile="Filter.java" sourcepath="org/junit/runner/manipulation/Filter.java">
        <Message>At Filter.java:[lines 15-80]</Message>
      </SourceLine>
      <Message>In class org.junit.runner.manipulation.Filter</Message>
    </Class>
    <Field classname="org.junit.runner.manipulation.Filter" name="ALL" signature="Lorg/junit/runner/manipulation/Filter;" isStatic="true" primary="true">
      <SourceLine classname="org.junit.runner.manipulation.Filter" sourcefile="Filter.java" sourcepath="org/junit/runner/manipulation/Filter.java">
        <Message>In Filter.java</Message>
      </SourceLine>
      <Message>Field org.junit.runner.manipulation.Filter.ALL</Message>
    </Field>
    <SourceLine classname="org.junit.runner.manipulation.Filter" primary="true" start="19" end="19" startBytecode="7" endBytecode="7" sourcefile="Filter.java" sourcepath="org/junit/runner/manipulation/Filter.java">
      <Message>At Filter.java:[line 19]</Message>
    </SourceLine>
  </BugInstance>
  <BugInstance type="MS_SHOULD_BE_FINAL" priority="1" rank="16" abbrev="MS" category="MALICIOUS_CODE" instanceHash="46fef3de82fe473c73daef2ab52e6ada" instanceOccurrenceNum="0" instanceOccurrenceMax="0" cweid="218">
    <ShortMessage>Field isn&apos;t final but should be</ShortMessage>
    <LongMessage>org.junit.runner.manipulation.Sorter.NULL isn&apos;t final but should be</LongMessage>
    <Class classname="org.junit.runner.manipulation.Sorter" primary="true">
      <SourceLine classname="org.junit.runner.manipulation.Sorter" start="13" end="44" sourcefile="Sorter.java" sourcepath="org/junit/runner/manipulation/Sorter.java">
        <Message>At Sorter.java:[lines 13-44]</Message>
      </SourceLine>
      <Message>In class org.junit.runner.manipulation.Sorter</Message>
    </Class>
    <Field classname="org.junit.runner.manipulation.Sorter" name="NULL" signature="Lorg/junit/runner/manipulation/Sorter;" isStatic="true" primary="true">
      <SourceLine classname="org.junit.runner.manipulation.Sorter" sourcefile="Sorter.java" sourcepath="org/junit/runner/manipulation/Sorter.java">
        <Message>In Sorter.java</Message>
      </SourceLine>
      <Message>Field org.junit.runner.manipulation.Sorter.NULL</Message>
    </Field>
    <SourceLine classname="org.junit.runner.manipulation.Sorter" primary="true" start="17" end="17" startBytecode="14" endBytecode="14" sourcefile="Sorter.java" sourcepath="org/junit/runner/manipulation/Sorter.java">
      <Message>At Sorter.java:[line 17]</Message>
    </SourceLine>
  </BugInstance>
  <BugInstance type="SE_COMPARATOR_SHOULD_BE_SERIALIZABLE" priority="3" rank="20" abbrev="Se" category="BAD_PRACTICE" instanceHash="d50b175ddb60232459db194b56b25de1" instanceOccurrenceNum="0" instanceOccurrenceMax="0">
    <ShortMessage>Comparator doesn&apos;t implement Serializable</ShortMessage>
    <LongMessage>org.junit.runner.manipulation.Sorter implements Comparator but not Serializable</LongMessage>
    <Class classname="org.junit.runner.manipulation.Sorter" primary="true">
      <SourceLine classname="org.junit.runner.manipulation.Sorter" start="13" end="44" sourcefile="Sorter.java" sourcepath="org/junit/runner/manipulation/Sorter.java">
        <Message>At Sorter.java:[lines 13-44]</Message>
      </SourceLine>
      <Message>In class org.junit.runner.manipulation.Sorter</Message>
    </Class>
    <SourceLine classname="org.junit.runner.manipulation.Sorter" start="13" end="44" sourcefile="Sorter.java" sourcepath="org/junit/runner/manipulation/Sorter.java" synthetic="true">
      <Message>At Sorter.java:[lines 13-44]</Message>
    </SourceLine>
  </BugInstance>
  <BugInstance type="EI_EXPOSE_REP" priority="2" rank="18" abbrev="EI" category="MALICIOUS_CODE" instanceHash="a80ec3d118858575f30babecb176451c" instanceOccurrenceNum="0" instanceOccurrenceMax="0" cweid="374">
    <ShortMessage>May expose internal representation by returning reference to mutable object</ShortMessage>
    <LongMessage>org.junit.runner.notification.Failure.getDescription() may expose internal representation by returning Failure.fDescription</LongMessage>
    <Class classname="org.junit.runner.notification.Failure" primary="true">
      <SourceLine classname="org.junit.runner.notification.Failure" start="24" end="75" sourcefile="Failure.java" sourcepath="org/junit/runner/notification/Failure.java">
        <Message>At Failure.java:[lines 24-75]</Message>
      </SourceLine>
      <Message>In class org.junit.runner.notification.Failure</Message>
    </Class>
    <Method classname="org.junit.runner.notification.Failure" name="getDescription" signature="()Lorg/junit/runner/Description;" isStatic="false" primary="true">
      <SourceLine classname="org.junit.runner.notification.Failure" start="40" end="40" startBytecode="0" endBytecode="46" sourcefile="Failure.java" sourcepath="org/junit/runner/notification/Failure.java"/>
      <Message>In method org.junit.runner.notification.Failure.getDescription()</Message>
    </Method>
    <Field classname="org.junit.runner.notification.Failure" name="fDescription" signature="Lorg/junit/runner/Description;" isStatic="false" primary="true">
      <SourceLine classname="org.junit.runner.notification.Failure" sourcefile="Failure.java" sourcepath="org/junit/runner/notification/Failure.java">
        <Message>In Failure.java</Message>
      </SourceLine>
      <Message>Field org.junit.runner.notification.Failure.fDescription</Message>
    </Field>
    <SourceLine classname="org.junit.runner.notification.Failure" primary="true" start="40" end="40" startBytecode="4" endBytecode="4" sourcefile="Failure.java" sourcepath="org/junit/runner/notification/Failure.java">
      <Message>At Failure.java:[line 40]</Message>
    </SourceLine>
  </BugInstance>
  <BugInstance type="EI_EXPOSE_REP" priority="2" rank="18" abbrev="EI" category="MALICIOUS_CODE" instanceHash="758592bad3cbc751b685d3d25333b07c" instanceOccurrenceNum="0" instanceOccurrenceMax="0" cweid="374">
    <ShortMessage>May expose internal representation by returning reference to mutable object</ShortMessage>
    <LongMessage>org.junit.runner.notification.Failure.getException() may expose internal representation by returning Failure.fThrownException</LongMessage>
    <Class classname="org.junit.runner.notification.Failure" primary="true">
      <SourceLine classname="org.junit.runner.notification.Failure" start="24" end="75" sourcefile="Failure.java" sourcepath="org/junit/runner/notification/Failure.java">
        <Message>At Failure.java:[lines 24-75]</Message>
      </SourceLine>
      <Message>In class org.junit.runner.notification.Failure</Message>
    </Class>
    <Method classname="org.junit.runner.notification.Failure" name="getException" signature="()Ljava/lang/Throwable;" isStatic="false" primary="true">
      <SourceLine classname="org.junit.runner.notification.Failure" start="48" end="48" startBytecode="0" endBytecode="46" sourcefile="Failure.java" sourcepath="org/junit/runner/notification/Failure.java"/>
      <Message>In method org.junit.runner.notification.Failure.getException()</Message>
    </Method>
    <Field classname="org.junit.runner.notification.Failure" name="fThrownException" signature="Ljava/lang/Throwable;" isStatic="false" primary="true">
      <SourceLine classname="org.junit.runner.notification.Failure" sourcefile="Failure.java" sourcepath="org/junit/runner/notification/Failure.java">
        <Message>In Failure.java</Message>
      </SourceLine>
      <Message>Field org.junit.runner.notification.Failure.fThrownException</Message>
    </Field>
    <SourceLine classname="org.junit.runner.notification.Failure" primary="true" start="48" end="48" startBytecode="4" endBytecode="4" sourcefile="Failure.java" sourcepath="org/junit/runner/notification/Failure.java">
      <Message>At Failure.java:[line 48]</Message>
    </SourceLine>
  </BugInstance>
  <BugInstance type="EI_EXPOSE_REP2" priority="2" rank="18" abbrev="EI2" category="MALICIOUS_CODE" instanceHash="818d0e619ffbad74b9ee086490a00189" instanceOccurrenceNum="0" instanceOccurrenceMax="0" cweid="374">
    <ShortMessage>May expose internal representation by incorporating reference to mutable object</ShortMessage>
    <LongMessage>new org.junit.runner.notification.Failure(Description, Throwable) may expose internal representation by storing an externally mutable object into Failure.fDescription</LongMessage>
    <Class classname="org.junit.runner.notification.Failure" primary="true">
      <SourceLine classname="org.junit.runner.notification.Failure" start="24" end="75" sourcefile="Failure.java" sourcepath="org/junit/runner/notification/Failure.java">
        <Message>At Failure.java:[lines 24-75]</Message>
      </SourceLine>
      <Message>In class org.junit.runner.notification.Failure</Message>
    </Class>
    <Method classname="org.junit.runner.notification.Failure" name="&lt;init&gt;" signature="(Lorg/junit/runner/Description;Ljava/lang/Throwable;)V" isStatic="false" primary="true">
      <SourceLine classname="org.junit.runner.notification.Failure" start="24" end="27" startBytecode="0" endBytecode="88" sourcefile="Failure.java" sourcepath="org/junit/runner/notification/Failure.java"/>
      <Message>In method new org.junit.runner.notification.Failure(Description, Throwable)</Message>
    </Method>
    <Field classname="org.junit.runner.notification.Failure" name="fDescription" signature="Lorg/junit/runner/Description;" isStatic="false" primary="true">
      <SourceLine classname="org.junit.runner.notification.Failure" sourcefile="Failure.java" sourcepath="org/junit/runner/notification/Failure.java">
        <Message>In Failure.java</Message>
      </SourceLine>
      <Message>Field org.junit.runner.notification.Failure.fDescription</Message>
    </Field>
    <LocalVariable name="description" register="1" pc="11" role="LOCAL_VARIABLE_NAMED">
      <Message>Local variable named description</Message>
    </LocalVariable>
    <SourceLine classname="org.junit.runner.notification.Failure" primary="true" start="26" end="26" startBytecode="11" endBytecode="11" sourcefile="Failure.java" sourcepath="org/junit/runner/notification/Failure.java">
      <Message>At Failure.java:[line 26]</Message>
    </SourceLine>
  </BugInstance>
  <BugInstance type="EI_EXPOSE_REP2" priority="2" rank="18" abbrev="EI2" category="MALICIOUS_CODE" instanceHash="9bbe3e908c86aa8fed68eb59f24b4b06" instanceOccurrenceNum="0" instanceOccurrenceMax="0" cweid="374">
    <ShortMessage>May expose internal representation by incorporating reference to mutable object</ShortMessage>
    <LongMessage>new org.junit.runner.notification.Failure(Description, Throwable) may expose internal representation by storing an externally mutable object into Failure.fThrownException</LongMessage>
    <Class classname="org.junit.runner.notification.Failure" primary="true">
      <SourceLine classname="org.junit.runner.notification.Failure" start="24" end="75" sourcefile="Failure.java" sourcepath="org/junit/runner/notification/Failure.java">
        <Message>At Failure.java:[lines 24-75]</Message>
      </SourceLine>
      <Message>In class org.junit.runner.notification.Failure</Message>
    </Class>
    <Method classname="org.junit.runner.notification.Failure" name="&lt;init&gt;" signature="(Lorg/junit/runner/Description;Ljava/lang/Throwable;)V" isStatic="false" primary="true">
      <SourceLine classname="org.junit.runner.notification.Failure" start="24" end="27" startBytecode="0" endBytecode="88" sourcefile="Failure.java" sourcepath="org/junit/runner/notification/Failure.java"/>
      <Message>In method new org.junit.runner.notification.Failure(Description, Throwable)</Message>
    </Method>
    <Field classname="org.junit.runner.notification.Failure" name="fThrownException" signature="Ljava/lang/Throwable;" isStatic="false" primary="true">
      <SourceLine classname="org.junit.runner.notification.Failure" sourcefile="Failure.java" sourcepath="org/junit/runner/notification/Failure.java">
        <Message>In Failure.java</Message>
      </SourceLine>
      <Message>Field org.junit.runner.notification.Failure.fThrownException</Message>
    </Field>
    <LocalVariable name="thrownException" register="2" pc="6" role="LOCAL_VARIABLE_NAMED">
      <Message>Local variable named thrownException</Message>
    </LocalVariable>
    <SourceLine classname="org.junit.runner.notification.Failure" primary="true" start="25" end="25" startBytecode="6" endBytecode="6" sourcefile="Failure.java" sourcepath="org/junit/runner/notification/Failure.java">
      <Message>At Failure.java:[line 25]</Message>
    </SourceLine>
  </BugInstance>
  <BugInstance type="CT_CONSTRUCTOR_THROW" priority="2" rank="16" abbrev="CT" category="BAD_PRACTICE" instanceHash="db5be7610e9322d8e216d9fd4b19f62e" instanceOccurrenceNum="0" instanceOccurrenceMax="0">
    <ShortMessage>Be wary of letting constructors throw exceptions.</ShortMessage>
    <LongMessage>Exception thrown in class org.junit.runner.notification.RunNotifier$1 at new org.junit.runner.notification.RunNotifier$1(RunNotifier, Description) will leave the constructor. The object under construction remains partially initialized and may be vulnerable to Finalizer attacks.</LongMessage>
    <Class classname="org.junit.runner.notification.RunNotifier$1" primary="true">
      <SourceLine classname="org.junit.runner.notification.RunNotifier$1" start="59" end="60" sourcefile="RunNotifier.java" sourcepath="org/junit/runner/notification/RunNotifier.java">
        <Message>At RunNotifier.java:[lines 59-60]</Message>
      </SourceLine>
      <Message>In class org.junit.runner.notification.RunNotifier$1</Message>
    </Class>
    <Method classname="org.junit.runner.notification.RunNotifier$1" name="&lt;init&gt;" signature="(Lorg/junit/runner/notification/RunNotifier;Lorg/junit/runner/Description;)V" isStatic="false" primary="true">
      <SourceLine classname="org.junit.runner.notification.RunNotifier$1" start="60" end="60" startBytecode="0" endBytecode="58" sourcefile="RunNotifier.java" sourcepath="org/junit/runner/notification/RunNotifier.java"/>
      <Message>In method new org.junit.runner.notification.RunNotifier$1(RunNotifier, Description)</Message>
    </Method>
    <SourceLine classname="org.junit.runner.notification.RunNotifier$1" primary="true" start="60" end="60" startBytecode="8" endBytecode="8" sourcefile="RunNotifier.java" sourcepath="org/junit/runner/notification/RunNotifier.java">
      <Message>At RunNotifier.java:[line 60]</Message>
    </SourceLine>
    <SourceLine classname="org.junit.runner.notification.RunNotifier$1" start="60" end="60" startBytecode="8" endBytecode="8" sourcefile="RunNotifier.java" sourcepath="org/junit/runner/notification/RunNotifier.java">
      <Message>At RunNotifier.java:[line 60]</Message>
    </SourceLine>
  </BugInstance>
  <BugInstance type="CT_CONSTRUCTOR_THROW" priority="2" rank="16" abbrev="CT" category="BAD_PRACTICE" instanceHash="c89dbeac64d3ad4af6e24ac4138d29eb" instanceOccurrenceNum="0" instanceOccurrenceMax="0">
    <ShortMessage>Be wary of letting constructors throw exceptions.</ShortMessage>
    <LongMessage>Exception thrown in class org.junit.runner.notification.RunNotifier$2 at new org.junit.runner.notification.RunNotifier$2(RunNotifier, Result) will leave the constructor. The object under construction remains partially initialized and may be vulnerable to Finalizer attacks.</LongMessage>
    <Class classname="org.junit.runner.notification.RunNotifier$2" primary="true">
      <SourceLine classname="org.junit.runner.notification.RunNotifier$2" start="71" end="72" sourcefile="RunNotifier.java" sourcepath="org/junit/runner/notification/RunNotifier.java">
        <Message>At RunNotifier.java:[lines 71-72]</Message>
      </SourceLine>
      <Message>In class org.junit.runner.notification.RunNotifier$2</Message>
    </Class>
    <Method classname="org.junit.runner.notification.RunNotifier$2" name="&lt;init&gt;" signature="(Lorg/junit/runner/notification/RunNotifier;Lorg/junit/runner/Result;)V" isStatic="false" primary="true">
      <SourceLine classname="org.junit.runner.notification.RunNotifier$2" start="72" end="72" startBytecode="0" endBytecode="58" sourcefile="RunNotifier.java" sourcepath="org/junit/runner/notification/RunNotifier.java"/>
      <Message>In method new org.junit.runner.notification.RunNotifier$2(RunNotifier, Result)</Message>
    </Method>
    <SourceLine classname="org.junit.runner.notification.RunNotifier$2" primary="true" start="72" end="72" startBytecode="8" endBytecode="8" sourcefile="RunNotifier.java" sourcepath="org/junit/runner/notification/RunNotifier.java">
      <Message>At RunNotifier.java:[line 72]</Message>
    </SourceLine>
    <SourceLine classname="org.junit.runner.notification.RunNotifier$2" start="72" end="72" startBytecode="8" endBytecode="8" sourcefile="RunNotifier.java" sourcepath="org/junit/runner/notification/RunNotifier.java">
      <Message>At RunNotifier.java:[line 72]</Message>
    </SourceLine>
  </BugInstance>
  <BugInstance type="CT_CONSTRUCTOR_THROW" priority="2" rank="16" abbrev="CT" category="BAD_PRACTICE" instanceHash="e9463535bc9141ffc7653664a51f638a" instanceOccurrenceNum="0" instanceOccurrenceMax="0">
    <ShortMessage>Be wary of letting constructors throw exceptions.</ShortMessage>
    <LongMessage>Exception thrown in class org.junit.runner.notification.RunNotifier$3 at new org.junit.runner.notification.RunNotifier$3(RunNotifier, Description) will leave the constructor. The object under construction remains partially initialized and may be vulnerable to Finalizer attacks.</LongMessage>
    <Class classname="org.junit.runner.notification.RunNotifier$3" primary="true">
      <SourceLine classname="org.junit.runner.notification.RunNotifier$3" start="87" end="88" sourcefile="RunNotifier.java" sourcepath="org/junit/runner/notification/RunNotifier.java">
        <Message>At RunNotifier.java:[lines 87-88]</Message>
      </SourceLine>
      <Message>In class org.junit.runner.notification.RunNotifier$3</Message>
    </Class>
    <Method classname="org.junit.runner.notification.RunNotifier$3" name="&lt;init&gt;" signature="(Lorg/junit/runner/notification/RunNotifier;Lorg/junit/runner/Description;)V" isStatic="false" primary="true">
      <SourceLine classname="org.junit.runner.notification.RunNotifier$3" start="88" end="88" startBytecode="0" endBytecode="58" sourcefile="RunNotifier.java" sourcepath="org/junit/runner/notification/RunNotifier.java"/>
      <Message>In method new org.junit.runner.notification.RunNotifier$3(RunNotifier, Description)</Message>
    </Method>
    <SourceLine classname="org.junit.runner.notification.RunNotifier$3" primary="true" start="88" end="88" startBytecode="8" endBytecode="8" sourcefile="RunNotifier.java" sourcepath="org/junit/runner/notification/RunNotifier.java">
      <Message>At RunNotifier.java:[line 88]</Message>
    </SourceLine>
    <SourceLine classname="org.junit.runner.notification.RunNotifier$3" start="88" end="88" startBytecode="8" endBytecode="8" sourcefile="RunNotifier.java" sourcepath="org/junit/runner/notification/RunNotifier.java">
      <Message>At RunNotifier.java:[line 88]</Message>
    </SourceLine>
  </BugInstance>
  <BugInstance type="CT_CONSTRUCTOR_THROW" priority="2" rank="16" abbrev="CT" category="BAD_PRACTICE" instanceHash="27dd6095499c58c615c1cb377e76e63e" instanceOccurrenceNum="0" instanceOccurrenceMax="0">
    <ShortMessage>Be wary of letting constructors throw exceptions.</ShortMessage>
    <LongMessage>Exception thrown in class org.junit.runner.notification.RunNotifier$4 at new org.junit.runner.notification.RunNotifier$4(RunNotifier, Failure) will leave the constructor. The object under construction remains partially initialized and may be vulnerable to Finalizer attacks.</LongMessage>
    <Class classname="org.junit.runner.notification.RunNotifier$4" primary="true">
      <SourceLine classname="org.junit.runner.notification.RunNotifier$4" start="100" end="101" sourcefile="RunNotifier.java" sourcepath="org/junit/runner/notification/RunNotifier.java">
        <Message>At RunNotifier.java:[lines 100-101]</Message>
      </SourceLine>
      <Message>In class org.junit.runner.notification.RunNotifier$4</Message>
    </Class>
    <Method classname="org.junit.runner.notification.RunNotifier$4" name="&lt;init&gt;" signature="(Lorg/junit/runner/notification/RunNotifier;Lorg/junit/runner/notification/Failure;)V" isStatic="false" primary="true">
      <SourceLine classname="org.junit.runner.notification.RunNotifier$4" start="101" end="101" startBytecode="0" endBytecode="58" sourcefile="RunNotifier.java" sourcepath="org/junit/runner/notification/RunNotifier.java"/>
      <Message>In method new org.junit.runner.notification.RunNotifier$4(RunNotifier, Failure)</Message>
    </Method>
    <SourceLine classname="org.junit.runner.notification.RunNotifier$4" primary="true" start="101" end="101" startBytecode="5" endBytecode="5" sourcefile="RunNotifier.java" sourcepath="org/junit/runner/notification/RunNotifier.java">
      <Message>At RunNotifier.java:[line 101]</Message>
    </SourceLine>
    <SourceLine classname="org.junit.runner.notification.RunNotifier$4" start="101" end="101" startBytecode="5" endBytecode="5" sourcefile="RunNotifier.java" sourcepath="org/junit/runner/notification/RunNotifier.java">
      <Message>At RunNotifier.java:[line 101]</Message>
    </SourceLine>
  </BugInstance>
  <BugInstance type="CT_CONSTRUCTOR_THROW" priority="2" rank="16" abbrev="CT" category="BAD_PRACTICE" instanceHash="7f7da57066b110c5452fa7a6a2bbb8c8" instanceOccurrenceNum="0" instanceOccurrenceMax="0">
    <ShortMessage>Be wary of letting constructors throw exceptions.</ShortMessage>
    <LongMessage>Exception thrown in class org.junit.runner.notification.RunNotifier$6 at new org.junit.runner.notification.RunNotifier$6(RunNotifier, Description) will leave the constructor. The object under construction remains partially initialized and may be vulnerable to Finalizer attacks.</LongMessage>
    <Class classname="org.junit.runner.notification.RunNotifier$6" primary="true">
      <SourceLine classname="org.junit.runner.notification.RunNotifier$6" start="129" end="131" sourcefile="RunNotifier.java" sourcepath="org/junit/runner/notification/RunNotifier.java">
        <Message>At RunNotifier.java:[lines 129-131]</Message>
      </SourceLine>
      <Message>In class org.junit.runner.notification.RunNotifier$6</Message>
    </Class>
    <Method classname="org.junit.runner.notification.RunNotifier$6" name="&lt;init&gt;" signature="(Lorg/junit/runner/notification/RunNotifier;Lorg/junit/runner/Description;)V" isStatic="false" primary="true">
      <SourceLine classname="org.junit.runner.notification.RunNotifier$6" start="129" end="129" startBytecode="0" endBytecode="58" sourcefile="RunNotifier.java" sourcepath="org/junit/runner/notification/RunNotifier.java"/>
      <Message>In method new org.junit.runner.notification.RunNotifier$6(RunNotifier, Description)</Message>
    </Method>
    <SourceLine classname="org.junit.runner.notification.RunNotifier$6" primary="true" start="129" end="129" startBytecode="8" endBytecode="8" sourcefile="RunNotifier.java" sourcepath="org/junit/runner/notification/RunNotifier.java">
      <Message>At RunNotifier.java:[line 129]</Message>
    </SourceLine>
    <SourceLine classname="org.junit.runner.notification.RunNotifier$6" start="129" end="129" startBytecode="8" endBytecode="8" sourcefile="RunNotifier.java" sourcepath="org/junit/runner/notification/RunNotifier.java">
      <Message>At RunNotifier.java:[line 129]</Message>
    </SourceLine>
  </BugInstance>
  <BugInstance type="CT_CONSTRUCTOR_THROW" priority="2" rank="16" abbrev="CT" category="BAD_PRACTICE" instanceHash="4ee2f46e33f5d6c5964132b49e396341" instanceOccurrenceNum="0" instanceOccurrenceMax="0">
    <ShortMessage>Be wary of letting constructors throw exceptions.</ShortMessage>
    <LongMessage>Exception thrown in class org.junit.runner.notification.RunNotifier$7 at new org.junit.runner.notification.RunNotifier$7(RunNotifier, Description) will leave the constructor. The object under construction remains partially initialized and may be vulnerable to Finalizer attacks.</LongMessage>
    <Class classname="org.junit.runner.notification.RunNotifier$7" primary="true">
      <SourceLine classname="org.junit.runner.notification.RunNotifier$7" start="145" end="146" sourcefile="RunNotifier.java" sourcepath="org/junit/runner/notification/RunNotifier.java">
        <Message>At RunNotifier.java:[lines 145-146]</Message>
      </SourceLine>
      <Message>In class org.junit.runner.notification.RunNotifier$7</Message>
    </Class>
    <Method classname="org.junit.runner.notification.RunNotifier$7" name="&lt;init&gt;" signature="(Lorg/junit/runner/notification/RunNotifier;Lorg/junit/runner/Description;)V" isStatic="false" primary="true">
      <SourceLine classname="org.junit.runner.notification.RunNotifier$7" start="146" end="146" startBytecode="0" endBytecode="58" sourcefile="RunNotifier.java" sourcepath="org/junit/runner/notification/RunNotifier.java"/>
      <Message>In method new org.junit.runner.notification.RunNotifier$7(RunNotifier, Description)</Message>
    </Method>
    <SourceLine classname="org.junit.runner.notification.RunNotifier$7" primary="true" start="146" end="146" startBytecode="8" endBytecode="8" sourcefile="RunNotifier.java" sourcepath="org/junit/runner/notification/RunNotifier.java">
      <Message>At RunNotifier.java:[line 146]</Message>
    </SourceLine>
    <SourceLine classname="org.junit.runner.notification.RunNotifier$7" start="146" end="146" startBytecode="8" endBytecode="8" sourcefile="RunNotifier.java" sourcepath="org/junit/runner/notification/RunNotifier.java">
      <Message>At RunNotifier.java:[line 146]</Message>
    </SourceLine>
  </BugInstance>
  <BugInstance type="CT_CONSTRUCTOR_THROW" priority="2" rank="16" abbrev="CT" category="BAD_PRACTICE" instanceHash="6e086375b52cb157b40ee0f43a8df853" instanceOccurrenceNum="0" instanceOccurrenceMax="0">
    <ShortMessage>Be wary of letting constructors throw exceptions.</ShortMessage>
    <LongMessage>Exception thrown in class org.junit.runners.AllTests at new org.junit.runners.AllTests(Class) will leave the constructor. The object under construction remains partially initialized and may be vulnerable to Finalizer attacks.</LongMessage>
    <Class classname="org.junit.runners.AllTests" primary="true">
      <SourceLine classname="org.junit.runners.AllTests" start="22" end="23" sourcefile="AllTests.java" sourcepath="org/junit/runners/AllTests.java">
        <Message>At AllTests.java:[lines 22-23]</Message>
      </SourceLine>
      <Message>In class org.junit.runners.AllTests</Message>
    </Class>
    <Method classname="org.junit.runners.AllTests" name="&lt;init&gt;" signature="(Ljava/lang/Class;)V" isStatic="false" primary="true">
      <SourceLine classname="org.junit.runners.AllTests" start="22" end="23" startBytecode="0" endBytecode="79" sourcefile="AllTests.java" sourcepath="org/junit/runners/AllTests.java"/>
      <Message>In method new org.junit.runners.AllTests(Class)</Message>
    </Method>
    <SourceLine classname="org.junit.runners.AllTests" primary="true" start="23" end="23" startBytecode="18" endBytecode="18" sourcefile="AllTests.java" sourcepath="org/junit/runners/AllTests.java">
      <Message>At AllTests.java:[line 23]</Message>
    </SourceLine>
    <SourceLine classname="org.junit.runners.AllTests" start="23" end="23" startBytecode="18" endBytecode="18" sourcefile="AllTests.java" sourcepath="org/junit/runners/AllTests.java">
      <Message>At AllTests.java:[line 23]</Message>
    </SourceLine>
  </BugInstance>
  <BugInstance type="CT_CONSTRUCTOR_THROW" priority="2" rank="16" abbrev="CT" category="BAD_PRACTICE" instanceHash="8caa2cd5b07fddcd70d7142eb6b096f9" instanceOccurrenceNum="0" instanceOccurrenceMax="0">
    <ShortMessage>Be wary of letting constructors throw exceptions.</ShortMessage>
    <LongMessage>Exception thrown in class org.junit.runners.BlockJUnit4ClassRunner at new org.junit.runners.BlockJUnit4ClassRunner(Class) will leave the constructor. The object under construction remains partially initialized and may be vulnerable to Finalizer attacks.</LongMessage>
    <Class classname="org.junit.runners.BlockJUnit4ClassRunner" primary="true">
      <SourceLine classname="org.junit.runners.BlockJUnit4ClassRunner" start="50" end="393" sourcefile="BlockJUnit4ClassRunner.java" sourcepath="org/junit/runners/BlockJUnit4ClassRunner.java">
        <Message>At BlockJUnit4ClassRunner.java:[lines 50-393]</Message>
      </SourceLine>
      <Message>In class org.junit.runners.BlockJUnit4ClassRunner</Message>
    </Class>
    <Method classname="org.junit.runners.BlockJUnit4ClassRunner" name="&lt;init&gt;" signature="(Ljava/lang/Class;)V" isStatic="false" primary="true">
      <SourceLine classname="org.junit.runners.BlockJUnit4ClassRunner" start="59" end="60" startBytecode="0" endBytecode="79" sourcefile="BlockJUnit4ClassRunner.java" sourcepath="org/junit/runners/BlockJUnit4ClassRunner.java"/>
      <Message>In method new org.junit.runners.BlockJUnit4ClassRunner(Class)</Message>
    </Method>
    <SourceLine classname="org.junit.runners.BlockJUnit4ClassRunner" primary="true" start="60" end="60" startBytecode="7" endBytecode="7" sourcefile="BlockJUnit4ClassRunner.java" sourcepath="org/junit/runners/BlockJUnit4ClassRunner.java">
      <Message>At BlockJUnit4ClassRunner.java:[line 60]</Message>
    </SourceLine>
    <SourceLine classname="org.junit.runners.BlockJUnit4ClassRunner" start="60" end="60" startBytecode="7" endBytecode="7" sourcefile="BlockJUnit4ClassRunner.java" sourcepath="org/junit/runners/BlockJUnit4ClassRunner.java">
      <Message>At BlockJUnit4ClassRunner.java:[line 60]</Message>
    </SourceLine>
  </BugInstance>
  <BugInstance type="CT_CONSTRUCTOR_THROW" priority="2" rank="16" abbrev="CT" category="BAD_PRACTICE" instanceHash="3e4b89d90069b1772f23c192e87c339c" instanceOccurrenceNum="0" instanceOccurrenceMax="0">
    <ShortMessage>Be wary of letting constructors throw exceptions.</ShortMessage>
    <LongMessage>Exception thrown in class org.junit.runners.BlockJUnit4ClassRunner$1 at new org.junit.runners.BlockJUnit4ClassRunner$1(BlockJUnit4ClassRunner) will leave the constructor. The object under construction remains partially initialized and may be vulnerable to Finalizer attacks.</LongMessage>
    <Class classname="org.junit.runners.BlockJUnit4ClassRunner$1" primary="true">
      <SourceLine classname="org.junit.runners.BlockJUnit4ClassRunner$1" start="250" end="251" sourcefile="BlockJUnit4ClassRunner.java" sourcepath="org/junit/runners/BlockJUnit4ClassRunner.java">
        <Message>At BlockJUnit4ClassRunner.java:[lines 250-251]</Message>
      </SourceLine>
      <Message>In class org.junit.runners.BlockJUnit4ClassRunner$1</Message>
    </Class>
    <Method classname="org.junit.runners.BlockJUnit4ClassRunner$1" name="&lt;init&gt;" signature="(Lorg/junit/runners/BlockJUnit4ClassRunner;)V" isStatic="false" primary="true">
      <SourceLine classname="org.junit.runners.BlockJUnit4ClassRunner$1" start="250" end="250" startBytecode="0" endBytecode="51" sourcefile="BlockJUnit4ClassRunner.java" sourcepath="org/junit/runners/BlockJUnit4ClassRunner.java"/>
      <Message>In method new org.junit.runners.BlockJUnit4ClassRunner$1(BlockJUnit4ClassRunner)</Message>
    </Method>
    <SourceLine classname="org.junit.runners.BlockJUnit4ClassRunner$1" primary="true" start="250" end="250" startBytecode="8" endBytecode="8" sourcefile="BlockJUnit4ClassRunner.java" sourcepath="org/junit/runners/BlockJUnit4ClassRunner.java">
      <Message>At BlockJUnit4ClassRunner.java:[line 250]</Message>
    </SourceLine>
    <SourceLine classname="org.junit.runners.BlockJUnit4ClassRunner$1" start="250" end="250" startBytecode="8" endBytecode="8" sourcefile="BlockJUnit4ClassRunner.java" sourcepath="org/junit/runners/BlockJUnit4ClassRunner.java">
      <Message>At BlockJUnit4ClassRunner.java:[line 250]</Message>
    </SourceLine>
  </BugInstance>
  <BugInstance type="CT_CONSTRUCTOR_THROW" priority="2" rank="16" abbrev="CT" category="BAD_PRACTICE" instanceHash="94b57675bbaedd6028ff380e83b59cbf" instanceOccurrenceNum="0" instanceOccurrenceMax="0">
    <ShortMessage>Be wary of letting constructors throw exceptions.</ShortMessage>
    <LongMessage>Exception thrown in class org.junit.runners.Parameterized at new org.junit.runners.Parameterized(Class) will leave the constructor. The object under construction remains partially initialized and may be vulnerable to Finalizer attacks.</LongMessage>
    <Class classname="org.junit.runners.Parameterized" primary="true">
      <SourceLine classname="org.junit.runners.Parameterized" start="61" end="158" sourcefile="Parameterized.java" sourcepath="org/junit/runners/Parameterized.java">
        <Message>At Parameterized.java:[lines 61-158]</Message>
      </SourceLine>
      <Message>In class org.junit.runners.Parameterized</Message>
    </Class>
    <Method classname="org.junit.runners.Parameterized" name="&lt;init&gt;" signature="(Ljava/lang/Class;)V" isStatic="false" primary="true">
      <SourceLine classname="org.junit.runners.Parameterized" start="129" end="134" startBytecode="0" endBytecode="195" sourcefile="Parameterized.java" sourcepath="org/junit/runners/Parameterized.java"/>
      <Message>In method new org.junit.runners.Parameterized(Class)</Message>
    </Method>
    <SourceLine classname="org.junit.runners.Parameterized" primary="true" start="130" end="130" startBytecode="27" endBytecode="27" sourcefile="Parameterized.java" sourcepath="org/junit/runners/Parameterized.java">
      <Message>At Parameterized.java:[line 130]</Message>
    </SourceLine>
    <SourceLine classname="org.junit.runners.Parameterized" start="130" end="130" startBytecode="27" endBytecode="27" sourcefile="Parameterized.java" sourcepath="org/junit/runners/Parameterized.java">
      <Message>At Parameterized.java:[line 130]</Message>
    </SourceLine>
  </BugInstance>
  <BugInstance type="CT_CONSTRUCTOR_THROW" priority="2" rank="16" abbrev="CT" category="BAD_PRACTICE" instanceHash="6dc345269875599948074cac69ccebb0" instanceOccurrenceNum="0" instanceOccurrenceMax="0">
    <ShortMessage>Be wary of letting constructors throw exceptions.</ShortMessage>
    <LongMessage>Exception thrown in class org.junit.runners.Parameterized$TestClassRunnerForParameters at new org.junit.runners.Parameterized$TestClassRunnerForParameters(Parameterized, Class, List, int) will leave the constructor. The object under construction remains partially initialized and may be vulnerable to Finalizer attacks.</LongMessage>
    <Class classname="org.junit.runners.Parameterized$TestClassRunnerForParameters" primary="true">
      <SourceLine classname="org.junit.runners.Parameterized$TestClassRunnerForParameters" start="78" end="119" sourcefile="Parameterized.java" sourcepath="org/junit/runners/Parameterized.java">
        <Message>At Parameterized.java:[lines 78-119]</Message>
      </SourceLine>
      <Message>In class org.junit.runners.Parameterized$TestClassRunnerForParameters</Message>
    </Class>
    <Method classname="org.junit.runners.Parameterized$TestClassRunnerForParameters" name="&lt;init&gt;" signature="(Lorg/junit/runners/Parameterized;Ljava/lang/Class;Ljava/util/List;I)V" isStatic="false" primary="true">
      <SourceLine classname="org.junit.runners.Parameterized$TestClassRunnerForParameters" start="78" end="82" startBytecode="0" endBytecode="137" sourcefile="Parameterized.java" sourcepath="org/junit/runners/Parameterized.java"/>
      <Message>In method new org.junit.runners.Parameterized$TestClassRunnerForParameters(Parameterized, Class, List, int)</Message>
    </Method>
    <SourceLine classname="org.junit.runners.Parameterized$TestClassRunnerForParameters" primary="true" start="80" end="80" startBytecode="14" endBytecode="14" sourcefile="Parameterized.java" sourcepath="org/junit/runners/Parameterized.java">
      <Message>At Parameterized.java:[line 80]</Message>
    </SourceLine>
    <SourceLine classname="org.junit.runners.Parameterized$TestClassRunnerForParameters" start="80" end="80" startBytecode="14" endBytecode="14" sourcefile="Parameterized.java" sourcepath="org/junit/runners/Parameterized.java">
      <Message>At Parameterized.java:[line 80]</Message>
    </SourceLine>
  </BugInstance>
  <BugInstance type="CT_CONSTRUCTOR_THROW" priority="2" rank="16" abbrev="CT" category="BAD_PRACTICE" instanceHash="6ccbd2fc5be18dd578df61d1e4250bab" instanceOccurrenceNum="0" instanceOccurrenceMax="0">
    <ShortMessage>Be wary of letting constructors throw exceptions.</ShortMessage>
    <LongMessage>Exception thrown in class org.junit.runners.ParentRunner at new org.junit.runners.ParentRunner(Class) will leave the constructor. The object under construction remains partially initialized and may be vulnerable to Finalizer attacks.</LongMessage>
    <Class classname="org.junit.runners.ParentRunner" primary="true">
      <SourceLine classname="org.junit.runners.ParentRunner" start="42" end="316" sourcefile="ParentRunner.java" sourcepath="org/junit/runners/ParentRunner.java">
        <Message>At ParentRunner.java:[lines 42-316]</Message>
      </SourceLine>
      <Message>In class org.junit.runners.ParentRunner</Message>
    </Class>
    <Method classname="org.junit.runners.ParentRunner" name="&lt;init&gt;" signature="(Ljava/lang/Class;)V" isStatic="false" primary="true">
      <SourceLine classname="org.junit.runners.ParentRunner" start="64" end="67" startBytecode="0" endBytecode="148" sourcefile="ParentRunner.java" sourcepath="org/junit/runners/ParentRunner.java"/>
      <Message>In method new org.junit.runners.ParentRunner(Class)</Message>
    </Method>
    <SourceLine classname="org.junit.runners.ParentRunner" primary="true" start="48" end="48" startBytecode="11" endBytecode="11" sourcefile="ParentRunner.java" sourcepath="org/junit/runners/ParentRunner.java">
      <Message>At ParentRunner.java:[line 48]</Message>
    </SourceLine>
    <SourceLine classname="org.junit.runners.ParentRunner" start="48" end="48" startBytecode="11" endBytecode="11" sourcefile="ParentRunner.java" sourcepath="org/junit/runners/ParentRunner.java">
      <Message>At ParentRunner.java:[line 48]</Message>
    </SourceLine>
  </BugInstance>
  <BugInstance type="EI_EXPOSE_REP" priority="2" rank="18" abbrev="EI" category="MALICIOUS_CODE" instanceHash="abbb6d29b72858a654b6c28f9e511d1d" instanceOccurrenceNum="0" instanceOccurrenceMax="0" cweid="374">
    <ShortMessage>May expose internal representation by returning reference to mutable object</ShortMessage>
    <LongMessage>org.junit.runners.ParentRunner.getTestClass() may expose internal representation by returning ParentRunner.fTestClass</LongMessage>
    <Class classname="org.junit.runners.ParentRunner" primary="true">
      <SourceLine classname="org.junit.runners.ParentRunner" start="42" end="316" sourcefile="ParentRunner.java" sourcepath="org/junit/runners/ParentRunner.java">
        <Message>At ParentRunner.java:[lines 42-316]</Message>
      </SourceLine>
      <Message>In class org.junit.runners.ParentRunner</Message>
    </Class>
    <Method classname="org.junit.runners.ParentRunner" name="getTestClass" signature="()Lorg/junit/runners/model/TestClass;" isStatic="false" primary="true">
      <SourceLine classname="org.junit.runners.ParentRunner" start="214" end="214" startBytecode="0" endBytecode="64" sourcefile="ParentRunner.java" sourcepath="org/junit/runners/ParentRunner.java"/>
      <Message>In method org.junit.runners.ParentRunner.getTestClass()</Message>
    </Method>
    <Field classname="org.junit.runners.ParentRunner" name="fTestClass" signature="Lorg/junit/runners/model/TestClass;" isStatic="false" primary="true">
      <SourceLine classname="org.junit.runners.ParentRunner" sourcefile="ParentRunner.java" sourcepath="org/junit/runners/ParentRunner.java">
        <Message>In ParentRunner.java</Message>
      </SourceLine>
      <Message>Field org.junit.runners.ParentRunner.fTestClass</Message>
    </Field>
    <SourceLine classname="org.junit.runners.ParentRunner" primary="true" start="214" end="214" startBytecode="4" endBytecode="4" sourcefile="ParentRunner.java" sourcepath="org/junit/runners/ParentRunner.java">
      <Message>At ParentRunner.java:[line 214]</Message>
    </SourceLine>
  </BugInstance>
  <BugInstance type="CT_CONSTRUCTOR_THROW" priority="2" rank="16" abbrev="CT" category="BAD_PRACTICE" instanceHash="2b2ba07b95cb7bf90823862058c1be62" instanceOccurrenceNum="0" instanceOccurrenceMax="0">
    <ShortMessage>Be wary of letting constructors throw exceptions.</ShortMessage>
    <LongMessage>Exception thrown in class org.junit.runners.Suite at new org.junit.runners.Suite(Class, List) will leave the constructor. The object under construction remains partially initialized and may be vulnerable to Finalizer attacks.</LongMessage>
    <Class classname="org.junit.runners.Suite" primary="true">
      <SourceLine classname="org.junit.runners.Suite" start="24" end="129" sourcefile="Suite.java" sourcepath="org/junit/runners/Suite.java">
        <Message>At Suite.java:[lines 24-129]</Message>
      </SourceLine>
      <Message>In class org.junit.runners.Suite</Message>
    </Class>
    <Method classname="org.junit.runners.Suite" name="&lt;init&gt;" signature="(Ljava/lang/Class;Ljava/util/List;)V" isStatic="false" primary="true">
      <SourceLine classname="org.junit.runners.Suite" start="112" end="114" startBytecode="0" endBytecode="108" sourcefile="Suite.java" sourcepath="org/junit/runners/Suite.java"/>
      <Message>In method new org.junit.runners.Suite(Class, List)</Message>
    </Method>
    <SourceLine classname="org.junit.runners.Suite" primary="true" start="114" end="114" startBytecode="11" endBytecode="11" sourcefile="Suite.java" sourcepath="org/junit/runners/Suite.java">
      <Message>At Suite.java:[line 114]</Message>
    </SourceLine>
    <SourceLine classname="org.junit.runners.Suite" start="114" end="114" startBytecode="11" endBytecode="11" sourcefile="Suite.java" sourcepath="org/junit/runners/Suite.java">
      <Message>At Suite.java:[line 114]</Message>
    </SourceLine>
  </BugInstance>
  <BugInstance type="CT_CONSTRUCTOR_THROW" priority="2" rank="16" abbrev="CT" category="BAD_PRACTICE" instanceHash="a5289f1e394c57b48f9b0ce5fc1ca82b" instanceOccurrenceNum="0" instanceOccurrenceMax="0">
    <ShortMessage>Be wary of letting constructors throw exceptions.</ShortMessage>
    <LongMessage>Exception thrown in class org.junit.runners.Suite at new org.junit.runners.Suite(Class, RunnerBuilder) will leave the constructor. The object under construction remains partially initialized and may be vulnerable to Finalizer attacks.</LongMessage>
    <Class classname="org.junit.runners.Suite" primary="true">
      <SourceLine classname="org.junit.runners.Suite" start="24" end="129" sourcefile="Suite.java" sourcepath="org/junit/runners/Suite.java">
        <Message>At Suite.java:[lines 24-129]</Message>
      </SourceLine>
      <Message>In class org.junit.runners.Suite</Message>
    </Class>
    <Method classname="org.junit.runners.Suite" name="&lt;init&gt;" signature="(Ljava/lang/Class;Lorg/junit/runners/model/RunnerBuilder;)V" isStatic="false" primary="true">
      <SourceLine classname="org.junit.runners.Suite" start="67" end="68" startBytecode="0" endBytecode="94" sourcefile="Suite.java" sourcepath="org/junit/runners/Suite.java"/>
      <Message>In method new org.junit.runners.Suite(Class, RunnerBuilder)</Message>
    </Method>
    <SourceLine classname="org.junit.runners.Suite" primary="true" start="68" end="68" startBytecode="45" endBytecode="45" sourcefile="Suite.java" sourcepath="org/junit/runners/Suite.java">
      <Message>At Suite.java:[line 68]</Message>
    </SourceLine>
    <SourceLine classname="org.junit.runners.Suite" start="68" end="68" startBytecode="45" endBytecode="45" sourcefile="Suite.java" sourcepath="org/junit/runners/Suite.java">
      <Message>At Suite.java:[line 68]</Message>
    </SourceLine>
  </BugInstance>
  <BugInstance type="CT_CONSTRUCTOR_THROW" priority="2" rank="16" abbrev="CT" category="BAD_PRACTICE" instanceHash="8860d052c813983405e144cd56a8b7ae" instanceOccurrenceNum="0" instanceOccurrenceMax="0">
    <ShortMessage>Be wary of letting constructors throw exceptions.</ShortMessage>
    <LongMessage>Exception thrown in class org.junit.runners.Suite at new org.junit.runners.Suite(Class, Class[]) will leave the constructor. The object under construction remains partially initialized and may be vulnerable to Finalizer attacks.</LongMessage>
    <Class classname="org.junit.runners.Suite" primary="true">
      <SourceLine classname="org.junit.runners.Suite" start="24" end="129" sourcefile="Suite.java" sourcepath="org/junit/runners/Suite.java">
        <Message>At Suite.java:[lines 24-129]</Message>
      </SourceLine>
      <Message>In class org.junit.runners.Suite</Message>
    </Class>
    <Method classname="org.junit.runners.Suite" name="&lt;init&gt;" signature="(Ljava/lang/Class;[Ljava/lang/Class;)V" isStatic="false" primary="true">
      <SourceLine classname="org.junit.runners.Suite" start="89" end="90" startBytecode="0" endBytecode="108" sourcefile="Suite.java" sourcepath="org/junit/runners/Suite.java"/>
      <Message>In method new org.junit.runners.Suite(Class, Class[])</Message>
    </Method>
    <SourceLine classname="org.junit.runners.Suite" primary="true" start="89" end="89" startBytecode="11" endBytecode="11" sourcefile="Suite.java" sourcepath="org/junit/runners/Suite.java">
      <Message>At Suite.java:[line 89]</Message>
    </SourceLine>
    <SourceLine classname="org.junit.runners.Suite" start="89" end="89" startBytecode="11" endBytecode="11" sourcefile="Suite.java" sourcepath="org/junit/runners/Suite.java">
      <Message>At Suite.java:[line 89]</Message>
    </SourceLine>
  </BugInstance>
  <BugInstance type="CT_CONSTRUCTOR_THROW" priority="2" rank="16" abbrev="CT" category="BAD_PRACTICE" instanceHash="735290daaac0f9a88876a919771c0c79" instanceOccurrenceNum="0" instanceOccurrenceMax="0">
    <ShortMessage>Be wary of letting constructors throw exceptions.</ShortMessage>
    <LongMessage>Exception thrown in class org.junit.runners.Suite at new org.junit.runners.Suite(RunnerBuilder, Class, Class[]) will leave the constructor. The object under construction remains partially initialized and may be vulnerable to Finalizer attacks.</LongMessage>
    <Class classname="org.junit.runners.Suite" primary="true">
      <SourceLine classname="org.junit.runners.Suite" start="24" end="129" sourcefile="Suite.java" sourcepath="org/junit/runners/Suite.java">
        <Message>At Suite.java:[lines 24-129]</Message>
      </SourceLine>
      <Message>In class org.junit.runners.Suite</Message>
    </Class>
    <Method classname="org.junit.runners.Suite" name="&lt;init&gt;" signature="(Lorg/junit/runners/model/RunnerBuilder;Ljava/lang/Class;[Ljava/lang/Class;)V" isStatic="false" primary="true">
      <SourceLine classname="org.junit.runners.Suite" start="101" end="102" startBytecode="0" endBytecode="115" sourcefile="Suite.java" sourcepath="org/junit/runners/Suite.java"/>
      <Message>In method new org.junit.runners.Suite(RunnerBuilder, Class, Class[])</Message>
    </Method>
    <SourceLine classname="org.junit.runners.Suite" primary="true" start="102" end="102" startBytecode="14" endBytecode="14" sourcefile="Suite.java" sourcepath="org/junit/runners/Suite.java">
      <Message>At Suite.java:[line 102]</Message>
    </SourceLine>
    <SourceLine classname="org.junit.runners.Suite" start="102" end="102" startBytecode="14" endBytecode="14" sourcefile="Suite.java" sourcepath="org/junit/runners/Suite.java">
      <Message>At Suite.java:[line 102]</Message>
    </SourceLine>
  </BugInstance>
  <BugInstance type="CT_CONSTRUCTOR_THROW" priority="2" rank="16" abbrev="CT" category="BAD_PRACTICE" instanceHash="4a288d105d2a6501b4bc602b6bc1a757" instanceOccurrenceNum="0" instanceOccurrenceMax="0">
    <ShortMessage>Be wary of letting constructors throw exceptions.</ShortMessage>
    <LongMessage>Exception thrown in class org.junit.runners.Suite at new org.junit.runners.Suite(RunnerBuilder, Class[]) will leave the constructor. The object under construction remains partially initialized and may be vulnerable to Finalizer attacks.</LongMessage>
    <Class classname="org.junit.runners.Suite" primary="true">
      <SourceLine classname="org.junit.runners.Suite" start="24" end="129" sourcefile="Suite.java" sourcepath="org/junit/runners/Suite.java">
        <Message>At Suite.java:[lines 24-129]</Message>
      </SourceLine>
      <Message>In class org.junit.runners.Suite</Message>
    </Class>
    <Method classname="org.junit.runners.Suite" name="&lt;init&gt;" signature="(Lorg/junit/runners/model/RunnerBuilder;[Ljava/lang/Class;)V" isStatic="false" primary="true">
      <SourceLine classname="org.junit.runners.Suite" start="79" end="80" startBytecode="0" endBytecode="95" sourcefile="Suite.java" sourcepath="org/junit/runners/Suite.java"/>
      <Message>In method new org.junit.runners.Suite(RunnerBuilder, Class[])</Message>
    </Method>
    <SourceLine classname="org.junit.runners.Suite" primary="true" start="79" end="79" startBytecode="10" endBytecode="10" sourcefile="Suite.java" sourcepath="org/junit/runners/Suite.java">
      <Message>At Suite.java:[line 79]</Message>
    </SourceLine>
    <SourceLine classname="org.junit.runners.Suite" start="79" end="79" startBytecode="10" endBytecode="10" sourcefile="Suite.java" sourcepath="org/junit/runners/Suite.java">
      <Message>At Suite.java:[line 79]</Message>
    </SourceLine>
  </BugInstance>
  <BugInstance type="EI_EXPOSE_REP" priority="2" rank="18" abbrev="EI" category="MALICIOUS_CODE" instanceHash="2e2f5f6b20bfa94cbc3a1025d7b81fd1" instanceOccurrenceNum="0" instanceOccurrenceMax="0" cweid="374">
    <ShortMessage>May expose internal representation by returning reference to mutable object</ShortMessage>
    <LongMessage>org.junit.runners.model.FrameworkField.getField() may expose internal representation by returning FrameworkField.fField</LongMessage>
    <Class classname="org.junit.runners.model.FrameworkField" primary="true">
      <SourceLine classname="org.junit.runners.model.FrameworkField" start="12" end="40" sourcefile="FrameworkField.java" sourcepath="org/junit/runners/model/FrameworkField.java">
        <Message>At FrameworkField.java:[lines 12-40]</Message>
      </SourceLine>
      <Message>In class org.junit.runners.model.FrameworkField</Message>
    </Class>
    <Method classname="org.junit.runners.model.FrameworkField" name="getField" signature="()Ljava/lang/reflect/Field;" isStatic="false" primary="true">
      <SourceLine classname="org.junit.runners.model.FrameworkField" start="33" end="33" startBytecode="0" endBytecode="46" sourcefile="FrameworkField.java" sourcepath="org/junit/runners/model/FrameworkField.java"/>
      <Message>In method org.junit.runners.model.FrameworkField.getField()</Message>
    </Method>
    <Field classname="org.junit.runners.model.FrameworkField" name="fField" signature="Ljava/lang/reflect/Field;" isStatic="false" primary="true">
      <SourceLine classname="org.junit.runners.model.FrameworkField" sourcefile="FrameworkField.java" sourcepath="org/junit/runners/model/FrameworkField.java">
        <Message>In FrameworkField.java</Message>
      </SourceLine>
      <Message>Field org.junit.runners.model.FrameworkField.fField</Message>
    </Field>
    <SourceLine classname="org.junit.runners.model.FrameworkField" primary="true" start="33" end="33" startBytecode="4" endBytecode="4" sourcefile="FrameworkField.java" sourcepath="org/junit/runners/model/FrameworkField.java">
      <Message>At FrameworkField.java:[line 33]</Message>
    </SourceLine>
  </BugInstance>
  <BugInstance type="EI_EXPOSE_REP" priority="2" rank="18" abbrev="EI" category="MALICIOUS_CODE" instanceHash="4b3b9c1113783af7a3a38fc8d8d75efe" instanceOccurrenceNum="0" instanceOccurrenceMax="0" cweid="374">
    <ShortMessage>May expose internal representation by returning reference to mutable object</ShortMessage>
    <LongMessage>org.junit.runners.model.FrameworkMethod.getMethod() may expose internal representation by returning FrameworkMethod.fMethod</LongMessage>
    <Class classname="org.junit.runners.model.FrameworkMethod" primary="true">
      <SourceLine classname="org.junit.runners.model.FrameworkMethod" start="17" end="143" sourcefile="FrameworkMethod.java" sourcepath="org/junit/runners/model/FrameworkMethod.java">
        <Message>At FrameworkMethod.java:[lines 17-143]</Message>
      </SourceLine>
      <Message>In class org.junit.runners.model.FrameworkMethod</Message>
    </Class>
    <Method classname="org.junit.runners.model.FrameworkMethod" name="getMethod" signature="()Ljava/lang/reflect/Method;" isStatic="false" primary="true">
      <SourceLine classname="org.junit.runners.model.FrameworkMethod" start="31" end="31" startBytecode="0" endBytecode="46" sourcefile="FrameworkMethod.java" sourcepath="org/junit/runners/model/FrameworkMethod.java"/>
      <Message>In method org.junit.runners.model.FrameworkMethod.getMethod()</Message>
    </Method>
    <Field classname="org.junit.runners.model.FrameworkMethod" name="fMethod" signature="Ljava/lang/reflect/Method;" isStatic="false" primary="true">
      <SourceLine classname="org.junit.runners.model.FrameworkMethod" sourcefile="FrameworkMethod.java" sourcepath="org/junit/runners/model/FrameworkMethod.java">
        <Message>In FrameworkMethod.java</Message>
      </SourceLine>
      <Message>Field org.junit.runners.model.FrameworkMethod.fMethod</Message>
    </Field>
    <SourceLine classname="org.junit.runners.model.FrameworkMethod" primary="true" start="31" end="31" startBytecode="4" endBytecode="4" sourcefile="FrameworkMethod.java" sourcepath="org/junit/runners/model/FrameworkMethod.java">
      <Message>At FrameworkMethod.java:[line 31]</Message>
    </SourceLine>
  </BugInstance>
  <BugInstance type="EI_EXPOSE_REP2" priority="2" rank="18" abbrev="EI2" category="MALICIOUS_CODE" instanceHash="230ec9722eb5903829ccb95f05171d8b" instanceOccurrenceNum="0" instanceOccurrenceMax="0" cweid="374">
    <ShortMessage>May expose internal representation by incorporating reference to mutable object</ShortMessage>
    <LongMessage>new org.junit.runners.model.FrameworkMethod(Method) may expose internal representation by storing an externally mutable object into FrameworkMethod.fMethod</LongMessage>
    <Class classname="org.junit.runners.model.FrameworkMethod" primary="true">
      <SourceLine classname="org.junit.runners.model.FrameworkMethod" start="17" end="143" sourcefile="FrameworkMethod.java" sourcepath="org/junit/runners/model/FrameworkMethod.java">
        <Message>At FrameworkMethod.java:[lines 17-143]</Message>
      </SourceLine>
      <Message>In class org.junit.runners.model.FrameworkMethod</Message>
    </Class>
    <Method classname="org.junit.runners.model.FrameworkMethod" name="&lt;init&gt;" signature="(Ljava/lang/reflect/Method;)V" isStatic="false" primary="true">
      <SourceLine classname="org.junit.runners.model.FrameworkMethod" start="23" end="25" startBytecode="0" endBytecode="69" sourcefile="FrameworkMethod.java" sourcepath="org/junit/runners/model/FrameworkMethod.java"/>
      <Message>In method new org.junit.runners.model.FrameworkMethod(Method)</Message>
    </Method>
    <Field classname="org.junit.runners.model.FrameworkMethod" name="fMethod" signature="Ljava/lang/reflect/Method;" isStatic="false" primary="true">
      <SourceLine classname="org.junit.runners.model.FrameworkMethod" sourcefile="FrameworkMethod.java" sourcepath="org/junit/runners/model/FrameworkMethod.java">
        <Message>In FrameworkMethod.java</Message>
      </SourceLine>
      <Message>Field org.junit.runners.model.FrameworkMethod.fMethod</Message>
    </Field>
    <LocalVariable name="method" register="1" pc="6" role="LOCAL_VARIABLE_NAMED">
      <Message>Local variable named method</Message>
    </LocalVariable>
    <SourceLine classname="org.junit.runners.model.FrameworkMethod" primary="true" start="24" end="24" startBytecode="6" endBytecode="6" sourcefile="FrameworkMethod.java" sourcepath="org/junit/runners/model/FrameworkMethod.java">
      <Message>At FrameworkMethod.java:[line 24]</Message>
    </SourceLine>
  </BugInstance>
  <BugInstance type="CT_CONSTRUCTOR_THROW" priority="2" rank="16" abbrev="CT" category="BAD_PRACTICE" instanceHash="2b0d4e7655c56b3326b5627a18805425" instanceOccurrenceNum="0" instanceOccurrenceMax="0">
    <ShortMessage>Be wary of letting constructors throw exceptions.</ShortMessage>
    <LongMessage>Exception thrown in class org.junit.runners.model.FrameworkMethod$1 at new org.junit.runners.model.FrameworkMethod$1(FrameworkMethod, Object, Object[]) will leave the constructor. The object under construction remains partially initialized and may be vulnerable to Finalizer attacks.</LongMessage>
    <Class classname="org.junit.runners.model.FrameworkMethod$1" primary="true">
      <SourceLine classname="org.junit.runners.model.FrameworkMethod$1" start="43" end="44" sourcefile="FrameworkMethod.java" sourcepath="org/junit/runners/model/FrameworkMethod.java">
        <Message>At FrameworkMethod.java:[lines 43-44]</Message>
      </SourceLine>
      <Message>In class org.junit.runners.model.FrameworkMethod$1</Message>
    </Class>
    <Method classname="org.junit.runners.model.FrameworkMethod$1" name="&lt;init&gt;" signature="(Lorg/junit/runners/model/FrameworkMethod;Ljava/lang/Object;[Ljava/lang/Object;)V" isStatic="false" primary="true">
      <SourceLine classname="org.junit.runners.model.FrameworkMethod$1" start="43" end="43" startBytecode="0" endBytecode="61" sourcefile="FrameworkMethod.java" sourcepath="org/junit/runners/model/FrameworkMethod.java"/>
      <Message>In method new org.junit.runners.model.FrameworkMethod$1(FrameworkMethod, Object, Object[])</Message>
    </Method>
    <SourceLine classname="org.junit.runners.model.FrameworkMethod$1" primary="true" start="43" end="43" startBytecode="4" endBytecode="4" sourcefile="FrameworkMethod.java" sourcepath="org/junit/runners/model/FrameworkMethod.java">
      <Message>At FrameworkMethod.java:[line 43]</Message>
    </SourceLine>
    <SourceLine classname="org.junit.runners.model.FrameworkMethod$1" start="43" end="43" startBytecode="4" endBytecode="4" sourcefile="FrameworkMethod.java" sourcepath="org/junit/runners/model/FrameworkMethod.java">
      <Message>At FrameworkMethod.java:[line 43]</Message>
    </SourceLine>
  </BugInstance>
  <BugInstance type="EI_EXPOSE_REP" priority="2" rank="18" abbrev="EI" category="MALICIOUS_CODE" instanceHash="84f5cd93c532ad4563c833c109286eaa" instanceOccurrenceNum="0" instanceOccurrenceMax="0" cweid="374">
    <ShortMessage>May expose internal representation by returning reference to mutable object</ShortMessage>
    <LongMessage>org.junit.runners.model.InitializationError.getCauses() may expose internal representation by returning InitializationError.fErrors</LongMessage>
    <Class classname="org.junit.runners.model.InitializationError" primary="true">
      <SourceLine classname="org.junit.runners.model.InitializationError" start="17" end="37" sourcefile="InitializationError.java" sourcepath="org/junit/runners/model/InitializationError.java">
        <Message>At InitializationError.java:[lines 17-37]</Message>
      </SourceLine>
      <Message>In class org.junit.runners.model.InitializationError</Message>
    </Class>
    <Method classname="org.junit.runners.model.InitializationError" name="getCauses" signature="()Ljava/util/List;" isStatic="false" primary="true">
      <SourceLine classname="org.junit.runners.model.InitializationError" start="37" end="37" startBytecode="0" endBytecode="46" sourcefile="InitializationError.java" sourcepath="org/junit/runners/model/InitializationError.java"/>
      <Message>In method org.junit.runners.model.InitializationError.getCauses()</Message>
    </Method>
    <Field classname="org.junit.runners.model.InitializationError" name="fErrors" signature="Ljava/util/List;" isStatic="false" primary="true">
      <SourceLine classname="org.junit.runners.model.InitializationError" sourcefile="InitializationError.java" sourcepath="org/junit/runners/model/InitializationError.java">
        <Message>In InitializationError.java</Message>
      </SourceLine>
      <Message>Field org.junit.runners.model.InitializationError.fErrors</Message>
    </Field>
    <SourceLine classname="org.junit.runners.model.InitializationError" primary="true" start="37" end="37" startBytecode="4" endBytecode="4" sourcefile="InitializationError.java" sourcepath="org/junit/runners/model/InitializationError.java">
      <Message>At InitializationError.java:[line 37]</Message>
    </SourceLine>
  </BugInstance>
  <BugInstance type="EI_EXPOSE_REP2" priority="2" rank="18" abbrev="EI2" category="MALICIOUS_CODE" instanceHash="62009d0f7557e268b57f479a5650329b" instanceOccurrenceNum="0" instanceOccurrenceMax="0" cweid="374">
    <ShortMessage>May expose internal representation by incorporating reference to mutable object</ShortMessage>
    <LongMessage>new org.junit.runners.model.InitializationError(List) may expose internal representation by storing an externally mutable object into InitializationError.fErrors</LongMessage>
    <Class classname="org.junit.runners.model.InitializationError" primary="true">
      <SourceLine classname="org.junit.runners.model.InitializationError" start="17" end="37" sourcefile="InitializationError.java" sourcepath="org/junit/runners/model/InitializationError.java">
        <Message>At InitializationError.java:[lines 17-37]</Message>
      </SourceLine>
      <Message>In class org.junit.runners.model.InitializationError</Message>
    </Class>
    <Method classname="org.junit.runners.model.InitializationError" name="&lt;init&gt;" signature="(Ljava/util/List;)V" isStatic="false" primary="true">
      <SourceLine classname="org.junit.runners.model.InitializationError" start="17" end="19" startBytecode="0" endBytecode="87" sourcefile="InitializationError.java" sourcepath="org/junit/runners/model/InitializationError.java"/>
      <Message>In method new org.junit.runners.model.InitializationError(List)</Message>
    </Method>
    <Field classname="org.junit.runners.model.InitializationError" name="fErrors" signature="Ljava/util/List;" isStatic="false" primary="true">
      <SourceLine classname="org.junit.runners.model.InitializationError" sourcefile="InitializationError.java" sourcepath="org/junit/runners/model/InitializationError.java">
        <Message>In InitializationError.java</Message>
      </SourceLine>
      <Message>Field org.junit.runners.model.InitializationError.fErrors</Message>
    </Field>
    <LocalVariable name="errors" register="1" pc="6" role="LOCAL_VARIABLE_NAMED">
      <Message>Local variable named errors</Message>
    </LocalVariable>
    <SourceLine classname="org.junit.runners.model.InitializationError" primary="true" start="18" end="18" startBytecode="6" endBytecode="6" sourcefile="InitializationError.java" sourcepath="org/junit/runners/model/InitializationError.java">
      <Message>At InitializationError.java:[line 18]</Message>
    </SourceLine>
  </BugInstance>
  <BugInstance type="CT_CONSTRUCTOR_THROW" priority="2" rank="16" abbrev="CT" category="BAD_PRACTICE" instanceHash="ad06231c6c6403a59bc1dce0f2900fca" instanceOccurrenceNum="0" instanceOccurrenceMax="0">
    <ShortMessage>Be wary of letting constructors throw exceptions.</ShortMessage>
    <LongMessage>Exception thrown in class org.junit.runners.model.TestClass at new org.junit.runners.model.TestClass(Class) will leave the constructor. The object under construction remains partially initialized and may be vulnerable to Finalizer attacks.</LongMessage>
    <Class classname="org.junit.runners.model.TestClass" primary="true">
      <SourceLine classname="org.junit.runners.model.TestClass" start="22" end="130" sourcefile="TestClass.java" sourcepath="org/junit/runners/model/TestClass.java">
        <Message>At TestClass.java:[lines 22-130]</Message>
      </SourceLine>
      <Message>In class org.junit.runners.model.TestClass</Message>
    </Class>
    <Method classname="org.junit.runners.model.TestClass" name="&lt;init&gt;" signature="(Ljava/lang/Class;)V" isStatic="false" primary="true">
      <SourceLine classname="org.junit.runners.model.TestClass" start="31" end="43" startBytecode="0" endBytecode="424" sourcefile="TestClass.java" sourcepath="org/junit/runners/model/TestClass.java"/>
      <Message>In method new org.junit.runners.model.TestClass(Class)</Message>
    </Method>
    <SourceLine classname="org.junit.runners.model.TestClass" primary="true" start="34" end="34" startBytecode="53" endBytecode="53" sourcefile="TestClass.java" sourcepath="org/junit/runners/model/TestClass.java">
      <Message>At TestClass.java:[line 34]</Message>
    </SourceLine>
    <SourceLine classname="org.junit.runners.model.TestClass" start="34" end="34" startBytecode="53" endBytecode="53" sourcefile="TestClass.java" sourcepath="org/junit/runners/model/TestClass.java">
      <Message>At TestClass.java:[line 34]</Message>
    </SourceLine>
  </BugInstance>
  <BugCategory category="BAD_PRACTICE">
    <Description>Bad practice</Description>
  </BugCategory>
  <BugCategory category="MALICIOUS_CODE">
    <Description>Malicious code vulnerability</Description>
  </BugCategory>
  <BugCategory category="PERFORMANCE">
    <Description>Performance</Description>
  </BugCategory>
  <BugCategory category="CORRECTNESS">
    <Description>Correctness</Description>
  </BugCategory>
  <BugCategory category="STYLE">
    <Description>Dodgy code</Description>
  </BugCategory>
  <BugCategory category="EXPERIMENTAL">
    <Description>Experimental</Description>
  </BugCategory>
  <BugCategory category="MT_CORRECTNESS">
    <Description>Multithreaded correctness</Description>
  </BugCategory>
  <BugCategory category="I18N">
    <Description>Internationalization</Description>
  </BugCategory>
  <BugPattern type="RV_CHECK_FOR_POSITIVE_INDEXOF" abbrev="RV" category="STYLE">
    <ShortDescription>Method checks to see if result of String.indexOf is positive</ShortDescription>
    <Details><![CDATA[

   <p> The method invokes String.indexOf and checks to see if the result is positive or non-positive.
   It is much more typical to check to see if the result is negative or non-negative. It is
   positive only if the substring checked for occurs at some place other than at the beginning of
   the String.</p>

    ]]></Details>
  </BugPattern>
  <BugPattern type="EI_EXPOSE_REP2" abbrev="EI2" category="MALICIOUS_CODE" cweid="374">
    <ShortDescription>May expose internal representation by incorporating reference to mutable object</ShortDescription>
    <Details><![CDATA[

  <p> This code stores a reference to an externally mutable object into the
  internal representation of the object.&nbsp;
   If instances
   are accessed by untrusted code, and unchecked changes to
   the mutable object would compromise security or other
   important properties, you will need to do something different.
  Storing a copy of the object is better approach in many situations.</p>

    ]]></Details>
  </BugPattern>
  <BugPattern type="SIC_INNER_SHOULD_BE_STATIC" abbrev="SIC" category="PERFORMANCE">
    <ShortDescription>Should be a static inner class</ShortDescription>
    <Details><![CDATA[

  <p> This class is an inner class, but does not use its embedded reference
  to the object which created it.&nbsp; This reference makes the instances
  of the class larger, and may keep the reference to the creator object
  alive longer than necessary.&nbsp; If possible, the class should be
   made static.
</p>

    ]]></Details>
  </BugPattern>
  <BugPattern type="MS_SHOULD_BE_FINAL" abbrev="MS" category="MALICIOUS_CODE">
    <ShortDescription>Field isn&apos;t final but should be</ShortDescription>
    <Details><![CDATA[

   <p>
This <code>public static</code> or <code>protected static</code> field is not final, and
could be changed by malicious code or
        by accident from another package.
        The field could be made final to avoid
        this vulnerability.</p>

    ]]></Details>
  </BugPattern>
  <BugPattern type="REC_CATCH_EXCEPTION" abbrev="REC" category="STYLE" cweid="396">
    <ShortDescription>Exception is caught when Exception is not thrown</ShortDescription>
    <Details><![CDATA[
  
  <p>
  This method uses a try-catch block that catches Exception objects, but Exception is not
  thrown within the try block, and RuntimeException is not explicitly caught.  It is a common bug pattern to
  say try { ... } catch (Exception e) { something } as a shorthand for catching a number of types of exception
  each of whose catch blocks is identical, but this construct also accidentally catches RuntimeException as well,
  masking potential bugs.
  </p>
  <p>A better approach is to either explicitly catch the specific exceptions that are thrown,
  or to explicitly catch RuntimeException exception, rethrow it, and then catch all non-Runtime Exceptions, as shown below:</p>
<pre><code>try {
    ...
} catch (RuntimeException e) {
    throw e;
} catch (Exception e) {
    ... deal with all non-runtime exceptions ...
}
</code></pre>
  
     ]]></Details>
  </BugPattern>
  <BugPattern type="MS_EXPOSE_REP" abbrev="MS" category="MALICIOUS_CODE">
    <ShortDescription>Public static method may expose internal representation by returning a mutable object or array</ShortDescription>
    <Details><![CDATA[

  <p> A public static method returns a reference to a mutable object or
   an array that is part of the static state of the class.
   Any code that calls this method can freely modify
   the underlying array.
   One fix is to return a copy of the array.</p>

    ]]></Details>
  </BugPattern>
  <BugPattern type="OBL_UNSATISFIED_OBLIGATION" abbrev="OBL" category="EXPERIMENTAL">
    <ShortDescription>Method may fail to clean up stream or resource</ShortDescription>
    <Details><![CDATA[
          
          <p>
          This method may fail to clean up (close, dispose of) a stream,
          database object, or other
          resource requiring an explicit cleanup operation.
          </p>

          <p>
          In general, if a method opens a stream or other resource,
          the method should use a try/finally block to ensure that
          the stream or resource is cleaned up before the method
          returns.
          </p>

          <p>
          This bug pattern is essentially the same as the
          OS_OPEN_STREAM and ODR_OPEN_DATABASE_RESOURCE
          bug patterns, but is based on a different
          (and hopefully better) static analysis technique.
          We are interested is getting feedback about the
          usefulness of this bug pattern.
          For sending feedback, check:
          </p>
          <ul>
            <li><a href="https://github.com/spotbugs/spotbugs/blob/master/.github/CONTRIBUTING.md">contributing guideline</a></li>
            <li><a href="https://github.com/spotbugs/discuss/issues?q=">mailinglist</a></li>
          </ul>

          <p>
          In particular,
          the false-positive suppression heuristics for this
          bug pattern have not been extensively tuned, so
          reports about false positives are helpful to us.
          </p>

          <p>
          See Weimer and Necula, <i>Finding and Preventing Run-Time Error Handling Mistakes</i>
          (<a href="https://people.eecs.berkeley.edu/~necula/Papers/rte_oopsla04.pdf">PDF</a>),
          for a description of the analysis technique.
          </p>
          
      ]]></Details>
  </BugPattern>
  <BugPattern type="VA_PRIMITIVE_ARRAY_PASSED_TO_OBJECT_VARARG" abbrev="VA" category="CORRECTNESS">
    <ShortDescription>Primitive array passed to function expecting a variable number of object arguments</ShortDescription>
    <Details><![CDATA[

<p>
This code passes a primitive array to a function that takes a variable number of object arguments.
This creates an array of length one to hold the primitive array and passes it to the function.
</p>

    ]]></Details>
  </BugPattern>
  <BugPattern type="ST_WRITE_TO_STATIC_FROM_INSTANCE_METHOD" abbrev="ST" category="STYLE">
    <ShortDescription>Write to static field from instance method</ShortDescription>
    <Details><![CDATA[

  <p> This instance method writes to a static field. This is tricky to get
correct if multiple instances are being manipulated,
and generally bad practice.
</p>

    ]]></Details>
  </BugPattern>
  <BugPattern type="EI_EXPOSE_REP" abbrev="EI" category="MALICIOUS_CODE" cweid="374">
    <ShortDescription>May expose internal representation by returning reference to mutable object</ShortDescription>
    <Details><![CDATA[

  <p> Returning a reference to a mutable object value stored in one of the object's fields
  exposes the internal representation of the object.&nbsp;
   If instances
   are accessed by untrusted code, and unchecked changes to
   the mutable object would compromise security or other
   important properties, you will need to do something different.
  Returning a new copy of the object is better approach in many situations.</p>

    ]]></Details>
  </BugPattern>
  <BugPattern type="NP_EQUALS_SHOULD_HANDLE_NULL_ARGUMENT" abbrev="NP" category="BAD_PRACTICE">
    <ShortDescription>equals() method does not check for null argument</ShortDescription>
    <Details><![CDATA[
      
      <p>
      This implementation of equals(Object) violates the contract defined
      by java.lang.Object.equals() because it does not check for null
      being passed as the argument.  All equals() methods should return
      false if passed a null value.
      </p>
      
   ]]></Details>
  </BugPattern>
  <BugPattern type="SIC_INNER_SHOULD_BE_STATIC_ANON" abbrev="SIC" category="PERFORMANCE">
    <ShortDescription>Could be refactored into a named static inner class</ShortDescription>
    <Details><![CDATA[

  <p> This class is an inner class, but does not use its embedded reference
  to the object which created it.&nbsp; This reference makes the instances
  of the class larger, and may keep the reference to the creator object
  alive longer than necessary.&nbsp; If possible, the class should be
  made into a <em>static</em> inner class. Since anonymous inner
classes cannot be marked as static, doing this will require refactoring
the inner class so that it is a named inner class.</p>

    ]]></Details>
  </BugPattern>
  <BugPattern type="DM_DEFAULT_ENCODING" abbrev="Dm" category="I18N">
    <ShortDescription>Reliance on default encoding</ShortDescription>
    <Details><![CDATA[

<p> Found a call to a method which will perform a byte to String (or String to byte) conversion,
and will assume that the default platform encoding is suitable. This will cause the application
behavior to vary between platforms. Use an alternative API and specify a charset name or Charset
object explicitly.</p>

      ]]></Details>
  </BugPattern>
  <BugPattern type="DM_NUMBER_CTOR" abbrev="Bx" category="PERFORMANCE">
    <ShortDescription>Method invokes inefficient Number constructor; use static valueOf instead</ShortDescription>
    <Details><![CDATA[
      
      <p>
      Using <code>new Integer(int)</code> is guaranteed to always result in a new object whereas
      <code>Integer.valueOf(int)</code> allows caching of values to be done by the compiler, class library, or JVM.
      Using of cached values avoids object allocation and the code will be faster.
      </p>
      <p>
      Values between -128 and 127 are guaranteed to have corresponding cached instances
      and using <code>valueOf</code> is approximately 3.5 times faster than using constructor.
      For values outside the constant range the performance of both styles is the same.
      </p>
      <p>
      Unless the class must be compatible with JVMs predating Java 5,
      use either autoboxing or the <code>valueOf()</code> method when creating instances of
      <code>Long</code>, <code>Integer</code>, <code>Short</code>, <code>Character</code>, and <code>Byte</code>.
      </p>
      
    ]]></Details>
  </BugPattern>
  <BugPattern type="SE_BAD_FIELD" abbrev="Se" category="BAD_PRACTICE">
    <ShortDescription>Non-transient non-serializable instance field in serializable class</ShortDescription>
    <Details><![CDATA[

<p> This Serializable class defines a non-primitive instance field which is neither transient,
Serializable, or <code>java.lang.Object</code>, and does not appear to implement
the <code>Externalizable</code> interface or the
<code>readObject()</code> and <code>writeObject()</code> methods.&nbsp;
Objects of this class will not be deserialized correctly if a non-Serializable
object is stored in this field.</p>

    ]]></Details>
  </BugPattern>
  <BugPattern type="SE_COMPARATOR_SHOULD_BE_SERIALIZABLE" abbrev="Se" category="BAD_PRACTICE">
    <ShortDescription>Comparator doesn&apos;t implement Serializable</ShortDescription>
    <Details><![CDATA[

  <p> This class implements the <code>Comparator</code> interface. You
should consider whether or not it should also implement the <code>Serializable</code>
interface. If a comparator is used to construct an ordered collection
such as a <code>TreeMap</code>, then the <code>TreeMap</code>
will be serializable only if the comparator is also serializable.
As most comparators have little or no state, making them serializable
is generally easy and good defensive programming.
</p>

    ]]></Details>
  </BugPattern>
  <BugPattern type="IT_NO_SUCH_ELEMENT" abbrev="It" category="BAD_PRACTICE">
    <ShortDescription>Iterator next() method cannot throw NoSuchElementException</ShortDescription>
    <Details><![CDATA[

  <p> This class implements the <code>java.util.Iterator</code> interface.&nbsp;
  However, its <code>next()</code> method is not capable of throwing
  <code>java.util.NoSuchElementException</code>.&nbsp; The <code>next()</code>
  method should be changed so it throws <code>NoSuchElementException</code>
  if is called when there are no more elements to return.</p>

    ]]></Details>
  </BugPattern>
  <BugPattern type="CT_CONSTRUCTOR_THROW" abbrev="CT" category="BAD_PRACTICE">
    <ShortDescription>Be wary of letting constructors throw exceptions.</ShortDescription>
    <Details><![CDATA[
      
            <p>Classes that throw exceptions in their constructors are vulnerable to Finalizer attacks</p>

            <p>A finalizer attack can be prevented, by declaring the class final, using an empty finalizer declared as final, or by a clever use of a private constructor.</p>

            <p>See <a href="https://wiki.sei.cmu.edu/confluence/display/java/OBJ11-J.+Be+wary+of+letting+constructors+throw+exceptions"><code>SEI CERT Rule OBJ-11</code></a>
            for more information.
            </p>
            
    ]]></Details>
  </BugPattern>
  <BugPattern type="LI_LAZY_INIT_UPDATE_STATIC" abbrev="LI" category="MT_CORRECTNESS" cweid="543">
    <ShortDescription>Incorrect lazy initialization and update of static field</ShortDescription>
    <Details><![CDATA[

<p> This method contains an unsynchronized lazy initialization of a static field.
After the field is set, the object stored into that location is further updated or accessed.
The setting of the field is visible to other threads as soon as it is set. If the
further accesses in the method that set the field serve to initialize the object, then
you have a <em>very serious</em> multithreading bug, unless something else prevents
any other thread from accessing the stored object until it is fully initialized.
</p>
<p>Even if you feel confident that the method is never called by multiple
threads, it might be better to not set the static field until the value
you are setting it to is fully populated/initialized.</p>

    ]]></Details>
  </BugPattern>
  <BugPattern type="VO_VOLATILE_INCREMENT" abbrev="VO" category="MT_CORRECTNESS">
    <ShortDescription>An increment to a volatile field isn&apos;t atomic</ShortDescription>
    <Details><![CDATA[

<p>This code increments/decrements a volatile field. Increments/Decrements of volatile fields aren't
atomic. If more than one thread is incrementing/decrementing the field at the same time,
increments/decrements could be lost.
</p>

    ]]></Details>
  </BugPattern>
  <BugPattern type="DM_FP_NUMBER_CTOR" abbrev="Bx" category="PERFORMANCE">
    <ShortDescription>Method invokes inefficient floating-point Number constructor; use static valueOf instead</ShortDescription>
    <Details><![CDATA[
      
      <p>
      Using <code>new Double(double)</code> is guaranteed to always result in a new object whereas
      <code>Double.valueOf(double)</code> allows caching of values to be done by the compiler, class library, or JVM.
      Using of cached values avoids object allocation and the code will be faster.
      </p>
      <p>
      Unless the class must be compatible with JVMs predating Java 5,
      use either autoboxing or the <code>valueOf()</code> method when creating instances of <code>Double</code> and <code>Float</code>.
      </p>
      
    ]]></Details>
  </BugPattern>
  <BugPattern type="OS_OPEN_STREAM_EXCEPTION_PATH" abbrev="OS" category="BAD_PRACTICE">
    <ShortDescription>Method may fail to close stream on exception</ShortDescription>
    <Details><![CDATA[

<p> The method creates an IO stream object, does not assign it to any
fields, pass it to other methods, or return it, and does not appear to close
it on all possible exception paths out of the method.&nbsp;
This may result in a file descriptor leak.&nbsp; It is generally a good
idea to use a <code>finally</code> block to ensure that streams are
closed.</p>

    ]]></Details>
  </BugPattern>
  <BugPattern type="MC_OVERRIDABLE_METHOD_CALL_IN_CONSTRUCTOR" abbrev="MC" category="MALICIOUS_CODE">
    <ShortDescription>An overridable method is called from a constructor</ShortDescription>
    <Details><![CDATA[
      <p>
      Calling an overridable method during in a constructor may result in the use of uninitialized data. It may also
      leak the this reference of the partially constructed object. Only static, final or private methods should be
      invoked from a constructor.</p>
      <p>
      See SEI CERT rule <a href="https://wiki.sei.cmu.edu/confluence/display/java/MET05-J.+Ensure+that+constructors+do+not+call+overridable+methods">MET05-J. Ensure that constructors do not call overridable methods</a>.
      </p>
    ]]></Details>
  </BugPattern>
  <BugPattern type="NM_CLASS_NOT_EXCEPTION" abbrev="Nm" category="BAD_PRACTICE">
    <ShortDescription>Class is not derived from an Exception, even though it is named as such</ShortDescription>
    <Details><![CDATA[

<p> This class is not derived from another exception, but ends with 'Exception'. This will
be confusing to users of this class.</p>

    ]]></Details>
  </BugPattern>
  <BugPattern type="DE_MIGHT_IGNORE" abbrev="DE" category="BAD_PRACTICE">
    <ShortDescription>Method might ignore exception</ShortDescription>
    <Details><![CDATA[

  <p> This method might ignore an exception.&nbsp; In general, exceptions
  should be handled or reported in some way, or they should be thrown
  out of the method.</p>

    ]]></Details>
  </BugPattern>
  <BugPattern type="HE_EQUALS_USE_HASHCODE" abbrev="HE" category="BAD_PRACTICE">
    <ShortDescription>Class defines equals() and uses Object.hashCode()</ShortDescription>
    <Details><![CDATA[

  <p> This class overrides <code>equals(Object)</code>, but does not
  override <code>hashCode()</code>, and inherits the implementation of
  <code>hashCode()</code> from <code>java.lang.Object</code> (which returns
  the identity hash code, an arbitrary value assigned to the object
  by the VM).&nbsp; Therefore, the class is very likely to violate the
  invariant that equal objects must have equal hashcodes.</p>

<p>If you don't think instances of this class will ever be inserted into a HashMap/HashTable,
the recommended <code>hashCode</code> implementation to use is:</p>
<pre><code>public int hashCode() {
    assert false : "hashCode not designed";
    return 42; // any arbitrary constant will do
}
</code></pre>

    ]]></Details>
  </BugPattern>
  <BugPattern type="DM_EXIT" abbrev="Dm" category="BAD_PRACTICE" cweid="382">
    <ShortDescription>Method invokes System.exit(...)</ShortDescription>
    <Details><![CDATA[

  <p> Invoking System.exit shuts down the entire Java virtual machine. This
   should only been done when it is appropriate. Such calls make it
   hard or impossible for your code to be invoked by other code.
   Consider throwing a RuntimeException instead.</p>

    ]]></Details>
  </BugPattern>
  <BugPattern type="OS_OPEN_STREAM" abbrev="OS" category="BAD_PRACTICE">
    <ShortDescription>Method may fail to close stream</ShortDescription>
    <Details><![CDATA[

<p> The method creates an IO stream object, does not assign it to any
fields, pass it to other methods that might close it,
or return it, and does not appear to close
the stream on all paths out of the method.&nbsp; This may result in
a file descriptor leak.&nbsp; It is generally a good
idea to use a <code>finally</code> block to ensure that streams are
closed.</p>

    ]]></Details>
  </BugPattern>
  <BugPattern type="RV_RETURN_VALUE_IGNORED_BAD_PRACTICE" abbrev="RV" category="BAD_PRACTICE" cweid="253">
    <ShortDescription>Method ignores exceptional return value</ShortDescription>
    <Details><![CDATA[

   <p> This method returns a value that is not checked. The return value should be checked
since it can indicate an unusual or unexpected function execution. For
example, the <code>File.delete()</code> method returns false
if the file could not be successfully deleted (rather than
throwing an Exception).
If you don't check the result, you won't notice if the method invocation
signals unexpected behavior by returning an atypical return value.
</p>

    ]]></Details>
  </BugPattern>
  <BugCode abbrev="ST">
    <Description>Misuse of static fields</Description>
  </BugCode>
  <BugCode abbrev="DE" cweid="391">
    <Description>Dropped or ignored exception</Description>
  </BugCode>
  <BugCode abbrev="NP" cweid="476">
    <Description>Null pointer dereference</Description>
  </BugCode>
  <BugCode abbrev="EI">
    <Description>Method returning array may expose internal representation</Description>
  </BugCode>
  <BugCode abbrev="OS">
    <Description>Stream not closed on all paths</Description>
  </BugCode>
  <BugCode abbrev="RV" cweid="440">
    <Description>Bad use of return value from method</Description>
  </BugCode>
  <BugCode abbrev="MS" cweid="218">
    <Description>Mutable static field</Description>
  </BugCode>
  <BugCode abbrev="Dm">
    <Description>Dubious method used</Description>
  </BugCode>
  <BugCode abbrev="It">
    <Description>Incorrect definition of Iterator</Description>
  </BugCode>
  <BugCode abbrev="VA">
    <Description>Vararg problems</Description>
  </BugCode>
  <BugCode abbrev="SIC">
    <Description>Inner class could be made static</Description>
  </BugCode>
  <BugCode abbrev="EI2">
    <Description>Storing reference to mutable object</Description>
  </BugCode>
  <BugCode abbrev="CT">
    <Description>Constructor throws</Description>
  </BugCode>
  <BugCode abbrev="REC">
    <Description>RuntimeException capture</Description>
  </BugCode>
  <BugCode abbrev="Se">
    <Description>Incorrect definition of Serializable class</Description>
  </BugCode>
  <BugCode abbrev="Bx">
    <Description>Questionable Boxing of primitive value</Description>
  </BugCode>
  <BugCode abbrev="MC">
    <Description>Dangerous call to overridable method</Description>
  </BugCode>
  <BugCode abbrev="OBL">
    <Description>Unsatisfied obligation to clean up stream or resource</Description>
  </BugCode>
  <BugCode abbrev="VO">
    <Description>Use of volatile</Description>
  </BugCode>
  <BugCode abbrev="LI">
    <Description>Unsynchronized Lazy Initialization</Description>
  </BugCode>
  <BugCode abbrev="HE">
    <Description>Equal objects must have equal hashcodes</Description>
  </BugCode>
  <BugCode abbrev="Nm">
    <Description>Confusing method name</Description>
  </BugCode>
  <Errors errors="0" missingClasses="0"></Errors>
  <FindBugsSummary timestamp="Fri, 8 Dec 2023 14:30:37 +0900" total_classes="230" referenced_classes="410" total_bugs="122" total_size="4904" num_packages="30" java_version="17.0.9" vm_version="17.0.9+11-LTS-201" cpu_seconds="2.17" clock_seconds="3.36" peak_mbytes="257.22" alloc_mbytes="4078.00" gc_seconds="0.06" priority_3="17" priority_2="99" priority_1="6">
    <FileStats path="junit/extensions/ActiveTestSuite.java" bugCount="1" size="45" bugHash="e5d16ead47ec6e43e14de89d57fd4921"/>
    <FileStats path="junit/extensions/RepeatedTest.java" bugCount="1" size="18" bugHash="263466166d1936e3f2c985fc1a530559"/>
    <FileStats path="junit/extensions/TestDecorator.java" bugCount="0" size="18"/>
    <FileStats path="junit/extensions/TestSetup.java" bugCount="1" size="22" bugHash="642d357cd8c2d52ce33f8e686250014a"/>
    <FileStats path="junit/framework/Assert.java" bugCount="7" size="143" bugHash="eb430a967db8b3db056b63506e90c40d"/>
    <FileStats path="junit/framework/AssertionFailedError.java" bugCount="0" size="8"/>
    <FileStats path="junit/framework/ComparisonCompactor.java" bugCount="0" size="52"/>
    <FileStats path="junit/framework/ComparisonFailure.java" bugCount="0" size="16"/>
    <FileStats path="junit/framework/JUnit4TestAdapter.java" bugCount="1" size="45" bugHash="312a0cd7956d1dfcf93bdb558a62ddbd"/>
    <FileStats path="junit/framework/JUnit4TestAdapterCache.java" bugCount="1" size="47" bugHash="276fff255b1b6e027f695400698533ff"/>
    <FileStats path="junit/framework/JUnit4TestCaseFacade.java" bugCount="1" size="14" bugHash="38c279afe77f8edf90e32bacb8ed4baf"/>
    <FileStats path="junit/framework/Protectable.java" bugCount="0" size="2"/>
    <FileStats path="junit/framework/Test.java" bugCount="0" size="3"/>
    <FileStats path="junit/framework/TestCase.java" bugCount="0" size="64"/>
    <FileStats path="junit/framework/TestFailure.java" bugCount="2" size="26" bugHash="216634acc177033ab852944f524f481e"/>
    <FileStats path="junit/framework/TestListener.java" bugCount="0" size="5"/>
    <FileStats path="junit/framework/TestResult.java" bugCount="2" size="87" bugHash="1957a4308e676ca78c8819f88e30831f"/>
    <FileStats path="junit/framework/TestSuite.java" bugCount="0" size="130"/>
    <FileStats path="junit/runner/BaseTestRunner.java" bugCount="6" size="175" bugHash="ecf2dd4b059272c799f94aab3d77b2c3"/>
    <FileStats path="junit/runner/TestRunListener.java" bugCount="0" size="9"/>
    <FileStats path="junit/runner/Version.java" bugCount="0" size="9"/>
    <FileStats path="junit/textui/ResultPrinter.java" bugCount="2" size="74" bugHash="e0192389df9c2b15eaea176198215d23"/>
    <FileStats path="junit/textui/TestRunner.java" bugCount="4" size="99" bugHash="76872a25ad5f8cc802d9aa77257554f0"/>
    <FileStats path="org/hamcrest/BaseDescription.java" bugCount="0" size="78"/>
    <FileStats path="org/hamcrest/BaseMatcher.java" bugCount="0" size="7"/>
    <FileStats path="org/hamcrest/CoreMatchers.java" bugCount="0" size="43"/>
    <FileStats path="org/hamcrest/Description.java" bugCount="0" size="7"/>
    <FileStats path="org/hamcrest/Factory.java" bugCount="0" size="1"/>
    <FileStats path="org/hamcrest/Matcher.java" bugCount="0" size="3"/>
    <FileStats path="org/hamcrest/SelfDescribing.java" bugCount="0" size="2"/>
    <FileStats path="org/hamcrest/StringDescription.java" bugCount="0" size="27"/>
    <FileStats path="org/hamcrest/core/AllOf.java" bugCount="0" size="19"/>
    <FileStats path="org/hamcrest/core/AnyOf.java" bugCount="0" size="19"/>
    <FileStats path="org/hamcrest/core/DescribedAs.java" bugCount="0" size="29"/>
    <FileStats path="org/hamcrest/core/Is.java" bugCount="0" size="17"/>
    <FileStats path="org/hamcrest/core/IsAnything.java" bugCount="0" size="20"/>
    <FileStats path="org/hamcrest/core/IsEqual.java" bugCount="0" size="29"/>
    <FileStats path="org/hamcrest/core/IsInstanceOf.java" bugCount="0" size="13"/>
    <FileStats path="org/hamcrest/core/IsNot.java" bugCount="0" size="15"/>
    <FileStats path="org/hamcrest/core/IsNull.java" bugCount="0" size="16"/>
    <FileStats path="org/hamcrest/core/IsSame.java" bugCount="0" size="13"/>
    <FileStats path="org/hamcrest/internal/ArrayIterator.java" bugCount="2" size="16" bugHash="13280c5b04735a1e4e215290c70dcc2f"/>
    <FileStats path="org/hamcrest/internal/SelfDescribingValue.java" bugCount="0" size="9"/>
    <FileStats path="org/hamcrest/internal/SelfDescribingValueIterator.java" bugCount="1" size="15" bugHash="d28a6e2ab186770550dcd8f27844a9a0"/>
    <FileStats path="org/junit/After.java" bugCount="0" size="1"/>
    <FileStats path="org/junit/AfterClass.java" bugCount="0" size="1"/>
    <FileStats path="org/junit/Assert.java" bugCount="1" size="183" bugHash="14609ca6391e11593ed04b027f46c6c0"/>
    <FileStats path="org/junit/Assume.java" bugCount="0" size="16"/>
    <FileStats path="org/junit/Before.java" bugCount="0" size="1"/>
    <FileStats path="org/junit/BeforeClass.java" bugCount="0" size="1"/>
    <FileStats path="org/junit/ComparisonFailure.java" bugCount="0" size="70"/>
    <FileStats path="org/junit/Ignore.java" bugCount="0" size="2"/>
    <FileStats path="org/junit/Rule.java" bugCount="0" size="1"/>
    <FileStats path="org/junit/Test.java" bugCount="0" size="8"/>
    <FileStats path="org/junit/experimental/ParallelComputer.java" bugCount="0" size="47"/>
    <FileStats path="org/junit/experimental/categories/Categories.java" bugCount="1" size="47" bugHash="978eaed3d3a825c7deb77e8705aedf26"/>
    <FileStats path="org/junit/experimental/categories/Category.java" bugCount="0" size="2"/>
    <FileStats path="org/junit/experimental/max/CouldNotReadCoreException.java" bugCount="0" size="5"/>
    <FileStats path="org/junit/experimental/max/MaxCore.java" bugCount="2" size="72" bugHash="b0e3dec8be544e58d3cfecfd8d39376b"/>
    <FileStats path="org/junit/experimental/max/MaxHistory.java" bugCount="3" size="91" bugHash="4bc46786f72b1f8ae3ccd2933f43dc97"/>
    <FileStats path="org/junit/experimental/results/FailureList.java" bugCount="0" size="15"/>
    <FileStats path="org/junit/experimental/results/PrintableResult.java" bugCount="2" size="20" bugHash="6c236e3c8edb2d6fa6913bdaceb0b2d0"/>
    <FileStats path="org/junit/experimental/results/ResultMatchers.java" bugCount="0" size="39"/>
    <FileStats path="org/junit/experimental/runners/Enclosed.java" bugCount="1" size="4" bugHash="8e026eaf067cbaa9ebf2d04efee36127"/>
    <FileStats path="org/junit/experimental/theories/DataPoint.java" bugCount="0" size="1"/>
    <FileStats path="org/junit/experimental/theories/DataPoints.java" bugCount="0" size="1"/>
    <FileStats path="org/junit/experimental/theories/ParameterSignature.java" bugCount="0" size="45"/>
    <FileStats path="org/junit/experimental/theories/ParameterSupplier.java" bugCount="0" size="4"/>
    <FileStats path="org/junit/experimental/theories/ParametersSuppliedBy.java" bugCount="0" size="2"/>
    <FileStats path="org/junit/experimental/theories/PotentialAssignment.java" bugCount="0" size="23"/>
    <FileStats path="org/junit/experimental/theories/Theories.java" bugCount="5" size="120" bugHash="3e0ff0e2392ced19fef39bdf36184fca"/>
    <FileStats path="org/junit/experimental/theories/Theory.java" bugCount="0" size="2"/>
    <FileStats path="org/junit/experimental/theories/internal/AllMembersSupplier.java" bugCount="1" size="63" bugHash="2cb0f11318444360d8a59662b4908a57"/>
    <FileStats path="org/junit/experimental/theories/internal/Assignments.java" bugCount="0" size="58"/>
    <FileStats path="org/junit/experimental/theories/internal/ParameterizedAssertionError.java" bugCount="2" size="23" bugHash="dc2e14aeebf7d749c330492808f1f474"/>
    <FileStats path="org/junit/experimental/theories/suppliers/TestedOn.java" bugCount="0" size="2"/>
    <FileStats path="org/junit/experimental/theories/suppliers/TestedOnSupplier.java" bugCount="1" size="10" bugHash="18585d69455074877253e4d142d6c101"/>
    <FileStats path="org/junit/internal/ArrayComparisonFailure.java" bugCount="1" size="29" bugHash="5bef5ee9a552d49fd95eaa479dc364a7"/>
    <FileStats path="org/junit/internal/AssumptionViolatedException.java" bugCount="1" size="22" bugHash="2a0c4bcd2c92aaa173765d3fc134077c"/>
    <FileStats path="org/junit/internal/ComparisonCriteria.java" bugCount="0" size="35"/>
    <FileStats path="org/junit/internal/ExactComparisonCriteria.java" bugCount="0" size="6"/>
    <FileStats path="org/junit/internal/InexactComparisonCriteria.java" bugCount="0" size="11"/>
    <FileStats path="org/junit/internal/JUnitSystem.java" bugCount="0" size="3"/>
    <FileStats path="org/junit/internal/RealSystem.java" bugCount="0" size="8"/>
    <FileStats path="org/junit/internal/TextListener.java" bugCount="1" size="56" bugHash="fe3790fdc23bc2a5107ed5f61a533019"/>
    <FileStats path="org/junit/internal/builders/AllDefaultPossibilitiesBuilder.java" bugCount="0" size="26"/>
    <FileStats path="org/junit/internal/builders/AnnotatedBuilder.java" bugCount="1" size="19" bugHash="75e4f98e8cb988386e226b078f104d85"/>
    <FileStats path="org/junit/internal/builders/IgnoredBuilder.java" bugCount="0" size="7"/>
    <FileStats path="org/junit/internal/builders/IgnoredClassRunner.java" bugCount="0" size="11"/>
    <FileStats path="org/junit/internal/builders/JUnit3Builder.java" bugCount="0" size="9"/>
    <FileStats path="org/junit/internal/builders/JUnit4Builder.java" bugCount="0" size="5"/>
    <FileStats path="org/junit/internal/builders/NullBuilder.java" bugCount="0" size="5"/>
    <FileStats path="org/junit/internal/builders/SuiteMethodBuilder.java" bugCount="0" size="13"/>
    <FileStats path="org/junit/internal/matchers/CombinableMatcher.java" bugCount="0" size="15"/>
    <FileStats path="org/junit/internal/matchers/Each.java" bugCount="0" size="17"/>
    <FileStats path="org/junit/internal/matchers/IsCollectionContaining.java" bugCount="0" size="30"/>
    <FileStats path="org/junit/internal/matchers/StringContains.java" bugCount="0" size="10"/>
    <FileStats path="org/junit/internal/matchers/SubstringMatcher.java" bugCount="0" size="15"/>
    <FileStats path="org/junit/internal/matchers/TypeSafeMatcher.java" bugCount="0" size="21"/>
    <FileStats path="org/junit/internal/requests/ClassRequest.java" bugCount="0" size="13"/>
    <FileStats path="org/junit/internal/requests/FilterRequest.java" bugCount="0" size="14"/>
    <FileStats path="org/junit/internal/requests/SortingRequest.java" bugCount="0" size="12"/>
    <FileStats path="org/junit/internal/runners/ClassRoadie.java" bugCount="2" size="49" bugHash="f854c6e2e5c5ff16ee8cfa02ffd5cfd2"/>
    <FileStats path="org/junit/internal/runners/ErrorReportingRunner.java" bugCount="0" size="33"/>
    <FileStats path="org/junit/internal/runners/FailedBefore.java" bugCount="0" size="4"/>
    <FileStats path="org/junit/internal/runners/InitializationError.java" bugCount="2" size="15" bugHash="0926fc2ff5c671c0d8dbb29cc038f47b"/>
    <FileStats path="org/junit/internal/runners/JUnit38ClassRunner.java" bugCount="1" size="100" bugHash="74027c873d1e0926a896227d3e4d4683"/>
    <FileStats path="org/junit/internal/runners/JUnit4ClassRunner.java" bugCount="3" size="91" bugHash="5c2d5ccc0491a1757ed782bc7eb69bb1"/>
    <FileStats path="org/junit/internal/runners/MethodRoadie.java" bugCount="2" size="117" bugHash="f615e40b53447f76bfaf2ae2dbc0bd9f"/>
    <FileStats path="org/junit/internal/runners/MethodValidator.java" bugCount="1" size="50" bugHash="3d255a6d66a9a8f2a30681b7c3f1079b"/>
    <FileStats path="org/junit/internal/runners/SuiteMethod.java" bugCount="1" size="15" bugHash="bbbec27afd45e7f89232d29db349e947"/>
    <FileStats path="org/junit/internal/runners/TestClass.java" bugCount="0" size="53"/>
    <FileStats path="org/junit/internal/runners/TestMethod.java" bugCount="1" size="32" bugHash="3aedda5aab41dc6bfa2a0243fae9470f"/>
    <FileStats path="org/junit/internal/runners/model/EachTestNotifier.java" bugCount="2" size="28" bugHash="63ebd8ce7941c4ce5048cff12ccaa923"/>
    <FileStats path="org/junit/internal/runners/model/MultipleFailureException.java" bugCount="2" size="15" bugHash="e11b78d20079d01c13e794c7dea88b09"/>
    <FileStats path="org/junit/internal/runners/model/ReflectiveCallable.java" bugCount="0" size="8"/>
    <FileStats path="org/junit/internal/runners/statements/ExpectException.java" bugCount="1" size="20" bugHash="53f0fd77cac97aa5244cae3251860b5f"/>
    <FileStats path="org/junit/internal/runners/statements/Fail.java" bugCount="1" size="8" bugHash="a0f44b54d44d3629d1cffa84dec3ecaf"/>
    <FileStats path="org/junit/internal/runners/statements/FailOnTimeout.java" bugCount="0" size="38"/>
    <FileStats path="org/junit/internal/runners/statements/InvokeMethod.java" bugCount="0" size="11"/>
    <FileStats path="org/junit/internal/runners/statements/RunAfters.java" bugCount="1" size="24" bugHash="c44cab8d5efb7daf3ce11ff02f8905a4"/>
    <FileStats path="org/junit/internal/runners/statements/RunBefores.java" bugCount="1" size="15" bugHash="4abc6fbc53cb83294b652eba34011950"/>
    <FileStats path="org/junit/matchers/JUnitMatchers.java" bugCount="0" size="19"/>
    <FileStats path="org/junit/rules/ErrorCollector.java" bugCount="1" size="28" bugHash="e189702c1ec5f50e8b45b88edd2a016d"/>
    <FileStats path="org/junit/rules/ExpectedException.java" bugCount="2" size="58" bugHash="66ac050290c024f4cd91670bb3fe1c57"/>
    <FileStats path="org/junit/rules/ExternalResource.java" bugCount="1" size="20" bugHash="cb7a2c2d519e5c357fc5daaaa3811b60"/>
    <FileStats path="org/junit/rules/MethodRule.java" bugCount="0" size="2"/>
    <FileStats path="org/junit/rules/TemporaryFolder.java" bugCount="5" size="35" bugHash="64dc5f25cfe2752637cbd0cf099a8885"/>
    <FileStats path="org/junit/rules/TestName.java" bugCount="0" size="9"/>
    <FileStats path="org/junit/rules/TestWatchman.java" bugCount="1" size="29" bugHash="7017ff31e34967f2f6b0bfafb49b0c8c"/>
    <FileStats path="org/junit/rules/Timeout.java" bugCount="0" size="8"/>
    <FileStats path="org/junit/rules/Verifier.java" bugCount="1" size="16" bugHash="f71261c7cb25877d60fe378ab679084c"/>
    <FileStats path="org/junit/runner/Computer.java" bugCount="1" size="16" bugHash="aeb42b8d5c5ef2b0ebf42989a2a5c7bb"/>
    <FileStats path="org/junit/runner/Describable.java" bugCount="0" size="2"/>
    <FileStats path="org/junit/runner/Description.java" bugCount="1" size="82" bugHash="9ade2273ec2b552cb75c3726347cb44e"/>
    <FileStats path="org/junit/runner/JUnitCore.java" bugCount="0" size="63"/>
    <FileStats path="org/junit/runner/Request.java" bugCount="0" size="35"/>
    <FileStats path="org/junit/runner/Result.java" bugCount="1" size="57" bugHash="5542f12881fd8f61a67a21b008b0ce1b"/>
    <FileStats path="org/junit/runner/RunWith.java" bugCount="0" size="2"/>
    <FileStats path="org/junit/runner/Runner.java" bugCount="0" size="7"/>
    <FileStats path="org/junit/runner/manipulation/Filter.java" bugCount="1" size="36" bugHash="24f63f5696325ce1b1ef1cf8ed246bce"/>
    <FileStats path="org/junit/runner/manipulation/Filterable.java" bugCount="0" size="2"/>
    <FileStats path="org/junit/runner/manipulation/NoTestsRemainException.java" bugCount="0" size="4"/>
    <FileStats path="org/junit/runner/manipulation/Sortable.java" bugCount="0" size="2"/>
    <FileStats path="org/junit/runner/manipulation/Sorter.java" bugCount="2" size="24" bugHash="486c35b8c6da4e6d107c4bfe044ce3d0"/>
    <FileStats path="org/junit/runner/notification/Failure.java" bugCount="4" size="26" bugHash="1b69607b512f70f7d3466c2cebab28b2"/>
    <FileStats path="org/junit/runner/notification/RunListener.java" bugCount="0" size="17"/>
    <FileStats path="org/junit/runner/notification/RunNotifier.java" bugCount="6" size="110" bugHash="ce614e9623a21ebfdf7cdfaae469b6f0"/>
    <FileStats path="org/junit/runner/notification/StoppedByUserException.java" bugCount="0" size="4"/>
    <FileStats path="org/junit/runners/AllTests.java" bugCount="1" size="4" bugHash="62b4da3a5201c9680a482b386ab3c399"/>
    <FileStats path="org/junit/runners/BlockJUnit4ClassRunner.java" bugCount="2" size="134" bugHash="26e45f0b179432f5a946e08947d44e14"/>
    <FileStats path="org/junit/runners/JUnit4.java" bugCount="0" size="4"/>
    <FileStats path="org/junit/runners/Parameterized.java" bugCount="2" size="49" bugHash="d8a932e62105f9fde577fc9399683196"/>
    <FileStats path="org/junit/runners/ParentRunner.java" bugCount="2" size="139" bugHash="921882c965c0cf0f3f6b819c1d5db318"/>
    <FileStats path="org/junit/runners/Suite.java" bugCount="5" size="39" bugHash="d7d1403ce95a6fa832252cd7ad96b3eb"/>
    <FileStats path="org/junit/runners/model/FrameworkField.java" bugCount="1" size="16" bugHash="a397906c25747212030a2b6b479f0f2d"/>
    <FileStats path="org/junit/runners/model/FrameworkMember.java" bugCount="0" size="10"/>
    <FileStats path="org/junit/runners/model/FrameworkMethod.java" bugCount="3" size="61" bugHash="a111eaadf6aa8933025800a76ee16764"/>
    <FileStats path="org/junit/runners/model/InitializationError.java" bugCount="2" size="15" bugHash="fb2326497d6f0a543fa9b2a17714320f"/>
    <FileStats path="org/junit/runners/model/RunnerBuilder.java" bugCount="0" size="28"/>
    <FileStats path="org/junit/runners/model/RunnerScheduler.java" bugCount="0" size="3"/>
    <FileStats path="org/junit/runners/model/Statement.java" bugCount="0" size="4"/>
    <FileStats path="org/junit/runners/model/TestClass.java" bugCount="1" size="58" bugHash="6c2e47d14f0c7f72bc3cbe4dc591b74e"/>
    <PackageStats package="junit.extensions" total_bugs="3" total_types="6" total_size="103" priority_2="3">
      <ClassStats class="junit.extensions.ActiveTestSuite" sourceFile="ActiveTestSuite.java" interface="false" size="34" bugs="1" priority_2="1"/>
      <ClassStats class="junit.extensions.ActiveTestSuite$1" sourceFile="ActiveTestSuite.java" interface="false" size="11" bugs="0"/>
      <ClassStats class="junit.extensions.RepeatedTest" sourceFile="RepeatedTest.java" interface="false" size="18" bugs="1" priority_2="1"/>
      <ClassStats class="junit.extensions.TestDecorator" sourceFile="TestDecorator.java" interface="false" size="18" bugs="0"/>
      <ClassStats class="junit.extensions.TestSetup" sourceFile="TestSetup.java" interface="false" size="12" bugs="0"/>
      <ClassStats class="junit.extensions.TestSetup$1" sourceFile="TestSetup.java" interface="false" size="10" bugs="1" priority_2="1"/>
    </PackageStats>
    <PackageStats package="junit.framework" total_bugs="14" total_types="17" total_size="642" priority_3="3" priority_2="11">
      <ClassStats class="junit.framework.Assert" sourceFile="Assert.java" interface="false" size="143" bugs="7" priority_3="2" priority_2="5"/>
      <ClassStats class="junit.framework.AssertionFailedError" sourceFile="AssertionFailedError.java" interface="false" size="8" bugs="0"/>
      <ClassStats class="junit.framework.ComparisonCompactor" sourceFile="ComparisonCompactor.java" interface="false" size="52" bugs="0"/>
      <ClassStats class="junit.framework.ComparisonFailure" sourceFile="ComparisonFailure.java" interface="false" size="16" bugs="0"/>
      <ClassStats class="junit.framework.JUnit4TestAdapter" sourceFile="JUnit4TestAdapter.java" interface="false" size="45" bugs="1" priority_2="1"/>
      <ClassStats class="junit.framework.JUnit4TestAdapterCache" sourceFile="JUnit4TestAdapterCache.java" interface="false" size="33" bugs="1" priority_2="1"/>
      <ClassStats class="junit.framework.JUnit4TestAdapterCache$1" sourceFile="JUnit4TestAdapterCache.java" interface="false" size="14" bugs="0"/>
      <ClassStats class="junit.framework.JUnit4TestCaseFacade" sourceFile="JUnit4TestCaseFacade.java" interface="false" size="14" bugs="1" priority_2="1"/>
      <ClassStats class="junit.framework.Protectable" sourceFile="Protectable.java" interface="true" size="2" bugs="0"/>
      <ClassStats class="junit.framework.Test" sourceFile="Test.java" interface="true" size="3" bugs="0"/>
      <ClassStats class="junit.framework.TestCase" sourceFile="TestCase.java" interface="false" size="64" bugs="0"/>
      <ClassStats class="junit.framework.TestFailure" sourceFile="TestFailure.java" interface="false" size="26" bugs="2" priority_2="2"/>
      <ClassStats class="junit.framework.TestListener" sourceFile="TestListener.java" interface="true" size="5" bugs="0"/>
      <ClassStats class="junit.framework.TestResult" sourceFile="TestResult.java" interface="false" size="79" bugs="1" priority_3="1"/>
      <ClassStats class="junit.framework.TestResult$1" sourceFile="TestResult.java" interface="false" size="8" bugs="1" priority_2="1"/>
      <ClassStats class="junit.framework.TestSuite" sourceFile="TestSuite.java" interface="false" size="123" bugs="0"/>
      <ClassStats class="junit.framework.TestSuite$1" sourceFile="TestSuite.java" interface="false" size="7" bugs="0"/>
    </PackageStats>
    <PackageStats package="junit.runner" total_bugs="6" total_types="3" total_size="193" priority_3="2" priority_2="3" priority_1="1">
      <ClassStats class="junit.runner.BaseTestRunner" sourceFile="BaseTestRunner.java" interface="false" size="175" bugs="6" priority_3="2" priority_2="3" priority_1="1"/>
      <ClassStats class="junit.runner.TestRunListener" sourceFile="TestRunListener.java" interface="true" size="9" bugs="0"/>
      <ClassStats class="junit.runner.Version" sourceFile="Version.java" interface="false" size="9" bugs="0"/>
    </PackageStats>
    <PackageStats package="junit.textui" total_bugs="6" total_types="2" total_size="173" priority_3="1" priority_2="5">
      <ClassStats class="junit.textui.ResultPrinter" sourceFile="ResultPrinter.java" interface="false" size="74" bugs="2" priority_2="2"/>
      <ClassStats class="junit.textui.TestRunner" sourceFile="TestRunner.java" interface="false" size="99" bugs="4" priority_3="1" priority_2="3"/>
    </PackageStats>
    <PackageStats package="org.hamcrest" total_bugs="0" total_types="8" total_size="168">
      <ClassStats class="org.hamcrest.BaseDescription" sourceFile="BaseDescription.java" interface="false" size="78" bugs="0"/>
      <ClassStats class="org.hamcrest.BaseMatcher" sourceFile="BaseMatcher.java" interface="false" size="7" bugs="0"/>
      <ClassStats class="org.hamcrest.CoreMatchers" sourceFile="CoreMatchers.java" interface="false" size="43" bugs="0"/>
      <ClassStats class="org.hamcrest.Description" sourceFile="Description.java" interface="true" size="7" bugs="0"/>
      <ClassStats class="org.hamcrest.Factory" sourceFile="Factory.java" interface="true" size="1" bugs="0"/>
      <ClassStats class="org.hamcrest.Matcher" sourceFile="Matcher.java" interface="true" size="3" bugs="0"/>
      <ClassStats class="org.hamcrest.SelfDescribing" sourceFile="SelfDescribing.java" interface="true" size="2" bugs="0"/>
      <ClassStats class="org.hamcrest.StringDescription" sourceFile="StringDescription.java" interface="false" size="27" bugs="0"/>
    </PackageStats>
    <PackageStats package="org.hamcrest.core" total_bugs="0" total_types="10" total_size="190">
      <ClassStats class="org.hamcrest.core.AllOf" sourceFile="AllOf.java" interface="false" size="19" bugs="0"/>
      <ClassStats class="org.hamcrest.core.AnyOf" sourceFile="AnyOf.java" interface="false" size="19" bugs="0"/>
      <ClassStats class="org.hamcrest.core.DescribedAs" sourceFile="DescribedAs.java" interface="false" size="29" bugs="0"/>
      <ClassStats class="org.hamcrest.core.Is" sourceFile="Is.java" interface="false" size="17" bugs="0"/>
      <ClassStats class="org.hamcrest.core.IsAnything" sourceFile="IsAnything.java" interface="false" size="20" bugs="0"/>
      <ClassStats class="org.hamcrest.core.IsEqual" sourceFile="IsEqual.java" interface="false" size="29" bugs="0"/>
      <ClassStats class="org.hamcrest.core.IsInstanceOf" sourceFile="IsInstanceOf.java" interface="false" size="13" bugs="0"/>
      <ClassStats class="org.hamcrest.core.IsNot" sourceFile="IsNot.java" interface="false" size="15" bugs="0"/>
      <ClassStats class="org.hamcrest.core.IsNull" sourceFile="IsNull.java" interface="false" size="16" bugs="0"/>
      <ClassStats class="org.hamcrest.core.IsSame" sourceFile="IsSame.java" interface="false" size="13" bugs="0"/>
    </PackageStats>
    <PackageStats package="org.hamcrest.internal" total_bugs="3" total_types="3" total_size="40" priority_2="3">
      <ClassStats class="org.hamcrest.internal.ArrayIterator" sourceFile="ArrayIterator.java" interface="false" size="16" bugs="2" priority_2="2"/>
      <ClassStats class="org.hamcrest.internal.SelfDescribingValue" sourceFile="SelfDescribingValue.java" interface="false" size="9" bugs="0"/>
      <ClassStats class="org.hamcrest.internal.SelfDescribingValueIterator" sourceFile="SelfDescribingValueIterator.java" interface="false" size="15" bugs="1" priority_2="1"/>
    </PackageStats>
    <PackageStats package="org.junit" total_bugs="1" total_types="12" total_size="284" priority_3="1">
      <ClassStats class="org.junit.After" sourceFile="After.java" interface="true" size="1" bugs="0"/>
      <ClassStats class="org.junit.AfterClass" sourceFile="AfterClass.java" interface="true" size="1" bugs="0"/>
      <ClassStats class="org.junit.Assert" sourceFile="Assert.java" interface="false" size="183" bugs="1" priority_3="1"/>
      <ClassStats class="org.junit.Assume" sourceFile="Assume.java" interface="false" size="16" bugs="0"/>
      <ClassStats class="org.junit.Before" sourceFile="Before.java" interface="true" size="1" bugs="0"/>
      <ClassStats class="org.junit.BeforeClass" sourceFile="BeforeClass.java" interface="true" size="1" bugs="0"/>
      <ClassStats class="org.junit.ComparisonFailure" sourceFile="ComparisonFailure.java" interface="false" size="16" bugs="0"/>
      <ClassStats class="org.junit.ComparisonFailure$ComparisonCompactor" sourceFile="ComparisonFailure.java" interface="false" size="54" bugs="0"/>
      <ClassStats class="org.junit.Ignore" sourceFile="Ignore.java" interface="true" size="2" bugs="0"/>
      <ClassStats class="org.junit.Rule" sourceFile="Rule.java" interface="true" size="1" bugs="0"/>
      <ClassStats class="org.junit.Test" sourceFile="Test.java" interface="true" size="3" bugs="0"/>
      <ClassStats class="org.junit.Test$None" sourceFile="Test.java" interface="false" size="5" bugs="0"/>
    </PackageStats>
    <PackageStats package="org.junit.experimental" total_bugs="0" total_types="3" total_size="47">
      <ClassStats class="org.junit.experimental.ParallelComputer" sourceFile="ParallelComputer.java" interface="false" size="22" bugs="0"/>
      <ClassStats class="org.junit.experimental.ParallelComputer$1" sourceFile="ParallelComputer.java" interface="false" size="17" bugs="0"/>
      <ClassStats class="org.junit.experimental.ParallelComputer$1$1" sourceFile="ParallelComputer.java" interface="false" size="8" bugs="0"/>
    </PackageStats>
    <PackageStats package="org.junit.experimental.categories" total_bugs="1" total_types="5" total_size="49" priority_2="1">
      <ClassStats class="org.junit.experimental.categories.Categories" sourceFile="Categories.java" interface="false" size="14" bugs="1" priority_2="1"/>
      <ClassStats class="org.junit.experimental.categories.Categories$CategoryFilter" sourceFile="Categories.java" interface="false" size="29" bugs="0"/>
      <ClassStats class="org.junit.experimental.categories.Categories$ExcludeCategory" sourceFile="Categories.java" interface="true" size="2" bugs="0"/>
      <ClassStats class="org.junit.experimental.categories.Categories$IncludeCategory" sourceFile="Categories.java" interface="true" size="2" bugs="0"/>
      <ClassStats class="org.junit.experimental.categories.Category" sourceFile="Category.java" interface="true" size="2" bugs="0"/>
    </PackageStats>
    <PackageStats package="org.junit.experimental.max" total_bugs="5" total_types="8" total_size="168" priority_3="3" priority_2="2">
      <ClassStats class="org.junit.experimental.max.CouldNotReadCoreException" sourceFile="CouldNotReadCoreException.java" interface="false" size="5" bugs="0"/>
      <ClassStats class="org.junit.experimental.max.MaxCore" sourceFile="MaxCore.java" interface="false" size="59" bugs="1" priority_3="1"/>
      <ClassStats class="org.junit.experimental.max.MaxCore$1" sourceFile="MaxCore.java" interface="false" size="9" bugs="0"/>
      <ClassStats class="org.junit.experimental.max.MaxCore$1$1" sourceFile="MaxCore.java" interface="false" size="4" bugs="1" priority_2="1"/>
      <ClassStats class="org.junit.experimental.max.MaxHistory" sourceFile="MaxHistory.java" interface="false" size="49" bugs="3" priority_3="2" priority_2="1"/>
      <ClassStats class="org.junit.experimental.max.MaxHistory$1" sourceFile="MaxHistory.java" interface="false" size="1" bugs="0"/>
      <ClassStats class="org.junit.experimental.max.MaxHistory$RememberingListener" sourceFile="MaxHistory.java" interface="false" size="23" bugs="0"/>
      <ClassStats class="org.junit.experimental.max.MaxHistory$TestComparator" sourceFile="MaxHistory.java" interface="false" size="18" bugs="0"/>
    </PackageStats>
    <PackageStats package="org.junit.experimental.results" total_bugs="2" total_types="6" total_size="74" priority_1="2">
      <ClassStats class="org.junit.experimental.results.FailureList" sourceFile="FailureList.java" interface="false" size="15" bugs="0"/>
      <ClassStats class="org.junit.experimental.results.PrintableResult" sourceFile="PrintableResult.java" interface="false" size="20" bugs="2" priority_1="2"/>
      <ClassStats class="org.junit.experimental.results.ResultMatchers" sourceFile="ResultMatchers.java" interface="false" size="11" bugs="0"/>
      <ClassStats class="org.junit.experimental.results.ResultMatchers$1" sourceFile="ResultMatchers.java" interface="false" size="10" bugs="0"/>
      <ClassStats class="org.junit.experimental.results.ResultMatchers$2" sourceFile="ResultMatchers.java" interface="false" size="9" bugs="0"/>
      <ClassStats class="org.junit.experimental.results.ResultMatchers$3" sourceFile="ResultMatchers.java" interface="false" size="9" bugs="0"/>
    </PackageStats>
    <PackageStats package="org.junit.experimental.runners" total_bugs="1" total_types="1" total_size="4" priority_2="1">
      <ClassStats class="org.junit.experimental.runners.Enclosed" sourceFile="Enclosed.java" interface="false" size="4" bugs="1" priority_2="1"/>
    </PackageStats>
    <PackageStats package="org.junit.experimental.theories" total_bugs="5" total_types="14" total_size="198" priority_2="5">
      <ClassStats class="org.junit.experimental.theories.DataPoint" sourceFile="DataPoint.java" interface="true" size="1" bugs="0"/>
      <ClassStats class="org.junit.experimental.theories.DataPoints" sourceFile="DataPoints.java" interface="true" size="1" bugs="0"/>
      <ClassStats class="org.junit.experimental.theories.ParameterSignature" sourceFile="ParameterSignature.java" interface="false" size="45" bugs="0"/>
      <ClassStats class="org.junit.experimental.theories.ParameterSupplier" sourceFile="ParameterSupplier.java" interface="false" size="4" bugs="0"/>
      <ClassStats class="org.junit.experimental.theories.ParametersSuppliedBy" sourceFile="ParametersSuppliedBy.java" interface="true" size="2" bugs="0"/>
      <ClassStats class="org.junit.experimental.theories.PotentialAssignment" sourceFile="PotentialAssignment.java" interface="false" size="8" bugs="0"/>
      <ClassStats class="org.junit.experimental.theories.PotentialAssignment$1" sourceFile="PotentialAssignment.java" interface="false" size="11" bugs="0"/>
      <ClassStats class="org.junit.experimental.theories.PotentialAssignment$CouldNotGenerateValueException" sourceFile="PotentialAssignment.java" interface="false" size="4" bugs="0"/>
      <ClassStats class="org.junit.experimental.theories.Theories" sourceFile="Theories.java" interface="false" size="31" bugs="1" priority_2="1"/>
      <ClassStats class="org.junit.experimental.theories.Theories$TheoryAnchor" sourceFile="Theories.java" interface="false" size="48" bugs="1" priority_2="1"/>
      <ClassStats class="org.junit.experimental.theories.Theories$TheoryAnchor$1" sourceFile="Theories.java" interface="false" size="14" bugs="1" priority_2="1"/>
      <ClassStats class="org.junit.experimental.theories.Theories$TheoryAnchor$1$1" sourceFile="Theories.java" interface="false" size="14" bugs="1" priority_2="1"/>
      <ClassStats class="org.junit.experimental.theories.Theories$TheoryAnchor$2" sourceFile="Theories.java" interface="false" size="13" bugs="1" priority_2="1"/>
      <ClassStats class="org.junit.experimental.theories.Theory" sourceFile="Theory.java" interface="true" size="2" bugs="0"/>
    </PackageStats>
    <PackageStats package="org.junit.experimental.theories.internal" total_bugs="3" total_types="5" total_size="144" priority_2="2" priority_1="1">
      <ClassStats class="org.junit.experimental.theories.internal.AllMembersSupplier" sourceFile="AllMembersSupplier.java" interface="false" size="44" bugs="1" priority_2="1"/>
      <ClassStats class="org.junit.experimental.theories.internal.AllMembersSupplier$1" sourceFile="AllMembersSupplier.java" interface="false" size="1" bugs="0"/>
      <ClassStats class="org.junit.experimental.theories.internal.AllMembersSupplier$MethodParameterValue" sourceFile="AllMembersSupplier.java" interface="false" size="18" bugs="0"/>
      <ClassStats class="org.junit.experimental.theories.internal.Assignments" sourceFile="Assignments.java" interface="false" size="58" bugs="0"/>
      <ClassStats class="org.junit.experimental.theories.internal.ParameterizedAssertionError" sourceFile="ParameterizedAssertionError.java" interface="false" size="23" bugs="2" priority_2="1" priority_1="1"/>
    </PackageStats>
    <PackageStats package="org.junit.experimental.theories.suppliers" total_bugs="1" total_types="2" total_size="12" priority_1="1">
      <ClassStats class="org.junit.experimental.theories.suppliers.TestedOn" sourceFile="TestedOn.java" interface="true" size="2" bugs="0"/>
      <ClassStats class="org.junit.experimental.theories.suppliers.TestedOnSupplier" sourceFile="TestedOnSupplier.java" interface="false" size="10" bugs="1" priority_1="1"/>
    </PackageStats>
    <PackageStats package="org.junit.internal" total_bugs="3" total_types="8" total_size="170" priority_3="1" priority_2="2">
      <ClassStats class="org.junit.internal.ArrayComparisonFailure" sourceFile="ArrayComparisonFailure.java" interface="false" size="29" bugs="1" priority_2="1"/>
      <ClassStats class="org.junit.internal.AssumptionViolatedException" sourceFile="AssumptionViolatedException.java" interface="false" size="22" bugs="1" priority_3="1"/>
      <ClassStats class="org.junit.internal.ComparisonCriteria" sourceFile="ComparisonCriteria.java" interface="false" size="35" bugs="0"/>
      <ClassStats class="org.junit.internal.ExactComparisonCriteria" sourceFile="ExactComparisonCriteria.java" interface="false" size="6" bugs="0"/>
      <ClassStats class="org.junit.internal.InexactComparisonCriteria" sourceFile="InexactComparisonCriteria.java" interface="false" size="11" bugs="0"/>
      <ClassStats class="org.junit.internal.JUnitSystem" sourceFile="JUnitSystem.java" interface="true" size="3" bugs="0"/>
      <ClassStats class="org.junit.internal.RealSystem" sourceFile="RealSystem.java" interface="false" size="8" bugs="0"/>
      <ClassStats class="org.junit.internal.TextListener" sourceFile="TextListener.java" interface="false" size="56" bugs="1" priority_2="1"/>
    </PackageStats>
    <PackageStats package="org.junit.internal.builders" total_bugs="1" total_types="8" total_size="95" priority_2="1">
      <ClassStats class="org.junit.internal.builders.AllDefaultPossibilitiesBuilder" sourceFile="AllDefaultPossibilitiesBuilder.java" interface="false" size="26" bugs="0"/>
      <ClassStats class="org.junit.internal.builders.AnnotatedBuilder" sourceFile="AnnotatedBuilder.java" interface="false" size="19" bugs="1" priority_2="1"/>
      <ClassStats class="org.junit.internal.builders.IgnoredBuilder" sourceFile="IgnoredBuilder.java" interface="false" size="7" bugs="0"/>
      <ClassStats class="org.junit.internal.builders.IgnoredClassRunner" sourceFile="IgnoredClassRunner.java" interface="false" size="11" bugs="0"/>
      <ClassStats class="org.junit.internal.builders.JUnit3Builder" sourceFile="JUnit3Builder.java" interface="false" size="9" bugs="0"/>
      <ClassStats class="org.junit.internal.builders.JUnit4Builder" sourceFile="JUnit4Builder.java" interface="false" size="5" bugs="0"/>
      <ClassStats class="org.junit.internal.builders.NullBuilder" sourceFile="NullBuilder.java" interface="false" size="5" bugs="0"/>
      <ClassStats class="org.junit.internal.builders.SuiteMethodBuilder" sourceFile="SuiteMethodBuilder.java" interface="false" size="13" bugs="0"/>
    </PackageStats>
    <PackageStats package="org.junit.internal.matchers" total_bugs="0" total_types="7" total_size="108">
      <ClassStats class="org.junit.internal.matchers.CombinableMatcher" sourceFile="CombinableMatcher.java" interface="false" size="15" bugs="0"/>
      <ClassStats class="org.junit.internal.matchers.Each" sourceFile="Each.java" interface="false" size="6" bugs="0"/>
      <ClassStats class="org.junit.internal.matchers.Each$1" sourceFile="Each.java" interface="false" size="11" bugs="0"/>
      <ClassStats class="org.junit.internal.matchers.IsCollectionContaining" sourceFile="IsCollectionContaining.java" interface="false" size="30" bugs="0"/>
      <ClassStats class="org.junit.internal.matchers.StringContains" sourceFile="StringContains.java" interface="false" size="10" bugs="0"/>
      <ClassStats class="org.junit.internal.matchers.SubstringMatcher" sourceFile="SubstringMatcher.java" interface="false" size="15" bugs="0"/>
      <ClassStats class="org.junit.internal.matchers.TypeSafeMatcher" sourceFile="TypeSafeMatcher.java" interface="false" size="21" bugs="0"/>
    </PackageStats>
    <PackageStats package="org.junit.internal.requests" total_bugs="0" total_types="3" total_size="39">
      <ClassStats class="org.junit.internal.requests.ClassRequest" sourceFile="ClassRequest.java" interface="false" size="13" bugs="0"/>
      <ClassStats class="org.junit.internal.requests.FilterRequest" sourceFile="FilterRequest.java" interface="false" size="14" bugs="0"/>
      <ClassStats class="org.junit.internal.requests.SortingRequest" sourceFile="SortingRequest.java" interface="false" size="12" bugs="0"/>
    </PackageStats>
    <PackageStats package="org.junit.internal.runners" total_bugs="13" total_types="18" total_size="559" priority_3="2" priority_2="11">
      <ClassStats class="org.junit.internal.runners.ClassRoadie" sourceFile="ClassRoadie.java" interface="false" size="49" bugs="2" priority_2="2"/>
      <ClassStats class="org.junit.internal.runners.ErrorReportingRunner" sourceFile="ErrorReportingRunner.java" interface="false" size="33" bugs="0"/>
      <ClassStats class="org.junit.internal.runners.FailedBefore" sourceFile="FailedBefore.java" interface="false" size="4" bugs="0"/>
      <ClassStats class="org.junit.internal.runners.InitializationError" sourceFile="InitializationError.java" interface="false" size="15" bugs="2" priority_2="2"/>
      <ClassStats class="org.junit.internal.runners.JUnit38ClassRunner" sourceFile="JUnit38ClassRunner.java" interface="false" size="66" bugs="0"/>
      <ClassStats class="org.junit.internal.runners.JUnit38ClassRunner$1" sourceFile="JUnit38ClassRunner.java" interface="false" size="1" bugs="0"/>
      <ClassStats class="org.junit.internal.runners.JUnit38ClassRunner$OldTestClassAdaptingListener" sourceFile="JUnit38ClassRunner.java" interface="false" size="33" bugs="1" priority_2="1"/>
      <ClassStats class="org.junit.internal.runners.JUnit4ClassRunner" sourceFile="JUnit4ClassRunner.java" interface="false" size="75" bugs="3" priority_3="2" priority_2="1"/>
      <ClassStats class="org.junit.internal.runners.JUnit4ClassRunner$1" sourceFile="JUnit4ClassRunner.java" interface="false" size="8" bugs="0"/>
      <ClassStats class="org.junit.internal.runners.JUnit4ClassRunner$2" sourceFile="JUnit4ClassRunner.java" interface="false" size="8" bugs="0"/>
      <ClassStats class="org.junit.internal.runners.MethodRoadie" sourceFile="MethodRoadie.java" interface="false" size="83" bugs="2" priority_2="2"/>
      <ClassStats class="org.junit.internal.runners.MethodRoadie$1" sourceFile="MethodRoadie.java" interface="false" size="20" bugs="0"/>
      <ClassStats class="org.junit.internal.runners.MethodRoadie$1$1" sourceFile="MethodRoadie.java" interface="false" size="7" bugs="0"/>
      <ClassStats class="org.junit.internal.runners.MethodRoadie$2" sourceFile="MethodRoadie.java" interface="false" size="7" bugs="0"/>
      <ClassStats class="org.junit.internal.runners.MethodValidator" sourceFile="MethodValidator.java" interface="false" size="50" bugs="1" priority_2="1"/>
      <ClassStats class="org.junit.internal.runners.SuiteMethod" sourceFile="SuiteMethod.java" interface="false" size="15" bugs="1" priority_2="1"/>
      <ClassStats class="org.junit.internal.runners.TestClass" sourceFile="TestClass.java" interface="false" size="53" bugs="0"/>
      <ClassStats class="org.junit.internal.runners.TestMethod" sourceFile="TestMethod.java" interface="false" size="32" bugs="1" priority_2="1"/>
    </PackageStats>
    <PackageStats package="org.junit.internal.runners.model" total_bugs="4" total_types="3" total_size="51" priority_2="4">
      <ClassStats class="org.junit.internal.runners.model.EachTestNotifier" sourceFile="EachTestNotifier.java" interface="false" size="28" bugs="2" priority_2="2"/>
      <ClassStats class="org.junit.internal.runners.model.MultipleFailureException" sourceFile="MultipleFailureException.java" interface="false" size="15" bugs="2" priority_2="2"/>
      <ClassStats class="org.junit.internal.runners.model.ReflectiveCallable" sourceFile="ReflectiveCallable.java" interface="false" size="8" bugs="0"/>
    </PackageStats>
    <PackageStats package="org.junit.internal.runners.statements" total_bugs="4" total_types="7" total_size="116" priority_2="4">
      <ClassStats class="org.junit.internal.runners.statements.ExpectException" sourceFile="ExpectException.java" interface="false" size="20" bugs="1" priority_2="1"/>
      <ClassStats class="org.junit.internal.runners.statements.Fail" sourceFile="Fail.java" interface="false" size="8" bugs="1" priority_2="1"/>
      <ClassStats class="org.junit.internal.runners.statements.FailOnTimeout" sourceFile="FailOnTimeout.java" interface="false" size="27" bugs="0"/>
      <ClassStats class="org.junit.internal.runners.statements.FailOnTimeout$1" sourceFile="FailOnTimeout.java" interface="false" size="11" bugs="0"/>
      <ClassStats class="org.junit.internal.runners.statements.InvokeMethod" sourceFile="InvokeMethod.java" interface="false" size="11" bugs="0"/>
      <ClassStats class="org.junit.internal.runners.statements.RunAfters" sourceFile="RunAfters.java" interface="false" size="24" bugs="1" priority_2="1"/>
      <ClassStats class="org.junit.internal.runners.statements.RunBefores" sourceFile="RunBefores.java" interface="false" size="15" bugs="1" priority_2="1"/>
    </PackageStats>
    <PackageStats package="org.junit.matchers" total_bugs="0" total_types="1" total_size="19">
      <ClassStats class="org.junit.matchers.JUnitMatchers" sourceFile="JUnitMatchers.java" interface="false" size="19" bugs="0"/>
    </PackageStats>
    <PackageStats package="org.junit.rules" total_bugs="11" total_types="15" total_size="205" priority_3="2" priority_2="9">
      <ClassStats class="org.junit.rules.ErrorCollector" sourceFile="ErrorCollector.java" interface="false" size="19" bugs="1" priority_3="1"/>
      <ClassStats class="org.junit.rules.ErrorCollector$1" sourceFile="ErrorCollector.java" interface="false" size="9" bugs="0"/>
      <ClassStats class="org.junit.rules.ExpectedException" sourceFile="ExpectedException.java" interface="false" size="28" bugs="2" priority_3="1" priority_2="1"/>
      <ClassStats class="org.junit.rules.ExpectedException$1" sourceFile="ExpectedException.java" interface="false" size="12" bugs="0"/>
      <ClassStats class="org.junit.rules.ExpectedException$ExpectedExceptionStatement" sourceFile="ExpectedException.java" interface="false" size="18" bugs="0"/>
      <ClassStats class="org.junit.rules.ExternalResource" sourceFile="ExternalResource.java" interface="false" size="9" bugs="0"/>
      <ClassStats class="org.junit.rules.ExternalResource$1" sourceFile="ExternalResource.java" interface="false" size="11" bugs="1" priority_2="1"/>
      <ClassStats class="org.junit.rules.MethodRule" sourceFile="MethodRule.java" interface="true" size="2" bugs="0"/>
      <ClassStats class="org.junit.rules.TemporaryFolder" sourceFile="TemporaryFolder.java" interface="false" size="35" bugs="5" priority_2="5"/>
      <ClassStats class="org.junit.rules.TestName" sourceFile="TestName.java" interface="false" size="9" bugs="0"/>
      <ClassStats class="org.junit.rules.TestWatchman" sourceFile="TestWatchman.java" interface="false" size="13" bugs="0"/>
      <ClassStats class="org.junit.rules.TestWatchman$1" sourceFile="TestWatchman.java" interface="false" size="16" bugs="1" priority_2="1"/>
      <ClassStats class="org.junit.rules.Timeout" sourceFile="Timeout.java" interface="false" size="8" bugs="0"/>
      <ClassStats class="org.junit.rules.Verifier" sourceFile="Verifier.java" interface="false" size="7" bugs="0"/>
      <ClassStats class="org.junit.rules.Verifier$1" sourceFile="Verifier.java" interface="false" size="9" bugs="1" priority_2="1"/>
    </PackageStats>
    <PackageStats package="org.junit.runner" total_bugs="3" total_types="12" total_size="264" priority_2="3">
      <ClassStats class="org.junit.runner.Computer" sourceFile="Computer.java" interface="false" size="9" bugs="0"/>
      <ClassStats class="org.junit.runner.Computer$1" sourceFile="Computer.java" interface="false" size="7" bugs="1" priority_2="1"/>
      <ClassStats class="org.junit.runner.Describable" sourceFile="Describable.java" interface="true" size="2" bugs="0"/>
      <ClassStats class="org.junit.runner.Description" sourceFile="Description.java" interface="false" size="82" bugs="1" priority_2="1"/>
      <ClassStats class="org.junit.runner.JUnitCore" sourceFile="JUnitCore.java" interface="false" size="63" bugs="0"/>
      <ClassStats class="org.junit.runner.Request" sourceFile="Request.java" interface="false" size="29" bugs="0"/>
      <ClassStats class="org.junit.runner.Request$1" sourceFile="Request.java" interface="false" size="6" bugs="0"/>
      <ClassStats class="org.junit.runner.Result" sourceFile="Result.java" interface="false" size="33" bugs="1" priority_2="1"/>
      <ClassStats class="org.junit.runner.Result$1" sourceFile="Result.java" interface="false" size="1" bugs="0"/>
      <ClassStats class="org.junit.runner.Result$Listener" sourceFile="Result.java" interface="false" size="23" bugs="0"/>
      <ClassStats class="org.junit.runner.RunWith" sourceFile="RunWith.java" interface="true" size="2" bugs="0"/>
      <ClassStats class="org.junit.runner.Runner" sourceFile="Runner.java" interface="false" size="7" bugs="0"/>
    </PackageStats>
    <PackageStats package="org.junit.runner.manipulation" total_bugs="3" total_types="8" total_size="68" priority_3="2" priority_1="1">
      <ClassStats class="org.junit.runner.manipulation.Filter" sourceFile="Filter.java" interface="false" size="16" bugs="1" priority_3="1"/>
      <ClassStats class="org.junit.runner.manipulation.Filter$1" sourceFile="Filter.java" interface="false" size="7" bugs="0"/>
      <ClassStats class="org.junit.runner.manipulation.Filter$2" sourceFile="Filter.java" interface="false" size="13" bugs="0"/>
      <ClassStats class="org.junit.runner.manipulation.Filterable" sourceFile="Filterable.java" interface="true" size="2" bugs="0"/>
      <ClassStats class="org.junit.runner.manipulation.NoTestsRemainException" sourceFile="NoTestsRemainException.java" interface="false" size="4" bugs="0"/>
      <ClassStats class="org.junit.runner.manipulation.Sortable" sourceFile="Sortable.java" interface="true" size="2" bugs="0"/>
      <ClassStats class="org.junit.runner.manipulation.Sorter" sourceFile="Sorter.java" interface="false" size="18" bugs="2" priority_3="1" priority_1="1"/>
      <ClassStats class="org.junit.runner.manipulation.Sorter$1" sourceFile="Sorter.java" interface="false" size="6" bugs="0"/>
    </PackageStats>
    <PackageStats package="org.junit.runner.notification" total_bugs="10" total_types="12" total_size="157" priority_2="10">
      <ClassStats class="org.junit.runner.notification.Failure" sourceFile="Failure.java" interface="false" size="26" bugs="4" priority_2="4"/>
      <ClassStats class="org.junit.runner.notification.RunListener" sourceFile="RunListener.java" interface="false" size="17" bugs="0"/>
      <ClassStats class="org.junit.runner.notification.RunNotifier" sourceFile="RunNotifier.java" interface="false" size="44" bugs="0"/>
      <ClassStats class="org.junit.runner.notification.RunNotifier$1" sourceFile="RunNotifier.java" interface="false" size="7" bugs="1" priority_2="1"/>
      <ClassStats class="org.junit.runner.notification.RunNotifier$2" sourceFile="RunNotifier.java" interface="false" size="7" bugs="1" priority_2="1"/>
      <ClassStats class="org.junit.runner.notification.RunNotifier$3" sourceFile="RunNotifier.java" interface="false" size="7" bugs="1" priority_2="1"/>
      <ClassStats class="org.junit.runner.notification.RunNotifier$4" sourceFile="RunNotifier.java" interface="false" size="7" bugs="1" priority_2="1"/>
      <ClassStats class="org.junit.runner.notification.RunNotifier$5" sourceFile="RunNotifier.java" interface="false" size="7" bugs="0"/>
      <ClassStats class="org.junit.runner.notification.RunNotifier$6" sourceFile="RunNotifier.java" interface="false" size="8" bugs="1" priority_2="1"/>
      <ClassStats class="org.junit.runner.notification.RunNotifier$7" sourceFile="RunNotifier.java" interface="false" size="7" bugs="1" priority_2="1"/>
      <ClassStats class="org.junit.runner.notification.RunNotifier$SafeNotifier" sourceFile="RunNotifier.java" interface="false" size="16" bugs="0"/>
      <ClassStats class="org.junit.runner.notification.StoppedByUserException" sourceFile="StoppedByUserException.java" interface="false" size="4" bugs="0"/>
    </PackageStats>
    <PackageStats package="org.junit.runners" total_bugs="12" total_types="14" total_size="369" priority_2="12">
      <ClassStats class="org.junit.runners.AllTests" sourceFile="AllTests.java" interface="false" size="4" bugs="1" priority_2="1"/>
      <ClassStats class="org.junit.runners.BlockJUnit4ClassRunner" sourceFile="BlockJUnit4ClassRunner.java" interface="false" size="128" bugs="1" priority_2="1"/>
      <ClassStats class="org.junit.runners.BlockJUnit4ClassRunner$1" sourceFile="BlockJUnit4ClassRunner.java" interface="false" size="6" bugs="1" priority_2="1"/>
      <ClassStats class="org.junit.runners.JUnit4" sourceFile="JUnit4.java" interface="false" size="4" bugs="0"/>
      <ClassStats class="org.junit.runners.Parameterized" sourceFile="Parameterized.java" interface="false" size="23" bugs="1" priority_2="1"/>
      <ClassStats class="org.junit.runners.Parameterized$Parameters" sourceFile="Parameterized.java" interface="true" size="1" bugs="0"/>
      <ClassStats class="org.junit.runners.Parameterized$TestClassRunnerForParameters" sourceFile="Parameterized.java" interface="false" size="25" bugs="1" priority_2="1"/>
      <ClassStats class="org.junit.runners.ParentRunner" sourceFile="ParentRunner.java" interface="false" size="107" bugs="2" priority_2="2"/>
      <ClassStats class="org.junit.runners.ParentRunner$1" sourceFile="ParentRunner.java" interface="false" size="9" bugs="0"/>
      <ClassStats class="org.junit.runners.ParentRunner$2" sourceFile="ParentRunner.java" interface="false" size="8" bugs="0"/>
      <ClassStats class="org.junit.runners.ParentRunner$3" sourceFile="ParentRunner.java" interface="false" size="9" bugs="0"/>
      <ClassStats class="org.junit.runners.ParentRunner$4" sourceFile="ParentRunner.java" interface="false" size="6" bugs="0"/>
      <ClassStats class="org.junit.runners.Suite" sourceFile="Suite.java" interface="false" size="37" bugs="5" priority_2="5"/>
      <ClassStats class="org.junit.runners.Suite$SuiteClasses" sourceFile="Suite.java" interface="true" size="2" bugs="0"/>
    </PackageStats>
    <PackageStats package="org.junit.runners.model" total_bugs="7" total_types="9" total_size="195" priority_2="7">
      <ClassStats class="org.junit.runners.model.FrameworkField" sourceFile="FrameworkField.java" interface="false" size="16" bugs="1" priority_2="1"/>
      <ClassStats class="org.junit.runners.model.FrameworkMember" sourceFile="FrameworkMember.java" interface="false" size="10" bugs="0"/>
      <ClassStats class="org.junit.runners.model.FrameworkMethod" sourceFile="FrameworkMethod.java" interface="false" size="53" bugs="2" priority_2="2"/>
      <ClassStats class="org.junit.runners.model.FrameworkMethod$1" sourceFile="FrameworkMethod.java" interface="false" size="8" bugs="1" priority_2="1"/>
      <ClassStats class="org.junit.runners.model.InitializationError" sourceFile="InitializationError.java" interface="false" size="15" bugs="2" priority_2="2"/>
      <ClassStats class="org.junit.runners.model.RunnerBuilder" sourceFile="RunnerBuilder.java" interface="false" size="28" bugs="0"/>
      <ClassStats class="org.junit.runners.model.RunnerScheduler" sourceFile="RunnerScheduler.java" interface="true" size="3" bugs="0"/>
      <ClassStats class="org.junit.runners.model.Statement" sourceFile="Statement.java" interface="false" size="4" bugs="0"/>
      <ClassStats class="org.junit.runners.model.TestClass" sourceFile="TestClass.java" interface="false" size="58" bugs="1" priority_2="1"/>
    </PackageStats>
    <FindBugsProfile>
      <ClassProfile name="edu.umd.cs.findbugs.classfile.engine.ClassInfoAnalysisEngine" totalMilliseconds="269" invocations="1194" avgMicrosecondsPerInvocation="226" maxMicrosecondsPerInvocation="8034" standardDeviationMicrosecondsPerInvocation="517"/>
      <ClassProfile name="edu.umd.cs.findbugs.classfile.engine.bcel.IsNullValueDataflowFactory" totalMilliseconds="147" invocations="1157" avgMicrosecondsPerInvocation="127" maxMicrosecondsPerInvocation="12194" standardDeviationMicrosecondsPerInvocation="458"/>
      <ClassProfile name="edu.umd.cs.findbugs.detect.FieldItemSummary" totalMilliseconds="121" invocations="410" avgMicrosecondsPerInvocation="296" maxMicrosecondsPerInvocation="8176" standardDeviationMicrosecondsPerInvocation="769"/>
      <ClassProfile name="edu.umd.cs.findbugs.classfile.engine.bcel.TypeDataflowFactory" totalMilliseconds="120" invocations="1199" avgMicrosecondsPerInvocation="100" maxMicrosecondsPerInvocation="8059" standardDeviationMicrosecondsPerInvocation="290"/>
      <ClassProfile name="edu.umd.cs.findbugs.ba.npe.NullDerefAndRedundantComparisonFinder" totalMilliseconds="115" invocations="1142" avgMicrosecondsPerInvocation="100" maxMicrosecondsPerInvocation="4954" standardDeviationMicrosecondsPerInvocation="203"/>
      <ClassProfile name="edu.umd.cs.findbugs.detect.FindNoSideEffectMethods" totalMilliseconds="107" invocations="410" avgMicrosecondsPerInvocation="261" maxMicrosecondsPerInvocation="4096" standardDeviationMicrosecondsPerInvocation="530"/>
      <ClassProfile name="edu.umd.cs.findbugs.classfile.engine.bcel.UnconditionalValueDerefDataflowFactory" totalMilliseconds="105" invocations="1156" avgMicrosecondsPerInvocation="91" maxMicrosecondsPerInvocation="2903" standardDeviationMicrosecondsPerInvocation="183"/>
      <ClassProfile name="edu.umd.cs.findbugs.classfile.engine.bcel.ValueNumberDataflowFactory" totalMilliseconds="101" invocations="1208" avgMicrosecondsPerInvocation="83" maxMicrosecondsPerInvocation="5344" standardDeviationMicrosecondsPerInvocation="218"/>
      <ClassProfile name="edu.umd.cs.findbugs.OpcodeStack$JumpInfoFactory" totalMilliseconds="96" invocations="1689" avgMicrosecondsPerInvocation="57" maxMicrosecondsPerInvocation="2293" standardDeviationMicrosecondsPerInvocation="127"/>
      <ClassProfile name="edu.umd.cs.findbugs.classfile.engine.bcel.CFGFactory" totalMilliseconds="93" invocations="1157" avgMicrosecondsPerInvocation="80" maxMicrosecondsPerInvocation="7254" standardDeviationMicrosecondsPerInvocation="227"/>
      <ClassProfile name="edu.umd.cs.findbugs.detect.FindRefComparison$SpecialTypeAnalysis" totalMilliseconds="71" invocations="1055" avgMicrosecondsPerInvocation="67" maxMicrosecondsPerInvocation="1905" standardDeviationMicrosecondsPerInvocation="117"/>
      <ClassProfile name="edu.umd.cs.findbugs.classfile.engine.bcel.MethodGenFactory" totalMilliseconds="59" invocations="1224" avgMicrosecondsPerInvocation="48" maxMicrosecondsPerInvocation="21102" standardDeviationMicrosecondsPerInvocation="606"/>
      <ClassProfile name="edu.umd.cs.findbugs.detect.ConstructorThrow" totalMilliseconds="54" invocations="230" avgMicrosecondsPerInvocation="238" maxMicrosecondsPerInvocation="1867" standardDeviationMicrosecondsPerInvocation="275"/>
      <ClassProfile name="edu.umd.cs.findbugs.detect.NoteDirectlyRelevantTypeQualifiers" totalMilliseconds="44" invocations="410" avgMicrosecondsPerInvocation="108" maxMicrosecondsPerInvocation="2673" standardDeviationMicrosecondsPerInvocation="246"/>
      <ClassProfile name="edu.umd.cs.findbugs.detect.BuildObligationPolicyDatabase" totalMilliseconds="41" invocations="410" avgMicrosecondsPerInvocation="101" maxMicrosecondsPerInvocation="14017" standardDeviationMicrosecondsPerInvocation="698"/>
      <ClassProfile name="edu.umd.cs.findbugs.classfile.engine.ClassDataAnalysisEngine" totalMilliseconds="40" invocations="1200" avgMicrosecondsPerInvocation="33" maxMicrosecondsPerInvocation="1903" standardDeviationMicrosecondsPerInvocation="80"/>
      <ClassProfile name="edu.umd.cs.findbugs.classfile.engine.bcel.JavaClassAnalysisEngine" totalMilliseconds="39" invocations="491" avgMicrosecondsPerInvocation="79" maxMicrosecondsPerInvocation="11147" standardDeviationMicrosecondsPerInvocation="516"/>
      <ClassProfile name="edu.umd.cs.findbugs.classfile.engine.bcel.ConstantDataflowFactory" totalMilliseconds="32" invocations="1157" avgMicrosecondsPerInvocation="27" maxMicrosecondsPerInvocation="1081" standardDeviationMicrosecondsPerInvocation="55"/>
      <ClassProfile name="edu.umd.cs.findbugs.detect.EqualsOperandShouldHaveClassCompatibleWithThis" totalMilliseconds="30" invocations="410" avgMicrosecondsPerInvocation="74" maxMicrosecondsPerInvocation="16519" standardDeviationMicrosecondsPerInvocation="816"/>
      <ClassProfile name="edu.umd.cs.findbugs.util.TopologicalSort" totalMilliseconds="29" invocations="1141" avgMicrosecondsPerInvocation="26" maxMicrosecondsPerInvocation="817" standardDeviationMicrosecondsPerInvocation="51"/>
      <ClassProfile name="edu.umd.cs.findbugs.detect.FindDeadLocalStores" totalMilliseconds="28" invocations="230" avgMicrosecondsPerInvocation="123" maxMicrosecondsPerInvocation="9067" standardDeviationMicrosecondsPerInvocation="606"/>
      <ClassProfile name="edu.umd.cs.findbugs.detect.BuildStringPassthruGraph" totalMilliseconds="28" invocations="410" avgMicrosecondsPerInvocation="69" maxMicrosecondsPerInvocation="7768" standardDeviationMicrosecondsPerInvocation="408"/>
      <ClassProfile name="edu.umd.cs.findbugs.detect.OverridingEqualsNotSymmetrical" totalMilliseconds="27" invocations="410" avgMicrosecondsPerInvocation="67" maxMicrosecondsPerInvocation="4672" standardDeviationMicrosecondsPerInvocation="271"/>
      <ClassProfile name="edu.umd.cs.findbugs.detect.FunctionsThatMightBeMistakenForProcedures" totalMilliseconds="27" invocations="410" avgMicrosecondsPerInvocation="66" maxMicrosecondsPerInvocation="1915" standardDeviationMicrosecondsPerInvocation="175"/>
      <ClassProfile name="edu.umd.cs.findbugs.detect.UnreadFields" totalMilliseconds="27" invocations="230" avgMicrosecondsPerInvocation="118" maxMicrosecondsPerInvocation="908" standardDeviationMicrosecondsPerInvocation="118"/>
      <ClassProfile name="edu.umd.cs.findbugs.detect.CalledMethods" totalMilliseconds="25" invocations="410" avgMicrosecondsPerInvocation="63" maxMicrosecondsPerInvocation="1474" standardDeviationMicrosecondsPerInvocation="155"/>
      <ClassProfile name="edu.umd.cs.findbugs.ba.npe.TypeQualifierNullnessAnnotationDatabase" totalMilliseconds="24" invocations="12813" avgMicrosecondsPerInvocation="1" maxMicrosecondsPerInvocation="647" standardDeviationMicrosecondsPerInvocation="10"/>
      <ClassProfile name="edu.umd.cs.findbugs.detect.FindReturnRef" totalMilliseconds="24" invocations="230" avgMicrosecondsPerInvocation="105" maxMicrosecondsPerInvocation="3047" standardDeviationMicrosecondsPerInvocation="259"/>
      <ClassProfile name="edu.umd.cs.findbugs.detect.FindInconsistentSync2" totalMilliseconds="23" invocations="230" avgMicrosecondsPerInvocation="102" maxMicrosecondsPerInvocation="1394" standardDeviationMicrosecondsPerInvocation="150"/>
      <ClassProfile name="edu.umd.cs.findbugs.detect.FindOpenStream" totalMilliseconds="22" invocations="230" avgMicrosecondsPerInvocation="96" maxMicrosecondsPerInvocation="2043" standardDeviationMicrosecondsPerInvocation="335"/>
      <ClassProfile name="edu.umd.cs.findbugs.detect.CheckRelaxingNullnessAnnotation" totalMilliseconds="22" invocations="230" avgMicrosecondsPerInvocation="95" maxMicrosecondsPerInvocation="4396" standardDeviationMicrosecondsPerInvocation="308"/>
      <ClassProfile name="edu.umd.cs.findbugs.detect.DumbMethods" totalMilliseconds="21" invocations="230" avgMicrosecondsPerInvocation="95" maxMicrosecondsPerInvocation="655" standardDeviationMicrosecondsPerInvocation="109"/>
      <ClassProfile name="edu.umd.cs.findbugs.detect.SwitchFallthrough" totalMilliseconds="20" invocations="230" avgMicrosecondsPerInvocation="89" maxMicrosecondsPerInvocation="6994" standardDeviationMicrosecondsPerInvocation="464"/>
      <ClassProfile name="edu.umd.cs.findbugs.detect.LoadOfKnownNullValue" totalMilliseconds="19" invocations="230" avgMicrosecondsPerInvocation="86" maxMicrosecondsPerInvocation="549" standardDeviationMicrosecondsPerInvocation="107"/>
      <ClassProfile name="edu.umd.cs.findbugs.detect.FindRefComparison" totalMilliseconds="19" invocations="230" avgMicrosecondsPerInvocation="84" maxMicrosecondsPerInvocation="781" standardDeviationMicrosecondsPerInvocation="106"/>
      <ClassProfile name="edu.umd.cs.findbugs.detect.MethodReturnCheck" totalMilliseconds="19" invocations="230" avgMicrosecondsPerInvocation="84" maxMicrosecondsPerInvocation="1244" standardDeviationMicrosecondsPerInvocation="145"/>
      <ClassProfile name="edu.umd.cs.findbugs.classfile.engine.bcel.LiveLocalStoreDataflowFactory" totalMilliseconds="18" invocations="1118" avgMicrosecondsPerInvocation="16" maxMicrosecondsPerInvocation="467" standardDeviationMicrosecondsPerInvocation="31"/>
      <ClassProfile name="edu.umd.cs.findbugs.detect.FindNullDeref$CheckCallSitesAndReturnInstructions" totalMilliseconds="17" invocations="1142" avgMicrosecondsPerInvocation="15" maxMicrosecondsPerInvocation="774" standardDeviationMicrosecondsPerInvocation="32"/>
      <ClassProfile name="edu.umd.cs.findbugs.detect.FindUselessObjects" totalMilliseconds="17" invocations="230" avgMicrosecondsPerInvocation="76" maxMicrosecondsPerInvocation="1699" standardDeviationMicrosecondsPerInvocation="145"/>
      <ClassProfile name="edu.umd.cs.findbugs.detect.ReflectiveClasses" totalMilliseconds="16" invocations="410" avgMicrosecondsPerInvocation="40" maxMicrosecondsPerInvocation="1066" standardDeviationMicrosecondsPerInvocation="102"/>
      <ClassProfile name="edu.umd.cs.findbugs.detect.FindNullDeref" totalMilliseconds="15" invocations="230" avgMicrosecondsPerInvocation="68" maxMicrosecondsPerInvocation="1588" standardDeviationMicrosecondsPerInvocation="121"/>
      <ClassProfile name="edu.umd.cs.findbugs.detect.FindHEmismatch" totalMilliseconds="15" invocations="230" avgMicrosecondsPerInvocation="66" maxMicrosecondsPerInvocation="611" standardDeviationMicrosecondsPerInvocation="77"/>
      <ClassProfile name="edu.umd.cs.findbugs.detect.ExplicitSerialization" totalMilliseconds="15" invocations="410" avgMicrosecondsPerInvocation="36" maxMicrosecondsPerInvocation="6028" standardDeviationMicrosecondsPerInvocation="335"/>
      <ClassProfile name="edu.umd.cs.findbugs.detect.IntCast2LongAsInstant" totalMilliseconds="14" invocations="230" avgMicrosecondsPerInvocation="64" maxMicrosecondsPerInvocation="7320" standardDeviationMicrosecondsPerInvocation="481"/>
    </FindBugsProfile>
  </FindBugsSummary>
  <ClassFeatures></ClassFeatures>
  <History></History>
</BugCollection>
